+ module load nvhpc
++ /usr/share/lmod/lmod/libexec/lmod bash load nvhpc
+ eval 'CC=/ocean/projects/pscstaff/nnepal/nvc_hpc/Linux_x86_64/25.1/compilers/bin/nvc;' export 'CC;' '__LMOD_REF_COUNT_CPATH=/ocean/projects/pscstaff/nnepal/nvc_hpc/Linux_x86_64/25.1/compilers/extras/qd/include/qd:1\;/ocean/projects/pscstaff/nnepal/nvc_hpc/Linux_x86_64/25.1/comm_libs/nvshmem/include:1\;/ocean/projects/pscstaff/nnepal/nvc_hpc/Linux_x86_64/25.1/comm_libs/nccl/include:1\;/ocean/projects/pscstaff/nnepal/nvc_hpc/Linux_x86_64/25.1/math_libs/include:1;' export '__LMOD_REF_COUNT_CPATH;' 'CPATH=/ocean/projects/pscstaff/nnepal/nvc_hpc/Linux_x86_64/25.1/compilers/extras/qd/include/qd:/ocean/projects/pscstaff/nnepal/nvc_hpc/Linux_x86_64/25.1/comm_libs/nvshmem/include:/ocean/projects/pscstaff/nnepal/nvc_hpc/Linux_x86_64/25.1/comm_libs/nccl/include:/ocean/projects/pscstaff/nnepal/nvc_hpc/Linux_x86_64/25.1/math_libs/include;' export 'CPATH;' '__LMOD_REF_COUNT_CPLUS_INCLUDE_PATH=/ocean/projects/pscstaff/nnepal/nvc_hpc/Linux_x86_64/25.1/compilers/extras/qd/include/qd:1\;/ocean/projects/pscstaff/nnepal/nvc_hpc/Linux_x86_64/25.1/comm_libs/nvshmem/include:1\;/ocean/projects/pscstaff/nnepal/nvc_hpc/Linux_x86_64/25.1/comm_libs/nccl/include:1\;/ocean/projects/pscstaff/nnepal/nvc_hpc/Linux_x86_64/25.1/math_libs/include:1\;/opt/packages/anaconda3-2024.10-1/include:1;' export '__LMOD_REF_COUNT_CPLUS_INCLUDE_PATH;' 'CPLUS_INCLUDE_PATH=/ocean/projects/pscstaff/nnepal/nvc_hpc/Linux_x86_64/25.1/compilers/extras/qd/include/qd:/ocean/projects/pscstaff/nnepal/nvc_hpc/Linux_x86_64/25.1/comm_libs/nvshmem/include:/ocean/projects/pscstaff/nnepal/nvc_hpc/Linux_x86_64/25.1/comm_libs/nccl/include:/ocean/projects/pscstaff/nnepal/nvc_hpc/Linux_x86_64/25.1/math_libs/include:/opt/packages/anaconda3-2024.10-1/include;' export 'CPLUS_INCLUDE_PATH;' 'CPP=cpp;' export 'CPP;' 'CXX=/ocean/projects/pscstaff/nnepal/nvc_hpc/Linux_x86_64/25.1/compilers/bin/nvc++;' export 'CXX;' '__LMOD_REF_COUNT_C_INCLUDE_PATH=/ocean/projects/pscstaff/nnepal/nvc_hpc/Linux_x86_64/25.1/compilers/extras/qd/include/qd:1\;/ocean/projects/pscstaff/nnepal/nvc_hpc/Linux_x86_64/25.1/comm_libs/nvshmem/include:1\;/ocean/projects/pscstaff/nnepal/nvc_hpc/Linux_x86_64/25.1/comm_libs/nccl/include:1\;/ocean/projects/pscstaff/nnepal/nvc_hpc/Linux_x86_64/25.1/math_libs/include:1\;/opt/packages/anaconda3-2024.10-1/include:1;' export '__LMOD_REF_COUNT_C_INCLUDE_PATH;' 'C_INCLUDE_PATH=/ocean/projects/pscstaff/nnepal/nvc_hpc/Linux_x86_64/25.1/compilers/extras/qd/include/qd:/ocean/projects/pscstaff/nnepal/nvc_hpc/Linux_x86_64/25.1/comm_libs/nvshmem/include:/ocean/projects/pscstaff/nnepal/nvc_hpc/Linux_x86_64/25.1/comm_libs/nccl/include:/ocean/projects/pscstaff/nnepal/nvc_hpc/Linux_x86_64/25.1/math_libs/include:/opt/packages/anaconda3-2024.10-1/include;' export 'C_INCLUDE_PATH;' 'F77=/ocean/projects/pscstaff/nnepal/nvc_hpc/Linux_x86_64/25.1/compilers/bin/nvfortran;' export 'F77;' 'F90=/ocean/projects/pscstaff/nnepal/nvc_hpc/Linux_x86_64/25.1/compilers/bin/nvfortran;' export 'F90;' 'FC=/ocean/projects/pscstaff/nnepal/nvc_hpc/Linux_x86_64/25.1/compilers/bin/nvfortran;' export 'FC;' '__LMOD_REF_COUNT_LD_LIBRARY_PATH=/ocean/projects/pscstaff/nnepal/nvc_hpc/Linux_x86_64/25.1/comm_libs/nvshmem/lib:1\;/ocean/projects/pscstaff/nnepal/nvc_hpc/Linux_x86_64/25.1/comm_libs/nccl/lib:1\;/ocean/projects/pscstaff/nnepal/nvc_hpc/Linux_x86_64/25.1/math_libs/lib64:1\;/ocean/projects/pscstaff/nnepal/nvc_hpc/Linux_x86_64/25.1/compilers/lib:1\;/ocean/projects/pscstaff/nnepal/nvc_hpc/Linux_x86_64/25.1/compilers/extras/qd/lib:1\;/ocean/projects/pscstaff/nnepal/nvc_hpc/Linux_x86_64/25.1/cuda/lib64:1\;/ocean/projects/pscstaff/nnepal/conda/envs/cudaq-env/lib:1;' export '__LMOD_REF_COUNT_LD_LIBRARY_PATH;' 'LD_LIBRARY_PATH=/ocean/projects/pscstaff/nnepal/nvc_hpc/Linux_x86_64/25.1/comm_libs/nvshmem/lib:/ocean/projects/pscstaff/nnepal/nvc_hpc/Linux_x86_64/25.1/comm_libs/nccl/lib:/ocean/projects/pscstaff/nnepal/nvc_hpc/Linux_x86_64/25.1/math_libs/lib64:/ocean/projects/pscstaff/nnepal/nvc_hpc/Linux_x86_64/25.1/compilers/lib:/ocean/projects/pscstaff/nnepal/nvc_hpc/Linux_x86_64/25.1/compilers/extras/qd/lib:/ocean/projects/pscstaff/nnepal/nvc_hpc/Linux_x86_64/25.1/cuda/lib64:/ocean/projects/pscstaff/nnepal/conda/envs/cudaq-env/lib::;' export 'LD_LIBRARY_PATH;' '__LMOD_REF_COUNT_LOADEDMODULES=allocations/1.0:1\;psc.allocations.user/1.0:1\;anaconda3/2024.10-1:1\;nvhpc/25.1:1;' export '__LMOD_REF_COUNT_LOADEDMODULES;' 'LOADEDMODULES=allocations/1.0:psc.allocations.user/1.0:anaconda3/2024.10-1:nvhpc/25.1;' export 'LOADEDMODULES;' '__LMOD_REF_COUNT_MANPATH=/ocean/projects/pscstaff/nnepal/nvc_hpc/Linux_x86_64/25.1/compilers/man:1\;/usr/share/lmod/lmod/share/man:1\;/opt/puppetlabs/puppet/share/man:1\;/opt/packages/anaconda3-2024.10-1/man:1\;/opt/packages/anaconda3-2024.10-1/share/man:1;' export '__LMOD_REF_COUNT_MANPATH;' 'MANPATH=/ocean/projects/pscstaff/nnepal/nvc_hpc/Linux_x86_64/25.1/compilers/man:/usr/share/lmod/lmod/share/man::/opt/puppetlabs/puppet/share/man:/opt/packages/anaconda3-2024.10-1/man:/opt/packages/anaconda3-2024.10-1/share/man;' export 'MANPATH;' 'MODULEPATH=/ocean/projects/pscstaff/nnepal/nvc_hpc/modulefiles:/etc/scl/modulefiles:/opt/modulefiles/production:/opt/modulefiles/preproduction:/opt/modulefiles/deprecated:/usr/share/modulefiles:/usr/share/modulefiles/Linux:/usr/share/modulefiles/Core:/usr/share/lmod/lmod/modulefiles/Core;' export 'MODULEPATH;' 'NVHPC=/ocean/projects/pscstaff/nnepal/nvc_hpc;' export 'NVHPC;' 'NVHPC_ROOT=/ocean/projects/pscstaff/nnepal/nvc_hpc/Linux_x86_64/25.1;' export 'NVHPC_ROOT;' '__LMOD_REF_COUNT_PATH=/ocean/projects/pscstaff/nnepal/nvc_hpc/Linux_x86_64/25.1/compilers/extras/qd/bin:1\;/ocean/projects/pscstaff/nnepal/nvc_hpc/Linux_x86_64/25.1/comm_libs/mpi/bin:1\;/ocean/projects/pscstaff/nnepal/nvc_hpc/Linux_x86_64/25.1/compilers/bin:1\;/ocean/projects/pscstaff/nnepal/nvc_hpc/Linux_x86_64/25.1/cuda/bin:1\;/jet/home/nnepal/softwares/HTESP/src/bash:1\;/jet/home/nnepal/.local/bin:1\;/jet/home/nnepal/bin:1\;/opt/packages/anaconda3-2024.10-1/bin:2\;/opt/packages/anaconda3-2024.10-1/condabin:2\;/opt/packages/psc.allocations.user/bin:1\;/opt/packages/allocations/bin:1\;/usr/local/bin:1\;/usr/bin:1\;/usr/local/sbin:1\;/usr/sbin:1\;/opt/packages/interact/bin:1\;/opt/puppetlabs/bin:1;' export '__LMOD_REF_COUNT_PATH;' 'PATH=/ocean/projects/pscstaff/nnepal/nvc_hpc/Linux_x86_64/25.1/compilers/extras/qd/bin:/ocean/projects/pscstaff/nnepal/nvc_hpc/Linux_x86_64/25.1/comm_libs/mpi/bin:/ocean/projects/pscstaff/nnepal/nvc_hpc/Linux_x86_64/25.1/compilers/bin:/ocean/projects/pscstaff/nnepal/nvc_hpc/Linux_x86_64/25.1/cuda/bin:/jet/home/nnepal/softwares/HTESP/src/bash:/jet/home/nnepal/.local/bin:/jet/home/nnepal/bin:/opt/packages/anaconda3-2024.10-1/bin:/opt/packages/anaconda3-2024.10-1/condabin:/opt/packages/psc.allocations.user/bin:/opt/packages/allocations/bin:/usr/local/bin:/usr/bin:/usr/local/sbin:/usr/sbin:/opt/packages/interact/bin:/opt/puppetlabs/bin;' export 'PATH;' '__LMOD_REF_COUNT__LMFILES_=/opt/modulefiles/production/allocations/1.0.lua:1\;/opt/modulefiles/production/psc.allocations.user/1.0.lua:1\;/opt/modulefiles/production/anaconda3/2024.10-1.lua:1\;/ocean/projects/pscstaff/nnepal/nvc_hpc/modulefiles/nvhpc/25.1:1;' export '__LMOD_REF_COUNT__LMFILES_;' '_LMFILES_=/opt/modulefiles/production/allocations/1.0.lua:/opt/modulefiles/production/psc.allocations.user/1.0.lua:/opt/modulefiles/production/anaconda3/2024.10-1.lua:/ocean/projects/pscstaff/nnepal/nvc_hpc/modulefiles/nvhpc/25.1;' export '_LMFILES_;' '_ModuleTable001_=X01vZHVsZVRhYmxlXz17WyJNVHZlcnNpb24iXT0zLFsiY19yZWJ1aWxkVGltZSJdPWZhbHNlLFsiY19zaG9ydFRpbWUiXT1mYWxzZSxkZXB0aFQ9e30sZmFtaWx5PXt9LG1UPXthbGxvY2F0aW9ucz17WyJmbiJdPSIvb3B0L21vZHVsZWZpbGVzL3Byb2R1Y3Rpb24vYWxsb2NhdGlvbnMvMS4wLmx1YSIsWyJmdWxsTmFtZSJdPSJhbGxvY2F0aW9ucy8xLjAiLFsibG9hZE9yZGVyIl09MSxwcm9wVD17fSxbInN0YWNrRGVwdGgiXT0wLFsic3RhdHVzIl09ImFjdGl2ZSIsWyJ1c2VyTmFtZSJdPSJhbGxvY2F0aW9ucyIsfSxhbmFjb25kYTM9e1siZm4iXT0iL29wdC9tb2R1bGVmaWxlcy9wcm9kdWN0aW9uL2FuYWNvbmRhMy8yMDI0LjEwLTEubHVhIixbImZ1bGxOYW1lIl09ImFuYWNv;' export '_ModuleTable001_;' '_ModuleTable002_=bmRhMy8yMDI0LjEwLTEiLFsibG9hZE9yZGVyIl09Myxwcm9wVD17fSxbInN0YWNrRGVwdGgiXT0wLFsic3RhdHVzIl09ImFjdGl2ZSIsWyJ1c2VyTmFtZSJdPSJhbmFjb25kYTMiLH0sbnZocGM9e1siZm4iXT0iL29jZWFuL3Byb2plY3RzL3BzY3N0YWZmL25uZXBhbC9udmNfaHBjL21vZHVsZWZpbGVzL252aHBjLzI1LjEiLFsiZnVsbE5hbWUiXT0ibnZocGMvMjUuMSIsWyJsb2FkT3JkZXIiXT00LHByb3BUPXt9LFsic3RhY2tEZXB0aCJdPTAsWyJzdGF0dXMiXT0iYWN0aXZlIixbInVzZXJOYW1lIl09Im52aHBjIix9LFsicHNjLmFsbG9jYXRpb25zLnVzZXIiXT17WyJmbiJdPSIvb3B0L21vZHVsZWZpbGVzL3Byb2R1Y3Rpb24vcHNjLmFsbG9jYXRpb25zLnVzZXIvMS4wLmx1;' export '_ModuleTable002_;' '_ModuleTable003_=YSIsWyJmdWxsTmFtZSJdPSJwc2MuYWxsb2NhdGlvbnMudXNlci8xLjAiLFsibG9hZE9yZGVyIl09Mixwcm9wVD17fSxbInN0YWNrRGVwdGgiXT0wLFsic3RhdHVzIl09ImFjdGl2ZSIsWyJ1c2VyTmFtZSJdPSJwc2MuYWxsb2NhdGlvbnMudXNlciIsfSx9LG1wYXRoQT17Ii9vY2Vhbi9wcm9qZWN0cy9wc2NzdGFmZi9ubmVwYWwvbnZjX2hwYy9tb2R1bGVmaWxlcyIsIi9ldGMvc2NsL21vZHVsZWZpbGVzIiwiL29wdC9tb2R1bGVmaWxlcy9wcm9kdWN0aW9uIiwiL29wdC9tb2R1bGVmaWxlcy9wcmVwcm9kdWN0aW9uIiwiL29wdC9tb2R1bGVmaWxlcy9kZXByZWNhdGVkIiwiL3Vzci9zaGFyZS9tb2R1bGVmaWxlcyIsIi91c3Ivc2hhcmUvbW9kdWxlZmlsZXMvTGludXgiLCIvdXNy;' export '_ModuleTable003_;' '_ModuleTable004_=L3NoYXJlL21vZHVsZWZpbGVzL0NvcmUiLCIvdXNyL3NoYXJlL2xtb2QvbG1vZC9tb2R1bGVmaWxlcy9Db3JlIix9LFsic3lzdGVtQmFzZU1QQVRIIl09Ii9ldGMvc2NsL21vZHVsZWZpbGVzOi9vcHQvbW9kdWxlZmlsZXMvcHJvZHVjdGlvbjovb3B0L21vZHVsZWZpbGVzL3ByZXByb2R1Y3Rpb246L29wdC9tb2R1bGVmaWxlcy9kZXByZWNhdGVkOi91c3Ivc2hhcmUvbW9kdWxlZmlsZXM6L3Vzci9zaGFyZS9tb2R1bGVmaWxlcy9MaW51eDovdXNyL3NoYXJlL21vZHVsZWZpbGVzL0NvcmU6L3Vzci9zaGFyZS9sbW9kL2xtb2QvbW9kdWxlZmlsZXMvQ29yZSIsfQ==;' export '_ModuleTable004_;' '_ModuleTable_Sz_=4;' export '_ModuleTable_Sz_;'
++ CC=/ocean/projects/pscstaff/nnepal/nvc_hpc/Linux_x86_64/25.1/compilers/bin/nvc
++ export CC
++ __LMOD_REF_COUNT_CPATH='/ocean/projects/pscstaff/nnepal/nvc_hpc/Linux_x86_64/25.1/compilers/extras/qd/include/qd:1;/ocean/projects/pscstaff/nnepal/nvc_hpc/Linux_x86_64/25.1/comm_libs/nvshmem/include:1;/ocean/projects/pscstaff/nnepal/nvc_hpc/Linux_x86_64/25.1/comm_libs/nccl/include:1;/ocean/projects/pscstaff/nnepal/nvc_hpc/Linux_x86_64/25.1/math_libs/include:1'
++ export __LMOD_REF_COUNT_CPATH
++ CPATH=/ocean/projects/pscstaff/nnepal/nvc_hpc/Linux_x86_64/25.1/compilers/extras/qd/include/qd:/ocean/projects/pscstaff/nnepal/nvc_hpc/Linux_x86_64/25.1/comm_libs/nvshmem/include:/ocean/projects/pscstaff/nnepal/nvc_hpc/Linux_x86_64/25.1/comm_libs/nccl/include:/ocean/projects/pscstaff/nnepal/nvc_hpc/Linux_x86_64/25.1/math_libs/include
++ export CPATH
++ __LMOD_REF_COUNT_CPLUS_INCLUDE_PATH='/ocean/projects/pscstaff/nnepal/nvc_hpc/Linux_x86_64/25.1/compilers/extras/qd/include/qd:1;/ocean/projects/pscstaff/nnepal/nvc_hpc/Linux_x86_64/25.1/comm_libs/nvshmem/include:1;/ocean/projects/pscstaff/nnepal/nvc_hpc/Linux_x86_64/25.1/comm_libs/nccl/include:1;/ocean/projects/pscstaff/nnepal/nvc_hpc/Linux_x86_64/25.1/math_libs/include:1;/opt/packages/anaconda3-2024.10-1/include:1'
++ export __LMOD_REF_COUNT_CPLUS_INCLUDE_PATH
++ CPLUS_INCLUDE_PATH=/ocean/projects/pscstaff/nnepal/nvc_hpc/Linux_x86_64/25.1/compilers/extras/qd/include/qd:/ocean/projects/pscstaff/nnepal/nvc_hpc/Linux_x86_64/25.1/comm_libs/nvshmem/include:/ocean/projects/pscstaff/nnepal/nvc_hpc/Linux_x86_64/25.1/comm_libs/nccl/include:/ocean/projects/pscstaff/nnepal/nvc_hpc/Linux_x86_64/25.1/math_libs/include:/opt/packages/anaconda3-2024.10-1/include
++ export CPLUS_INCLUDE_PATH
++ CPP=cpp
++ export CPP
++ CXX=/ocean/projects/pscstaff/nnepal/nvc_hpc/Linux_x86_64/25.1/compilers/bin/nvc++
++ export CXX
++ __LMOD_REF_COUNT_C_INCLUDE_PATH='/ocean/projects/pscstaff/nnepal/nvc_hpc/Linux_x86_64/25.1/compilers/extras/qd/include/qd:1;/ocean/projects/pscstaff/nnepal/nvc_hpc/Linux_x86_64/25.1/comm_libs/nvshmem/include:1;/ocean/projects/pscstaff/nnepal/nvc_hpc/Linux_x86_64/25.1/comm_libs/nccl/include:1;/ocean/projects/pscstaff/nnepal/nvc_hpc/Linux_x86_64/25.1/math_libs/include:1;/opt/packages/anaconda3-2024.10-1/include:1'
++ export __LMOD_REF_COUNT_C_INCLUDE_PATH
++ C_INCLUDE_PATH=/ocean/projects/pscstaff/nnepal/nvc_hpc/Linux_x86_64/25.1/compilers/extras/qd/include/qd:/ocean/projects/pscstaff/nnepal/nvc_hpc/Linux_x86_64/25.1/comm_libs/nvshmem/include:/ocean/projects/pscstaff/nnepal/nvc_hpc/Linux_x86_64/25.1/comm_libs/nccl/include:/ocean/projects/pscstaff/nnepal/nvc_hpc/Linux_x86_64/25.1/math_libs/include:/opt/packages/anaconda3-2024.10-1/include
++ export C_INCLUDE_PATH
++ F77=/ocean/projects/pscstaff/nnepal/nvc_hpc/Linux_x86_64/25.1/compilers/bin/nvfortran
++ export F77
++ F90=/ocean/projects/pscstaff/nnepal/nvc_hpc/Linux_x86_64/25.1/compilers/bin/nvfortran
++ export F90
++ FC=/ocean/projects/pscstaff/nnepal/nvc_hpc/Linux_x86_64/25.1/compilers/bin/nvfortran
++ export FC
++ __LMOD_REF_COUNT_LD_LIBRARY_PATH='/ocean/projects/pscstaff/nnepal/nvc_hpc/Linux_x86_64/25.1/comm_libs/nvshmem/lib:1;/ocean/projects/pscstaff/nnepal/nvc_hpc/Linux_x86_64/25.1/comm_libs/nccl/lib:1;/ocean/projects/pscstaff/nnepal/nvc_hpc/Linux_x86_64/25.1/math_libs/lib64:1;/ocean/projects/pscstaff/nnepal/nvc_hpc/Linux_x86_64/25.1/compilers/lib:1;/ocean/projects/pscstaff/nnepal/nvc_hpc/Linux_x86_64/25.1/compilers/extras/qd/lib:1;/ocean/projects/pscstaff/nnepal/nvc_hpc/Linux_x86_64/25.1/cuda/lib64:1;/ocean/projects/pscstaff/nnepal/conda/envs/cudaq-env/lib:1'
++ export __LMOD_REF_COUNT_LD_LIBRARY_PATH
++ LD_LIBRARY_PATH=/ocean/projects/pscstaff/nnepal/nvc_hpc/Linux_x86_64/25.1/comm_libs/nvshmem/lib:/ocean/projects/pscstaff/nnepal/nvc_hpc/Linux_x86_64/25.1/comm_libs/nccl/lib:/ocean/projects/pscstaff/nnepal/nvc_hpc/Linux_x86_64/25.1/math_libs/lib64:/ocean/projects/pscstaff/nnepal/nvc_hpc/Linux_x86_64/25.1/compilers/lib:/ocean/projects/pscstaff/nnepal/nvc_hpc/Linux_x86_64/25.1/compilers/extras/qd/lib:/ocean/projects/pscstaff/nnepal/nvc_hpc/Linux_x86_64/25.1/cuda/lib64:/ocean/projects/pscstaff/nnepal/conda/envs/cudaq-env/lib::
++ export LD_LIBRARY_PATH
++ __LMOD_REF_COUNT_LOADEDMODULES='allocations/1.0:1;psc.allocations.user/1.0:1;anaconda3/2024.10-1:1;nvhpc/25.1:1'
++ export __LMOD_REF_COUNT_LOADEDMODULES
++ LOADEDMODULES=allocations/1.0:psc.allocations.user/1.0:anaconda3/2024.10-1:nvhpc/25.1
++ export LOADEDMODULES
++ __LMOD_REF_COUNT_MANPATH='/ocean/projects/pscstaff/nnepal/nvc_hpc/Linux_x86_64/25.1/compilers/man:1;/usr/share/lmod/lmod/share/man:1;/opt/puppetlabs/puppet/share/man:1;/opt/packages/anaconda3-2024.10-1/man:1;/opt/packages/anaconda3-2024.10-1/share/man:1'
++ export __LMOD_REF_COUNT_MANPATH
++ MANPATH=/ocean/projects/pscstaff/nnepal/nvc_hpc/Linux_x86_64/25.1/compilers/man:/usr/share/lmod/lmod/share/man::/opt/puppetlabs/puppet/share/man:/opt/packages/anaconda3-2024.10-1/man:/opt/packages/anaconda3-2024.10-1/share/man
++ export MANPATH
++ MODULEPATH=/ocean/projects/pscstaff/nnepal/nvc_hpc/modulefiles:/etc/scl/modulefiles:/opt/modulefiles/production:/opt/modulefiles/preproduction:/opt/modulefiles/deprecated:/usr/share/modulefiles:/usr/share/modulefiles/Linux:/usr/share/modulefiles/Core:/usr/share/lmod/lmod/modulefiles/Core
++ export MODULEPATH
++ NVHPC=/ocean/projects/pscstaff/nnepal/nvc_hpc
++ export NVHPC
++ NVHPC_ROOT=/ocean/projects/pscstaff/nnepal/nvc_hpc/Linux_x86_64/25.1
++ export NVHPC_ROOT
++ __LMOD_REF_COUNT_PATH='/ocean/projects/pscstaff/nnepal/nvc_hpc/Linux_x86_64/25.1/compilers/extras/qd/bin:1;/ocean/projects/pscstaff/nnepal/nvc_hpc/Linux_x86_64/25.1/comm_libs/mpi/bin:1;/ocean/projects/pscstaff/nnepal/nvc_hpc/Linux_x86_64/25.1/compilers/bin:1;/ocean/projects/pscstaff/nnepal/nvc_hpc/Linux_x86_64/25.1/cuda/bin:1;/jet/home/nnepal/softwares/HTESP/src/bash:1;/jet/home/nnepal/.local/bin:1;/jet/home/nnepal/bin:1;/opt/packages/anaconda3-2024.10-1/bin:2;/opt/packages/anaconda3-2024.10-1/condabin:2;/opt/packages/psc.allocations.user/bin:1;/opt/packages/allocations/bin:1;/usr/local/bin:1;/usr/bin:1;/usr/local/sbin:1;/usr/sbin:1;/opt/packages/interact/bin:1;/opt/puppetlabs/bin:1'
++ export __LMOD_REF_COUNT_PATH
++ PATH=/ocean/projects/pscstaff/nnepal/nvc_hpc/Linux_x86_64/25.1/compilers/extras/qd/bin:/ocean/projects/pscstaff/nnepal/nvc_hpc/Linux_x86_64/25.1/comm_libs/mpi/bin:/ocean/projects/pscstaff/nnepal/nvc_hpc/Linux_x86_64/25.1/compilers/bin:/ocean/projects/pscstaff/nnepal/nvc_hpc/Linux_x86_64/25.1/cuda/bin:/jet/home/nnepal/softwares/HTESP/src/bash:/jet/home/nnepal/.local/bin:/jet/home/nnepal/bin:/opt/packages/anaconda3-2024.10-1/bin:/opt/packages/anaconda3-2024.10-1/condabin:/opt/packages/psc.allocations.user/bin:/opt/packages/allocations/bin:/usr/local/bin:/usr/bin:/usr/local/sbin:/usr/sbin:/opt/packages/interact/bin:/opt/puppetlabs/bin
++ export PATH
++ __LMOD_REF_COUNT__LMFILES_='/opt/modulefiles/production/allocations/1.0.lua:1;/opt/modulefiles/production/psc.allocations.user/1.0.lua:1;/opt/modulefiles/production/anaconda3/2024.10-1.lua:1;/ocean/projects/pscstaff/nnepal/nvc_hpc/modulefiles/nvhpc/25.1:1'
++ export __LMOD_REF_COUNT__LMFILES_
++ _LMFILES_=/opt/modulefiles/production/allocations/1.0.lua:/opt/modulefiles/production/psc.allocations.user/1.0.lua:/opt/modulefiles/production/anaconda3/2024.10-1.lua:/ocean/projects/pscstaff/nnepal/nvc_hpc/modulefiles/nvhpc/25.1
++ export _LMFILES_
++ _ModuleTable001_=X01vZHVsZVRhYmxlXz17WyJNVHZlcnNpb24iXT0zLFsiY19yZWJ1aWxkVGltZSJdPWZhbHNlLFsiY19zaG9ydFRpbWUiXT1mYWxzZSxkZXB0aFQ9e30sZmFtaWx5PXt9LG1UPXthbGxvY2F0aW9ucz17WyJmbiJdPSIvb3B0L21vZHVsZWZpbGVzL3Byb2R1Y3Rpb24vYWxsb2NhdGlvbnMvMS4wLmx1YSIsWyJmdWxsTmFtZSJdPSJhbGxvY2F0aW9ucy8xLjAiLFsibG9hZE9yZGVyIl09MSxwcm9wVD17fSxbInN0YWNrRGVwdGgiXT0wLFsic3RhdHVzIl09ImFjdGl2ZSIsWyJ1c2VyTmFtZSJdPSJhbGxvY2F0aW9ucyIsfSxhbmFjb25kYTM9e1siZm4iXT0iL29wdC9tb2R1bGVmaWxlcy9wcm9kdWN0aW9uL2FuYWNvbmRhMy8yMDI0LjEwLTEubHVhIixbImZ1bGxOYW1lIl09ImFuYWNv
++ export _ModuleTable001_
++ _ModuleTable002_=bmRhMy8yMDI0LjEwLTEiLFsibG9hZE9yZGVyIl09Myxwcm9wVD17fSxbInN0YWNrRGVwdGgiXT0wLFsic3RhdHVzIl09ImFjdGl2ZSIsWyJ1c2VyTmFtZSJdPSJhbmFjb25kYTMiLH0sbnZocGM9e1siZm4iXT0iL29jZWFuL3Byb2plY3RzL3BzY3N0YWZmL25uZXBhbC9udmNfaHBjL21vZHVsZWZpbGVzL252aHBjLzI1LjEiLFsiZnVsbE5hbWUiXT0ibnZocGMvMjUuMSIsWyJsb2FkT3JkZXIiXT00LHByb3BUPXt9LFsic3RhY2tEZXB0aCJdPTAsWyJzdGF0dXMiXT0iYWN0aXZlIixbInVzZXJOYW1lIl09Im52aHBjIix9LFsicHNjLmFsbG9jYXRpb25zLnVzZXIiXT17WyJmbiJdPSIvb3B0L21vZHVsZWZpbGVzL3Byb2R1Y3Rpb24vcHNjLmFsbG9jYXRpb25zLnVzZXIvMS4wLmx1
++ export _ModuleTable002_
++ _ModuleTable003_=YSIsWyJmdWxsTmFtZSJdPSJwc2MuYWxsb2NhdGlvbnMudXNlci8xLjAiLFsibG9hZE9yZGVyIl09Mixwcm9wVD17fSxbInN0YWNrRGVwdGgiXT0wLFsic3RhdHVzIl09ImFjdGl2ZSIsWyJ1c2VyTmFtZSJdPSJwc2MuYWxsb2NhdGlvbnMudXNlciIsfSx9LG1wYXRoQT17Ii9vY2Vhbi9wcm9qZWN0cy9wc2NzdGFmZi9ubmVwYWwvbnZjX2hwYy9tb2R1bGVmaWxlcyIsIi9ldGMvc2NsL21vZHVsZWZpbGVzIiwiL29wdC9tb2R1bGVmaWxlcy9wcm9kdWN0aW9uIiwiL29wdC9tb2R1bGVmaWxlcy9wcmVwcm9kdWN0aW9uIiwiL29wdC9tb2R1bGVmaWxlcy9kZXByZWNhdGVkIiwiL3Vzci9zaGFyZS9tb2R1bGVmaWxlcyIsIi91c3Ivc2hhcmUvbW9kdWxlZmlsZXMvTGludXgiLCIvdXNy
++ export _ModuleTable003_
++ _ModuleTable004_=L3NoYXJlL21vZHVsZWZpbGVzL0NvcmUiLCIvdXNyL3NoYXJlL2xtb2QvbG1vZC9tb2R1bGVmaWxlcy9Db3JlIix9LFsic3lzdGVtQmFzZU1QQVRIIl09Ii9ldGMvc2NsL21vZHVsZWZpbGVzOi9vcHQvbW9kdWxlZmlsZXMvcHJvZHVjdGlvbjovb3B0L21vZHVsZWZpbGVzL3ByZXByb2R1Y3Rpb246L29wdC9tb2R1bGVmaWxlcy9kZXByZWNhdGVkOi91c3Ivc2hhcmUvbW9kdWxlZmlsZXM6L3Vzci9zaGFyZS9tb2R1bGVmaWxlcy9MaW51eDovdXNyL3NoYXJlL21vZHVsZWZpbGVzL0NvcmU6L3Vzci9zaGFyZS9sbW9kL2xtb2QvbW9kdWxlZmlsZXMvQ29yZSIsfQ==
++ export _ModuleTable004_
++ _ModuleTable_Sz_=4
++ export _ModuleTable_Sz_
++ : -s sh
+ eval
+ ret=0
+ /usr/share/lmod/8.2.7/libexec/log_modules load nvhpc
+ return 0
+ ncu --set full --target-processes all -o output ./f90out
==PROF== Connected to process 83553 (/ocean/projects/pscstaff/nnepal/Intro-to-CUDA-Fortran/cuda_doc/18/f90out)
==PROF== Profiling "dot_kernel" - 0: 0%....50%....100% - 75 passes
==PROF== Profiling "reduce_1Block_kernel" - 1: 0%....50%....100% - 75 passes
==PROF== Profiling "dot_kernel" - 2: 0%....50%....100% - 75 passes
==PROF== Profiling "reduce_1Block_kernel" - 3: 0%....50%....100% - 75 passes
==PROF== Profiling "dot_kernel" - 4: 0%....50%....100% - 75 passes
==PROF== Profiling "reduce_1Block_kernel" - 5: 0%....50%....100% - 75 passes
 HostSerial    2489.612915315794     
 Device, 3 ways:    2489.612915315794         1226.804297426552      
    0.000000000000000     
==PROF== Disconnected from process 83553
==PROF== Report: /ocean/projects/pscstaff/nnepal/Intro-to-CUDA-Fortran/cuda_doc/18/output.ncu-rep
+ nvprof ./f90out
==84036== NVPROF is profiling process 84036, command: ./f90out
==84036== Profiling application: ./f90out
 HostSerial    2489.612915315794     
 Device, 3 ways:    2489.612915315794         1226.804297426552      
    0.000000000000000     
==84036== Profiling result:
            Type  Time(%)      Time     Calls       Avg       Min       Max  Name
 GPU activities:   64.27%  33.152us         5  6.6300us  1.6320us  10.144us  [CUDA memcpy HtoD]
                   13.90%  7.1680us         3  2.3890us  2.0480us  3.0400us  void dot_kernel<double, int=128, int=0, cublasDotParams<cublasGemvTensor<double const >, cublasGemvTensorStridedBatched<double>>>(double const )
                    9.86%  5.0880us         2  2.5440us  2.1120us  2.9760us  void reduce_1Block_kernel<double, int=128, int=7, cublasGemvTensorStridedBatched<double>, cublasGemvTensorStridedBatched<double>, cublasGemvTensorStridedBatched<double>>(double const *, double, double, int, double const *, double, cublasGemvTensorStridedBatched<double>, cublasGemvTensorStridedBatched<double>, cublasPointerMode_t, cublasLtEpilogue_t, cublasGemvTensorStridedBatched<biasType<cublasGemvTensorStridedBatched<double>::value_type, double>::type const >)
                    6.95%  3.5840us         2  1.7920us  1.5040us  2.0800us  [CUDA memcpy DtoH]
                    5.02%  2.5920us         1  2.5920us  2.5920us  2.5920us  void reduce_1Block_kernel<double, int=128, int=7, cublasGemvTensorStridedBatched<double>, cublasGemvTensor<double>, cublasGemvTensor<double>>(double const *, double, double, int, double const *, double, cublasGemvTensorStridedBatched<double>, double, cublasPointerMode_t, cublasLtEpilogue_t, cublasGemvTensorStridedBatched<biasType<doublevalue_type, double>::type const >)
      API calls:   87.93%  167.50ms         1  167.50ms  167.50ms  167.50ms  cudaSetDeviceFlags
                    7.77%  14.809ms         1  14.809ms  14.809ms  14.809ms  cudaGetSymbolAddress
                    1.19%  2.2750ms         2  1.1375ms  8.4710us  2.2665ms  cudaFree
                    0.53%  1.0176ms         1  1.0176ms  1.0176ms  1.0176ms  cuMemAllocHost
                    0.50%  952.69us       347  2.7450us      77ns  156.20us  cuDeviceGetAttribute
                    0.46%  867.68us         3  289.23us  1.7080us  848.83us  cudaEventRecord
                    0.41%  789.45us         6  131.57us  5.2300us  754.23us  cudaLaunchKernel
                    0.41%  779.46us         3  259.82us  2.6220us  773.41us  cudaFuncGetAttributes
                    0.16%  310.74us         1  310.74us  310.74us  310.74us  cuDeviceGetPCIBusId
                    0.15%  286.74us        21  13.654us     169ns  141.83us  cudaDeviceGetAttribute
                    0.11%  218.37us         6  36.394us  2.2500us  197.59us  cuMemAlloc
                    0.11%  204.76us         3  68.254us  5.6120us  190.21us  cudaMalloc
                    0.09%  169.52us       810     209ns      83ns  5.0930us  cuGetProcAddress
                    0.08%  150.42us         5  30.083us  24.824us  39.049us  cudaMemcpy
                    0.03%  52.028us         2  26.014us  15.205us  36.823us  cudaMemcpyAsync
                    0.02%  38.385us         5  7.6770us  2.6050us  9.4620us  cuDeviceGetName
                    0.01%  17.290us        18     960ns     299ns  9.7970us  cudaEventCreateWithFlags
                    0.01%  16.195us        15  1.0790us     200ns  12.519us  cudaStreamGetCaptureInfo
                    0.00%  6.0750us         5  1.2150us     840ns  2.4270us  cuInit
                    0.00%  5.8090us         1  5.8090us  5.8090us  5.8090us  cudaSetDevice
                    0.00%  5.7540us         2  2.8770us  1.9800us  3.7740us  cudaStreamSynchronize
                    0.00%  5.0020us         1  5.0020us  5.0020us  5.0020us  cudaDeviceSynchronize
                    0.00%  4.7090us         4  1.1770us     158ns  4.0880us  cudaGetDevice
                    0.00%  3.0020us         1  3.0020us  3.0020us  3.0020us  cudaEventQuery
                    0.00%  2.5450us         9     282ns      66ns  1.8230us  cudaGetLastError
                    0.00%  1.7530us         7     250ns      73ns  1.0100us  cuDeviceGetCount
                    0.00%     987ns         7     141ns      87ns     267ns  cuDeviceGet
                    0.00%     970ns         2     485ns     228ns     742ns  cudaGetDriverEntryPoint
                    0.00%     959ns         1     959ns     959ns     959ns  cuDeviceComputeCapability
                    0.00%     809ns         3     269ns     175ns     360ns  cuDeviceTotalMem
                    0.00%     610ns         3     203ns      99ns     406ns  cuCtxSetCurrent
                    0.00%     551ns         3     183ns     109ns     313ns  cuModuleGetLoadingMode
                    0.00%     452ns         4     113ns      82ns     142ns  cuDriverGetVersion
                    0.00%     394ns         3     131ns     108ns     158ns  cuDeviceGetUuid
                    0.00%     228ns         1     228ns     228ns     228ns  cuCtxGetCurrent
                    0.00%     107ns         1     107ns     107ns     107ns  cuCtxGetDevice
 OpenACC (excl):  100.00%  21.407us         1  21.407us  21.407us  21.407us  acc_device_init
                    0.00%       0ns         4       0ns       0ns       0ns  acc_delete
                    0.00%       0ns         5       0ns       0ns       0ns  acc_alloc
