+ module load nvhpc
++ /usr/share/lmod/lmod/libexec/lmod bash load nvhpc
+ eval 'CC=/ocean/projects/pscstaff/nnepal/nvc_hpc/Linux_x86_64/25.1/compilers/bin/nvc;' export 'CC;' '__LMOD_REF_COUNT_CPATH=/ocean/projects/pscstaff/nnepal/nvc_hpc/Linux_x86_64/25.1/compilers/extras/qd/include/qd:1\;/ocean/projects/pscstaff/nnepal/nvc_hpc/Linux_x86_64/25.1/comm_libs/nvshmem/include:1\;/ocean/projects/pscstaff/nnepal/nvc_hpc/Linux_x86_64/25.1/comm_libs/nccl/include:1\;/ocean/projects/pscstaff/nnepal/nvc_hpc/Linux_x86_64/25.1/math_libs/include:1;' export '__LMOD_REF_COUNT_CPATH;' 'CPATH=/ocean/projects/pscstaff/nnepal/nvc_hpc/Linux_x86_64/25.1/compilers/extras/qd/include/qd:/ocean/projects/pscstaff/nnepal/nvc_hpc/Linux_x86_64/25.1/comm_libs/nvshmem/include:/ocean/projects/pscstaff/nnepal/nvc_hpc/Linux_x86_64/25.1/comm_libs/nccl/include:/ocean/projects/pscstaff/nnepal/nvc_hpc/Linux_x86_64/25.1/math_libs/include;' export 'CPATH;' '__LMOD_REF_COUNT_CPLUS_INCLUDE_PATH=/ocean/projects/pscstaff/nnepal/nvc_hpc/Linux_x86_64/25.1/compilers/extras/qd/include/qd:1\;/ocean/projects/pscstaff/nnepal/nvc_hpc/Linux_x86_64/25.1/comm_libs/nvshmem/include:1\;/ocean/projects/pscstaff/nnepal/nvc_hpc/Linux_x86_64/25.1/comm_libs/nccl/include:1\;/ocean/projects/pscstaff/nnepal/nvc_hpc/Linux_x86_64/25.1/math_libs/include:1\;/opt/packages/anaconda3-2024.10-1/include:1;' export '__LMOD_REF_COUNT_CPLUS_INCLUDE_PATH;' 'CPLUS_INCLUDE_PATH=/ocean/projects/pscstaff/nnepal/nvc_hpc/Linux_x86_64/25.1/compilers/extras/qd/include/qd:/ocean/projects/pscstaff/nnepal/nvc_hpc/Linux_x86_64/25.1/comm_libs/nvshmem/include:/ocean/projects/pscstaff/nnepal/nvc_hpc/Linux_x86_64/25.1/comm_libs/nccl/include:/ocean/projects/pscstaff/nnepal/nvc_hpc/Linux_x86_64/25.1/math_libs/include:/opt/packages/anaconda3-2024.10-1/include;' export 'CPLUS_INCLUDE_PATH;' 'CPP=cpp;' export 'CPP;' 'CXX=/ocean/projects/pscstaff/nnepal/nvc_hpc/Linux_x86_64/25.1/compilers/bin/nvc++;' export 'CXX;' '__LMOD_REF_COUNT_C_INCLUDE_PATH=/ocean/projects/pscstaff/nnepal/nvc_hpc/Linux_x86_64/25.1/compilers/extras/qd/include/qd:1\;/ocean/projects/pscstaff/nnepal/nvc_hpc/Linux_x86_64/25.1/comm_libs/nvshmem/include:1\;/ocean/projects/pscstaff/nnepal/nvc_hpc/Linux_x86_64/25.1/comm_libs/nccl/include:1\;/ocean/projects/pscstaff/nnepal/nvc_hpc/Linux_x86_64/25.1/math_libs/include:1\;/opt/packages/anaconda3-2024.10-1/include:1;' export '__LMOD_REF_COUNT_C_INCLUDE_PATH;' 'C_INCLUDE_PATH=/ocean/projects/pscstaff/nnepal/nvc_hpc/Linux_x86_64/25.1/compilers/extras/qd/include/qd:/ocean/projects/pscstaff/nnepal/nvc_hpc/Linux_x86_64/25.1/comm_libs/nvshmem/include:/ocean/projects/pscstaff/nnepal/nvc_hpc/Linux_x86_64/25.1/comm_libs/nccl/include:/ocean/projects/pscstaff/nnepal/nvc_hpc/Linux_x86_64/25.1/math_libs/include:/opt/packages/anaconda3-2024.10-1/include;' export 'C_INCLUDE_PATH;' 'F77=/ocean/projects/pscstaff/nnepal/nvc_hpc/Linux_x86_64/25.1/compilers/bin/nvfortran;' export 'F77;' 'F90=/ocean/projects/pscstaff/nnepal/nvc_hpc/Linux_x86_64/25.1/compilers/bin/nvfortran;' export 'F90;' 'FC=/ocean/projects/pscstaff/nnepal/nvc_hpc/Linux_x86_64/25.1/compilers/bin/nvfortran;' export 'FC;' '__LMOD_REF_COUNT_LD_LIBRARY_PATH=/ocean/projects/pscstaff/nnepal/nvc_hpc/Linux_x86_64/25.1/comm_libs/nvshmem/lib:1\;/ocean/projects/pscstaff/nnepal/nvc_hpc/Linux_x86_64/25.1/comm_libs/nccl/lib:1\;/ocean/projects/pscstaff/nnepal/nvc_hpc/Linux_x86_64/25.1/math_libs/lib64:1\;/ocean/projects/pscstaff/nnepal/nvc_hpc/Linux_x86_64/25.1/compilers/lib:1\;/ocean/projects/pscstaff/nnepal/nvc_hpc/Linux_x86_64/25.1/compilers/extras/qd/lib:1\;/ocean/projects/pscstaff/nnepal/nvc_hpc/Linux_x86_64/25.1/cuda/lib64:1\;/ocean/projects/pscstaff/nnepal/conda/envs/cudaq-env/lib:1;' export '__LMOD_REF_COUNT_LD_LIBRARY_PATH;' 'LD_LIBRARY_PATH=/ocean/projects/pscstaff/nnepal/nvc_hpc/Linux_x86_64/25.1/comm_libs/nvshmem/lib:/ocean/projects/pscstaff/nnepal/nvc_hpc/Linux_x86_64/25.1/comm_libs/nccl/lib:/ocean/projects/pscstaff/nnepal/nvc_hpc/Linux_x86_64/25.1/math_libs/lib64:/ocean/projects/pscstaff/nnepal/nvc_hpc/Linux_x86_64/25.1/compilers/lib:/ocean/projects/pscstaff/nnepal/nvc_hpc/Linux_x86_64/25.1/compilers/extras/qd/lib:/ocean/projects/pscstaff/nnepal/nvc_hpc/Linux_x86_64/25.1/cuda/lib64:/ocean/projects/pscstaff/nnepal/conda/envs/cudaq-env/lib::;' export 'LD_LIBRARY_PATH;' '__LMOD_REF_COUNT_LOADEDMODULES=allocations/1.0:1\;psc.allocations.user/1.0:1\;anaconda3/2024.10-1:1\;nvhpc/25.1:1;' export '__LMOD_REF_COUNT_LOADEDMODULES;' 'LOADEDMODULES=allocations/1.0:psc.allocations.user/1.0:anaconda3/2024.10-1:nvhpc/25.1;' export 'LOADEDMODULES;' '__LMOD_REF_COUNT_MANPATH=/ocean/projects/pscstaff/nnepal/nvc_hpc/Linux_x86_64/25.1/compilers/man:1\;/usr/share/lmod/lmod/share/man:1\;/opt/puppetlabs/puppet/share/man:1\;/opt/packages/anaconda3-2024.10-1/man:1\;/opt/packages/anaconda3-2024.10-1/share/man:1;' export '__LMOD_REF_COUNT_MANPATH;' 'MANPATH=/ocean/projects/pscstaff/nnepal/nvc_hpc/Linux_x86_64/25.1/compilers/man:/usr/share/lmod/lmod/share/man::/opt/puppetlabs/puppet/share/man:/opt/packages/anaconda3-2024.10-1/man:/opt/packages/anaconda3-2024.10-1/share/man;' export 'MANPATH;' 'MODULEPATH=/ocean/projects/pscstaff/nnepal/nvc_hpc/modulefiles:/etc/scl/modulefiles:/opt/modulefiles/production:/opt/modulefiles/preproduction:/opt/modulefiles/deprecated:/usr/share/modulefiles:/usr/share/modulefiles/Linux:/usr/share/modulefiles/Core:/usr/share/lmod/lmod/modulefiles/Core:/ocean/projects/pscstaff/nnepal/modules_niraj;' export 'MODULEPATH;' 'NVHPC=/ocean/projects/pscstaff/nnepal/nvc_hpc;' export 'NVHPC;' 'NVHPC_ROOT=/ocean/projects/pscstaff/nnepal/nvc_hpc/Linux_x86_64/25.1;' export 'NVHPC_ROOT;' '__LMOD_REF_COUNT_PATH=/ocean/projects/pscstaff/nnepal/nvc_hpc/Linux_x86_64/25.1/compilers/extras/qd/bin:1\;/ocean/projects/pscstaff/nnepal/nvc_hpc/Linux_x86_64/25.1/comm_libs/mpi/bin:1\;/ocean/projects/pscstaff/nnepal/nvc_hpc/Linux_x86_64/25.1/compilers/bin:1\;/ocean/projects/pscstaff/nnepal/nvc_hpc/Linux_x86_64/25.1/cuda/bin:1\;/jet/home/nnepal/softwares/qe-7.3/bin:1\;/jet/home/nnepal/softwares/HTESP/src/bash:1\;/ocean/projects/pscstaff/nnepal/openmx3.9/source:1\;/jet/home/nnepal/.local/bin:1\;/jet/home/nnepal/bin:1\;/opt/packages/anaconda3-2024.10-1/bin:2\;/opt/packages/anaconda3-2024.10-1/condabin:2\;/opt/packages/psc.allocations.user/bin:1\;/opt/packages/allocations/bin:1\;/usr/local/bin:1\;/usr/bin:1\;/usr/local/sbin:1\;/usr/sbin:1\;/opt/packages/interact/bin:1\;/opt/puppetlabs/bin:1;' export '__LMOD_REF_COUNT_PATH;' 'PATH=/ocean/projects/pscstaff/nnepal/nvc_hpc/Linux_x86_64/25.1/compilers/extras/qd/bin:/ocean/projects/pscstaff/nnepal/nvc_hpc/Linux_x86_64/25.1/comm_libs/mpi/bin:/ocean/projects/pscstaff/nnepal/nvc_hpc/Linux_x86_64/25.1/compilers/bin:/ocean/projects/pscstaff/nnepal/nvc_hpc/Linux_x86_64/25.1/cuda/bin:/jet/home/nnepal/softwares/qe-7.3/bin:/jet/home/nnepal/softwares/HTESP/src/bash:/ocean/projects/pscstaff/nnepal/openmx3.9/source:/jet/home/nnepal/.local/bin:/jet/home/nnepal/bin:/opt/packages/anaconda3-2024.10-1/bin:/opt/packages/anaconda3-2024.10-1/condabin:/opt/packages/psc.allocations.user/bin:/opt/packages/allocations/bin:/usr/local/bin:/usr/bin:/usr/local/sbin:/usr/sbin:/opt/packages/interact/bin:/opt/puppetlabs/bin;' export 'PATH;' '__LMOD_REF_COUNT__LMFILES_=/opt/modulefiles/production/allocations/1.0.lua:1\;/opt/modulefiles/production/psc.allocations.user/1.0.lua:1\;/opt/modulefiles/production/anaconda3/2024.10-1.lua:1\;/ocean/projects/pscstaff/nnepal/nvc_hpc/modulefiles/nvhpc/25.1:1;' export '__LMOD_REF_COUNT__LMFILES_;' '_LMFILES_=/opt/modulefiles/production/allocations/1.0.lua:/opt/modulefiles/production/psc.allocations.user/1.0.lua:/opt/modulefiles/production/anaconda3/2024.10-1.lua:/ocean/projects/pscstaff/nnepal/nvc_hpc/modulefiles/nvhpc/25.1;' export '_LMFILES_;' '_ModuleTable001_=X01vZHVsZVRhYmxlXz17WyJNVHZlcnNpb24iXT0zLFsiY19yZWJ1aWxkVGltZSJdPWZhbHNlLFsiY19zaG9ydFRpbWUiXT1mYWxzZSxkZXB0aFQ9e30sZmFtaWx5PXt9LG1UPXthbGxvY2F0aW9ucz17WyJmbiJdPSIvb3B0L21vZHVsZWZpbGVzL3Byb2R1Y3Rpb24vYWxsb2NhdGlvbnMvMS4wLmx1YSIsWyJmdWxsTmFtZSJdPSJhbGxvY2F0aW9ucy8xLjAiLFsibG9hZE9yZGVyIl09MSxwcm9wVD17fSxbInN0YWNrRGVwdGgiXT0wLFsic3RhdHVzIl09ImFjdGl2ZSIsWyJ1c2VyTmFtZSJdPSJhbGxvY2F0aW9ucyIsfSxhbmFjb25kYTM9e1siZm4iXT0iL29wdC9tb2R1bGVmaWxlcy9wcm9kdWN0aW9uL2FuYWNvbmRhMy8yMDI0LjEwLTEubHVhIixbImZ1bGxOYW1lIl09ImFuYWNv;' export '_ModuleTable001_;' '_ModuleTable002_=bmRhMy8yMDI0LjEwLTEiLFsibG9hZE9yZGVyIl09Myxwcm9wVD17fSxbInN0YWNrRGVwdGgiXT0wLFsic3RhdHVzIl09ImFjdGl2ZSIsWyJ1c2VyTmFtZSJdPSJhbmFjb25kYTMiLH0sbnZocGM9e1siZm4iXT0iL29jZWFuL3Byb2plY3RzL3BzY3N0YWZmL25uZXBhbC9udmNfaHBjL21vZHVsZWZpbGVzL252aHBjLzI1LjEiLFsiZnVsbE5hbWUiXT0ibnZocGMvMjUuMSIsWyJsb2FkT3JkZXIiXT00LHByb3BUPXt9LFsic3RhY2tEZXB0aCJdPTAsWyJzdGF0dXMiXT0iYWN0aXZlIixbInVzZXJOYW1lIl09Im52aHBjIix9LFsicHNjLmFsbG9jYXRpb25zLnVzZXIiXT17WyJmbiJdPSIvb3B0L21vZHVsZWZpbGVzL3Byb2R1Y3Rpb24vcHNjLmFsbG9jYXRpb25zLnVzZXIvMS4wLmx1;' export '_ModuleTable002_;' '_ModuleTable003_=YSIsWyJmdWxsTmFtZSJdPSJwc2MuYWxsb2NhdGlvbnMudXNlci8xLjAiLFsibG9hZE9yZGVyIl09Mixwcm9wVD17fSxbInN0YWNrRGVwdGgiXT0wLFsic3RhdHVzIl09ImFjdGl2ZSIsWyJ1c2VyTmFtZSJdPSJwc2MuYWxsb2NhdGlvbnMudXNlciIsfSx9LG1wYXRoQT17Ii9vY2Vhbi9wcm9qZWN0cy9wc2NzdGFmZi9ubmVwYWwvbnZjX2hwYy9tb2R1bGVmaWxlcyIsIi9ldGMvc2NsL21vZHVsZWZpbGVzIiwiL29wdC9tb2R1bGVmaWxlcy9wcm9kdWN0aW9uIiwiL29wdC9tb2R1bGVmaWxlcy9wcmVwcm9kdWN0aW9uIiwiL29wdC9tb2R1bGVmaWxlcy9kZXByZWNhdGVkIiwiL3Vzci9zaGFyZS9tb2R1bGVmaWxlcyIsIi91c3Ivc2hhcmUvbW9kdWxlZmlsZXMvTGludXgiLCIvdXNy;' export '_ModuleTable003_;' '_ModuleTable004_=L3NoYXJlL21vZHVsZWZpbGVzL0NvcmUiLCIvdXNyL3NoYXJlL2xtb2QvbG1vZC9tb2R1bGVmaWxlcy9Db3JlIiwiL29jZWFuL3Byb2plY3RzL3BzY3N0YWZmL25uZXBhbC9tb2R1bGVzX25pcmFqIix9LFsic3lzdGVtQmFzZU1QQVRIIl09Ii9ldGMvc2NsL21vZHVsZWZpbGVzOi9vcHQvbW9kdWxlZmlsZXMvcHJvZHVjdGlvbjovb3B0L21vZHVsZWZpbGVzL3ByZXByb2R1Y3Rpb246L29wdC9tb2R1bGVmaWxlcy9kZXByZWNhdGVkOi91c3Ivc2hhcmUvbW9kdWxlZmlsZXM6L3Vzci9zaGFyZS9tb2R1bGVmaWxlcy9MaW51eDovdXNyL3NoYXJlL21vZHVsZWZpbGVzL0NvcmU6L3Vzci9zaGFyZS9sbW9kL2xtb2QvbW9kdWxlZmlsZXMvQ29yZSIsfQ==;' export '_ModuleTable004_;' '_ModuleTable_Sz_=4;' export '_ModuleTable_Sz_;'
++ CC=/ocean/projects/pscstaff/nnepal/nvc_hpc/Linux_x86_64/25.1/compilers/bin/nvc
++ export CC
++ __LMOD_REF_COUNT_CPATH='/ocean/projects/pscstaff/nnepal/nvc_hpc/Linux_x86_64/25.1/compilers/extras/qd/include/qd:1;/ocean/projects/pscstaff/nnepal/nvc_hpc/Linux_x86_64/25.1/comm_libs/nvshmem/include:1;/ocean/projects/pscstaff/nnepal/nvc_hpc/Linux_x86_64/25.1/comm_libs/nccl/include:1;/ocean/projects/pscstaff/nnepal/nvc_hpc/Linux_x86_64/25.1/math_libs/include:1'
++ export __LMOD_REF_COUNT_CPATH
++ CPATH=/ocean/projects/pscstaff/nnepal/nvc_hpc/Linux_x86_64/25.1/compilers/extras/qd/include/qd:/ocean/projects/pscstaff/nnepal/nvc_hpc/Linux_x86_64/25.1/comm_libs/nvshmem/include:/ocean/projects/pscstaff/nnepal/nvc_hpc/Linux_x86_64/25.1/comm_libs/nccl/include:/ocean/projects/pscstaff/nnepal/nvc_hpc/Linux_x86_64/25.1/math_libs/include
++ export CPATH
++ __LMOD_REF_COUNT_CPLUS_INCLUDE_PATH='/ocean/projects/pscstaff/nnepal/nvc_hpc/Linux_x86_64/25.1/compilers/extras/qd/include/qd:1;/ocean/projects/pscstaff/nnepal/nvc_hpc/Linux_x86_64/25.1/comm_libs/nvshmem/include:1;/ocean/projects/pscstaff/nnepal/nvc_hpc/Linux_x86_64/25.1/comm_libs/nccl/include:1;/ocean/projects/pscstaff/nnepal/nvc_hpc/Linux_x86_64/25.1/math_libs/include:1;/opt/packages/anaconda3-2024.10-1/include:1'
++ export __LMOD_REF_COUNT_CPLUS_INCLUDE_PATH
++ CPLUS_INCLUDE_PATH=/ocean/projects/pscstaff/nnepal/nvc_hpc/Linux_x86_64/25.1/compilers/extras/qd/include/qd:/ocean/projects/pscstaff/nnepal/nvc_hpc/Linux_x86_64/25.1/comm_libs/nvshmem/include:/ocean/projects/pscstaff/nnepal/nvc_hpc/Linux_x86_64/25.1/comm_libs/nccl/include:/ocean/projects/pscstaff/nnepal/nvc_hpc/Linux_x86_64/25.1/math_libs/include:/opt/packages/anaconda3-2024.10-1/include
++ export CPLUS_INCLUDE_PATH
++ CPP=cpp
++ export CPP
++ CXX=/ocean/projects/pscstaff/nnepal/nvc_hpc/Linux_x86_64/25.1/compilers/bin/nvc++
++ export CXX
++ __LMOD_REF_COUNT_C_INCLUDE_PATH='/ocean/projects/pscstaff/nnepal/nvc_hpc/Linux_x86_64/25.1/compilers/extras/qd/include/qd:1;/ocean/projects/pscstaff/nnepal/nvc_hpc/Linux_x86_64/25.1/comm_libs/nvshmem/include:1;/ocean/projects/pscstaff/nnepal/nvc_hpc/Linux_x86_64/25.1/comm_libs/nccl/include:1;/ocean/projects/pscstaff/nnepal/nvc_hpc/Linux_x86_64/25.1/math_libs/include:1;/opt/packages/anaconda3-2024.10-1/include:1'
++ export __LMOD_REF_COUNT_C_INCLUDE_PATH
++ C_INCLUDE_PATH=/ocean/projects/pscstaff/nnepal/nvc_hpc/Linux_x86_64/25.1/compilers/extras/qd/include/qd:/ocean/projects/pscstaff/nnepal/nvc_hpc/Linux_x86_64/25.1/comm_libs/nvshmem/include:/ocean/projects/pscstaff/nnepal/nvc_hpc/Linux_x86_64/25.1/comm_libs/nccl/include:/ocean/projects/pscstaff/nnepal/nvc_hpc/Linux_x86_64/25.1/math_libs/include:/opt/packages/anaconda3-2024.10-1/include
++ export C_INCLUDE_PATH
++ F77=/ocean/projects/pscstaff/nnepal/nvc_hpc/Linux_x86_64/25.1/compilers/bin/nvfortran
++ export F77
++ F90=/ocean/projects/pscstaff/nnepal/nvc_hpc/Linux_x86_64/25.1/compilers/bin/nvfortran
++ export F90
++ FC=/ocean/projects/pscstaff/nnepal/nvc_hpc/Linux_x86_64/25.1/compilers/bin/nvfortran
++ export FC
++ __LMOD_REF_COUNT_LD_LIBRARY_PATH='/ocean/projects/pscstaff/nnepal/nvc_hpc/Linux_x86_64/25.1/comm_libs/nvshmem/lib:1;/ocean/projects/pscstaff/nnepal/nvc_hpc/Linux_x86_64/25.1/comm_libs/nccl/lib:1;/ocean/projects/pscstaff/nnepal/nvc_hpc/Linux_x86_64/25.1/math_libs/lib64:1;/ocean/projects/pscstaff/nnepal/nvc_hpc/Linux_x86_64/25.1/compilers/lib:1;/ocean/projects/pscstaff/nnepal/nvc_hpc/Linux_x86_64/25.1/compilers/extras/qd/lib:1;/ocean/projects/pscstaff/nnepal/nvc_hpc/Linux_x86_64/25.1/cuda/lib64:1;/ocean/projects/pscstaff/nnepal/conda/envs/cudaq-env/lib:1'
++ export __LMOD_REF_COUNT_LD_LIBRARY_PATH
++ LD_LIBRARY_PATH=/ocean/projects/pscstaff/nnepal/nvc_hpc/Linux_x86_64/25.1/comm_libs/nvshmem/lib:/ocean/projects/pscstaff/nnepal/nvc_hpc/Linux_x86_64/25.1/comm_libs/nccl/lib:/ocean/projects/pscstaff/nnepal/nvc_hpc/Linux_x86_64/25.1/math_libs/lib64:/ocean/projects/pscstaff/nnepal/nvc_hpc/Linux_x86_64/25.1/compilers/lib:/ocean/projects/pscstaff/nnepal/nvc_hpc/Linux_x86_64/25.1/compilers/extras/qd/lib:/ocean/projects/pscstaff/nnepal/nvc_hpc/Linux_x86_64/25.1/cuda/lib64:/ocean/projects/pscstaff/nnepal/conda/envs/cudaq-env/lib::
++ export LD_LIBRARY_PATH
++ __LMOD_REF_COUNT_LOADEDMODULES='allocations/1.0:1;psc.allocations.user/1.0:1;anaconda3/2024.10-1:1;nvhpc/25.1:1'
++ export __LMOD_REF_COUNT_LOADEDMODULES
++ LOADEDMODULES=allocations/1.0:psc.allocations.user/1.0:anaconda3/2024.10-1:nvhpc/25.1
++ export LOADEDMODULES
++ __LMOD_REF_COUNT_MANPATH='/ocean/projects/pscstaff/nnepal/nvc_hpc/Linux_x86_64/25.1/compilers/man:1;/usr/share/lmod/lmod/share/man:1;/opt/puppetlabs/puppet/share/man:1;/opt/packages/anaconda3-2024.10-1/man:1;/opt/packages/anaconda3-2024.10-1/share/man:1'
++ export __LMOD_REF_COUNT_MANPATH
++ MANPATH=/ocean/projects/pscstaff/nnepal/nvc_hpc/Linux_x86_64/25.1/compilers/man:/usr/share/lmod/lmod/share/man::/opt/puppetlabs/puppet/share/man:/opt/packages/anaconda3-2024.10-1/man:/opt/packages/anaconda3-2024.10-1/share/man
++ export MANPATH
++ MODULEPATH=/ocean/projects/pscstaff/nnepal/nvc_hpc/modulefiles:/etc/scl/modulefiles:/opt/modulefiles/production:/opt/modulefiles/preproduction:/opt/modulefiles/deprecated:/usr/share/modulefiles:/usr/share/modulefiles/Linux:/usr/share/modulefiles/Core:/usr/share/lmod/lmod/modulefiles/Core:/ocean/projects/pscstaff/nnepal/modules_niraj
++ export MODULEPATH
++ NVHPC=/ocean/projects/pscstaff/nnepal/nvc_hpc
++ export NVHPC
++ NVHPC_ROOT=/ocean/projects/pscstaff/nnepal/nvc_hpc/Linux_x86_64/25.1
++ export NVHPC_ROOT
++ __LMOD_REF_COUNT_PATH='/ocean/projects/pscstaff/nnepal/nvc_hpc/Linux_x86_64/25.1/compilers/extras/qd/bin:1;/ocean/projects/pscstaff/nnepal/nvc_hpc/Linux_x86_64/25.1/comm_libs/mpi/bin:1;/ocean/projects/pscstaff/nnepal/nvc_hpc/Linux_x86_64/25.1/compilers/bin:1;/ocean/projects/pscstaff/nnepal/nvc_hpc/Linux_x86_64/25.1/cuda/bin:1;/jet/home/nnepal/softwares/qe-7.3/bin:1;/jet/home/nnepal/softwares/HTESP/src/bash:1;/ocean/projects/pscstaff/nnepal/openmx3.9/source:1;/jet/home/nnepal/.local/bin:1;/jet/home/nnepal/bin:1;/opt/packages/anaconda3-2024.10-1/bin:2;/opt/packages/anaconda3-2024.10-1/condabin:2;/opt/packages/psc.allocations.user/bin:1;/opt/packages/allocations/bin:1;/usr/local/bin:1;/usr/bin:1;/usr/local/sbin:1;/usr/sbin:1;/opt/packages/interact/bin:1;/opt/puppetlabs/bin:1'
++ export __LMOD_REF_COUNT_PATH
++ PATH=/ocean/projects/pscstaff/nnepal/nvc_hpc/Linux_x86_64/25.1/compilers/extras/qd/bin:/ocean/projects/pscstaff/nnepal/nvc_hpc/Linux_x86_64/25.1/comm_libs/mpi/bin:/ocean/projects/pscstaff/nnepal/nvc_hpc/Linux_x86_64/25.1/compilers/bin:/ocean/projects/pscstaff/nnepal/nvc_hpc/Linux_x86_64/25.1/cuda/bin:/jet/home/nnepal/softwares/qe-7.3/bin:/jet/home/nnepal/softwares/HTESP/src/bash:/ocean/projects/pscstaff/nnepal/openmx3.9/source:/jet/home/nnepal/.local/bin:/jet/home/nnepal/bin:/opt/packages/anaconda3-2024.10-1/bin:/opt/packages/anaconda3-2024.10-1/condabin:/opt/packages/psc.allocations.user/bin:/opt/packages/allocations/bin:/usr/local/bin:/usr/bin:/usr/local/sbin:/usr/sbin:/opt/packages/interact/bin:/opt/puppetlabs/bin
++ export PATH
++ __LMOD_REF_COUNT__LMFILES_='/opt/modulefiles/production/allocations/1.0.lua:1;/opt/modulefiles/production/psc.allocations.user/1.0.lua:1;/opt/modulefiles/production/anaconda3/2024.10-1.lua:1;/ocean/projects/pscstaff/nnepal/nvc_hpc/modulefiles/nvhpc/25.1:1'
++ export __LMOD_REF_COUNT__LMFILES_
++ _LMFILES_=/opt/modulefiles/production/allocations/1.0.lua:/opt/modulefiles/production/psc.allocations.user/1.0.lua:/opt/modulefiles/production/anaconda3/2024.10-1.lua:/ocean/projects/pscstaff/nnepal/nvc_hpc/modulefiles/nvhpc/25.1
++ export _LMFILES_
++ _ModuleTable001_=X01vZHVsZVRhYmxlXz17WyJNVHZlcnNpb24iXT0zLFsiY19yZWJ1aWxkVGltZSJdPWZhbHNlLFsiY19zaG9ydFRpbWUiXT1mYWxzZSxkZXB0aFQ9e30sZmFtaWx5PXt9LG1UPXthbGxvY2F0aW9ucz17WyJmbiJdPSIvb3B0L21vZHVsZWZpbGVzL3Byb2R1Y3Rpb24vYWxsb2NhdGlvbnMvMS4wLmx1YSIsWyJmdWxsTmFtZSJdPSJhbGxvY2F0aW9ucy8xLjAiLFsibG9hZE9yZGVyIl09MSxwcm9wVD17fSxbInN0YWNrRGVwdGgiXT0wLFsic3RhdHVzIl09ImFjdGl2ZSIsWyJ1c2VyTmFtZSJdPSJhbGxvY2F0aW9ucyIsfSxhbmFjb25kYTM9e1siZm4iXT0iL29wdC9tb2R1bGVmaWxlcy9wcm9kdWN0aW9uL2FuYWNvbmRhMy8yMDI0LjEwLTEubHVhIixbImZ1bGxOYW1lIl09ImFuYWNv
++ export _ModuleTable001_
++ _ModuleTable002_=bmRhMy8yMDI0LjEwLTEiLFsibG9hZE9yZGVyIl09Myxwcm9wVD17fSxbInN0YWNrRGVwdGgiXT0wLFsic3RhdHVzIl09ImFjdGl2ZSIsWyJ1c2VyTmFtZSJdPSJhbmFjb25kYTMiLH0sbnZocGM9e1siZm4iXT0iL29jZWFuL3Byb2plY3RzL3BzY3N0YWZmL25uZXBhbC9udmNfaHBjL21vZHVsZWZpbGVzL252aHBjLzI1LjEiLFsiZnVsbE5hbWUiXT0ibnZocGMvMjUuMSIsWyJsb2FkT3JkZXIiXT00LHByb3BUPXt9LFsic3RhY2tEZXB0aCJdPTAsWyJzdGF0dXMiXT0iYWN0aXZlIixbInVzZXJOYW1lIl09Im52aHBjIix9LFsicHNjLmFsbG9jYXRpb25zLnVzZXIiXT17WyJmbiJdPSIvb3B0L21vZHVsZWZpbGVzL3Byb2R1Y3Rpb24vcHNjLmFsbG9jYXRpb25zLnVzZXIvMS4wLmx1
++ export _ModuleTable002_
++ _ModuleTable003_=YSIsWyJmdWxsTmFtZSJdPSJwc2MuYWxsb2NhdGlvbnMudXNlci8xLjAiLFsibG9hZE9yZGVyIl09Mixwcm9wVD17fSxbInN0YWNrRGVwdGgiXT0wLFsic3RhdHVzIl09ImFjdGl2ZSIsWyJ1c2VyTmFtZSJdPSJwc2MuYWxsb2NhdGlvbnMudXNlciIsfSx9LG1wYXRoQT17Ii9vY2Vhbi9wcm9qZWN0cy9wc2NzdGFmZi9ubmVwYWwvbnZjX2hwYy9tb2R1bGVmaWxlcyIsIi9ldGMvc2NsL21vZHVsZWZpbGVzIiwiL29wdC9tb2R1bGVmaWxlcy9wcm9kdWN0aW9uIiwiL29wdC9tb2R1bGVmaWxlcy9wcmVwcm9kdWN0aW9uIiwiL29wdC9tb2R1bGVmaWxlcy9kZXByZWNhdGVkIiwiL3Vzci9zaGFyZS9tb2R1bGVmaWxlcyIsIi91c3Ivc2hhcmUvbW9kdWxlZmlsZXMvTGludXgiLCIvdXNy
++ export _ModuleTable003_
++ _ModuleTable004_=L3NoYXJlL21vZHVsZWZpbGVzL0NvcmUiLCIvdXNyL3NoYXJlL2xtb2QvbG1vZC9tb2R1bGVmaWxlcy9Db3JlIiwiL29jZWFuL3Byb2plY3RzL3BzY3N0YWZmL25uZXBhbC9tb2R1bGVzX25pcmFqIix9LFsic3lzdGVtQmFzZU1QQVRIIl09Ii9ldGMvc2NsL21vZHVsZWZpbGVzOi9vcHQvbW9kdWxlZmlsZXMvcHJvZHVjdGlvbjovb3B0L21vZHVsZWZpbGVzL3ByZXByb2R1Y3Rpb246L29wdC9tb2R1bGVmaWxlcy9kZXByZWNhdGVkOi91c3Ivc2hhcmUvbW9kdWxlZmlsZXM6L3Vzci9zaGFyZS9tb2R1bGVmaWxlcy9MaW51eDovdXNyL3NoYXJlL21vZHVsZWZpbGVzL0NvcmU6L3Vzci9zaGFyZS9sbW9kL2xtb2QvbW9kdWxlZmlsZXMvQ29yZSIsfQ==
++ export _ModuleTable004_
++ _ModuleTable_Sz_=4
++ export _ModuleTable_Sz_
++ : -s sh
+ eval
+ ret=0
+ /usr/share/lmod/8.2.7/libexec/log_modules load nvhpc
+ return 0
+ nvprof ./saxpy
==3848== NVPROF is profiling process 3848, command: ./saxpy
   4.2669383E+24   4.2669383E+24   4.2669383E+24   4.2669383E+24 
   4.2669383E+24   4.2669383E+24   4.2669383E+24   4.2669383E+24 
   4.2669383E+24   4.2669383E+24   4.2669383E+24   4.2669383E+24 
   4.2669383E+24   4.2669383E+24   4.2669383E+24   4.2669383E+24 
   4.2669383E+24   4.2669383E+24   4.2669383E+24   4.2669383E+24 
   4.2669383E+24   4.2669383E+24   4.2669383E+24   4.2669383E+24 
   4.2669383E+24   4.2669383E+24   4.2669383E+24   4.2669383E+24 
   4.2669383E+24   4.2669383E+24   4.2669383E+24   4.2669383E+24 
   4.2669383E+24   4.2669383E+24   4.2669383E+24   4.2669383E+24 
   4.2669383E+24   4.2669383E+24   4.2669383E+24   4.2669383E+24 
   4.2669383E+24   4.2669383E+24   4.2669383E+24   4.2669383E+24 
   4.2669383E+24   4.2669383E+24   4.2669383E+24   4.2669383E+24 
   4.2669383E+24   4.2669383E+24   4.2669383E+24   4.2669383E+24 
   4.2669383E+24   4.2669383E+24   4.2669383E+24   4.2669383E+24 
   4.2669383E+24   4.2669383E+24   4.2669383E+24   4.2669383E+24 
   4.2669383E+24   4.2669383E+24   4.2669383E+24   4.2669383E+24 
   4.2669383E+24   4.2669383E+24   4.2669383E+24   4.2669383E+24 
   4.2669383E+24   4.2669383E+24   4.2669383E+24   4.2669383E+24 
   4.2669383E+24   4.2669383E+24   4.2669383E+24   4.2669383E+24 
   4.2669383E+24   4.2669383E+24   4.2669383E+24   4.2669383E+24 
   4.2669383E+24   4.2669383E+24   4.2669383E+24   4.2669383E+24 
   4.2669383E+24   4.2669383E+24   4.2669383E+24   4.2669383E+24 
   4.2669383E+24   4.2669383E+24   4.2669383E+24   4.2669383E+24 
   4.2669383E+24   4.2669383E+24   4.2669383E+24   4.2669383E+24 
   4.2669383E+24   4.2669383E+24   4.2669383E+24   4.2669383E+24 
   4.2669383E+24   4.2669383E+24   4.2669383E+24   4.2669383E+24 
   4.2669383E+24   4.2669383E+24   4.2669383E+24   4.2669383E+24 
   4.2669383E+24   4.2669383E+24   4.2669383E+24   4.2669383E+24 
   4.2669383E+24   4.2669383E+24   4.2669383E+24   4.2669383E+24 
   4.2669383E+24   4.2669383E+24   4.2669383E+24   4.2669383E+24 
   4.2669383E+24   4.2669383E+24   4.2669383E+24   4.2669383E+24 
   4.2669383E+24   4.2669383E+24   4.2669383E+24   4.2669383E+24 
   4.2669383E+24   4.2669383E+24   4.2669383E+24   4.2669383E+24 
   4.2669383E+24   4.2669383E+24   4.2669383E+24   4.2669383E+24 
   4.2669383E+24   4.2669383E+24   4.2669383E+24   4.2669383E+24 
   4.2669383E+24   4.2669383E+24   4.2669383E+24   4.2669383E+24 
   4.2669383E+24   4.2669383E+24   4.2669383E+24   4.2669383E+24 
   4.2669383E+24   4.2669383E+24   4.2669383E+24   4.2669383E+24 
   4.2669383E+24   4.2669383E+24   4.2669383E+24   4.2669383E+24 
   4.2669383E+24   4.2669383E+24   4.2669383E+24   4.2669383E+24 
   4.2669383E+24   4.2669383E+24   4.2669383E+24   4.2669383E+24 
   4.2669383E+24   4.2669383E+24   4.2669383E+24   4.2669383E+24 
   4.2669383E+24   4.2669383E+24   4.2669383E+24   4.2669383E+24 
   4.2669383E+24   4.2669383E+24   4.2669383E+24   4.2669383E+24 
   4.2669383E+24   4.2669383E+24   4.2669383E+24   4.2669383E+24 
   4.2669383E+24   4.2669383E+24   4.2669383E+24   4.2669383E+24 
   4.2669383E+24   4.2669383E+24   4.2669383E+24   4.2669383E+24 
   4.2669383E+24   4.2669383E+24   4.2669383E+24   4.2669383E+24 
   4.2669383E+24   4.2669383E+24   4.2669383E+24   4.2669383E+24 
   4.2669383E+24   4.2669383E+24   4.2669383E+24   4.2669383E+24 
   4.2669383E+24   4.2669383E+24   4.2669383E+24   4.2669383E+24 
   4.2669383E+24   4.2669383E+24   4.2669383E+24   4.2669383E+24 
   4.2669383E+24   4.2669383E+24   4.2669383E+24   4.2669383E+24 
   4.2669383E+24   4.2669383E+24   4.2669383E+24   4.2669383E+24 
   4.2669383E+24   4.2669383E+24   4.2669383E+24   4.2669383E+24 
   4.2669383E+24   4.2669383E+24   4.2669383E+24   4.2669383E+24 
   4.2669383E+24   4.2669383E+24   4.2669383E+24   4.2669383E+24 
   4.2669383E+24   4.2669383E+24   4.2669383E+24   4.2669383E+24 
   4.2669383E+24   4.2669383E+24   4.2669383E+24   4.2669383E+24 
   4.2669383E+24   4.2669383E+24   4.2669383E+24   4.2669383E+24 
   4.2669383E+24   4.2669383E+24   4.2669383E+24   4.2669383E+24 
   4.2669383E+24   4.2669383E+24   4.2669383E+24   4.2669383E+24 
   4.2669383E+24   4.2669383E+24   4.2669383E+24   4.2669383E+24 
   4.2669383E+24   4.2669383E+24   4.2669383E+24   4.2669383E+24 
   4.2669383E+24   4.2669383E+24   4.2669383E+24   4.2669383E+24 
   4.2669383E+24   4.2669383E+24   4.2669383E+24   4.2669383E+24 
   4.2669383E+24   4.2669383E+24   4.2669383E+24   4.2669383E+24 
   4.2669383E+24   4.2669383E+24   4.2669383E+24   4.2669383E+24 
   4.2669383E+24   4.2669383E+24   4.2669383E+24   4.2669383E+24 
   4.2669383E+24   4.2669383E+24   4.2669383E+24   4.2669383E+24 
   4.2669383E+24   4.2669383E+24   4.2669383E+24   4.2669383E+24 
   4.2669383E+24   4.2669383E+24   4.2669383E+24   4.2669383E+24 
   4.2669383E+24   4.2669383E+24   4.2669383E+24   4.2669383E+24 
   4.2669383E+24   4.2669383E+24   4.2669383E+24   4.2669383E+24 
   4.2669383E+24   4.2669383E+24   4.2669383E+24   4.2669383E+24 
   4.2669383E+24   4.2669383E+24   4.2669383E+24   4.2669383E+24 
   4.2669383E+24   4.2669383E+24   4.2669383E+24   4.2669383E+24 
   4.2669383E+24   4.2669383E+24   4.2669383E+24   4.2669383E+24 
   4.2669383E+24   4.2669383E+24   4.2669383E+24   4.2669383E+24 
   4.2669383E+24   4.2669383E+24   4.2669383E+24   4.2669383E+24 
   4.2669383E+24   4.2669383E+24   4.2669383E+24   4.2669383E+24 
   4.2669383E+24   4.2669383E+24   4.2669383E+24   4.2669383E+24 
   4.2669383E+24   4.2669383E+24   4.2669383E+24   4.2669383E+24 
   4.2669383E+24   4.2669383E+24   4.2669383E+24   4.2669383E+24 
   4.2669383E+24   4.2669383E+24   4.2669383E+24   4.2669383E+24 
   4.2669383E+24   4.2669383E+24   4.2669383E+24   4.2669383E+24 
   4.2669383E+24   4.2669383E+24   4.2669383E+24   4.2669383E+24 
   4.2669383E+24   4.2669383E+24   4.2669383E+24   4.2669383E+24 
   4.2669383E+24   4.2669383E+24   4.2669383E+24   4.2669383E+24 
   4.2669383E+24   4.2669383E+24   4.2669383E+24   4.2669383E+24 
   4.2669383E+24   4.2669383E+24   4.2669383E+24   4.2669383E+24 
   4.2669383E+24   4.2669383E+24   4.2669383E+24   4.2669383E+24 
   4.2669383E+24   4.2669383E+24   4.2669383E+24   4.2669383E+24 
   4.2669383E+24   4.2669383E+24   4.2669383E+24   4.2669383E+24 
   4.2669383E+24   4.2669383E+24   4.2669383E+24   4.2669383E+24 
   4.2669383E+24   4.2669383E+24   4.2669383E+24   4.2669383E+24 
   4.2669383E+24   4.2669383E+24   4.2669383E+24   4.2669383E+24 
   4.2669383E+24   4.2669383E+24   4.2669383E+24   4.2669383E+24 
   4.2669383E+24   4.2669383E+24   4.2669383E+24   4.2669383E+24 
   4.2669383E+24   4.2669383E+24   4.2669383E+24   4.2669383E+24 
   4.2669383E+24   4.2669383E+24   4.2669383E+24   4.2669383E+24 
   4.2669383E+24   4.2669383E+24   4.2669383E+24   4.2669383E+24 
   4.2669383E+24   4.2669383E+24   4.2669383E+24   4.2669383E+24 
   4.2669383E+24   4.2669383E+24   4.2669383E+24   4.2669383E+24 
   4.2669383E+24   4.2669383E+24   4.2669383E+24   4.2669383E+24 
   4.2669383E+24   4.2669383E+24   4.2669383E+24   4.2669383E+24 
   4.2669383E+24   4.2669383E+24   4.2669383E+24   4.2669383E+24 
   4.2669383E+24   4.2669383E+24   4.2669383E+24   4.2669383E+24 
   4.2669383E+24   4.2669383E+24   4.2669383E+24   4.2669383E+24 
   4.2669383E+24   4.2669383E+24   4.2669383E+24   4.2669383E+24 
   4.2669383E+24   4.2669383E+24   4.2669383E+24   4.2669383E+24 
   4.2669383E+24   4.2669383E+24   4.2669383E+24   4.2669383E+24 
   4.2669383E+24   4.2669383E+24   4.2669383E+24   4.2669383E+24 
   4.2669383E+24   4.2669383E+24   4.2669383E+24   4.2669383E+24 
   4.2669383E+24   4.2669383E+24   4.2669383E+24   4.2669383E+24 
   4.2669383E+24   4.2669383E+24   4.2669383E+24   4.2669383E+24 
   4.2669383E+24   4.2669383E+24   4.2669383E+24   4.2669383E+24 
   4.2669383E+24   4.2669383E+24   4.2669383E+24   4.2669383E+24 
   4.2669383E+24   4.2669383E+24   4.2669383E+24   4.2669383E+24 
   4.2669383E+24   4.2669383E+24   4.2669383E+24   4.2669383E+24 
   4.2669383E+24   4.2669383E+24   4.2669383E+24   4.2669383E+24 
   4.2669383E+24   4.2669383E+24   4.2669383E+24   4.2669383E+24 
   4.2669383E+24   4.2669383E+24   4.2669383E+24   4.2669383E+24 
   4.2669383E+24   4.2669383E+24   4.2669383E+24   4.2669383E+24 
   4.2669383E+24   4.2669383E+24   4.2669383E+24   4.2669383E+24 
   4.2669383E+24   4.2669383E+24   4.2669383E+24   4.2669383E+24 
   4.2669383E+24   4.2669383E+24   4.2669383E+24   4.2669383E+24 
   4.2669383E+24   4.2669383E+24   4.2669383E+24   4.2669383E+24 
   4.2669383E+24   4.2669383E+24   4.2669383E+24   4.2669383E+24 
   4.2669383E+24   4.2669383E+24   4.2669383E+24   4.2669383E+24 
   4.2669383E+24   4.2669383E+24   4.2669383E+24   4.2669383E+24 
   4.2669383E+24   4.2669383E+24   4.2669383E+24   4.2669383E+24 
   4.2669383E+24   4.2669383E+24   4.2669383E+24   4.2669383E+24 
   4.2669383E+24   4.2669383E+24   4.2669383E+24   4.2669383E+24 
   4.2669383E+24   4.2669383E+24   4.2669383E+24   4.2669383E+24 
   4.2669383E+24   4.2669383E+24   4.2669383E+24   4.2669383E+24 
   4.2669383E+24   4.2669383E+24   4.2669383E+24   4.2669383E+24 
   4.2669383E+24   4.2669383E+24   4.2669383E+24   4.2669383E+24 
   4.2669383E+24   4.2669383E+24   4.2669383E+24   4.2669383E+24 
   4.2669383E+24   4.2669383E+24   4.2669383E+24   4.2669383E+24 
   4.2669383E+24   4.2669383E+24   4.2669383E+24   4.2669383E+24 
   4.2669383E+24   4.2669383E+24   4.2669383E+24   4.2669383E+24 
   4.2669383E+24   4.2669383E+24   4.2669383E+24   4.2669383E+24 
   4.2669383E+24   4.2669383E+24   4.2669383E+24   4.2669383E+24 
   4.2669383E+24   4.2669383E+24   4.2669383E+24   4.2669383E+24 
   4.2669383E+24   4.2669383E+24   4.2669383E+24   4.2669383E+24 
   4.2669383E+24   4.2669383E+24   4.2669383E+24   4.2669383E+24 
   4.2669383E+24   4.2669383E+24   4.2669383E+24   4.2669383E+24 
   4.2669383E+24   4.2669383E+24   4.2669383E+24   4.2669383E+24 
   4.2669383E+24   4.2669383E+24   4.2669383E+24   4.2669383E+24 
   4.2669383E+24   4.2669383E+24   4.2669383E+24   4.2669383E+24 
   4.2669383E+24   4.2669383E+24   4.2669383E+24   4.2669383E+24 
   4.2669383E+24   4.2669383E+24   4.2669383E+24   4.2669383E+24 
   4.2669383E+24   4.2669383E+24   4.2669383E+24   4.2669383E+24 
   4.2669383E+24   4.2669383E+24   4.2669383E+24   4.2669383E+24 
   4.2669383E+24   4.2669383E+24   4.2669383E+24   4.2669383E+24 
   4.2669383E+24   4.2669383E+24   4.2669383E+24   4.2669383E+24 
   4.2669383E+24   4.2669383E+24   4.2669383E+24   4.2669383E+24 
   4.2669383E+24   4.2669383E+24   4.2669383E+24   4.2669383E+24 
   4.2669383E+24   4.2669383E+24   4.2669383E+24   4.2669383E+24 
   4.2669383E+24   4.2669383E+24   4.2669383E+24   4.2669383E+24 
   4.2669383E+24   4.2669383E+24   4.2669383E+24   4.2669383E+24 
   4.2669383E+24   4.2669383E+24   4.2669383E+24   4.2669383E+24 
   4.2669383E+24   4.2669383E+24   4.2669383E+24   4.2669383E+24 
   4.2669383E+24   4.2669383E+24   4.2669383E+24   4.2669383E+24 
   4.2669383E+24   4.2669383E+24   4.2669383E+24   4.2669383E+24 
   4.2669383E+24   4.2669383E+24   4.2669383E+24   4.2669383E+24 
   4.2669383E+24   4.2669383E+24   4.2669383E+24   4.2669383E+24 
   4.2669383E+24   4.2669383E+24   4.2669383E+24   4.2669383E+24 
   4.2669383E+24   4.2669383E+24   4.2669383E+24   4.2669383E+24 
   4.2669383E+24   4.2669383E+24   4.2669383E+24   4.2669383E+24 
   4.2669383E+24   4.2669383E+24   4.2669383E+24   4.2669383E+24 
   4.2669383E+24   4.2669383E+24   4.2669383E+24   4.2669383E+24 
   4.2669383E+24   4.2669383E+24   4.2669383E+24   4.2669383E+24 
   4.2669383E+24   4.2669383E+24   4.2669383E+24   4.2669383E+24 
   4.2669383E+24   4.2669383E+24   4.2669383E+24   4.2669383E+24 
   4.2669383E+24   4.2669383E+24   4.2669383E+24   4.2669383E+24 
   4.2669383E+24   4.2669383E+24   4.2669383E+24   4.2669383E+24 
   4.2669383E+24   4.2669383E+24   4.2669383E+24   4.2669383E+24 
   4.2669383E+24   4.2669383E+24   4.2669383E+24   4.2669383E+24 
   4.2669383E+24   4.2669383E+24   4.2669383E+24   4.2669383E+24 
   4.2669383E+24   4.2669383E+24   4.2669383E+24   4.2669383E+24 
   4.2669383E+24   4.2669383E+24   4.2669383E+24   4.2669383E+24 
   4.2669383E+24   4.2669383E+24   4.2669383E+24   4.2669383E+24 
   4.2669383E+24   4.2669383E+24   4.2669383E+24   4.2669383E+24 
   4.2669383E+24   4.2669383E+24   4.2669383E+24   4.2669383E+24 
   4.2669383E+24   4.2669383E+24   4.2669383E+24   4.2669383E+24 
   4.2669383E+24   4.2669383E+24   4.2669383E+24   4.2669383E+24 
   4.2669383E+24   4.2669383E+24   4.2669383E+24   4.2669383E+24 
   4.2669383E+24   4.2669383E+24   4.2669383E+24   4.2669383E+24 
   4.2669383E+24   4.2669383E+24   4.2669383E+24   4.2669383E+24 
   4.2669383E+24   4.2669383E+24   4.2669383E+24   4.2669383E+24 
   4.2669383E+24   4.2669383E+24   4.2669383E+24   4.2669383E+24 
   4.2669383E+24   4.2669383E+24   4.2669383E+24   4.2669383E+24 
   4.2669383E+24   4.2669383E+24   4.2669383E+24   4.2669383E+24 
   4.2669383E+24   4.2669383E+24   4.2669383E+24   4.2669383E+24 
   4.2669383E+24   4.2669383E+24   4.2669383E+24   4.2669383E+24 
   4.2669383E+24   4.2669383E+24   4.2669383E+24   4.2669383E+24 
   4.2669383E+24   4.2669383E+24   4.2669383E+24   4.2669383E+24 
   4.2669383E+24   4.2669383E+24   4.2669383E+24   4.2669383E+24 
   4.2669383E+24   4.2669383E+24   4.2669383E+24   4.2669383E+24 
   4.2669383E+24   4.2669383E+24   4.2669383E+24   4.2669383E+24 
   4.2669383E+24   4.2669383E+24   4.2669383E+24   4.2669383E+24 
   4.2669383E+24   4.2669383E+24   4.2669383E+24   4.2669383E+24 
   4.2669383E+24   4.2669383E+24   4.2669383E+24   4.2669383E+24 
   4.2669383E+24   4.2669383E+24   4.2669383E+24   4.2669383E+24 
   4.2669383E+24   4.2669383E+24   4.2669383E+24   4.2669383E+24 
   4.2669383E+24   4.2669383E+24   4.2669383E+24   4.2669383E+24 
   4.2669383E+24   4.2669383E+24   4.2669383E+24   4.2669383E+24 
   4.2669383E+24   4.2669383E+24   4.2669383E+24   4.2669383E+24 
   4.2669383E+24   4.2669383E+24   4.2669383E+24   4.2669383E+24 
   4.2669383E+24   4.2669383E+24   4.2669383E+24   4.2669383E+24 
   4.2669383E+24   4.2669383E+24   4.2669383E+24   4.2669383E+24 
   4.2669383E+24   4.2669383E+24   4.2669383E+24   4.2669383E+24 
   4.2669383E+24   4.2669383E+24   4.2669383E+24   4.2669383E+24 
   4.2669383E+24   4.2669383E+24   4.2669383E+24   4.2669383E+24 
   4.2669383E+24   4.2669383E+24   4.2669383E+24   4.2669383E+24 
   4.2669383E+24   4.2669383E+24   4.2669383E+24   4.2669383E+24 
   4.2669383E+24   4.2669383E+24   4.2669383E+24   4.2669383E+24 
   4.2669383E+24   4.2669383E+24   4.2669383E+24   4.2669383E+24 
   4.2669383E+24   4.2669383E+24   4.2669383E+24   4.2669383E+24 
   4.2669383E+24   4.2669383E+24   4.2669383E+24   4.2669383E+24 
   4.2669383E+24   4.2669383E+24   4.2669383E+24   4.2669383E+24 
   4.2669383E+24   4.2669383E+24   4.2669383E+24   4.2669383E+24 
   4.2669383E+24   4.2669383E+24   4.2669383E+24   4.2669383E+24 
   4.2669383E+24   4.2669383E+24   4.2669383E+24   4.2669383E+24 
   4.2669383E+24   4.2669383E+24   4.2669383E+24   4.2669383E+24 
   4.2669383E+24   4.2669383E+24   4.2669383E+24   4.2669383E+24 
   4.2669383E+24   4.2669383E+24   4.2669383E+24   4.2669383E+24 
   4.2669383E+24   4.2669383E+24   4.2669383E+24   4.2669383E+24 
   4.2669383E+24   4.2669383E+24   4.2669383E+24   4.2669383E+24 
   4.2669383E+24   4.2669383E+24   4.2669383E+24   4.2669383E+24 
   4.2669383E+24   4.2669383E+24   4.2669383E+24   4.2669383E+24 
   4.2669383E+24   4.2669383E+24   4.2669383E+24   4.2669383E+24 
   4.2669383E+24   4.2669383E+24   4.2669383E+24   4.2669383E+24 
   4.2669383E+24   4.2669383E+24   4.2669383E+24   4.2669383E+24 
   4.2669383E+24   4.2669383E+24   4.2669383E+24   4.2669383E+24 
   4.2669383E+24   4.2669383E+24   4.2669383E+24   4.2669383E+24 
   4.2669383E+24   4.2669383E+24   4.2669383E+24   4.2669383E+24 
   4.2669383E+24   4.2669383E+24   4.2669383E+24   4.2669383E+24 
    3.000000        3.000000        3.000000        3.000000     
    3.000000        3.000000        3.000000        3.000000     
    3.000000        3.000000        3.000000        3.000000     
    3.000000        3.000000        3.000000        3.000000     
    3.000000        3.000000        3.000000        3.000000     
    3.000000        3.000000        3.000000        3.000000     
    3.000000        3.000000        3.000000        3.000000     
    3.000000        3.000000        3.000000        3.000000     
    3.000000        3.000000        3.000000        3.000000     
    3.000000        3.000000        3.000000        3.000000    
==3848== Profiling application: ./saxpy
==3848== Profiling result:
            Type  Time(%)      Time     Calls       Avg       Min       Max  Name
 GPU activities:   46.31%  3.6160us         2  1.8080us  1.7280us  1.8880us  [CUDA memcpy HtoD]
                   27.46%  2.1440us         1  2.1440us  2.1440us  2.1440us  [CUDA memcpy DtoH]
                   26.23%  2.0480us         1  2.0480us  2.0480us  2.0480us  ksaxpy_
      API calls:   97.45%  107.98ms         1  107.98ms  107.98ms  107.98ms  cuDevicePrimaryCtxRetain
                    0.97%  1.0721ms         1  1.0721ms  1.0721ms  1.0721ms  cuMemAllocHost
                    0.52%  576.02us       120  4.8000us      75ns  377.55us  cuDeviceGetAttribute
                    0.45%  502.25us         3  167.42us  7.6990us  470.64us  cudaMemcpy
                    0.32%  353.36us         1  353.36us  353.36us  353.36us  cudaLaunchKernel
                    0.17%  189.01us         3  63.003us  4.5330us  177.10us  cuMemAlloc
                    0.08%  88.546us       412     214ns      83ns  2.3010us  cuGetProcAddress
                    0.01%  15.753us         1  15.753us  15.753us  15.753us  cuDeviceGetName
                    0.01%  7.1120us         2  3.5560us     165ns  6.9470us  cuCtxGetCurrent
                    0.01%  5.8930us         1  5.8930us  5.8930us  5.8930us  cuDeviceGetPCIBusId
                    0.00%  5.0420us         1  5.0420us  5.0420us  5.0420us  cudaGetDevice
                    0.00%  2.1830us         4     545ns      87ns  1.8820us  cuDeviceGetCount
                    0.00%  1.5220us         4     380ns      80ns     852ns  cuCtxSetCurrent
                    0.00%     904ns         1     904ns     904ns     904ns  cuInit
                    0.00%     535ns         1     535ns     535ns     535ns  cuDeviceComputeCapability
                    0.00%     522ns         3     174ns      70ns     369ns  cuDeviceGet
                    0.00%     407ns         4     101ns      81ns     116ns  cuDriverGetVersion
                    0.00%     286ns         1     286ns     286ns     286ns  cuDeviceTotalMem
                    0.00%     174ns         1     174ns     174ns     174ns  cuModuleGetLoadingMode
                    0.00%     122ns         1     122ns     122ns     122ns  cuDeviceGetUuid
 OpenACC (excl):  100.00%  21.299us         1  21.299us  21.299us  21.299us  acc_device_init
                    0.00%       0ns         2       0ns       0ns       0ns  acc_delete
                    0.00%       0ns         2       0ns       0ns       0ns  acc_alloc
