+ module load nvhpc
++ /usr/share/lmod/lmod/libexec/lmod bash load nvhpc
+ eval 'CC=/ocean/projects/pscstaff/nnepal/nvc_hpc/Linux_x86_64/25.1/compilers/bin/nvc;' export 'CC;' '__LMOD_REF_COUNT_CPATH=/ocean/projects/pscstaff/nnepal/nvc_hpc/Linux_x86_64/25.1/compilers/extras/qd/include/qd:1\;/ocean/projects/pscstaff/nnepal/nvc_hpc/Linux_x86_64/25.1/comm_libs/nvshmem/include:1\;/ocean/projects/pscstaff/nnepal/nvc_hpc/Linux_x86_64/25.1/comm_libs/nccl/include:1\;/ocean/projects/pscstaff/nnepal/nvc_hpc/Linux_x86_64/25.1/math_libs/include:1;' export '__LMOD_REF_COUNT_CPATH;' 'CPATH=/ocean/projects/pscstaff/nnepal/nvc_hpc/Linux_x86_64/25.1/compilers/extras/qd/include/qd:/ocean/projects/pscstaff/nnepal/nvc_hpc/Linux_x86_64/25.1/comm_libs/nvshmem/include:/ocean/projects/pscstaff/nnepal/nvc_hpc/Linux_x86_64/25.1/comm_libs/nccl/include:/ocean/projects/pscstaff/nnepal/nvc_hpc/Linux_x86_64/25.1/math_libs/include;' export 'CPATH;' '__LMOD_REF_COUNT_CPLUS_INCLUDE_PATH=/ocean/projects/pscstaff/nnepal/nvc_hpc/Linux_x86_64/25.1/compilers/extras/qd/include/qd:1\;/ocean/projects/pscstaff/nnepal/nvc_hpc/Linux_x86_64/25.1/comm_libs/nvshmem/include:1\;/ocean/projects/pscstaff/nnepal/nvc_hpc/Linux_x86_64/25.1/comm_libs/nccl/include:1\;/ocean/projects/pscstaff/nnepal/nvc_hpc/Linux_x86_64/25.1/math_libs/include:1\;/opt/packages/anaconda3-2024.10-1/include:1;' export '__LMOD_REF_COUNT_CPLUS_INCLUDE_PATH;' 'CPLUS_INCLUDE_PATH=/ocean/projects/pscstaff/nnepal/nvc_hpc/Linux_x86_64/25.1/compilers/extras/qd/include/qd:/ocean/projects/pscstaff/nnepal/nvc_hpc/Linux_x86_64/25.1/comm_libs/nvshmem/include:/ocean/projects/pscstaff/nnepal/nvc_hpc/Linux_x86_64/25.1/comm_libs/nccl/include:/ocean/projects/pscstaff/nnepal/nvc_hpc/Linux_x86_64/25.1/math_libs/include:/opt/packages/anaconda3-2024.10-1/include;' export 'CPLUS_INCLUDE_PATH;' 'CPP=cpp;' export 'CPP;' 'CXX=/ocean/projects/pscstaff/nnepal/nvc_hpc/Linux_x86_64/25.1/compilers/bin/nvc++;' export 'CXX;' '__LMOD_REF_COUNT_C_INCLUDE_PATH=/ocean/projects/pscstaff/nnepal/nvc_hpc/Linux_x86_64/25.1/compilers/extras/qd/include/qd:1\;/ocean/projects/pscstaff/nnepal/nvc_hpc/Linux_x86_64/25.1/comm_libs/nvshmem/include:1\;/ocean/projects/pscstaff/nnepal/nvc_hpc/Linux_x86_64/25.1/comm_libs/nccl/include:1\;/ocean/projects/pscstaff/nnepal/nvc_hpc/Linux_x86_64/25.1/math_libs/include:1\;/opt/packages/anaconda3-2024.10-1/include:1;' export '__LMOD_REF_COUNT_C_INCLUDE_PATH;' 'C_INCLUDE_PATH=/ocean/projects/pscstaff/nnepal/nvc_hpc/Linux_x86_64/25.1/compilers/extras/qd/include/qd:/ocean/projects/pscstaff/nnepal/nvc_hpc/Linux_x86_64/25.1/comm_libs/nvshmem/include:/ocean/projects/pscstaff/nnepal/nvc_hpc/Linux_x86_64/25.1/comm_libs/nccl/include:/ocean/projects/pscstaff/nnepal/nvc_hpc/Linux_x86_64/25.1/math_libs/include:/opt/packages/anaconda3-2024.10-1/include;' export 'C_INCLUDE_PATH;' 'F77=/ocean/projects/pscstaff/nnepal/nvc_hpc/Linux_x86_64/25.1/compilers/bin/nvfortran;' export 'F77;' 'F90=/ocean/projects/pscstaff/nnepal/nvc_hpc/Linux_x86_64/25.1/compilers/bin/nvfortran;' export 'F90;' 'FC=/ocean/projects/pscstaff/nnepal/nvc_hpc/Linux_x86_64/25.1/compilers/bin/nvfortran;' export 'FC;' '__LMOD_REF_COUNT_LD_LIBRARY_PATH=/ocean/projects/pscstaff/nnepal/nvc_hpc/Linux_x86_64/25.1/comm_libs/nvshmem/lib:1\;/ocean/projects/pscstaff/nnepal/nvc_hpc/Linux_x86_64/25.1/comm_libs/nccl/lib:1\;/ocean/projects/pscstaff/nnepal/nvc_hpc/Linux_x86_64/25.1/math_libs/lib64:1\;/ocean/projects/pscstaff/nnepal/nvc_hpc/Linux_x86_64/25.1/compilers/lib:1\;/ocean/projects/pscstaff/nnepal/nvc_hpc/Linux_x86_64/25.1/compilers/extras/qd/lib:1\;/ocean/projects/pscstaff/nnepal/nvc_hpc/Linux_x86_64/25.1/cuda/lib64:1\;/ocean/projects/pscstaff/nnepal/conda/envs/cudaq-env/lib:1;' export '__LMOD_REF_COUNT_LD_LIBRARY_PATH;' 'LD_LIBRARY_PATH=/ocean/projects/pscstaff/nnepal/nvc_hpc/Linux_x86_64/25.1/comm_libs/nvshmem/lib:/ocean/projects/pscstaff/nnepal/nvc_hpc/Linux_x86_64/25.1/comm_libs/nccl/lib:/ocean/projects/pscstaff/nnepal/nvc_hpc/Linux_x86_64/25.1/math_libs/lib64:/ocean/projects/pscstaff/nnepal/nvc_hpc/Linux_x86_64/25.1/compilers/lib:/ocean/projects/pscstaff/nnepal/nvc_hpc/Linux_x86_64/25.1/compilers/extras/qd/lib:/ocean/projects/pscstaff/nnepal/nvc_hpc/Linux_x86_64/25.1/cuda/lib64:/ocean/projects/pscstaff/nnepal/conda/envs/cudaq-env/lib::;' export 'LD_LIBRARY_PATH;' '__LMOD_REF_COUNT_LOADEDMODULES=allocations/1.0:1\;psc.allocations.user/1.0:1\;anaconda3/2024.10-1:1\;nvhpc/25.1:1;' export '__LMOD_REF_COUNT_LOADEDMODULES;' 'LOADEDMODULES=allocations/1.0:psc.allocations.user/1.0:anaconda3/2024.10-1:nvhpc/25.1;' export 'LOADEDMODULES;' '__LMOD_REF_COUNT_MANPATH=/ocean/projects/pscstaff/nnepal/nvc_hpc/Linux_x86_64/25.1/compilers/man:1\;/usr/share/lmod/lmod/share/man:1\;/opt/puppetlabs/puppet/share/man:1\;/opt/packages/anaconda3-2024.10-1/man:1\;/opt/packages/anaconda3-2024.10-1/share/man:1;' export '__LMOD_REF_COUNT_MANPATH;' 'MANPATH=/ocean/projects/pscstaff/nnepal/nvc_hpc/Linux_x86_64/25.1/compilers/man:/usr/share/lmod/lmod/share/man::/opt/puppetlabs/puppet/share/man:/opt/packages/anaconda3-2024.10-1/man:/opt/packages/anaconda3-2024.10-1/share/man;' export 'MANPATH;' 'MODULEPATH=/ocean/projects/pscstaff/nnepal/nvc_hpc/modulefiles:/etc/scl/modulefiles:/opt/modulefiles/production:/opt/modulefiles/preproduction:/opt/modulefiles/deprecated:/usr/share/modulefiles:/usr/share/modulefiles/Linux:/usr/share/modulefiles/Core:/usr/share/lmod/lmod/modulefiles/Core:/ocean/projects/pscstaff/nnepal/modules_niraj;' export 'MODULEPATH;' 'NVHPC=/ocean/projects/pscstaff/nnepal/nvc_hpc;' export 'NVHPC;' 'NVHPC_ROOT=/ocean/projects/pscstaff/nnepal/nvc_hpc/Linux_x86_64/25.1;' export 'NVHPC_ROOT;' '__LMOD_REF_COUNT_PATH=/ocean/projects/pscstaff/nnepal/nvc_hpc/Linux_x86_64/25.1/compilers/extras/qd/bin:1\;/ocean/projects/pscstaff/nnepal/nvc_hpc/Linux_x86_64/25.1/comm_libs/mpi/bin:1\;/ocean/projects/pscstaff/nnepal/nvc_hpc/Linux_x86_64/25.1/compilers/bin:1\;/ocean/projects/pscstaff/nnepal/nvc_hpc/Linux_x86_64/25.1/cuda/bin:1\;/jet/home/nnepal/softwares/qe-7.3/bin:1\;/jet/home/nnepal/softwares/HTESP/src/bash:1\;/ocean/projects/pscstaff/nnepal/openmx3.9/source:1\;/jet/home/nnepal/.local/bin:1\;/jet/home/nnepal/bin:1\;/opt/packages/anaconda3-2024.10-1/bin:2\;/opt/packages/anaconda3-2024.10-1/condabin:2\;/opt/packages/psc.allocations.user/bin:1\;/opt/packages/allocations/bin:1\;/usr/local/bin:1\;/usr/bin:1\;/usr/local/sbin:1\;/usr/sbin:1\;/opt/packages/interact/bin:1\;/opt/puppetlabs/bin:1;' export '__LMOD_REF_COUNT_PATH;' 'PATH=/ocean/projects/pscstaff/nnepal/nvc_hpc/Linux_x86_64/25.1/compilers/extras/qd/bin:/ocean/projects/pscstaff/nnepal/nvc_hpc/Linux_x86_64/25.1/comm_libs/mpi/bin:/ocean/projects/pscstaff/nnepal/nvc_hpc/Linux_x86_64/25.1/compilers/bin:/ocean/projects/pscstaff/nnepal/nvc_hpc/Linux_x86_64/25.1/cuda/bin:/jet/home/nnepal/softwares/qe-7.3/bin:/jet/home/nnepal/softwares/HTESP/src/bash:/ocean/projects/pscstaff/nnepal/openmx3.9/source:/jet/home/nnepal/.local/bin:/jet/home/nnepal/bin:/opt/packages/anaconda3-2024.10-1/bin:/opt/packages/anaconda3-2024.10-1/condabin:/opt/packages/psc.allocations.user/bin:/opt/packages/allocations/bin:/usr/local/bin:/usr/bin:/usr/local/sbin:/usr/sbin:/opt/packages/interact/bin:/opt/puppetlabs/bin;' export 'PATH;' '__LMOD_REF_COUNT__LMFILES_=/opt/modulefiles/production/allocations/1.0.lua:1\;/opt/modulefiles/production/psc.allocations.user/1.0.lua:1\;/opt/modulefiles/production/anaconda3/2024.10-1.lua:1\;/ocean/projects/pscstaff/nnepal/nvc_hpc/modulefiles/nvhpc/25.1:1;' export '__LMOD_REF_COUNT__LMFILES_;' '_LMFILES_=/opt/modulefiles/production/allocations/1.0.lua:/opt/modulefiles/production/psc.allocations.user/1.0.lua:/opt/modulefiles/production/anaconda3/2024.10-1.lua:/ocean/projects/pscstaff/nnepal/nvc_hpc/modulefiles/nvhpc/25.1;' export '_LMFILES_;' '_ModuleTable001_=X01vZHVsZVRhYmxlXz17WyJNVHZlcnNpb24iXT0zLFsiY19yZWJ1aWxkVGltZSJdPWZhbHNlLFsiY19zaG9ydFRpbWUiXT1mYWxzZSxkZXB0aFQ9e30sZmFtaWx5PXt9LG1UPXthbGxvY2F0aW9ucz17WyJmbiJdPSIvb3B0L21vZHVsZWZpbGVzL3Byb2R1Y3Rpb24vYWxsb2NhdGlvbnMvMS4wLmx1YSIsWyJmdWxsTmFtZSJdPSJhbGxvY2F0aW9ucy8xLjAiLFsibG9hZE9yZGVyIl09MSxwcm9wVD17fSxbInN0YWNrRGVwdGgiXT0wLFsic3RhdHVzIl09ImFjdGl2ZSIsWyJ1c2VyTmFtZSJdPSJhbGxvY2F0aW9ucyIsfSxhbmFjb25kYTM9e1siZm4iXT0iL29wdC9tb2R1bGVmaWxlcy9wcm9kdWN0aW9uL2FuYWNvbmRhMy8yMDI0LjEwLTEubHVhIixbImZ1bGxOYW1lIl09ImFuYWNv;' export '_ModuleTable001_;' '_ModuleTable002_=bmRhMy8yMDI0LjEwLTEiLFsibG9hZE9yZGVyIl09Myxwcm9wVD17fSxbInN0YWNrRGVwdGgiXT0wLFsic3RhdHVzIl09ImFjdGl2ZSIsWyJ1c2VyTmFtZSJdPSJhbmFjb25kYTMiLH0sbnZocGM9e1siZm4iXT0iL29jZWFuL3Byb2plY3RzL3BzY3N0YWZmL25uZXBhbC9udmNfaHBjL21vZHVsZWZpbGVzL252aHBjLzI1LjEiLFsiZnVsbE5hbWUiXT0ibnZocGMvMjUuMSIsWyJsb2FkT3JkZXIiXT00LHByb3BUPXt9LFsic3RhY2tEZXB0aCJdPTAsWyJzdGF0dXMiXT0iYWN0aXZlIixbInVzZXJOYW1lIl09Im52aHBjIix9LFsicHNjLmFsbG9jYXRpb25zLnVzZXIiXT17WyJmbiJdPSIvb3B0L21vZHVsZWZpbGVzL3Byb2R1Y3Rpb24vcHNjLmFsbG9jYXRpb25zLnVzZXIvMS4wLmx1;' export '_ModuleTable002_;' '_ModuleTable003_=YSIsWyJmdWxsTmFtZSJdPSJwc2MuYWxsb2NhdGlvbnMudXNlci8xLjAiLFsibG9hZE9yZGVyIl09Mixwcm9wVD17fSxbInN0YWNrRGVwdGgiXT0wLFsic3RhdHVzIl09ImFjdGl2ZSIsWyJ1c2VyTmFtZSJdPSJwc2MuYWxsb2NhdGlvbnMudXNlciIsfSx9LG1wYXRoQT17Ii9vY2Vhbi9wcm9qZWN0cy9wc2NzdGFmZi9ubmVwYWwvbnZjX2hwYy9tb2R1bGVmaWxlcyIsIi9ldGMvc2NsL21vZHVsZWZpbGVzIiwiL29wdC9tb2R1bGVmaWxlcy9wcm9kdWN0aW9uIiwiL29wdC9tb2R1bGVmaWxlcy9wcmVwcm9kdWN0aW9uIiwiL29wdC9tb2R1bGVmaWxlcy9kZXByZWNhdGVkIiwiL3Vzci9zaGFyZS9tb2R1bGVmaWxlcyIsIi91c3Ivc2hhcmUvbW9kdWxlZmlsZXMvTGludXgiLCIvdXNy;' export '_ModuleTable003_;' '_ModuleTable004_=L3NoYXJlL21vZHVsZWZpbGVzL0NvcmUiLCIvdXNyL3NoYXJlL2xtb2QvbG1vZC9tb2R1bGVmaWxlcy9Db3JlIiwiL29jZWFuL3Byb2plY3RzL3BzY3N0YWZmL25uZXBhbC9tb2R1bGVzX25pcmFqIix9LFsic3lzdGVtQmFzZU1QQVRIIl09Ii9ldGMvc2NsL21vZHVsZWZpbGVzOi9vcHQvbW9kdWxlZmlsZXMvcHJvZHVjdGlvbjovb3B0L21vZHVsZWZpbGVzL3ByZXByb2R1Y3Rpb246L29wdC9tb2R1bGVmaWxlcy9kZXByZWNhdGVkOi91c3Ivc2hhcmUvbW9kdWxlZmlsZXM6L3Vzci9zaGFyZS9tb2R1bGVmaWxlcy9MaW51eDovdXNyL3NoYXJlL21vZHVsZWZpbGVzL0NvcmU6L3Vzci9zaGFyZS9sbW9kL2xtb2QvbW9kdWxlZmlsZXMvQ29yZSIsfQ==;' export '_ModuleTable004_;' '_ModuleTable_Sz_=4;' export '_ModuleTable_Sz_;'
++ CC=/ocean/projects/pscstaff/nnepal/nvc_hpc/Linux_x86_64/25.1/compilers/bin/nvc
++ export CC
++ __LMOD_REF_COUNT_CPATH='/ocean/projects/pscstaff/nnepal/nvc_hpc/Linux_x86_64/25.1/compilers/extras/qd/include/qd:1;/ocean/projects/pscstaff/nnepal/nvc_hpc/Linux_x86_64/25.1/comm_libs/nvshmem/include:1;/ocean/projects/pscstaff/nnepal/nvc_hpc/Linux_x86_64/25.1/comm_libs/nccl/include:1;/ocean/projects/pscstaff/nnepal/nvc_hpc/Linux_x86_64/25.1/math_libs/include:1'
++ export __LMOD_REF_COUNT_CPATH
++ CPATH=/ocean/projects/pscstaff/nnepal/nvc_hpc/Linux_x86_64/25.1/compilers/extras/qd/include/qd:/ocean/projects/pscstaff/nnepal/nvc_hpc/Linux_x86_64/25.1/comm_libs/nvshmem/include:/ocean/projects/pscstaff/nnepal/nvc_hpc/Linux_x86_64/25.1/comm_libs/nccl/include:/ocean/projects/pscstaff/nnepal/nvc_hpc/Linux_x86_64/25.1/math_libs/include
++ export CPATH
++ __LMOD_REF_COUNT_CPLUS_INCLUDE_PATH='/ocean/projects/pscstaff/nnepal/nvc_hpc/Linux_x86_64/25.1/compilers/extras/qd/include/qd:1;/ocean/projects/pscstaff/nnepal/nvc_hpc/Linux_x86_64/25.1/comm_libs/nvshmem/include:1;/ocean/projects/pscstaff/nnepal/nvc_hpc/Linux_x86_64/25.1/comm_libs/nccl/include:1;/ocean/projects/pscstaff/nnepal/nvc_hpc/Linux_x86_64/25.1/math_libs/include:1;/opt/packages/anaconda3-2024.10-1/include:1'
++ export __LMOD_REF_COUNT_CPLUS_INCLUDE_PATH
++ CPLUS_INCLUDE_PATH=/ocean/projects/pscstaff/nnepal/nvc_hpc/Linux_x86_64/25.1/compilers/extras/qd/include/qd:/ocean/projects/pscstaff/nnepal/nvc_hpc/Linux_x86_64/25.1/comm_libs/nvshmem/include:/ocean/projects/pscstaff/nnepal/nvc_hpc/Linux_x86_64/25.1/comm_libs/nccl/include:/ocean/projects/pscstaff/nnepal/nvc_hpc/Linux_x86_64/25.1/math_libs/include:/opt/packages/anaconda3-2024.10-1/include
++ export CPLUS_INCLUDE_PATH
++ CPP=cpp
++ export CPP
++ CXX=/ocean/projects/pscstaff/nnepal/nvc_hpc/Linux_x86_64/25.1/compilers/bin/nvc++
++ export CXX
++ __LMOD_REF_COUNT_C_INCLUDE_PATH='/ocean/projects/pscstaff/nnepal/nvc_hpc/Linux_x86_64/25.1/compilers/extras/qd/include/qd:1;/ocean/projects/pscstaff/nnepal/nvc_hpc/Linux_x86_64/25.1/comm_libs/nvshmem/include:1;/ocean/projects/pscstaff/nnepal/nvc_hpc/Linux_x86_64/25.1/comm_libs/nccl/include:1;/ocean/projects/pscstaff/nnepal/nvc_hpc/Linux_x86_64/25.1/math_libs/include:1;/opt/packages/anaconda3-2024.10-1/include:1'
++ export __LMOD_REF_COUNT_C_INCLUDE_PATH
++ C_INCLUDE_PATH=/ocean/projects/pscstaff/nnepal/nvc_hpc/Linux_x86_64/25.1/compilers/extras/qd/include/qd:/ocean/projects/pscstaff/nnepal/nvc_hpc/Linux_x86_64/25.1/comm_libs/nvshmem/include:/ocean/projects/pscstaff/nnepal/nvc_hpc/Linux_x86_64/25.1/comm_libs/nccl/include:/ocean/projects/pscstaff/nnepal/nvc_hpc/Linux_x86_64/25.1/math_libs/include:/opt/packages/anaconda3-2024.10-1/include
++ export C_INCLUDE_PATH
++ F77=/ocean/projects/pscstaff/nnepal/nvc_hpc/Linux_x86_64/25.1/compilers/bin/nvfortran
++ export F77
++ F90=/ocean/projects/pscstaff/nnepal/nvc_hpc/Linux_x86_64/25.1/compilers/bin/nvfortran
++ export F90
++ FC=/ocean/projects/pscstaff/nnepal/nvc_hpc/Linux_x86_64/25.1/compilers/bin/nvfortran
++ export FC
++ __LMOD_REF_COUNT_LD_LIBRARY_PATH='/ocean/projects/pscstaff/nnepal/nvc_hpc/Linux_x86_64/25.1/comm_libs/nvshmem/lib:1;/ocean/projects/pscstaff/nnepal/nvc_hpc/Linux_x86_64/25.1/comm_libs/nccl/lib:1;/ocean/projects/pscstaff/nnepal/nvc_hpc/Linux_x86_64/25.1/math_libs/lib64:1;/ocean/projects/pscstaff/nnepal/nvc_hpc/Linux_x86_64/25.1/compilers/lib:1;/ocean/projects/pscstaff/nnepal/nvc_hpc/Linux_x86_64/25.1/compilers/extras/qd/lib:1;/ocean/projects/pscstaff/nnepal/nvc_hpc/Linux_x86_64/25.1/cuda/lib64:1;/ocean/projects/pscstaff/nnepal/conda/envs/cudaq-env/lib:1'
++ export __LMOD_REF_COUNT_LD_LIBRARY_PATH
++ LD_LIBRARY_PATH=/ocean/projects/pscstaff/nnepal/nvc_hpc/Linux_x86_64/25.1/comm_libs/nvshmem/lib:/ocean/projects/pscstaff/nnepal/nvc_hpc/Linux_x86_64/25.1/comm_libs/nccl/lib:/ocean/projects/pscstaff/nnepal/nvc_hpc/Linux_x86_64/25.1/math_libs/lib64:/ocean/projects/pscstaff/nnepal/nvc_hpc/Linux_x86_64/25.1/compilers/lib:/ocean/projects/pscstaff/nnepal/nvc_hpc/Linux_x86_64/25.1/compilers/extras/qd/lib:/ocean/projects/pscstaff/nnepal/nvc_hpc/Linux_x86_64/25.1/cuda/lib64:/ocean/projects/pscstaff/nnepal/conda/envs/cudaq-env/lib::
++ export LD_LIBRARY_PATH
++ __LMOD_REF_COUNT_LOADEDMODULES='allocations/1.0:1;psc.allocations.user/1.0:1;anaconda3/2024.10-1:1;nvhpc/25.1:1'
++ export __LMOD_REF_COUNT_LOADEDMODULES
++ LOADEDMODULES=allocations/1.0:psc.allocations.user/1.0:anaconda3/2024.10-1:nvhpc/25.1
++ export LOADEDMODULES
++ __LMOD_REF_COUNT_MANPATH='/ocean/projects/pscstaff/nnepal/nvc_hpc/Linux_x86_64/25.1/compilers/man:1;/usr/share/lmod/lmod/share/man:1;/opt/puppetlabs/puppet/share/man:1;/opt/packages/anaconda3-2024.10-1/man:1;/opt/packages/anaconda3-2024.10-1/share/man:1'
++ export __LMOD_REF_COUNT_MANPATH
++ MANPATH=/ocean/projects/pscstaff/nnepal/nvc_hpc/Linux_x86_64/25.1/compilers/man:/usr/share/lmod/lmod/share/man::/opt/puppetlabs/puppet/share/man:/opt/packages/anaconda3-2024.10-1/man:/opt/packages/anaconda3-2024.10-1/share/man
++ export MANPATH
++ MODULEPATH=/ocean/projects/pscstaff/nnepal/nvc_hpc/modulefiles:/etc/scl/modulefiles:/opt/modulefiles/production:/opt/modulefiles/preproduction:/opt/modulefiles/deprecated:/usr/share/modulefiles:/usr/share/modulefiles/Linux:/usr/share/modulefiles/Core:/usr/share/lmod/lmod/modulefiles/Core:/ocean/projects/pscstaff/nnepal/modules_niraj
++ export MODULEPATH
++ NVHPC=/ocean/projects/pscstaff/nnepal/nvc_hpc
++ export NVHPC
++ NVHPC_ROOT=/ocean/projects/pscstaff/nnepal/nvc_hpc/Linux_x86_64/25.1
++ export NVHPC_ROOT
++ __LMOD_REF_COUNT_PATH='/ocean/projects/pscstaff/nnepal/nvc_hpc/Linux_x86_64/25.1/compilers/extras/qd/bin:1;/ocean/projects/pscstaff/nnepal/nvc_hpc/Linux_x86_64/25.1/comm_libs/mpi/bin:1;/ocean/projects/pscstaff/nnepal/nvc_hpc/Linux_x86_64/25.1/compilers/bin:1;/ocean/projects/pscstaff/nnepal/nvc_hpc/Linux_x86_64/25.1/cuda/bin:1;/jet/home/nnepal/softwares/qe-7.3/bin:1;/jet/home/nnepal/softwares/HTESP/src/bash:1;/ocean/projects/pscstaff/nnepal/openmx3.9/source:1;/jet/home/nnepal/.local/bin:1;/jet/home/nnepal/bin:1;/opt/packages/anaconda3-2024.10-1/bin:2;/opt/packages/anaconda3-2024.10-1/condabin:2;/opt/packages/psc.allocations.user/bin:1;/opt/packages/allocations/bin:1;/usr/local/bin:1;/usr/bin:1;/usr/local/sbin:1;/usr/sbin:1;/opt/packages/interact/bin:1;/opt/puppetlabs/bin:1'
++ export __LMOD_REF_COUNT_PATH
++ PATH=/ocean/projects/pscstaff/nnepal/nvc_hpc/Linux_x86_64/25.1/compilers/extras/qd/bin:/ocean/projects/pscstaff/nnepal/nvc_hpc/Linux_x86_64/25.1/comm_libs/mpi/bin:/ocean/projects/pscstaff/nnepal/nvc_hpc/Linux_x86_64/25.1/compilers/bin:/ocean/projects/pscstaff/nnepal/nvc_hpc/Linux_x86_64/25.1/cuda/bin:/jet/home/nnepal/softwares/qe-7.3/bin:/jet/home/nnepal/softwares/HTESP/src/bash:/ocean/projects/pscstaff/nnepal/openmx3.9/source:/jet/home/nnepal/.local/bin:/jet/home/nnepal/bin:/opt/packages/anaconda3-2024.10-1/bin:/opt/packages/anaconda3-2024.10-1/condabin:/opt/packages/psc.allocations.user/bin:/opt/packages/allocations/bin:/usr/local/bin:/usr/bin:/usr/local/sbin:/usr/sbin:/opt/packages/interact/bin:/opt/puppetlabs/bin
++ export PATH
++ __LMOD_REF_COUNT__LMFILES_='/opt/modulefiles/production/allocations/1.0.lua:1;/opt/modulefiles/production/psc.allocations.user/1.0.lua:1;/opt/modulefiles/production/anaconda3/2024.10-1.lua:1;/ocean/projects/pscstaff/nnepal/nvc_hpc/modulefiles/nvhpc/25.1:1'
++ export __LMOD_REF_COUNT__LMFILES_
++ _LMFILES_=/opt/modulefiles/production/allocations/1.0.lua:/opt/modulefiles/production/psc.allocations.user/1.0.lua:/opt/modulefiles/production/anaconda3/2024.10-1.lua:/ocean/projects/pscstaff/nnepal/nvc_hpc/modulefiles/nvhpc/25.1
++ export _LMFILES_
++ _ModuleTable001_=X01vZHVsZVRhYmxlXz17WyJNVHZlcnNpb24iXT0zLFsiY19yZWJ1aWxkVGltZSJdPWZhbHNlLFsiY19zaG9ydFRpbWUiXT1mYWxzZSxkZXB0aFQ9e30sZmFtaWx5PXt9LG1UPXthbGxvY2F0aW9ucz17WyJmbiJdPSIvb3B0L21vZHVsZWZpbGVzL3Byb2R1Y3Rpb24vYWxsb2NhdGlvbnMvMS4wLmx1YSIsWyJmdWxsTmFtZSJdPSJhbGxvY2F0aW9ucy8xLjAiLFsibG9hZE9yZGVyIl09MSxwcm9wVD17fSxbInN0YWNrRGVwdGgiXT0wLFsic3RhdHVzIl09ImFjdGl2ZSIsWyJ1c2VyTmFtZSJdPSJhbGxvY2F0aW9ucyIsfSxhbmFjb25kYTM9e1siZm4iXT0iL29wdC9tb2R1bGVmaWxlcy9wcm9kdWN0aW9uL2FuYWNvbmRhMy8yMDI0LjEwLTEubHVhIixbImZ1bGxOYW1lIl09ImFuYWNv
++ export _ModuleTable001_
++ _ModuleTable002_=bmRhMy8yMDI0LjEwLTEiLFsibG9hZE9yZGVyIl09Myxwcm9wVD17fSxbInN0YWNrRGVwdGgiXT0wLFsic3RhdHVzIl09ImFjdGl2ZSIsWyJ1c2VyTmFtZSJdPSJhbmFjb25kYTMiLH0sbnZocGM9e1siZm4iXT0iL29jZWFuL3Byb2plY3RzL3BzY3N0YWZmL25uZXBhbC9udmNfaHBjL21vZHVsZWZpbGVzL252aHBjLzI1LjEiLFsiZnVsbE5hbWUiXT0ibnZocGMvMjUuMSIsWyJsb2FkT3JkZXIiXT00LHByb3BUPXt9LFsic3RhY2tEZXB0aCJdPTAsWyJzdGF0dXMiXT0iYWN0aXZlIixbInVzZXJOYW1lIl09Im52aHBjIix9LFsicHNjLmFsbG9jYXRpb25zLnVzZXIiXT17WyJmbiJdPSIvb3B0L21vZHVsZWZpbGVzL3Byb2R1Y3Rpb24vcHNjLmFsbG9jYXRpb25zLnVzZXIvMS4wLmx1
++ export _ModuleTable002_
++ _ModuleTable003_=YSIsWyJmdWxsTmFtZSJdPSJwc2MuYWxsb2NhdGlvbnMudXNlci8xLjAiLFsibG9hZE9yZGVyIl09Mixwcm9wVD17fSxbInN0YWNrRGVwdGgiXT0wLFsic3RhdHVzIl09ImFjdGl2ZSIsWyJ1c2VyTmFtZSJdPSJwc2MuYWxsb2NhdGlvbnMudXNlciIsfSx9LG1wYXRoQT17Ii9vY2Vhbi9wcm9qZWN0cy9wc2NzdGFmZi9ubmVwYWwvbnZjX2hwYy9tb2R1bGVmaWxlcyIsIi9ldGMvc2NsL21vZHVsZWZpbGVzIiwiL29wdC9tb2R1bGVmaWxlcy9wcm9kdWN0aW9uIiwiL29wdC9tb2R1bGVmaWxlcy9wcmVwcm9kdWN0aW9uIiwiL29wdC9tb2R1bGVmaWxlcy9kZXByZWNhdGVkIiwiL3Vzci9zaGFyZS9tb2R1bGVmaWxlcyIsIi91c3Ivc2hhcmUvbW9kdWxlZmlsZXMvTGludXgiLCIvdXNy
++ export _ModuleTable003_
++ _ModuleTable004_=L3NoYXJlL21vZHVsZWZpbGVzL0NvcmUiLCIvdXNyL3NoYXJlL2xtb2QvbG1vZC9tb2R1bGVmaWxlcy9Db3JlIiwiL29jZWFuL3Byb2plY3RzL3BzY3N0YWZmL25uZXBhbC9tb2R1bGVzX25pcmFqIix9LFsic3lzdGVtQmFzZU1QQVRIIl09Ii9ldGMvc2NsL21vZHVsZWZpbGVzOi9vcHQvbW9kdWxlZmlsZXMvcHJvZHVjdGlvbjovb3B0L21vZHVsZWZpbGVzL3ByZXByb2R1Y3Rpb246L29wdC9tb2R1bGVmaWxlcy9kZXByZWNhdGVkOi91c3Ivc2hhcmUvbW9kdWxlZmlsZXM6L3Vzci9zaGFyZS9tb2R1bGVmaWxlcy9MaW51eDovdXNyL3NoYXJlL21vZHVsZWZpbGVzL0NvcmU6L3Vzci9zaGFyZS9sbW9kL2xtb2QvbW9kdWxlZmlsZXMvQ29yZSIsfQ==
++ export _ModuleTable004_
++ _ModuleTable_Sz_=4
++ export _ModuleTable_Sz_
++ : -s sh
+ eval
+ ret=0
+ /usr/share/lmod/8.2.7/libexec/log_modules load nvhpc
+ return 0
+ nvprof ./saxpy
==16123== NVPROF is profiling process 16123, command: ./saxpy
    31915.18        31915.18        31915.18        31915.18     
    31915.18        31915.18        31915.18        31915.18     
    31915.18        31915.18        31915.18        31915.18     
    31915.18        31915.18        31915.18        31915.18     
    31915.18        31915.18        31915.18        31915.18     
    31915.18        31915.18        31915.18        31915.18     
    31915.18        31915.18        31915.18        31915.18     
    31915.18        31915.18        31915.18        31915.18     
    31915.18        31915.18        31915.18        31915.18     
    31915.18        31915.18        31915.18        31915.18     
    31915.18        31915.18        31915.18        31915.18     
    31915.18        31915.18        31915.18        31915.18     
    31915.18        31915.18        31915.18        31915.18     
    31915.18        31915.18        31915.18        31915.18     
    31915.18        31915.18        31915.18        31915.18     
    31915.18        31915.18        31915.18        31915.18     
    31915.18        31915.18        31915.18        31915.18     
    31915.18        31915.18        31915.18        31915.18     
    31915.18        31915.18        31915.18        31915.18     
    31915.18        31915.18        31915.18        31915.18     
    31915.18        31915.18        31915.18        31915.18     
    31915.18        31915.18        31915.18        31915.18     
    31915.18        31915.18        31915.18        31915.18     
    31915.18        31915.18        31915.18        31915.18     
    31915.18        31915.18        31915.18        31915.18     
    31915.18        31915.18        31915.18        31915.18     
    31915.18        31915.18        31915.18        31915.18     
    31915.18        31915.18        31915.18        31915.18     
    31915.18        31915.18        31915.18        31915.18     
    31915.18        31915.18        31915.18        31915.18     
    31915.18        31915.18        31915.18        31915.18     
    31915.18        31915.18        31915.18        31915.18     
    31915.18        31915.18        31915.18        31915.18     
    31915.18        31915.18        31915.18        31915.18     
    31915.18        31915.18        31915.18        31915.18     
    31915.18        31915.18        31915.18        31915.18     
    31915.18        31915.18        31915.18        31915.18     
    31915.18        31915.18        31915.18        31915.18     
    31915.18        31915.18        31915.18        31915.18     
    31915.18        31915.18        31915.18        31915.18     
    31915.18        31915.18        31915.18        31915.18     
    31915.18        31915.18        31915.18        31915.18     
    31915.18        31915.18        31915.18        31915.18     
    31915.18        31915.18        31915.18        31915.18     
    31915.18        31915.18        31915.18        31915.18     
    31915.18        31915.18        31915.18        31915.18     
    31915.18        31915.18        31915.18        31915.18     
    31915.18        31915.18        31915.18        31915.18     
    31915.18        31915.18        31915.18        31915.18     
    31915.18        31915.18        31915.18        31915.18     
    31915.18        31915.18        31915.18        31915.18     
    31915.18        31915.18        31915.18        31915.18     
    31915.18        31915.18        31915.18        31915.18     
    31915.18        31915.18        31915.18        31915.18     
    31915.18        31915.18        31915.18        31915.18     
    31915.18        31915.18        31915.18        31915.18     
    31915.18        31915.18        31915.18        31915.18     
    31915.18        31915.18        31915.18        31915.18     
    31915.18        31915.18        31915.18        31915.18     
    31915.18        31915.18        31915.18        31915.18     
    31915.18        31915.18        31915.18        31915.18     
    31915.18        31915.18        31915.18        31915.18     
    31915.18        31915.18        31915.18        31915.18     
    31915.18        31915.18        31915.18        31915.18     
    31915.18        31915.18        31915.18        31915.18     
    31915.18        31915.18        31915.18        31915.18     
    31915.18        31915.18        31915.18        31915.18     
    31915.18        31915.18        31915.18        31915.18     
    31915.18        31915.18        31915.18        31915.18     
    31915.18        31915.18        31915.18        31915.18     
    31915.18        31915.18        31915.18        31915.18     
    31915.18        31915.18        31915.18        31915.18     
    31915.18        31915.18        31915.18        31915.18     
    31915.18        31915.18        31915.18        31915.18     
    31915.18        31915.18        31915.18        31915.18     
    31915.18        31915.18        31915.18        31915.18     
    31915.18        31915.18        31915.18        31915.18     
    31915.18        31915.18        31915.18        31915.18     
    31915.18        31915.18        31915.18        31915.18     
    31915.18        31915.18        31915.18        31915.18     
    31915.18        31915.18        31915.18        31915.18     
    31915.18        31915.18        31915.18        31915.18     
    31915.18        31915.18        31915.18        31915.18     
    31915.18        31915.18        31915.18        31915.18     
    31915.18        31915.18        31915.18        31915.18     
    31915.18        31915.18        31915.18        31915.18     
    31915.18        31915.18        31915.18        31915.18     
    31915.18        31915.18        31915.18        31915.18     
    31915.18        31915.18        31915.18        31915.18     
    31915.18        31915.18        31915.18        31915.18     
    31915.18        31915.18        31915.18        31915.18     
    31915.18        31915.18        31915.18        31915.18     
    31915.18        31915.18        31915.18        31915.18     
    31915.18        31915.18        31915.18        31915.18     
    31915.18        31915.18        31915.18        31915.18     
    31915.18        31915.18        31915.18        31915.18     
    31915.18        31915.18        31915.18        31915.18     
    31915.18        31915.18        31915.18        31915.18     
    31915.18        31915.18        31915.18        31915.18     
    31915.18        31915.18        31915.18        31915.18     
    31915.18        31915.18        31915.18        31915.18     
    31915.18        31915.18        31915.18        31915.18     
    31915.18        31915.18        31915.18        31915.18     
    31915.18        31915.18        31915.18        31915.18     
    31915.18        31915.18        31915.18        31915.18     
    31915.18        31915.18        31915.18        31915.18     
    31915.18        31915.18        31915.18        31915.18     
    31915.18        31915.18        31915.18        31915.18     
    31915.18        31915.18        31915.18        31915.18     
    31915.18        31915.18        31915.18        31915.18     
    31915.18        31915.18        31915.18        31915.18     
    31915.18        31915.18        31915.18        31915.18     
    31915.18        31915.18        31915.18        31915.18     
    31915.18        31915.18        31915.18        31915.18     
    31915.18        31915.18        31915.18        31915.18     
    31915.18        31915.18        31915.18        31915.18     
    31915.18        31915.18        31915.18        31915.18     
    31915.18        31915.18        31915.18        31915.18     
    31915.18        31915.18        31915.18        31915.18     
    31915.18        31915.18        31915.18        31915.18     
    31915.18        31915.18        31915.18        31915.18     
    31915.18        31915.18        31915.18        31915.18     
    31915.18        31915.18        31915.18        31915.18     
    31915.18        31915.18        31915.18        31915.18     
    31915.18        31915.18        31915.18        31915.18     
    31915.18        31915.18        31915.18        31915.18     
    31915.18        31915.18        31915.18        31915.18     
    31915.18        31915.18        31915.18        31915.18     
    31915.18        31915.18        31915.18        31915.18     
    31915.18        31915.18        31915.18        31915.18     
    31915.18        31915.18        31915.18        31915.18     
    31915.18        31915.18        31915.18        31915.18     
    31915.18        31915.18        31915.18        31915.18     
    31915.18        31915.18        31915.18        31915.18     
    31915.18        31915.18        31915.18        31915.18     
    31915.18        31915.18        31915.18        31915.18     
    31915.18        31915.18        31915.18        31915.18     
    31915.18        31915.18        31915.18        31915.18     
    31915.18        31915.18        31915.18        31915.18     
    31915.18        31915.18        31915.18        31915.18     
    31915.18        31915.18        31915.18        31915.18     
    31915.18        31915.18        31915.18        31915.18     
    31915.18        31915.18        31915.18        31915.18     
    31915.18        31915.18        31915.18        31915.18     
    31915.18        31915.18        31915.18        31915.18     
    31915.18        31915.18        31915.18        31915.18     
    31915.18        31915.18        31915.18        31915.18     
    31915.18        31915.18        31915.18        31915.18     
    31915.18        31915.18        31915.18        31915.18     
    31915.18        31915.18        31915.18        31915.18     
    31915.18        31915.18        31915.18        31915.18     
    31915.18        31915.18        31915.18        31915.18     
    31915.18        31915.18        31915.18        31915.18     
    31915.18        31915.18        31915.18        31915.18     
    31915.18        31915.18        31915.18        31915.18     
    31915.18        31915.18        31915.18        31915.18     
    31915.18        31915.18        31915.18        31915.18     
    31915.18        31915.18        31915.18        31915.18     
    31915.18        31915.18        31915.18        31915.18     
    31915.18        31915.18        31915.18        31915.18     
    31915.18        31915.18        31915.18        31915.18     
    31915.18        31915.18        31915.18        31915.18     
    31915.18        31915.18        31915.18        31915.18     
    31915.18        31915.18        31915.18        31915.18     
    31915.18        31915.18        31915.18        31915.18     
    31915.18        31915.18        31915.18        31915.18     
    31915.18        31915.18        31915.18        31915.18     
    31915.18        31915.18        31915.18        31915.18     
    31915.18        31915.18        31915.18        31915.18     
    31915.18        31915.18        31915.18        31915.18     
    31915.18        31915.18        31915.18        31915.18     
    31915.18        31915.18        31915.18        31915.18     
    31915.18        31915.18        31915.18        31915.18     
    31915.18        31915.18        31915.18        31915.18     
    31915.18        31915.18        31915.18        31915.18     
    31915.18        31915.18        31915.18        31915.18     
    31915.18        31915.18        31915.18        31915.18     
    31915.18        31915.18        31915.18        31915.18     
    31915.18        31915.18        31915.18        31915.18     
    31915.18        31915.18        31915.18        31915.18     
    31915.18        31915.18        31915.18        31915.18     
    31915.18        31915.18        31915.18        31915.18     
    31915.18        31915.18        31915.18        31915.18     
    31915.18        31915.18        31915.18        31915.18     
    31915.18        31915.18        31915.18        31915.18     
    31915.18        31915.18        31915.18        31915.18     
    31915.18        31915.18        31915.18        31915.18     
    31915.18        31915.18        31915.18        31915.18     
    31915.18        31915.18        31915.18        31915.18     
    31915.18        31915.18        31915.18        31915.18     
    31915.18        31915.18        31915.18        31915.18     
    31915.18        31915.18        31915.18        31915.18     
    31915.18        31915.18        31915.18        31915.18     
    31915.18        31915.18        31915.18        31915.18     
    31915.18        31915.18        31915.18        31915.18     
    31915.18        31915.18        31915.18        31915.18     
    31915.18        31915.18        31915.18        31915.18     
    31915.18        31915.18        31915.18        31915.18     
    31915.18        31915.18        31915.18        31915.18     
    31915.18        31915.18        31915.18        31915.18     
    31915.18        31915.18        31915.18        31915.18     
    31915.18        31915.18        31915.18        31915.18     
    31915.18        31915.18        31915.18        31915.18     
    31915.18        31915.18        31915.18        31915.18     
    31915.18        31915.18        31915.18        31915.18     
    31915.18        31915.18        31915.18        31915.18     
    31915.18        31915.18        31915.18        31915.18     
    31915.18        31915.18        31915.18        31915.18     
    31915.18        31915.18        31915.18        31915.18     
    31915.18        31915.18        31915.18        31915.18     
    31915.18        31915.18        31915.18        31915.18     
    31915.18        31915.18        31915.18        31915.18     
    31915.18        31915.18        31915.18        31915.18     
    31915.18        31915.18        31915.18        31915.18     
    31915.18        31915.18        31915.18        31915.18     
    31915.18        31915.18        31915.18        31915.18     
    31915.18        31915.18        31915.18        31915.18     
    31915.18        31915.18        31915.18        31915.18     
    31915.18        31915.18        31915.18        31915.18     
    31915.18        31915.18        31915.18        31915.18     
    31915.18        31915.18        31915.18        31915.18     
    31915.18        31915.18        31915.18        31915.18     
    31915.18        31915.18        31915.18        31915.18     
    31915.18        31915.18        31915.18        31915.18     
    31915.18        31915.18        31915.18        31915.18     
    31915.18        31915.18        31915.18        31915.18     
    31915.18        31915.18        31915.18        31915.18     
    31915.18        31915.18        31915.18        31915.18     
    31915.18        31915.18        31915.18        31915.18     
    31915.18        31915.18        31915.18        31915.18     
    31915.18        31915.18        31915.18        31915.18     
    31915.18        31915.18        31915.18        31915.18     
    31915.18        31915.18        31915.18        31915.18     
    31915.18        31915.18        31915.18        31915.18     
    31915.18        31915.18        31915.18        31915.18     
    31915.18        31915.18        31915.18        31915.18     
    31915.18        31915.18        31915.18        31915.18     
    31915.18        31915.18        31915.18        31915.18     
    31915.18        31915.18        31915.18        31915.18     
    31915.18        31915.18        31915.18        31915.18     
    31915.18        31915.18        31915.18        31915.18     
    31915.18        31915.18        31915.18        31915.18     
    31915.18        31915.18        31915.18        31915.18     
    31915.18        31915.18        31915.18        31915.18     
    31915.18        31915.18        31915.18        31915.18     
    31915.18        31915.18        31915.18        31915.18     
    31915.18        31915.18        31915.18        31915.18     
    31915.18        31915.18        31915.18        31915.18     
    31915.18        31915.18        31915.18        31915.18     
    31915.18        31915.18        31915.18        31915.18    
==16123== Profiling application: ./saxpy
==16123== Profiling result:
            Type  Time(%)      Time     Calls       Avg       Min       Max  Name
 GPU activities:   46.55%  5.1840us         1  5.1840us  5.1840us  5.1840us  ksaxpy_
                   33.91%  3.7760us         2  1.8880us  1.8240us  1.9520us  [CUDA memcpy HtoD]
                   19.54%  2.1760us         1  2.1760us  2.1760us  2.1760us  [CUDA memcpy DtoH]
      API calls:   97.71%  112.69ms         1  112.69ms  112.69ms  112.69ms  cuDevicePrimaryCtxRetain
                    0.88%  1.0202ms         1  1.0202ms  1.0202ms  1.0202ms  cuMemAllocHost
                    0.45%  513.81us         3  171.27us  6.8370us  482.39us  cudaMemcpy
                    0.36%  419.16us         1  419.16us  419.16us  419.16us  cudaLaunchKernel
                    0.30%  349.83us       120  2.9150us      76ns  159.97us  cuDeviceGetAttribute
                    0.19%  215.50us         3  71.833us  4.4210us  203.51us  cuMemAlloc
                    0.07%  85.725us       412     208ns      81ns  6.1190us  cuGetProcAddress
                    0.02%  19.802us         1  19.802us  19.802us  19.802us  cuDeviceGetName
                    0.01%  10.392us         1  10.392us  10.392us  10.392us  cuDeviceGetPCIBusId
                    0.00%  4.8800us         1  4.8800us  4.8800us  4.8800us  cudaGetDevice
                    0.00%  1.8290us         4     457ns      98ns  1.4500us  cuDeviceGetCount
                    0.00%  1.2760us         4     319ns      82ns     652ns  cuCtxSetCurrent
                    0.00%  1.2680us         1  1.2680us  1.2680us  1.2680us  cuInit
                    0.00%     891ns         2     445ns     284ns     607ns  cuCtxGetCurrent
                    0.00%     574ns         1     574ns     574ns     574ns  cuDeviceComputeCapability
                    0.00%     417ns         3     139ns      79ns     243ns  cuDeviceGet
                    0.00%     382ns         4      95ns      93ns      97ns  cuDriverGetVersion
                    0.00%     235ns         1     235ns     235ns     235ns  cuDeviceTotalMem
                    0.00%     145ns         1     145ns     145ns     145ns  cuModuleGetLoadingMode
                    0.00%     110ns         1     110ns     110ns     110ns  cuDeviceGetUuid
 OpenACC (excl):  100.00%  18.755us         1  18.755us  18.755us  18.755us  acc_device_init
                    0.00%       0ns         2       0ns       0ns       0ns  acc_delete
                    0.00%       0ns         2       0ns       0ns       0ns  acc_alloc
