+ module load nvhpc/22.9
++ /usr/share/lmod/lmod/libexec/lmod bash load nvhpc/22.9
+ eval 'CC=/opt/packages/nvidia/hpc_sdk//Linux_x86_64/22.9/compilers/bin/nvc;' export 'CC;' '__LMOD_REF_COUNT_CPATH=/opt/packages/nvidia/hpc_sdk/Linux_x86_64/22.9/compilers/extras/qd/include/qd:1\;/opt/packages/nvidia/hpc_sdk/Linux_x86_64/22.9/comm_libs/nvshmem/include:1\;/opt/packages/nvidia/hpc_sdk/Linux_x86_64/22.9/comm_libs/nccl/include:1\;/opt/packages/nvidia/hpc_sdk/Linux_x86_64/22.9/math_libs/include:1;' export '__LMOD_REF_COUNT_CPATH;' 'CPATH=/opt/packages/nvidia/hpc_sdk/Linux_x86_64/22.9/compilers/extras/qd/include/qd:/opt/packages/nvidia/hpc_sdk/Linux_x86_64/22.9/comm_libs/nvshmem/include:/opt/packages/nvidia/hpc_sdk/Linux_x86_64/22.9/comm_libs/nccl/include:/opt/packages/nvidia/hpc_sdk/Linux_x86_64/22.9/math_libs/include;' export 'CPATH;' 'CPP=cpp;' export 'CPP;' 'CXX=/opt/packages/nvidia/hpc_sdk//Linux_x86_64/22.9/compilers/bin/nvc++;' export 'CXX;' 'DEFCUDAVERSION=11.7;' export 'DEFCUDAVERSION;' 'F77=/opt/packages/nvidia/hpc_sdk//Linux_x86_64/22.9/compilers/bin/nvfortran;' export 'F77;' 'F90=/opt/packages/nvidia/hpc_sdk//Linux_x86_64/22.9/compilers/bin/nvfortran;' export 'F90;' 'FC=/opt/packages/nvidia/hpc_sdk//Linux_x86_64/22.9/compilers/bin/nvfortran;' export 'FC;' '__LMOD_REF_COUNT_LD_LIBRARY_PATH=/opt/packages/nvidia/hpc_sdk/Linux_x86_64/22.9/comm_libs/nvshmem/lib:1\;/opt/packages/nvidia/hpc_sdk/Linux_x86_64/22.9/comm_libs/nccl/lib:1\;/opt/packages/nvidia/hpc_sdk/Linux_x86_64/22.9/math_libs/lib64:1\;/opt/packages/nvidia/hpc_sdk/Linux_x86_64/22.9/compilers/lib:1\;/opt/packages/nvidia/hpc_sdk/Linux_x86_64/22.9/compilers/extras/qd/lib:1\;/opt/packages/nvidia/hpc_sdk/Linux_x86_64/22.9/cuda/extras/CUPTI/lib64:1\;/opt/packages/nvidia/hpc_sdk/Linux_x86_64/22.9/cuda/lib64:1\;/ocean/projects/pscstaff/nnepal/conda/envs/cudaq-env/lib:1;' export '__LMOD_REF_COUNT_LD_LIBRARY_PATH;' 'LD_LIBRARY_PATH=/opt/packages/nvidia/hpc_sdk/Linux_x86_64/22.9/comm_libs/nvshmem/lib:/opt/packages/nvidia/hpc_sdk/Linux_x86_64/22.9/comm_libs/nccl/lib:/opt/packages/nvidia/hpc_sdk/Linux_x86_64/22.9/math_libs/lib64:/opt/packages/nvidia/hpc_sdk/Linux_x86_64/22.9/compilers/lib:/opt/packages/nvidia/hpc_sdk/Linux_x86_64/22.9/compilers/extras/qd/lib:/opt/packages/nvidia/hpc_sdk/Linux_x86_64/22.9/cuda/extras/CUPTI/lib64:/opt/packages/nvidia/hpc_sdk/Linux_x86_64/22.9/cuda/lib64:/ocean/projects/pscstaff/nnepal/conda/envs/cudaq-env/lib::;' export 'LD_LIBRARY_PATH;' '__LMOD_REF_COUNT_LOADEDMODULES=allocations/1.0:1\;psc.allocations.user/1.0:1\;anaconda3/2024.10-1:1\;nvhpc/22.9:1;' export '__LMOD_REF_COUNT_LOADEDMODULES;' 'LOADEDMODULES=allocations/1.0:psc.allocations.user/1.0:anaconda3/2024.10-1:nvhpc/22.9;' export 'LOADEDMODULES;' '__LMOD_REF_COUNT_MANPATH=/opt/packages/nvidia/hpc_sdk/Linux_x86_64/22.9/compilers/man:1\;/usr/share/lmod/lmod/share/man:1\;/opt/puppetlabs/puppet/share/man:1\;/opt/packages/anaconda3-2024.10-1/man:1\;/opt/packages/anaconda3-2024.10-1/share/man:1;' export '__LMOD_REF_COUNT_MANPATH;' 'MANPATH=/opt/packages/nvidia/hpc_sdk/Linux_x86_64/22.9/compilers/man:/usr/share/lmod/lmod/share/man::/opt/puppetlabs/puppet/share/man:/opt/packages/anaconda3-2024.10-1/man:/opt/packages/anaconda3-2024.10-1/share/man;' export 'MANPATH;' 'MODULEPATH=/ocean/projects/pscstaff/nnepal/nvc_hpc/modulefiles:/etc/scl/modulefiles:/opt/modulefiles/production:/opt/modulefiles/preproduction:/opt/modulefiles/deprecated:/usr/share/modulefiles:/usr/share/modulefiles/Linux:/usr/share/modulefiles/Core:/usr/share/lmod/lmod/modulefiles/Core:/ocean/projects/pscstaff/nnepal/modules_niraj;' export 'MODULEPATH;' 'NVHPC=/opt/packages/nvidia/hpc_sdk/;' export 'NVHPC;' 'NVHPC_ROOT=/opt/packages/nvidia/hpc_sdk//Linux_x86_64/22.9;' export 'NVHPC_ROOT;' '__LMOD_REF_COUNT_PATH=/opt/packages/nvidia/hpc_sdk/Linux_x86_64/22.9/compilers/extras/qd/bin:1\;/opt/packages/nvidia/hpc_sdk/Linux_x86_64/22.9/compilers/bin:1\;/opt/packages/nvidia/hpc_sdk/Linux_x86_64/22.9/cuda/bin:1\;/jet/home/nnepal/softwares/qe-7.3/bin:1\;/jet/home/nnepal/softwares/HTESP/src/bash:1\;/ocean/projects/pscstaff/nnepal/openmx3.9/source:1\;/jet/home/nnepal/.local/bin:1\;/jet/home/nnepal/bin:1\;/opt/packages/anaconda3-2024.10-1/bin:2\;/opt/packages/anaconda3-2024.10-1/condabin:2\;/opt/packages/psc.allocations.user/bin:1\;/opt/packages/allocations/bin:1\;/usr/local/bin:1\;/usr/bin:1\;/usr/local/sbin:1\;/usr/sbin:1\;/opt/packages/interact/bin:1\;/opt/puppetlabs/bin:1;' export '__LMOD_REF_COUNT_PATH;' 'PATH=/opt/packages/nvidia/hpc_sdk/Linux_x86_64/22.9/compilers/extras/qd/bin:/opt/packages/nvidia/hpc_sdk/Linux_x86_64/22.9/compilers/bin:/opt/packages/nvidia/hpc_sdk/Linux_x86_64/22.9/cuda/bin:/jet/home/nnepal/softwares/qe-7.3/bin:/jet/home/nnepal/softwares/HTESP/src/bash:/ocean/projects/pscstaff/nnepal/openmx3.9/source:/jet/home/nnepal/.local/bin:/jet/home/nnepal/bin:/opt/packages/anaconda3-2024.10-1/bin:/opt/packages/anaconda3-2024.10-1/condabin:/opt/packages/psc.allocations.user/bin:/opt/packages/allocations/bin:/usr/local/bin:/usr/bin:/usr/local/sbin:/usr/sbin:/opt/packages/interact/bin:/opt/puppetlabs/bin;' export 'PATH;' '__LMOD_REF_COUNT__LMFILES_=/opt/modulefiles/production/allocations/1.0.lua:1\;/opt/modulefiles/production/psc.allocations.user/1.0.lua:1\;/opt/modulefiles/production/anaconda3/2024.10-1.lua:1\;/opt/modulefiles/production/nvhpc/22.9:1;' export '__LMOD_REF_COUNT__LMFILES_;' '_LMFILES_=/opt/modulefiles/production/allocations/1.0.lua:/opt/modulefiles/production/psc.allocations.user/1.0.lua:/opt/modulefiles/production/anaconda3/2024.10-1.lua:/opt/modulefiles/production/nvhpc/22.9;' export '_LMFILES_;' '_ModuleTable001_=X01vZHVsZVRhYmxlXz17WyJNVHZlcnNpb24iXT0zLFsiY19yZWJ1aWxkVGltZSJdPWZhbHNlLFsiY19zaG9ydFRpbWUiXT1mYWxzZSxkZXB0aFQ9e30sZmFtaWx5PXt9LG1UPXthbGxvY2F0aW9ucz17WyJmbiJdPSIvb3B0L21vZHVsZWZpbGVzL3Byb2R1Y3Rpb24vYWxsb2NhdGlvbnMvMS4wLmx1YSIsWyJmdWxsTmFtZSJdPSJhbGxvY2F0aW9ucy8xLjAiLFsibG9hZE9yZGVyIl09MSxwcm9wVD17fSxbInN0YWNrRGVwdGgiXT0wLFsic3RhdHVzIl09ImFjdGl2ZSIsWyJ1c2VyTmFtZSJdPSJhbGxvY2F0aW9ucyIsfSxhbmFjb25kYTM9e1siZm4iXT0iL29wdC9tb2R1bGVmaWxlcy9wcm9kdWN0aW9uL2FuYWNvbmRhMy8yMDI0LjEwLTEubHVhIixbImZ1bGxOYW1lIl09ImFuYWNv;' export '_ModuleTable001_;' '_ModuleTable002_=bmRhMy8yMDI0LjEwLTEiLFsibG9hZE9yZGVyIl09Myxwcm9wVD17fSxbInN0YWNrRGVwdGgiXT0wLFsic3RhdHVzIl09ImFjdGl2ZSIsWyJ1c2VyTmFtZSJdPSJhbmFjb25kYTMiLH0sbnZocGM9e1siZm4iXT0iL29wdC9tb2R1bGVmaWxlcy9wcm9kdWN0aW9uL252aHBjLzIyLjkiLFsiZnVsbE5hbWUiXT0ibnZocGMvMjIuOSIsWyJsb2FkT3JkZXIiXT00LHByb3BUPXt9LFsic3RhY2tEZXB0aCJdPTAsWyJzdGF0dXMiXT0iYWN0aXZlIixbInVzZXJOYW1lIl09Im52aHBjLzIyLjkiLH0sWyJwc2MuYWxsb2NhdGlvbnMudXNlciJdPXtbImZuIl09Ii9vcHQvbW9kdWxlZmlsZXMvcHJvZHVjdGlvbi9wc2MuYWxsb2NhdGlvbnMudXNlci8xLjAubHVhIixbImZ1bGxOYW1lIl09InBz;' export '_ModuleTable002_;' '_ModuleTable003_=Yy5hbGxvY2F0aW9ucy51c2VyLzEuMCIsWyJsb2FkT3JkZXIiXT0yLHByb3BUPXt9LFsic3RhY2tEZXB0aCJdPTAsWyJzdGF0dXMiXT0iYWN0aXZlIixbInVzZXJOYW1lIl09InBzYy5hbGxvY2F0aW9ucy51c2VyIix9LH0sbXBhdGhBPXsiL29jZWFuL3Byb2plY3RzL3BzY3N0YWZmL25uZXBhbC9udmNfaHBjL21vZHVsZWZpbGVzIiwiL2V0Yy9zY2wvbW9kdWxlZmlsZXMiLCIvb3B0L21vZHVsZWZpbGVzL3Byb2R1Y3Rpb24iLCIvb3B0L21vZHVsZWZpbGVzL3ByZXByb2R1Y3Rpb24iLCIvb3B0L21vZHVsZWZpbGVzL2RlcHJlY2F0ZWQiLCIvdXNyL3NoYXJlL21vZHVsZWZpbGVzIiwiL3Vzci9zaGFyZS9tb2R1bGVmaWxlcy9MaW51eCIsIi91c3Ivc2hhcmUvbW9kdWxlZmlsZXMv;' export '_ModuleTable003_;' '_ModuleTable004_=Q29yZSIsIi91c3Ivc2hhcmUvbG1vZC9sbW9kL21vZHVsZWZpbGVzL0NvcmUiLCIvb2NlYW4vcHJvamVjdHMvcHNjc3RhZmYvbm5lcGFsL21vZHVsZXNfbmlyYWoiLH0sWyJzeXN0ZW1CYXNlTVBBVEgiXT0iL2V0Yy9zY2wvbW9kdWxlZmlsZXM6L29wdC9tb2R1bGVmaWxlcy9wcm9kdWN0aW9uOi9vcHQvbW9kdWxlZmlsZXMvcHJlcHJvZHVjdGlvbjovb3B0L21vZHVsZWZpbGVzL2RlcHJlY2F0ZWQ6L3Vzci9zaGFyZS9tb2R1bGVmaWxlczovdXNyL3NoYXJlL21vZHVsZWZpbGVzL0xpbnV4Oi91c3Ivc2hhcmUvbW9kdWxlZmlsZXMvQ29yZTovdXNyL3NoYXJlL2xtb2QvbG1vZC9tb2R1bGVmaWxlcy9Db3JlIix9;' export '_ModuleTable004_;' '_ModuleTable_Sz_=4;' export '_ModuleTable_Sz_;'
++ CC=/opt/packages/nvidia/hpc_sdk//Linux_x86_64/22.9/compilers/bin/nvc
++ export CC
++ __LMOD_REF_COUNT_CPATH='/opt/packages/nvidia/hpc_sdk/Linux_x86_64/22.9/compilers/extras/qd/include/qd:1;/opt/packages/nvidia/hpc_sdk/Linux_x86_64/22.9/comm_libs/nvshmem/include:1;/opt/packages/nvidia/hpc_sdk/Linux_x86_64/22.9/comm_libs/nccl/include:1;/opt/packages/nvidia/hpc_sdk/Linux_x86_64/22.9/math_libs/include:1'
++ export __LMOD_REF_COUNT_CPATH
++ CPATH=/opt/packages/nvidia/hpc_sdk/Linux_x86_64/22.9/compilers/extras/qd/include/qd:/opt/packages/nvidia/hpc_sdk/Linux_x86_64/22.9/comm_libs/nvshmem/include:/opt/packages/nvidia/hpc_sdk/Linux_x86_64/22.9/comm_libs/nccl/include:/opt/packages/nvidia/hpc_sdk/Linux_x86_64/22.9/math_libs/include
++ export CPATH
++ CPP=cpp
++ export CPP
++ CXX=/opt/packages/nvidia/hpc_sdk//Linux_x86_64/22.9/compilers/bin/nvc++
++ export CXX
++ DEFCUDAVERSION=11.7
++ export DEFCUDAVERSION
++ F77=/opt/packages/nvidia/hpc_sdk//Linux_x86_64/22.9/compilers/bin/nvfortran
++ export F77
++ F90=/opt/packages/nvidia/hpc_sdk//Linux_x86_64/22.9/compilers/bin/nvfortran
++ export F90
++ FC=/opt/packages/nvidia/hpc_sdk//Linux_x86_64/22.9/compilers/bin/nvfortran
++ export FC
++ __LMOD_REF_COUNT_LD_LIBRARY_PATH='/opt/packages/nvidia/hpc_sdk/Linux_x86_64/22.9/comm_libs/nvshmem/lib:1;/opt/packages/nvidia/hpc_sdk/Linux_x86_64/22.9/comm_libs/nccl/lib:1;/opt/packages/nvidia/hpc_sdk/Linux_x86_64/22.9/math_libs/lib64:1;/opt/packages/nvidia/hpc_sdk/Linux_x86_64/22.9/compilers/lib:1;/opt/packages/nvidia/hpc_sdk/Linux_x86_64/22.9/compilers/extras/qd/lib:1;/opt/packages/nvidia/hpc_sdk/Linux_x86_64/22.9/cuda/extras/CUPTI/lib64:1;/opt/packages/nvidia/hpc_sdk/Linux_x86_64/22.9/cuda/lib64:1;/ocean/projects/pscstaff/nnepal/conda/envs/cudaq-env/lib:1'
++ export __LMOD_REF_COUNT_LD_LIBRARY_PATH
++ LD_LIBRARY_PATH=/opt/packages/nvidia/hpc_sdk/Linux_x86_64/22.9/comm_libs/nvshmem/lib:/opt/packages/nvidia/hpc_sdk/Linux_x86_64/22.9/comm_libs/nccl/lib:/opt/packages/nvidia/hpc_sdk/Linux_x86_64/22.9/math_libs/lib64:/opt/packages/nvidia/hpc_sdk/Linux_x86_64/22.9/compilers/lib:/opt/packages/nvidia/hpc_sdk/Linux_x86_64/22.9/compilers/extras/qd/lib:/opt/packages/nvidia/hpc_sdk/Linux_x86_64/22.9/cuda/extras/CUPTI/lib64:/opt/packages/nvidia/hpc_sdk/Linux_x86_64/22.9/cuda/lib64:/ocean/projects/pscstaff/nnepal/conda/envs/cudaq-env/lib::
++ export LD_LIBRARY_PATH
++ __LMOD_REF_COUNT_LOADEDMODULES='allocations/1.0:1;psc.allocations.user/1.0:1;anaconda3/2024.10-1:1;nvhpc/22.9:1'
++ export __LMOD_REF_COUNT_LOADEDMODULES
++ LOADEDMODULES=allocations/1.0:psc.allocations.user/1.0:anaconda3/2024.10-1:nvhpc/22.9
++ export LOADEDMODULES
++ __LMOD_REF_COUNT_MANPATH='/opt/packages/nvidia/hpc_sdk/Linux_x86_64/22.9/compilers/man:1;/usr/share/lmod/lmod/share/man:1;/opt/puppetlabs/puppet/share/man:1;/opt/packages/anaconda3-2024.10-1/man:1;/opt/packages/anaconda3-2024.10-1/share/man:1'
++ export __LMOD_REF_COUNT_MANPATH
++ MANPATH=/opt/packages/nvidia/hpc_sdk/Linux_x86_64/22.9/compilers/man:/usr/share/lmod/lmod/share/man::/opt/puppetlabs/puppet/share/man:/opt/packages/anaconda3-2024.10-1/man:/opt/packages/anaconda3-2024.10-1/share/man
++ export MANPATH
++ MODULEPATH=/ocean/projects/pscstaff/nnepal/nvc_hpc/modulefiles:/etc/scl/modulefiles:/opt/modulefiles/production:/opt/modulefiles/preproduction:/opt/modulefiles/deprecated:/usr/share/modulefiles:/usr/share/modulefiles/Linux:/usr/share/modulefiles/Core:/usr/share/lmod/lmod/modulefiles/Core:/ocean/projects/pscstaff/nnepal/modules_niraj
++ export MODULEPATH
++ NVHPC=/opt/packages/nvidia/hpc_sdk/
++ export NVHPC
++ NVHPC_ROOT=/opt/packages/nvidia/hpc_sdk//Linux_x86_64/22.9
++ export NVHPC_ROOT
++ __LMOD_REF_COUNT_PATH='/opt/packages/nvidia/hpc_sdk/Linux_x86_64/22.9/compilers/extras/qd/bin:1;/opt/packages/nvidia/hpc_sdk/Linux_x86_64/22.9/compilers/bin:1;/opt/packages/nvidia/hpc_sdk/Linux_x86_64/22.9/cuda/bin:1;/jet/home/nnepal/softwares/qe-7.3/bin:1;/jet/home/nnepal/softwares/HTESP/src/bash:1;/ocean/projects/pscstaff/nnepal/openmx3.9/source:1;/jet/home/nnepal/.local/bin:1;/jet/home/nnepal/bin:1;/opt/packages/anaconda3-2024.10-1/bin:2;/opt/packages/anaconda3-2024.10-1/condabin:2;/opt/packages/psc.allocations.user/bin:1;/opt/packages/allocations/bin:1;/usr/local/bin:1;/usr/bin:1;/usr/local/sbin:1;/usr/sbin:1;/opt/packages/interact/bin:1;/opt/puppetlabs/bin:1'
++ export __LMOD_REF_COUNT_PATH
++ PATH=/opt/packages/nvidia/hpc_sdk/Linux_x86_64/22.9/compilers/extras/qd/bin:/opt/packages/nvidia/hpc_sdk/Linux_x86_64/22.9/compilers/bin:/opt/packages/nvidia/hpc_sdk/Linux_x86_64/22.9/cuda/bin:/jet/home/nnepal/softwares/qe-7.3/bin:/jet/home/nnepal/softwares/HTESP/src/bash:/ocean/projects/pscstaff/nnepal/openmx3.9/source:/jet/home/nnepal/.local/bin:/jet/home/nnepal/bin:/opt/packages/anaconda3-2024.10-1/bin:/opt/packages/anaconda3-2024.10-1/condabin:/opt/packages/psc.allocations.user/bin:/opt/packages/allocations/bin:/usr/local/bin:/usr/bin:/usr/local/sbin:/usr/sbin:/opt/packages/interact/bin:/opt/puppetlabs/bin
++ export PATH
++ __LMOD_REF_COUNT__LMFILES_='/opt/modulefiles/production/allocations/1.0.lua:1;/opt/modulefiles/production/psc.allocations.user/1.0.lua:1;/opt/modulefiles/production/anaconda3/2024.10-1.lua:1;/opt/modulefiles/production/nvhpc/22.9:1'
++ export __LMOD_REF_COUNT__LMFILES_
++ _LMFILES_=/opt/modulefiles/production/allocations/1.0.lua:/opt/modulefiles/production/psc.allocations.user/1.0.lua:/opt/modulefiles/production/anaconda3/2024.10-1.lua:/opt/modulefiles/production/nvhpc/22.9
++ export _LMFILES_
++ _ModuleTable001_=X01vZHVsZVRhYmxlXz17WyJNVHZlcnNpb24iXT0zLFsiY19yZWJ1aWxkVGltZSJdPWZhbHNlLFsiY19zaG9ydFRpbWUiXT1mYWxzZSxkZXB0aFQ9e30sZmFtaWx5PXt9LG1UPXthbGxvY2F0aW9ucz17WyJmbiJdPSIvb3B0L21vZHVsZWZpbGVzL3Byb2R1Y3Rpb24vYWxsb2NhdGlvbnMvMS4wLmx1YSIsWyJmdWxsTmFtZSJdPSJhbGxvY2F0aW9ucy8xLjAiLFsibG9hZE9yZGVyIl09MSxwcm9wVD17fSxbInN0YWNrRGVwdGgiXT0wLFsic3RhdHVzIl09ImFjdGl2ZSIsWyJ1c2VyTmFtZSJdPSJhbGxvY2F0aW9ucyIsfSxhbmFjb25kYTM9e1siZm4iXT0iL29wdC9tb2R1bGVmaWxlcy9wcm9kdWN0aW9uL2FuYWNvbmRhMy8yMDI0LjEwLTEubHVhIixbImZ1bGxOYW1lIl09ImFuYWNv
++ export _ModuleTable001_
++ _ModuleTable002_=bmRhMy8yMDI0LjEwLTEiLFsibG9hZE9yZGVyIl09Myxwcm9wVD17fSxbInN0YWNrRGVwdGgiXT0wLFsic3RhdHVzIl09ImFjdGl2ZSIsWyJ1c2VyTmFtZSJdPSJhbmFjb25kYTMiLH0sbnZocGM9e1siZm4iXT0iL29wdC9tb2R1bGVmaWxlcy9wcm9kdWN0aW9uL252aHBjLzIyLjkiLFsiZnVsbE5hbWUiXT0ibnZocGMvMjIuOSIsWyJsb2FkT3JkZXIiXT00LHByb3BUPXt9LFsic3RhY2tEZXB0aCJdPTAsWyJzdGF0dXMiXT0iYWN0aXZlIixbInVzZXJOYW1lIl09Im52aHBjLzIyLjkiLH0sWyJwc2MuYWxsb2NhdGlvbnMudXNlciJdPXtbImZuIl09Ii9vcHQvbW9kdWxlZmlsZXMvcHJvZHVjdGlvbi9wc2MuYWxsb2NhdGlvbnMudXNlci8xLjAubHVhIixbImZ1bGxOYW1lIl09InBz
++ export _ModuleTable002_
++ _ModuleTable003_=Yy5hbGxvY2F0aW9ucy51c2VyLzEuMCIsWyJsb2FkT3JkZXIiXT0yLHByb3BUPXt9LFsic3RhY2tEZXB0aCJdPTAsWyJzdGF0dXMiXT0iYWN0aXZlIixbInVzZXJOYW1lIl09InBzYy5hbGxvY2F0aW9ucy51c2VyIix9LH0sbXBhdGhBPXsiL29jZWFuL3Byb2plY3RzL3BzY3N0YWZmL25uZXBhbC9udmNfaHBjL21vZHVsZWZpbGVzIiwiL2V0Yy9zY2wvbW9kdWxlZmlsZXMiLCIvb3B0L21vZHVsZWZpbGVzL3Byb2R1Y3Rpb24iLCIvb3B0L21vZHVsZWZpbGVzL3ByZXByb2R1Y3Rpb24iLCIvb3B0L21vZHVsZWZpbGVzL2RlcHJlY2F0ZWQiLCIvdXNyL3NoYXJlL21vZHVsZWZpbGVzIiwiL3Vzci9zaGFyZS9tb2R1bGVmaWxlcy9MaW51eCIsIi91c3Ivc2hhcmUvbW9kdWxlZmlsZXMv
++ export _ModuleTable003_
++ _ModuleTable004_=Q29yZSIsIi91c3Ivc2hhcmUvbG1vZC9sbW9kL21vZHVsZWZpbGVzL0NvcmUiLCIvb2NlYW4vcHJvamVjdHMvcHNjc3RhZmYvbm5lcGFsL21vZHVsZXNfbmlyYWoiLH0sWyJzeXN0ZW1CYXNlTVBBVEgiXT0iL2V0Yy9zY2wvbW9kdWxlZmlsZXM6L29wdC9tb2R1bGVmaWxlcy9wcm9kdWN0aW9uOi9vcHQvbW9kdWxlZmlsZXMvcHJlcHJvZHVjdGlvbjovb3B0L21vZHVsZWZpbGVzL2RlcHJlY2F0ZWQ6L3Vzci9zaGFyZS9tb2R1bGVmaWxlczovdXNyL3NoYXJlL21vZHVsZWZpbGVzL0xpbnV4Oi91c3Ivc2hhcmUvbW9kdWxlZmlsZXMvQ29yZTovdXNyL3NoYXJlL2xtb2QvbG1vZC9tb2R1bGVmaWxlcy9Db3JlIix9
++ export _ModuleTable004_
++ _ModuleTable_Sz_=4
++ export _ModuleTable_Sz_
++ : -s sh
+ eval
+ ret=0
+ /usr/share/lmod/8.2.7/libexec/log_modules load nvhpc/22.9
+ return 0
+ export PATH=/opt/packages/nvidia/hpc_sdk/Linux_x86_64/22.9/compilers/bin:/opt/packages/nvidia/hpc_sdk/Linux_x86_64/22.9/compilers/extras/qd/bin:/opt/packages/nvidia/hpc_sdk/Linux_x86_64/22.9/compilers/bin:/opt/packages/nvidia/hpc_sdk/Linux_x86_64/22.9/cuda/bin:/jet/home/nnepal/softwares/qe-7.3/bin:/jet/home/nnepal/softwares/HTESP/src/bash:/ocean/projects/pscstaff/nnepal/openmx3.9/source:/jet/home/nnepal/.local/bin:/jet/home/nnepal/bin:/opt/packages/anaconda3-2024.10-1/bin:/opt/packages/anaconda3-2024.10-1/condabin:/opt/packages/psc.allocations.user/bin:/opt/packages/allocations/bin:/usr/local/bin:/usr/bin:/usr/local/sbin:/usr/sbin:/opt/packages/interact/bin:/opt/puppetlabs/bin
+ PATH=/opt/packages/nvidia/hpc_sdk/Linux_x86_64/22.9/compilers/bin:/opt/packages/nvidia/hpc_sdk/Linux_x86_64/22.9/compilers/extras/qd/bin:/opt/packages/nvidia/hpc_sdk/Linux_x86_64/22.9/compilers/bin:/opt/packages/nvidia/hpc_sdk/Linux_x86_64/22.9/cuda/bin:/jet/home/nnepal/softwares/qe-7.3/bin:/jet/home/nnepal/softwares/HTESP/src/bash:/ocean/projects/pscstaff/nnepal/openmx3.9/source:/jet/home/nnepal/.local/bin:/jet/home/nnepal/bin:/opt/packages/anaconda3-2024.10-1/bin:/opt/packages/anaconda3-2024.10-1/condabin:/opt/packages/psc.allocations.user/bin:/opt/packages/allocations/bin:/usr/local/bin:/usr/bin:/usr/local/sbin:/usr/sbin:/opt/packages/interact/bin:/opt/puppetlabs/bin
+ export PATH=/opt/packages/nvidia/hpc_sdk/Linux_x86_64/22.9/cuda/bin:/opt/packages/nvidia/hpc_sdk/Linux_x86_64/22.9/compilers/bin:/opt/packages/nvidia/hpc_sdk/Linux_x86_64/22.9/compilers/extras/qd/bin:/opt/packages/nvidia/hpc_sdk/Linux_x86_64/22.9/compilers/bin:/opt/packages/nvidia/hpc_sdk/Linux_x86_64/22.9/cuda/bin:/jet/home/nnepal/softwares/qe-7.3/bin:/jet/home/nnepal/softwares/HTESP/src/bash:/ocean/projects/pscstaff/nnepal/openmx3.9/source:/jet/home/nnepal/.local/bin:/jet/home/nnepal/bin:/opt/packages/anaconda3-2024.10-1/bin:/opt/packages/anaconda3-2024.10-1/condabin:/opt/packages/psc.allocations.user/bin:/opt/packages/allocations/bin:/usr/local/bin:/usr/bin:/usr/local/sbin:/usr/sbin:/opt/packages/interact/bin:/opt/puppetlabs/bin
+ PATH=/opt/packages/nvidia/hpc_sdk/Linux_x86_64/22.9/cuda/bin:/opt/packages/nvidia/hpc_sdk/Linux_x86_64/22.9/compilers/bin:/opt/packages/nvidia/hpc_sdk/Linux_x86_64/22.9/compilers/extras/qd/bin:/opt/packages/nvidia/hpc_sdk/Linux_x86_64/22.9/compilers/bin:/opt/packages/nvidia/hpc_sdk/Linux_x86_64/22.9/cuda/bin:/jet/home/nnepal/softwares/qe-7.3/bin:/jet/home/nnepal/softwares/HTESP/src/bash:/ocean/projects/pscstaff/nnepal/openmx3.9/source:/jet/home/nnepal/.local/bin:/jet/home/nnepal/bin:/opt/packages/anaconda3-2024.10-1/bin:/opt/packages/anaconda3-2024.10-1/condabin:/opt/packages/psc.allocations.user/bin:/opt/packages/allocations/bin:/usr/local/bin:/usr/bin:/usr/local/sbin:/usr/sbin:/opt/packages/interact/bin:/opt/puppetlabs/bin
+ export PATH=/opt/packages/nvidia/hpc_sdk/Linux_x86_64/22.9/comm_libs/openmpi4/openmpi-4.0.5/bin:/opt/packages/nvidia/hpc_sdk/Linux_x86_64/22.9/cuda/bin:/opt/packages/nvidia/hpc_sdk/Linux_x86_64/22.9/compilers/bin:/opt/packages/nvidia/hpc_sdk/Linux_x86_64/22.9/compilers/extras/qd/bin:/opt/packages/nvidia/hpc_sdk/Linux_x86_64/22.9/compilers/bin:/opt/packages/nvidia/hpc_sdk/Linux_x86_64/22.9/cuda/bin:/jet/home/nnepal/softwares/qe-7.3/bin:/jet/home/nnepal/softwares/HTESP/src/bash:/ocean/projects/pscstaff/nnepal/openmx3.9/source:/jet/home/nnepal/.local/bin:/jet/home/nnepal/bin:/opt/packages/anaconda3-2024.10-1/bin:/opt/packages/anaconda3-2024.10-1/condabin:/opt/packages/psc.allocations.user/bin:/opt/packages/allocations/bin:/usr/local/bin:/usr/bin:/usr/local/sbin:/usr/sbin:/opt/packages/interact/bin:/opt/puppetlabs/bin
+ PATH=/opt/packages/nvidia/hpc_sdk/Linux_x86_64/22.9/comm_libs/openmpi4/openmpi-4.0.5/bin:/opt/packages/nvidia/hpc_sdk/Linux_x86_64/22.9/cuda/bin:/opt/packages/nvidia/hpc_sdk/Linux_x86_64/22.9/compilers/bin:/opt/packages/nvidia/hpc_sdk/Linux_x86_64/22.9/compilers/extras/qd/bin:/opt/packages/nvidia/hpc_sdk/Linux_x86_64/22.9/compilers/bin:/opt/packages/nvidia/hpc_sdk/Linux_x86_64/22.9/cuda/bin:/jet/home/nnepal/softwares/qe-7.3/bin:/jet/home/nnepal/softwares/HTESP/src/bash:/ocean/projects/pscstaff/nnepal/openmx3.9/source:/jet/home/nnepal/.local/bin:/jet/home/nnepal/bin:/opt/packages/anaconda3-2024.10-1/bin:/opt/packages/anaconda3-2024.10-1/condabin:/opt/packages/psc.allocations.user/bin:/opt/packages/allocations/bin:/usr/local/bin:/usr/bin:/usr/local/sbin:/usr/sbin:/opt/packages/interact/bin:/opt/puppetlabs/bin
+ export LD_LIBRARY_PATH=/opt/packages/nvidia/hpc_sdk/Linux_x86_64/22.9/comm_libs/openmpi4/openmpi-4.0.5/lib:/opt/packages/nvidia/hpc_sdk/Linux_x86_64/22.9/comm_libs/nvshmem/lib:/opt/packages/nvidia/hpc_sdk/Linux_x86_64/22.9/comm_libs/nccl/lib:/opt/packages/nvidia/hpc_sdk/Linux_x86_64/22.9/math_libs/lib64:/opt/packages/nvidia/hpc_sdk/Linux_x86_64/22.9/compilers/lib:/opt/packages/nvidia/hpc_sdk/Linux_x86_64/22.9/compilers/extras/qd/lib:/opt/packages/nvidia/hpc_sdk/Linux_x86_64/22.9/cuda/extras/CUPTI/lib64:/opt/packages/nvidia/hpc_sdk/Linux_x86_64/22.9/cuda/lib64:/ocean/projects/pscstaff/nnepal/conda/envs/cudaq-env/lib::
+ LD_LIBRARY_PATH=/opt/packages/nvidia/hpc_sdk/Linux_x86_64/22.9/comm_libs/openmpi4/openmpi-4.0.5/lib:/opt/packages/nvidia/hpc_sdk/Linux_x86_64/22.9/comm_libs/nvshmem/lib:/opt/packages/nvidia/hpc_sdk/Linux_x86_64/22.9/comm_libs/nccl/lib:/opt/packages/nvidia/hpc_sdk/Linux_x86_64/22.9/math_libs/lib64:/opt/packages/nvidia/hpc_sdk/Linux_x86_64/22.9/compilers/lib:/opt/packages/nvidia/hpc_sdk/Linux_x86_64/22.9/compilers/extras/qd/lib:/opt/packages/nvidia/hpc_sdk/Linux_x86_64/22.9/cuda/extras/CUPTI/lib64:/opt/packages/nvidia/hpc_sdk/Linux_x86_64/22.9/cuda/lib64:/ocean/projects/pscstaff/nnepal/conda/envs/cudaq-env/lib::
+ export LD_LIBRARY_PATH=/opt/packages/nvidia/hpc_sdk/Linux_x86_64/22.9/cuda/lib64:/opt/packages/nvidia/hpc_sdk/Linux_x86_64/22.9/comm_libs/openmpi4/openmpi-4.0.5/lib:/opt/packages/nvidia/hpc_sdk/Linux_x86_64/22.9/comm_libs/nvshmem/lib:/opt/packages/nvidia/hpc_sdk/Linux_x86_64/22.9/comm_libs/nccl/lib:/opt/packages/nvidia/hpc_sdk/Linux_x86_64/22.9/math_libs/lib64:/opt/packages/nvidia/hpc_sdk/Linux_x86_64/22.9/compilers/lib:/opt/packages/nvidia/hpc_sdk/Linux_x86_64/22.9/compilers/extras/qd/lib:/opt/packages/nvidia/hpc_sdk/Linux_x86_64/22.9/cuda/extras/CUPTI/lib64:/opt/packages/nvidia/hpc_sdk/Linux_x86_64/22.9/cuda/lib64:/ocean/projects/pscstaff/nnepal/conda/envs/cudaq-env/lib::
+ LD_LIBRARY_PATH=/opt/packages/nvidia/hpc_sdk/Linux_x86_64/22.9/cuda/lib64:/opt/packages/nvidia/hpc_sdk/Linux_x86_64/22.9/comm_libs/openmpi4/openmpi-4.0.5/lib:/opt/packages/nvidia/hpc_sdk/Linux_x86_64/22.9/comm_libs/nvshmem/lib:/opt/packages/nvidia/hpc_sdk/Linux_x86_64/22.9/comm_libs/nccl/lib:/opt/packages/nvidia/hpc_sdk/Linux_x86_64/22.9/math_libs/lib64:/opt/packages/nvidia/hpc_sdk/Linux_x86_64/22.9/compilers/lib:/opt/packages/nvidia/hpc_sdk/Linux_x86_64/22.9/compilers/extras/qd/lib:/opt/packages/nvidia/hpc_sdk/Linux_x86_64/22.9/cuda/extras/CUPTI/lib64:/opt/packages/nvidia/hpc_sdk/Linux_x86_64/22.9/cuda/lib64:/ocean/projects/pscstaff/nnepal/conda/envs/cudaq-env/lib::
+ export LD_LIBRARY_PATH=/opt/packages/nvidia/hpc_sdk/Linux_x86_64/22.9/compilers/lib:/opt/packages/nvidia/hpc_sdk/Linux_x86_64/22.9/cuda/lib64:/opt/packages/nvidia/hpc_sdk/Linux_x86_64/22.9/comm_libs/openmpi4/openmpi-4.0.5/lib:/opt/packages/nvidia/hpc_sdk/Linux_x86_64/22.9/comm_libs/nvshmem/lib:/opt/packages/nvidia/hpc_sdk/Linux_x86_64/22.9/comm_libs/nccl/lib:/opt/packages/nvidia/hpc_sdk/Linux_x86_64/22.9/math_libs/lib64:/opt/packages/nvidia/hpc_sdk/Linux_x86_64/22.9/compilers/lib:/opt/packages/nvidia/hpc_sdk/Linux_x86_64/22.9/compilers/extras/qd/lib:/opt/packages/nvidia/hpc_sdk/Linux_x86_64/22.9/cuda/extras/CUPTI/lib64:/opt/packages/nvidia/hpc_sdk/Linux_x86_64/22.9/cuda/lib64:/ocean/projects/pscstaff/nnepal/conda/envs/cudaq-env/lib::
+ LD_LIBRARY_PATH=/opt/packages/nvidia/hpc_sdk/Linux_x86_64/22.9/compilers/lib:/opt/packages/nvidia/hpc_sdk/Linux_x86_64/22.9/cuda/lib64:/opt/packages/nvidia/hpc_sdk/Linux_x86_64/22.9/comm_libs/openmpi4/openmpi-4.0.5/lib:/opt/packages/nvidia/hpc_sdk/Linux_x86_64/22.9/comm_libs/nvshmem/lib:/opt/packages/nvidia/hpc_sdk/Linux_x86_64/22.9/comm_libs/nccl/lib:/opt/packages/nvidia/hpc_sdk/Linux_x86_64/22.9/math_libs/lib64:/opt/packages/nvidia/hpc_sdk/Linux_x86_64/22.9/compilers/lib:/opt/packages/nvidia/hpc_sdk/Linux_x86_64/22.9/compilers/extras/qd/lib:/opt/packages/nvidia/hpc_sdk/Linux_x86_64/22.9/cuda/extras/CUPTI/lib64:/opt/packages/nvidia/hpc_sdk/Linux_x86_64/22.9/cuda/lib64:/ocean/projects/pscstaff/nnepal/conda/envs/cudaq-env/lib::
+ export LD_LIBRARY_PATH=/opt/packages/nvidia/hpc_sdk/Linux_x86_64/22.9/math_libs/lib64:/opt/packages/nvidia/hpc_sdk/Linux_x86_64/22.9/compilers/lib:/opt/packages/nvidia/hpc_sdk/Linux_x86_64/22.9/cuda/lib64:/opt/packages/nvidia/hpc_sdk/Linux_x86_64/22.9/comm_libs/openmpi4/openmpi-4.0.5/lib:/opt/packages/nvidia/hpc_sdk/Linux_x86_64/22.9/comm_libs/nvshmem/lib:/opt/packages/nvidia/hpc_sdk/Linux_x86_64/22.9/comm_libs/nccl/lib:/opt/packages/nvidia/hpc_sdk/Linux_x86_64/22.9/math_libs/lib64:/opt/packages/nvidia/hpc_sdk/Linux_x86_64/22.9/compilers/lib:/opt/packages/nvidia/hpc_sdk/Linux_x86_64/22.9/compilers/extras/qd/lib:/opt/packages/nvidia/hpc_sdk/Linux_x86_64/22.9/cuda/extras/CUPTI/lib64:/opt/packages/nvidia/hpc_sdk/Linux_x86_64/22.9/cuda/lib64:/ocean/projects/pscstaff/nnepal/conda/envs/cudaq-env/lib::
+ LD_LIBRARY_PATH=/opt/packages/nvidia/hpc_sdk/Linux_x86_64/22.9/math_libs/lib64:/opt/packages/nvidia/hpc_sdk/Linux_x86_64/22.9/compilers/lib:/opt/packages/nvidia/hpc_sdk/Linux_x86_64/22.9/cuda/lib64:/opt/packages/nvidia/hpc_sdk/Linux_x86_64/22.9/comm_libs/openmpi4/openmpi-4.0.5/lib:/opt/packages/nvidia/hpc_sdk/Linux_x86_64/22.9/comm_libs/nvshmem/lib:/opt/packages/nvidia/hpc_sdk/Linux_x86_64/22.9/comm_libs/nccl/lib:/opt/packages/nvidia/hpc_sdk/Linux_x86_64/22.9/math_libs/lib64:/opt/packages/nvidia/hpc_sdk/Linux_x86_64/22.9/compilers/lib:/opt/packages/nvidia/hpc_sdk/Linux_x86_64/22.9/compilers/extras/qd/lib:/opt/packages/nvidia/hpc_sdk/Linux_x86_64/22.9/cuda/extras/CUPTI/lib64:/opt/packages/nvidia/hpc_sdk/Linux_x86_64/22.9/cuda/lib64:/ocean/projects/pscstaff/nnepal/conda/envs/cudaq-env/lib::
+ export LD_LIBRARY_PATH=/ocean/projects/pscstaff/nnepal/winter_compet/fftw3_nvfortran/lib:/opt/packages/nvidia/hpc_sdk/Linux_x86_64/22.9/math_libs/lib64:/opt/packages/nvidia/hpc_sdk/Linux_x86_64/22.9/compilers/lib:/opt/packages/nvidia/hpc_sdk/Linux_x86_64/22.9/cuda/lib64:/opt/packages/nvidia/hpc_sdk/Linux_x86_64/22.9/comm_libs/openmpi4/openmpi-4.0.5/lib:/opt/packages/nvidia/hpc_sdk/Linux_x86_64/22.9/comm_libs/nvshmem/lib:/opt/packages/nvidia/hpc_sdk/Linux_x86_64/22.9/comm_libs/nccl/lib:/opt/packages/nvidia/hpc_sdk/Linux_x86_64/22.9/math_libs/lib64:/opt/packages/nvidia/hpc_sdk/Linux_x86_64/22.9/compilers/lib:/opt/packages/nvidia/hpc_sdk/Linux_x86_64/22.9/compilers/extras/qd/lib:/opt/packages/nvidia/hpc_sdk/Linux_x86_64/22.9/cuda/extras/CUPTI/lib64:/opt/packages/nvidia/hpc_sdk/Linux_x86_64/22.9/cuda/lib64:/ocean/projects/pscstaff/nnepal/conda/envs/cudaq-env/lib::
+ LD_LIBRARY_PATH=/ocean/projects/pscstaff/nnepal/winter_compet/fftw3_nvfortran/lib:/opt/packages/nvidia/hpc_sdk/Linux_x86_64/22.9/math_libs/lib64:/opt/packages/nvidia/hpc_sdk/Linux_x86_64/22.9/compilers/lib:/opt/packages/nvidia/hpc_sdk/Linux_x86_64/22.9/cuda/lib64:/opt/packages/nvidia/hpc_sdk/Linux_x86_64/22.9/comm_libs/openmpi4/openmpi-4.0.5/lib:/opt/packages/nvidia/hpc_sdk/Linux_x86_64/22.9/comm_libs/nvshmem/lib:/opt/packages/nvidia/hpc_sdk/Linux_x86_64/22.9/comm_libs/nccl/lib:/opt/packages/nvidia/hpc_sdk/Linux_x86_64/22.9/math_libs/lib64:/opt/packages/nvidia/hpc_sdk/Linux_x86_64/22.9/compilers/lib:/opt/packages/nvidia/hpc_sdk/Linux_x86_64/22.9/compilers/extras/qd/lib:/opt/packages/nvidia/hpc_sdk/Linux_x86_64/22.9/cuda/extras/CUPTI/lib64:/opt/packages/nvidia/hpc_sdk/Linux_x86_64/22.9/cuda/lib64:/ocean/projects/pscstaff/nnepal/conda/envs/cudaq-env/lib::
+ nvprof ./cufout
==97900== NVPROF is profiling process 97900, command: ./cufout
   0.9079230       0.3712787       0.4069141    
         1000
 Size of arrays:          1000
 Grid             :             4
 Threads per block:           256
 Constant A:   0.4069141    
   0.9079230       8.4099672E+07
==97900== Profiling application: ./cufout
==97900== Profiling result:
            Type  Time(%)      Time     Calls       Avg       Min       Max  Name
 GPU activities:   39.07%  3.7760us         2  1.8880us  1.8240us  1.9520us  [CUDA memcpy HtoD]
                   38.08%  3.6800us         1  3.6800us  3.6800us  3.6800us  saxpy_
                   22.85%  2.2080us         1  2.2080us  2.2080us  2.2080us  [CUDA memcpy DtoH]
      API calls:   99.69%  241.53ms         2  120.76ms  6.5260us  241.52ms  cudaMalloc
                    0.15%  353.47us       101  3.4990us     133ns  170.71us  cuDeviceGetAttribute
                    0.10%  240.35us         2  120.18us  10.236us  230.11us  cudaFree
                    0.03%  80.504us         3  26.834us  8.2470us  50.158us  cudaMemcpy
                    0.02%  41.089us         1  41.089us  41.089us  41.089us  cudaLaunchKernel
                    0.01%  28.342us         1  28.342us  28.342us  28.342us  cuDeviceGetName
                    0.00%  6.3290us         1  6.3290us  6.3290us  6.3290us  cudaDeviceSynchronize
                    0.00%  6.3090us         1  6.3090us  6.3090us  6.3090us  cuDeviceGetPCIBusId
                    0.00%  1.6100us         3     536ns     210ns  1.1450us  cuDeviceGetCount
                    0.00%     635ns         1     635ns     635ns     635ns  cuModuleGetLoadingMode
                    0.00%     555ns         2     277ns     134ns     421ns  cuDeviceGet
                    0.00%     363ns         1     363ns     363ns     363ns  cuDeviceTotalMem
                    0.00%     222ns         1     222ns     222ns     222ns  cuDeviceGetUuid
