+ module load nvhpc
++ /usr/share/lmod/lmod/libexec/lmod bash load nvhpc
+ eval 'CC=/ocean/projects/pscstaff/nnepal/nvc_hpc/Linux_x86_64/25.1/compilers/bin/nvc;' export 'CC;' '__LMOD_REF_COUNT_CPATH=/ocean/projects/pscstaff/nnepal/nvc_hpc/Linux_x86_64/25.1/compilers/extras/qd/include/qd:1\;/ocean/projects/pscstaff/nnepal/nvc_hpc/Linux_x86_64/25.1/comm_libs/nvshmem/include:1\;/ocean/projects/pscstaff/nnepal/nvc_hpc/Linux_x86_64/25.1/comm_libs/nccl/include:1\;/ocean/projects/pscstaff/nnepal/nvc_hpc/Linux_x86_64/25.1/math_libs/include:1;' export '__LMOD_REF_COUNT_CPATH;' 'CPATH=/ocean/projects/pscstaff/nnepal/nvc_hpc/Linux_x86_64/25.1/compilers/extras/qd/include/qd:/ocean/projects/pscstaff/nnepal/nvc_hpc/Linux_x86_64/25.1/comm_libs/nvshmem/include:/ocean/projects/pscstaff/nnepal/nvc_hpc/Linux_x86_64/25.1/comm_libs/nccl/include:/ocean/projects/pscstaff/nnepal/nvc_hpc/Linux_x86_64/25.1/math_libs/include;' export 'CPATH;' '__LMOD_REF_COUNT_CPLUS_INCLUDE_PATH=/ocean/projects/pscstaff/nnepal/nvc_hpc/Linux_x86_64/25.1/compilers/extras/qd/include/qd:1\;/ocean/projects/pscstaff/nnepal/nvc_hpc/Linux_x86_64/25.1/comm_libs/nvshmem/include:1\;/ocean/projects/pscstaff/nnepal/nvc_hpc/Linux_x86_64/25.1/comm_libs/nccl/include:1\;/ocean/projects/pscstaff/nnepal/nvc_hpc/Linux_x86_64/25.1/math_libs/include:1\;/opt/packages/anaconda3-2024.10-1/include:1;' export '__LMOD_REF_COUNT_CPLUS_INCLUDE_PATH;' 'CPLUS_INCLUDE_PATH=/ocean/projects/pscstaff/nnepal/nvc_hpc/Linux_x86_64/25.1/compilers/extras/qd/include/qd:/ocean/projects/pscstaff/nnepal/nvc_hpc/Linux_x86_64/25.1/comm_libs/nvshmem/include:/ocean/projects/pscstaff/nnepal/nvc_hpc/Linux_x86_64/25.1/comm_libs/nccl/include:/ocean/projects/pscstaff/nnepal/nvc_hpc/Linux_x86_64/25.1/math_libs/include:/opt/packages/anaconda3-2024.10-1/include;' export 'CPLUS_INCLUDE_PATH;' 'CPP=cpp;' export 'CPP;' 'CXX=/ocean/projects/pscstaff/nnepal/nvc_hpc/Linux_x86_64/25.1/compilers/bin/nvc++;' export 'CXX;' '__LMOD_REF_COUNT_C_INCLUDE_PATH=/ocean/projects/pscstaff/nnepal/nvc_hpc/Linux_x86_64/25.1/compilers/extras/qd/include/qd:1\;/ocean/projects/pscstaff/nnepal/nvc_hpc/Linux_x86_64/25.1/comm_libs/nvshmem/include:1\;/ocean/projects/pscstaff/nnepal/nvc_hpc/Linux_x86_64/25.1/comm_libs/nccl/include:1\;/ocean/projects/pscstaff/nnepal/nvc_hpc/Linux_x86_64/25.1/math_libs/include:1\;/opt/packages/anaconda3-2024.10-1/include:1;' export '__LMOD_REF_COUNT_C_INCLUDE_PATH;' 'C_INCLUDE_PATH=/ocean/projects/pscstaff/nnepal/nvc_hpc/Linux_x86_64/25.1/compilers/extras/qd/include/qd:/ocean/projects/pscstaff/nnepal/nvc_hpc/Linux_x86_64/25.1/comm_libs/nvshmem/include:/ocean/projects/pscstaff/nnepal/nvc_hpc/Linux_x86_64/25.1/comm_libs/nccl/include:/ocean/projects/pscstaff/nnepal/nvc_hpc/Linux_x86_64/25.1/math_libs/include:/opt/packages/anaconda3-2024.10-1/include;' export 'C_INCLUDE_PATH;' 'F77=/ocean/projects/pscstaff/nnepal/nvc_hpc/Linux_x86_64/25.1/compilers/bin/nvfortran;' export 'F77;' 'F90=/ocean/projects/pscstaff/nnepal/nvc_hpc/Linux_x86_64/25.1/compilers/bin/nvfortran;' export 'F90;' 'FC=/ocean/projects/pscstaff/nnepal/nvc_hpc/Linux_x86_64/25.1/compilers/bin/nvfortran;' export 'FC;' '__LMOD_REF_COUNT_LD_LIBRARY_PATH=/ocean/projects/pscstaff/nnepal/nvc_hpc/Linux_x86_64/25.1/comm_libs/nvshmem/lib:1\;/ocean/projects/pscstaff/nnepal/nvc_hpc/Linux_x86_64/25.1/comm_libs/nccl/lib:1\;/ocean/projects/pscstaff/nnepal/nvc_hpc/Linux_x86_64/25.1/math_libs/lib64:1\;/ocean/projects/pscstaff/nnepal/nvc_hpc/Linux_x86_64/25.1/compilers/lib:1\;/ocean/projects/pscstaff/nnepal/nvc_hpc/Linux_x86_64/25.1/compilers/extras/qd/lib:1\;/ocean/projects/pscstaff/nnepal/nvc_hpc/Linux_x86_64/25.1/cuda/lib64:1\;/ocean/projects/pscstaff/nnepal/conda/envs/cudaq-env/lib:1;' export '__LMOD_REF_COUNT_LD_LIBRARY_PATH;' 'LD_LIBRARY_PATH=/ocean/projects/pscstaff/nnepal/nvc_hpc/Linux_x86_64/25.1/comm_libs/nvshmem/lib:/ocean/projects/pscstaff/nnepal/nvc_hpc/Linux_x86_64/25.1/comm_libs/nccl/lib:/ocean/projects/pscstaff/nnepal/nvc_hpc/Linux_x86_64/25.1/math_libs/lib64:/ocean/projects/pscstaff/nnepal/nvc_hpc/Linux_x86_64/25.1/compilers/lib:/ocean/projects/pscstaff/nnepal/nvc_hpc/Linux_x86_64/25.1/compilers/extras/qd/lib:/ocean/projects/pscstaff/nnepal/nvc_hpc/Linux_x86_64/25.1/cuda/lib64:/ocean/projects/pscstaff/nnepal/conda/envs/cudaq-env/lib::;' export 'LD_LIBRARY_PATH;' '__LMOD_REF_COUNT_LOADEDMODULES=allocations/1.0:1\;psc.allocations.user/1.0:1\;anaconda3/2024.10-1:1\;nvhpc/25.1:1;' export '__LMOD_REF_COUNT_LOADEDMODULES;' 'LOADEDMODULES=allocations/1.0:psc.allocations.user/1.0:anaconda3/2024.10-1:nvhpc/25.1;' export 'LOADEDMODULES;' '__LMOD_REF_COUNT_MANPATH=/ocean/projects/pscstaff/nnepal/nvc_hpc/Linux_x86_64/25.1/compilers/man:1\;/usr/share/lmod/lmod/share/man:1\;/opt/puppetlabs/puppet/share/man:1\;/opt/packages/anaconda3-2024.10-1/man:1\;/opt/packages/anaconda3-2024.10-1/share/man:1;' export '__LMOD_REF_COUNT_MANPATH;' 'MANPATH=/ocean/projects/pscstaff/nnepal/nvc_hpc/Linux_x86_64/25.1/compilers/man:/usr/share/lmod/lmod/share/man::/opt/puppetlabs/puppet/share/man:/opt/packages/anaconda3-2024.10-1/man:/opt/packages/anaconda3-2024.10-1/share/man;' export 'MANPATH;' 'MODULEPATH=/ocean/projects/pscstaff/nnepal/nvc_hpc/modulefiles:/etc/scl/modulefiles:/opt/modulefiles/production:/opt/modulefiles/preproduction:/opt/modulefiles/deprecated:/usr/share/modulefiles:/usr/share/modulefiles/Linux:/usr/share/modulefiles/Core:/usr/share/lmod/lmod/modulefiles/Core:/ocean/projects/pscstaff/nnepal/modules_niraj;' export 'MODULEPATH;' 'NVHPC=/ocean/projects/pscstaff/nnepal/nvc_hpc;' export 'NVHPC;' 'NVHPC_ROOT=/ocean/projects/pscstaff/nnepal/nvc_hpc/Linux_x86_64/25.1;' export 'NVHPC_ROOT;' '__LMOD_REF_COUNT_PATH=/ocean/projects/pscstaff/nnepal/nvc_hpc/Linux_x86_64/25.1/compilers/extras/qd/bin:1\;/ocean/projects/pscstaff/nnepal/nvc_hpc/Linux_x86_64/25.1/comm_libs/mpi/bin:1\;/ocean/projects/pscstaff/nnepal/nvc_hpc/Linux_x86_64/25.1/compilers/bin:1\;/ocean/projects/pscstaff/nnepal/nvc_hpc/Linux_x86_64/25.1/cuda/bin:1\;/jet/home/nnepal/softwares/qe-7.3/bin:1\;/jet/home/nnepal/softwares/HTESP/src/bash:1\;/ocean/projects/pscstaff/nnepal/openmx3.9/source:1\;/jet/home/nnepal/.local/bin:1\;/jet/home/nnepal/bin:1\;/opt/packages/anaconda3-2024.10-1/bin:2\;/opt/packages/anaconda3-2024.10-1/condabin:2\;/opt/packages/psc.allocations.user/bin:1\;/opt/packages/allocations/bin:1\;/usr/local/bin:1\;/usr/bin:1\;/usr/local/sbin:1\;/usr/sbin:1\;/opt/packages/interact/bin:1\;/opt/puppetlabs/bin:1;' export '__LMOD_REF_COUNT_PATH;' 'PATH=/ocean/projects/pscstaff/nnepal/nvc_hpc/Linux_x86_64/25.1/compilers/extras/qd/bin:/ocean/projects/pscstaff/nnepal/nvc_hpc/Linux_x86_64/25.1/comm_libs/mpi/bin:/ocean/projects/pscstaff/nnepal/nvc_hpc/Linux_x86_64/25.1/compilers/bin:/ocean/projects/pscstaff/nnepal/nvc_hpc/Linux_x86_64/25.1/cuda/bin:/jet/home/nnepal/softwares/qe-7.3/bin:/jet/home/nnepal/softwares/HTESP/src/bash:/ocean/projects/pscstaff/nnepal/openmx3.9/source:/jet/home/nnepal/.local/bin:/jet/home/nnepal/bin:/opt/packages/anaconda3-2024.10-1/bin:/opt/packages/anaconda3-2024.10-1/condabin:/opt/packages/psc.allocations.user/bin:/opt/packages/allocations/bin:/usr/local/bin:/usr/bin:/usr/local/sbin:/usr/sbin:/opt/packages/interact/bin:/opt/puppetlabs/bin;' export 'PATH;' '__LMOD_REF_COUNT__LMFILES_=/opt/modulefiles/production/allocations/1.0.lua:1\;/opt/modulefiles/production/psc.allocations.user/1.0.lua:1\;/opt/modulefiles/production/anaconda3/2024.10-1.lua:1\;/ocean/projects/pscstaff/nnepal/nvc_hpc/modulefiles/nvhpc/25.1:1;' export '__LMOD_REF_COUNT__LMFILES_;' '_LMFILES_=/opt/modulefiles/production/allocations/1.0.lua:/opt/modulefiles/production/psc.allocations.user/1.0.lua:/opt/modulefiles/production/anaconda3/2024.10-1.lua:/ocean/projects/pscstaff/nnepal/nvc_hpc/modulefiles/nvhpc/25.1;' export '_LMFILES_;' '_ModuleTable001_=X01vZHVsZVRhYmxlXz17WyJNVHZlcnNpb24iXT0zLFsiY19yZWJ1aWxkVGltZSJdPWZhbHNlLFsiY19zaG9ydFRpbWUiXT1mYWxzZSxkZXB0aFQ9e30sZmFtaWx5PXt9LG1UPXthbGxvY2F0aW9ucz17WyJmbiJdPSIvb3B0L21vZHVsZWZpbGVzL3Byb2R1Y3Rpb24vYWxsb2NhdGlvbnMvMS4wLmx1YSIsWyJmdWxsTmFtZSJdPSJhbGxvY2F0aW9ucy8xLjAiLFsibG9hZE9yZGVyIl09MSxwcm9wVD17fSxbInN0YWNrRGVwdGgiXT0wLFsic3RhdHVzIl09ImFjdGl2ZSIsWyJ1c2VyTmFtZSJdPSJhbGxvY2F0aW9ucyIsfSxhbmFjb25kYTM9e1siZm4iXT0iL29wdC9tb2R1bGVmaWxlcy9wcm9kdWN0aW9uL2FuYWNvbmRhMy8yMDI0LjEwLTEubHVhIixbImZ1bGxOYW1lIl09ImFuYWNv;' export '_ModuleTable001_;' '_ModuleTable002_=bmRhMy8yMDI0LjEwLTEiLFsibG9hZE9yZGVyIl09Myxwcm9wVD17fSxbInN0YWNrRGVwdGgiXT0wLFsic3RhdHVzIl09ImFjdGl2ZSIsWyJ1c2VyTmFtZSJdPSJhbmFjb25kYTMiLH0sbnZocGM9e1siZm4iXT0iL29jZWFuL3Byb2plY3RzL3BzY3N0YWZmL25uZXBhbC9udmNfaHBjL21vZHVsZWZpbGVzL252aHBjLzI1LjEiLFsiZnVsbE5hbWUiXT0ibnZocGMvMjUuMSIsWyJsb2FkT3JkZXIiXT00LHByb3BUPXt9LFsic3RhY2tEZXB0aCJdPTAsWyJzdGF0dXMiXT0iYWN0aXZlIixbInVzZXJOYW1lIl09Im52aHBjIix9LFsicHNjLmFsbG9jYXRpb25zLnVzZXIiXT17WyJmbiJdPSIvb3B0L21vZHVsZWZpbGVzL3Byb2R1Y3Rpb24vcHNjLmFsbG9jYXRpb25zLnVzZXIvMS4wLmx1;' export '_ModuleTable002_;' '_ModuleTable003_=YSIsWyJmdWxsTmFtZSJdPSJwc2MuYWxsb2NhdGlvbnMudXNlci8xLjAiLFsibG9hZE9yZGVyIl09Mixwcm9wVD17fSxbInN0YWNrRGVwdGgiXT0wLFsic3RhdHVzIl09ImFjdGl2ZSIsWyJ1c2VyTmFtZSJdPSJwc2MuYWxsb2NhdGlvbnMudXNlciIsfSx9LG1wYXRoQT17Ii9vY2Vhbi9wcm9qZWN0cy9wc2NzdGFmZi9ubmVwYWwvbnZjX2hwYy9tb2R1bGVmaWxlcyIsIi9ldGMvc2NsL21vZHVsZWZpbGVzIiwiL29wdC9tb2R1bGVmaWxlcy9wcm9kdWN0aW9uIiwiL29wdC9tb2R1bGVmaWxlcy9wcmVwcm9kdWN0aW9uIiwiL29wdC9tb2R1bGVmaWxlcy9kZXByZWNhdGVkIiwiL3Vzci9zaGFyZS9tb2R1bGVmaWxlcyIsIi91c3Ivc2hhcmUvbW9kdWxlZmlsZXMvTGludXgiLCIvdXNy;' export '_ModuleTable003_;' '_ModuleTable004_=L3NoYXJlL21vZHVsZWZpbGVzL0NvcmUiLCIvdXNyL3NoYXJlL2xtb2QvbG1vZC9tb2R1bGVmaWxlcy9Db3JlIiwiL29jZWFuL3Byb2plY3RzL3BzY3N0YWZmL25uZXBhbC9tb2R1bGVzX25pcmFqIix9LFsic3lzdGVtQmFzZU1QQVRIIl09Ii9ldGMvc2NsL21vZHVsZWZpbGVzOi9vcHQvbW9kdWxlZmlsZXMvcHJvZHVjdGlvbjovb3B0L21vZHVsZWZpbGVzL3ByZXByb2R1Y3Rpb246L29wdC9tb2R1bGVmaWxlcy9kZXByZWNhdGVkOi91c3Ivc2hhcmUvbW9kdWxlZmlsZXM6L3Vzci9zaGFyZS9tb2R1bGVmaWxlcy9MaW51eDovdXNyL3NoYXJlL21vZHVsZWZpbGVzL0NvcmU6L3Vzci9zaGFyZS9sbW9kL2xtb2QvbW9kdWxlZmlsZXMvQ29yZSIsfQ==;' export '_ModuleTable004_;' '_ModuleTable_Sz_=4;' export '_ModuleTable_Sz_;'
++ CC=/ocean/projects/pscstaff/nnepal/nvc_hpc/Linux_x86_64/25.1/compilers/bin/nvc
++ export CC
++ __LMOD_REF_COUNT_CPATH='/ocean/projects/pscstaff/nnepal/nvc_hpc/Linux_x86_64/25.1/compilers/extras/qd/include/qd:1;/ocean/projects/pscstaff/nnepal/nvc_hpc/Linux_x86_64/25.1/comm_libs/nvshmem/include:1;/ocean/projects/pscstaff/nnepal/nvc_hpc/Linux_x86_64/25.1/comm_libs/nccl/include:1;/ocean/projects/pscstaff/nnepal/nvc_hpc/Linux_x86_64/25.1/math_libs/include:1'
++ export __LMOD_REF_COUNT_CPATH
++ CPATH=/ocean/projects/pscstaff/nnepal/nvc_hpc/Linux_x86_64/25.1/compilers/extras/qd/include/qd:/ocean/projects/pscstaff/nnepal/nvc_hpc/Linux_x86_64/25.1/comm_libs/nvshmem/include:/ocean/projects/pscstaff/nnepal/nvc_hpc/Linux_x86_64/25.1/comm_libs/nccl/include:/ocean/projects/pscstaff/nnepal/nvc_hpc/Linux_x86_64/25.1/math_libs/include
++ export CPATH
++ __LMOD_REF_COUNT_CPLUS_INCLUDE_PATH='/ocean/projects/pscstaff/nnepal/nvc_hpc/Linux_x86_64/25.1/compilers/extras/qd/include/qd:1;/ocean/projects/pscstaff/nnepal/nvc_hpc/Linux_x86_64/25.1/comm_libs/nvshmem/include:1;/ocean/projects/pscstaff/nnepal/nvc_hpc/Linux_x86_64/25.1/comm_libs/nccl/include:1;/ocean/projects/pscstaff/nnepal/nvc_hpc/Linux_x86_64/25.1/math_libs/include:1;/opt/packages/anaconda3-2024.10-1/include:1'
++ export __LMOD_REF_COUNT_CPLUS_INCLUDE_PATH
++ CPLUS_INCLUDE_PATH=/ocean/projects/pscstaff/nnepal/nvc_hpc/Linux_x86_64/25.1/compilers/extras/qd/include/qd:/ocean/projects/pscstaff/nnepal/nvc_hpc/Linux_x86_64/25.1/comm_libs/nvshmem/include:/ocean/projects/pscstaff/nnepal/nvc_hpc/Linux_x86_64/25.1/comm_libs/nccl/include:/ocean/projects/pscstaff/nnepal/nvc_hpc/Linux_x86_64/25.1/math_libs/include:/opt/packages/anaconda3-2024.10-1/include
++ export CPLUS_INCLUDE_PATH
++ CPP=cpp
++ export CPP
++ CXX=/ocean/projects/pscstaff/nnepal/nvc_hpc/Linux_x86_64/25.1/compilers/bin/nvc++
++ export CXX
++ __LMOD_REF_COUNT_C_INCLUDE_PATH='/ocean/projects/pscstaff/nnepal/nvc_hpc/Linux_x86_64/25.1/compilers/extras/qd/include/qd:1;/ocean/projects/pscstaff/nnepal/nvc_hpc/Linux_x86_64/25.1/comm_libs/nvshmem/include:1;/ocean/projects/pscstaff/nnepal/nvc_hpc/Linux_x86_64/25.1/comm_libs/nccl/include:1;/ocean/projects/pscstaff/nnepal/nvc_hpc/Linux_x86_64/25.1/math_libs/include:1;/opt/packages/anaconda3-2024.10-1/include:1'
++ export __LMOD_REF_COUNT_C_INCLUDE_PATH
++ C_INCLUDE_PATH=/ocean/projects/pscstaff/nnepal/nvc_hpc/Linux_x86_64/25.1/compilers/extras/qd/include/qd:/ocean/projects/pscstaff/nnepal/nvc_hpc/Linux_x86_64/25.1/comm_libs/nvshmem/include:/ocean/projects/pscstaff/nnepal/nvc_hpc/Linux_x86_64/25.1/comm_libs/nccl/include:/ocean/projects/pscstaff/nnepal/nvc_hpc/Linux_x86_64/25.1/math_libs/include:/opt/packages/anaconda3-2024.10-1/include
++ export C_INCLUDE_PATH
++ F77=/ocean/projects/pscstaff/nnepal/nvc_hpc/Linux_x86_64/25.1/compilers/bin/nvfortran
++ export F77
++ F90=/ocean/projects/pscstaff/nnepal/nvc_hpc/Linux_x86_64/25.1/compilers/bin/nvfortran
++ export F90
++ FC=/ocean/projects/pscstaff/nnepal/nvc_hpc/Linux_x86_64/25.1/compilers/bin/nvfortran
++ export FC
++ __LMOD_REF_COUNT_LD_LIBRARY_PATH='/ocean/projects/pscstaff/nnepal/nvc_hpc/Linux_x86_64/25.1/comm_libs/nvshmem/lib:1;/ocean/projects/pscstaff/nnepal/nvc_hpc/Linux_x86_64/25.1/comm_libs/nccl/lib:1;/ocean/projects/pscstaff/nnepal/nvc_hpc/Linux_x86_64/25.1/math_libs/lib64:1;/ocean/projects/pscstaff/nnepal/nvc_hpc/Linux_x86_64/25.1/compilers/lib:1;/ocean/projects/pscstaff/nnepal/nvc_hpc/Linux_x86_64/25.1/compilers/extras/qd/lib:1;/ocean/projects/pscstaff/nnepal/nvc_hpc/Linux_x86_64/25.1/cuda/lib64:1;/ocean/projects/pscstaff/nnepal/conda/envs/cudaq-env/lib:1'
++ export __LMOD_REF_COUNT_LD_LIBRARY_PATH
++ LD_LIBRARY_PATH=/ocean/projects/pscstaff/nnepal/nvc_hpc/Linux_x86_64/25.1/comm_libs/nvshmem/lib:/ocean/projects/pscstaff/nnepal/nvc_hpc/Linux_x86_64/25.1/comm_libs/nccl/lib:/ocean/projects/pscstaff/nnepal/nvc_hpc/Linux_x86_64/25.1/math_libs/lib64:/ocean/projects/pscstaff/nnepal/nvc_hpc/Linux_x86_64/25.1/compilers/lib:/ocean/projects/pscstaff/nnepal/nvc_hpc/Linux_x86_64/25.1/compilers/extras/qd/lib:/ocean/projects/pscstaff/nnepal/nvc_hpc/Linux_x86_64/25.1/cuda/lib64:/ocean/projects/pscstaff/nnepal/conda/envs/cudaq-env/lib::
++ export LD_LIBRARY_PATH
++ __LMOD_REF_COUNT_LOADEDMODULES='allocations/1.0:1;psc.allocations.user/1.0:1;anaconda3/2024.10-1:1;nvhpc/25.1:1'
++ export __LMOD_REF_COUNT_LOADEDMODULES
++ LOADEDMODULES=allocations/1.0:psc.allocations.user/1.0:anaconda3/2024.10-1:nvhpc/25.1
++ export LOADEDMODULES
++ __LMOD_REF_COUNT_MANPATH='/ocean/projects/pscstaff/nnepal/nvc_hpc/Linux_x86_64/25.1/compilers/man:1;/usr/share/lmod/lmod/share/man:1;/opt/puppetlabs/puppet/share/man:1;/opt/packages/anaconda3-2024.10-1/man:1;/opt/packages/anaconda3-2024.10-1/share/man:1'
++ export __LMOD_REF_COUNT_MANPATH
++ MANPATH=/ocean/projects/pscstaff/nnepal/nvc_hpc/Linux_x86_64/25.1/compilers/man:/usr/share/lmod/lmod/share/man::/opt/puppetlabs/puppet/share/man:/opt/packages/anaconda3-2024.10-1/man:/opt/packages/anaconda3-2024.10-1/share/man
++ export MANPATH
++ MODULEPATH=/ocean/projects/pscstaff/nnepal/nvc_hpc/modulefiles:/etc/scl/modulefiles:/opt/modulefiles/production:/opt/modulefiles/preproduction:/opt/modulefiles/deprecated:/usr/share/modulefiles:/usr/share/modulefiles/Linux:/usr/share/modulefiles/Core:/usr/share/lmod/lmod/modulefiles/Core:/ocean/projects/pscstaff/nnepal/modules_niraj
++ export MODULEPATH
++ NVHPC=/ocean/projects/pscstaff/nnepal/nvc_hpc
++ export NVHPC
++ NVHPC_ROOT=/ocean/projects/pscstaff/nnepal/nvc_hpc/Linux_x86_64/25.1
++ export NVHPC_ROOT
++ __LMOD_REF_COUNT_PATH='/ocean/projects/pscstaff/nnepal/nvc_hpc/Linux_x86_64/25.1/compilers/extras/qd/bin:1;/ocean/projects/pscstaff/nnepal/nvc_hpc/Linux_x86_64/25.1/comm_libs/mpi/bin:1;/ocean/projects/pscstaff/nnepal/nvc_hpc/Linux_x86_64/25.1/compilers/bin:1;/ocean/projects/pscstaff/nnepal/nvc_hpc/Linux_x86_64/25.1/cuda/bin:1;/jet/home/nnepal/softwares/qe-7.3/bin:1;/jet/home/nnepal/softwares/HTESP/src/bash:1;/ocean/projects/pscstaff/nnepal/openmx3.9/source:1;/jet/home/nnepal/.local/bin:1;/jet/home/nnepal/bin:1;/opt/packages/anaconda3-2024.10-1/bin:2;/opt/packages/anaconda3-2024.10-1/condabin:2;/opt/packages/psc.allocations.user/bin:1;/opt/packages/allocations/bin:1;/usr/local/bin:1;/usr/bin:1;/usr/local/sbin:1;/usr/sbin:1;/opt/packages/interact/bin:1;/opt/puppetlabs/bin:1'
++ export __LMOD_REF_COUNT_PATH
++ PATH=/ocean/projects/pscstaff/nnepal/nvc_hpc/Linux_x86_64/25.1/compilers/extras/qd/bin:/ocean/projects/pscstaff/nnepal/nvc_hpc/Linux_x86_64/25.1/comm_libs/mpi/bin:/ocean/projects/pscstaff/nnepal/nvc_hpc/Linux_x86_64/25.1/compilers/bin:/ocean/projects/pscstaff/nnepal/nvc_hpc/Linux_x86_64/25.1/cuda/bin:/jet/home/nnepal/softwares/qe-7.3/bin:/jet/home/nnepal/softwares/HTESP/src/bash:/ocean/projects/pscstaff/nnepal/openmx3.9/source:/jet/home/nnepal/.local/bin:/jet/home/nnepal/bin:/opt/packages/anaconda3-2024.10-1/bin:/opt/packages/anaconda3-2024.10-1/condabin:/opt/packages/psc.allocations.user/bin:/opt/packages/allocations/bin:/usr/local/bin:/usr/bin:/usr/local/sbin:/usr/sbin:/opt/packages/interact/bin:/opt/puppetlabs/bin
++ export PATH
++ __LMOD_REF_COUNT__LMFILES_='/opt/modulefiles/production/allocations/1.0.lua:1;/opt/modulefiles/production/psc.allocations.user/1.0.lua:1;/opt/modulefiles/production/anaconda3/2024.10-1.lua:1;/ocean/projects/pscstaff/nnepal/nvc_hpc/modulefiles/nvhpc/25.1:1'
++ export __LMOD_REF_COUNT__LMFILES_
++ _LMFILES_=/opt/modulefiles/production/allocations/1.0.lua:/opt/modulefiles/production/psc.allocations.user/1.0.lua:/opt/modulefiles/production/anaconda3/2024.10-1.lua:/ocean/projects/pscstaff/nnepal/nvc_hpc/modulefiles/nvhpc/25.1
++ export _LMFILES_
++ _ModuleTable001_=X01vZHVsZVRhYmxlXz17WyJNVHZlcnNpb24iXT0zLFsiY19yZWJ1aWxkVGltZSJdPWZhbHNlLFsiY19zaG9ydFRpbWUiXT1mYWxzZSxkZXB0aFQ9e30sZmFtaWx5PXt9LG1UPXthbGxvY2F0aW9ucz17WyJmbiJdPSIvb3B0L21vZHVsZWZpbGVzL3Byb2R1Y3Rpb24vYWxsb2NhdGlvbnMvMS4wLmx1YSIsWyJmdWxsTmFtZSJdPSJhbGxvY2F0aW9ucy8xLjAiLFsibG9hZE9yZGVyIl09MSxwcm9wVD17fSxbInN0YWNrRGVwdGgiXT0wLFsic3RhdHVzIl09ImFjdGl2ZSIsWyJ1c2VyTmFtZSJdPSJhbGxvY2F0aW9ucyIsfSxhbmFjb25kYTM9e1siZm4iXT0iL29wdC9tb2R1bGVmaWxlcy9wcm9kdWN0aW9uL2FuYWNvbmRhMy8yMDI0LjEwLTEubHVhIixbImZ1bGxOYW1lIl09ImFuYWNv
++ export _ModuleTable001_
++ _ModuleTable002_=bmRhMy8yMDI0LjEwLTEiLFsibG9hZE9yZGVyIl09Myxwcm9wVD17fSxbInN0YWNrRGVwdGgiXT0wLFsic3RhdHVzIl09ImFjdGl2ZSIsWyJ1c2VyTmFtZSJdPSJhbmFjb25kYTMiLH0sbnZocGM9e1siZm4iXT0iL29jZWFuL3Byb2plY3RzL3BzY3N0YWZmL25uZXBhbC9udmNfaHBjL21vZHVsZWZpbGVzL252aHBjLzI1LjEiLFsiZnVsbE5hbWUiXT0ibnZocGMvMjUuMSIsWyJsb2FkT3JkZXIiXT00LHByb3BUPXt9LFsic3RhY2tEZXB0aCJdPTAsWyJzdGF0dXMiXT0iYWN0aXZlIixbInVzZXJOYW1lIl09Im52aHBjIix9LFsicHNjLmFsbG9jYXRpb25zLnVzZXIiXT17WyJmbiJdPSIvb3B0L21vZHVsZWZpbGVzL3Byb2R1Y3Rpb24vcHNjLmFsbG9jYXRpb25zLnVzZXIvMS4wLmx1
++ export _ModuleTable002_
++ _ModuleTable003_=YSIsWyJmdWxsTmFtZSJdPSJwc2MuYWxsb2NhdGlvbnMudXNlci8xLjAiLFsibG9hZE9yZGVyIl09Mixwcm9wVD17fSxbInN0YWNrRGVwdGgiXT0wLFsic3RhdHVzIl09ImFjdGl2ZSIsWyJ1c2VyTmFtZSJdPSJwc2MuYWxsb2NhdGlvbnMudXNlciIsfSx9LG1wYXRoQT17Ii9vY2Vhbi9wcm9qZWN0cy9wc2NzdGFmZi9ubmVwYWwvbnZjX2hwYy9tb2R1bGVmaWxlcyIsIi9ldGMvc2NsL21vZHVsZWZpbGVzIiwiL29wdC9tb2R1bGVmaWxlcy9wcm9kdWN0aW9uIiwiL29wdC9tb2R1bGVmaWxlcy9wcmVwcm9kdWN0aW9uIiwiL29wdC9tb2R1bGVmaWxlcy9kZXByZWNhdGVkIiwiL3Vzci9zaGFyZS9tb2R1bGVmaWxlcyIsIi91c3Ivc2hhcmUvbW9kdWxlZmlsZXMvTGludXgiLCIvdXNy
++ export _ModuleTable003_
++ _ModuleTable004_=L3NoYXJlL21vZHVsZWZpbGVzL0NvcmUiLCIvdXNyL3NoYXJlL2xtb2QvbG1vZC9tb2R1bGVmaWxlcy9Db3JlIiwiL29jZWFuL3Byb2plY3RzL3BzY3N0YWZmL25uZXBhbC9tb2R1bGVzX25pcmFqIix9LFsic3lzdGVtQmFzZU1QQVRIIl09Ii9ldGMvc2NsL21vZHVsZWZpbGVzOi9vcHQvbW9kdWxlZmlsZXMvcHJvZHVjdGlvbjovb3B0L21vZHVsZWZpbGVzL3ByZXByb2R1Y3Rpb246L29wdC9tb2R1bGVmaWxlcy9kZXByZWNhdGVkOi91c3Ivc2hhcmUvbW9kdWxlZmlsZXM6L3Vzci9zaGFyZS9tb2R1bGVmaWxlcy9MaW51eDovdXNyL3NoYXJlL21vZHVsZWZpbGVzL0NvcmU6L3Vzci9zaGFyZS9sbW9kL2xtb2QvbW9kdWxlZmlsZXMvQ29yZSIsfQ==
++ export _ModuleTable004_
++ _ModuleTable_Sz_=4
++ export _ModuleTable_Sz_
++ : -s sh
+ eval
+ ret=0
+ /usr/share/lmod/8.2.7/libexec/log_modules load nvhpc
+ return 0
+ nvprof ./f90out
==19316== NVPROF is profiling process 19316, command: ./f90out
Warning: ieee_inexact is signaling
FORTRAN STOP
 Host x(1:5):     2.000000        2.000000        2.000000        2.000000     
    2.000000    
 Host y(1:5):     3.000000        3.000000        3.000000        3.000000     
    3.000000    
 Copied to device
 Launching kernel with N =         10000
 Grid size:            40
 Block size: 256
 Kernel launch failed: 
 invalid argument                                                                                                                
==19316== Profiling application: ./f90out
==19316== Profiling result:
            Type  Time(%)      Time     Calls       Avg       Min       Max  Name
 GPU activities:  100.00%  11.616us         2  5.8080us  5.7920us  5.8240us  [CUDA memcpy HtoD]
      API calls:   97.78%  108.69ms         1  108.69ms  108.69ms  108.69ms  cuDevicePrimaryCtxRetain
                    0.86%  961.14us         1  961.14us  961.14us  961.14us  cuMemAllocHost
                    0.46%  506.54us         2  253.27us  24.211us  482.32us  cudaMemcpy
                    0.32%  357.28us       120  2.9770us      78ns  176.55us  cuDeviceGetAttribute
                    0.29%  326.11us         1  326.11us  326.11us  326.11us  cudaLaunchKernel
                    0.17%  192.92us         3  64.305us  2.8250us  185.38us  cuMemAlloc
                    0.07%  81.639us       412     198ns      79ns  2.2290us  cuGetProcAddress
                    0.01%  9.7960us         1  9.7960us  9.7960us  9.7960us  cuDeviceGetName
                    0.01%  8.1270us         1  8.1270us  8.1270us  8.1270us  cuDeviceGetPCIBusId
                    0.01%  5.7070us         2  2.8530us     193ns  5.5140us  cuCtxGetCurrent
                    0.00%  4.2730us         1  4.2730us  4.2730us  4.2730us  cudaGetDevice
                    0.00%  3.5240us         1  3.5240us  3.5240us  3.5240us  cudaDeviceSynchronize
                    0.00%  1.7430us         4     435ns      84ns  1.0200us  cuCtxSetCurrent
                    0.00%  1.3390us         1  1.3390us  1.3390us  1.3390us  cudaGetErrorString
                    0.00%  1.3050us         1  1.3050us  1.3050us  1.3050us  cudaGetLastError
                    0.00%     878ns         4     219ns      97ns     521ns  cuDeviceGetCount
                    0.00%     716ns         1     716ns     716ns     716ns  cuInit
                    0.00%     668ns         3     222ns      77ns     505ns  cuDeviceGet
                    0.00%     383ns         4      95ns      78ns     109ns  cuDriverGetVersion
                    0.00%     304ns         1     304ns     304ns     304ns  cuDeviceComputeCapability
                    0.00%     287ns         1     287ns     287ns     287ns  cuDeviceGetUuid
                    0.00%     238ns         1     238ns     238ns     238ns  cuDeviceTotalMem
                    0.00%     105ns         1     105ns     105ns     105ns  cuModuleGetLoadingMode
 OpenACC (excl):  100.00%  16.504us         1  16.504us  16.504us  16.504us  acc_device_init
                    0.00%       0ns         2       0ns       0ns       0ns  acc_alloc
