+ module load nvhpc
++ /usr/share/lmod/lmod/libexec/lmod bash load nvhpc
+ eval 'CC=/ocean/projects/pscstaff/nnepal/nvc_hpc/Linux_x86_64/25.1/compilers/bin/nvc;' export 'CC;' '__LMOD_REF_COUNT_CPATH=/ocean/projects/pscstaff/nnepal/nvc_hpc/Linux_x86_64/25.1/compilers/extras/qd/include/qd:1\;/ocean/projects/pscstaff/nnepal/nvc_hpc/Linux_x86_64/25.1/comm_libs/nvshmem/include:1\;/ocean/projects/pscstaff/nnepal/nvc_hpc/Linux_x86_64/25.1/comm_libs/nccl/include:1\;/ocean/projects/pscstaff/nnepal/nvc_hpc/Linux_x86_64/25.1/math_libs/include:1;' export '__LMOD_REF_COUNT_CPATH;' 'CPATH=/ocean/projects/pscstaff/nnepal/nvc_hpc/Linux_x86_64/25.1/compilers/extras/qd/include/qd:/ocean/projects/pscstaff/nnepal/nvc_hpc/Linux_x86_64/25.1/comm_libs/nvshmem/include:/ocean/projects/pscstaff/nnepal/nvc_hpc/Linux_x86_64/25.1/comm_libs/nccl/include:/ocean/projects/pscstaff/nnepal/nvc_hpc/Linux_x86_64/25.1/math_libs/include;' export 'CPATH;' '__LMOD_REF_COUNT_CPLUS_INCLUDE_PATH=/ocean/projects/pscstaff/nnepal/nvc_hpc/Linux_x86_64/25.1/compilers/extras/qd/include/qd:1\;/ocean/projects/pscstaff/nnepal/nvc_hpc/Linux_x86_64/25.1/comm_libs/nvshmem/include:1\;/ocean/projects/pscstaff/nnepal/nvc_hpc/Linux_x86_64/25.1/comm_libs/nccl/include:1\;/ocean/projects/pscstaff/nnepal/nvc_hpc/Linux_x86_64/25.1/math_libs/include:1\;/opt/packages/anaconda3-2024.10-1/include:1;' export '__LMOD_REF_COUNT_CPLUS_INCLUDE_PATH;' 'CPLUS_INCLUDE_PATH=/ocean/projects/pscstaff/nnepal/nvc_hpc/Linux_x86_64/25.1/compilers/extras/qd/include/qd:/ocean/projects/pscstaff/nnepal/nvc_hpc/Linux_x86_64/25.1/comm_libs/nvshmem/include:/ocean/projects/pscstaff/nnepal/nvc_hpc/Linux_x86_64/25.1/comm_libs/nccl/include:/ocean/projects/pscstaff/nnepal/nvc_hpc/Linux_x86_64/25.1/math_libs/include:/opt/packages/anaconda3-2024.10-1/include;' export 'CPLUS_INCLUDE_PATH;' 'CPP=cpp;' export 'CPP;' 'CXX=/ocean/projects/pscstaff/nnepal/nvc_hpc/Linux_x86_64/25.1/compilers/bin/nvc++;' export 'CXX;' '__LMOD_REF_COUNT_C_INCLUDE_PATH=/ocean/projects/pscstaff/nnepal/nvc_hpc/Linux_x86_64/25.1/compilers/extras/qd/include/qd:1\;/ocean/projects/pscstaff/nnepal/nvc_hpc/Linux_x86_64/25.1/comm_libs/nvshmem/include:1\;/ocean/projects/pscstaff/nnepal/nvc_hpc/Linux_x86_64/25.1/comm_libs/nccl/include:1\;/ocean/projects/pscstaff/nnepal/nvc_hpc/Linux_x86_64/25.1/math_libs/include:1\;/opt/packages/anaconda3-2024.10-1/include:1;' export '__LMOD_REF_COUNT_C_INCLUDE_PATH;' 'C_INCLUDE_PATH=/ocean/projects/pscstaff/nnepal/nvc_hpc/Linux_x86_64/25.1/compilers/extras/qd/include/qd:/ocean/projects/pscstaff/nnepal/nvc_hpc/Linux_x86_64/25.1/comm_libs/nvshmem/include:/ocean/projects/pscstaff/nnepal/nvc_hpc/Linux_x86_64/25.1/comm_libs/nccl/include:/ocean/projects/pscstaff/nnepal/nvc_hpc/Linux_x86_64/25.1/math_libs/include:/opt/packages/anaconda3-2024.10-1/include;' export 'C_INCLUDE_PATH;' 'F77=/ocean/projects/pscstaff/nnepal/nvc_hpc/Linux_x86_64/25.1/compilers/bin/nvfortran;' export 'F77;' 'F90=/ocean/projects/pscstaff/nnepal/nvc_hpc/Linux_x86_64/25.1/compilers/bin/nvfortran;' export 'F90;' 'FC=/ocean/projects/pscstaff/nnepal/nvc_hpc/Linux_x86_64/25.1/compilers/bin/nvfortran;' export 'FC;' '__LMOD_REF_COUNT_LD_LIBRARY_PATH=/ocean/projects/pscstaff/nnepal/nvc_hpc/Linux_x86_64/25.1/comm_libs/nvshmem/lib:1\;/ocean/projects/pscstaff/nnepal/nvc_hpc/Linux_x86_64/25.1/comm_libs/nccl/lib:1\;/ocean/projects/pscstaff/nnepal/nvc_hpc/Linux_x86_64/25.1/math_libs/lib64:1\;/ocean/projects/pscstaff/nnepal/nvc_hpc/Linux_x86_64/25.1/compilers/lib:1\;/ocean/projects/pscstaff/nnepal/nvc_hpc/Linux_x86_64/25.1/compilers/extras/qd/lib:1\;/ocean/projects/pscstaff/nnepal/nvc_hpc/Linux_x86_64/25.1/cuda/lib64:1\;/ocean/projects/pscstaff/nnepal/conda/envs/cudaq-env/lib:1;' export '__LMOD_REF_COUNT_LD_LIBRARY_PATH;' 'LD_LIBRARY_PATH=/ocean/projects/pscstaff/nnepal/nvc_hpc/Linux_x86_64/25.1/comm_libs/nvshmem/lib:/ocean/projects/pscstaff/nnepal/nvc_hpc/Linux_x86_64/25.1/comm_libs/nccl/lib:/ocean/projects/pscstaff/nnepal/nvc_hpc/Linux_x86_64/25.1/math_libs/lib64:/ocean/projects/pscstaff/nnepal/nvc_hpc/Linux_x86_64/25.1/compilers/lib:/ocean/projects/pscstaff/nnepal/nvc_hpc/Linux_x86_64/25.1/compilers/extras/qd/lib:/ocean/projects/pscstaff/nnepal/nvc_hpc/Linux_x86_64/25.1/cuda/lib64:/ocean/projects/pscstaff/nnepal/conda/envs/cudaq-env/lib::;' export 'LD_LIBRARY_PATH;' '__LMOD_REF_COUNT_LOADEDMODULES=allocations/1.0:1\;psc.allocations.user/1.0:1\;anaconda3/2024.10-1:1\;nvhpc/25.1:1;' export '__LMOD_REF_COUNT_LOADEDMODULES;' 'LOADEDMODULES=allocations/1.0:psc.allocations.user/1.0:anaconda3/2024.10-1:nvhpc/25.1;' export 'LOADEDMODULES;' '__LMOD_REF_COUNT_MANPATH=/ocean/projects/pscstaff/nnepal/nvc_hpc/Linux_x86_64/25.1/compilers/man:1\;/usr/share/lmod/lmod/share/man:1\;/opt/puppetlabs/puppet/share/man:1\;/opt/packages/anaconda3-2024.10-1/man:1\;/opt/packages/anaconda3-2024.10-1/share/man:1;' export '__LMOD_REF_COUNT_MANPATH;' 'MANPATH=/ocean/projects/pscstaff/nnepal/nvc_hpc/Linux_x86_64/25.1/compilers/man:/usr/share/lmod/lmod/share/man::/opt/puppetlabs/puppet/share/man:/opt/packages/anaconda3-2024.10-1/man:/opt/packages/anaconda3-2024.10-1/share/man;' export 'MANPATH;' 'MODULEPATH=/ocean/projects/pscstaff/nnepal/nvc_hpc/modulefiles:/etc/scl/modulefiles:/opt/modulefiles/production:/opt/modulefiles/preproduction:/opt/modulefiles/deprecated:/usr/share/modulefiles:/usr/share/modulefiles/Linux:/usr/share/modulefiles/Core:/usr/share/lmod/lmod/modulefiles/Core:/ocean/projects/pscstaff/nnepal/modules_niraj;' export 'MODULEPATH;' 'NVHPC=/ocean/projects/pscstaff/nnepal/nvc_hpc;' export 'NVHPC;' 'NVHPC_ROOT=/ocean/projects/pscstaff/nnepal/nvc_hpc/Linux_x86_64/25.1;' export 'NVHPC_ROOT;' '__LMOD_REF_COUNT_PATH=/ocean/projects/pscstaff/nnepal/nvc_hpc/Linux_x86_64/25.1/compilers/extras/qd/bin:1\;/ocean/projects/pscstaff/nnepal/nvc_hpc/Linux_x86_64/25.1/comm_libs/mpi/bin:1\;/ocean/projects/pscstaff/nnepal/nvc_hpc/Linux_x86_64/25.1/compilers/bin:1\;/ocean/projects/pscstaff/nnepal/nvc_hpc/Linux_x86_64/25.1/cuda/bin:1\;/jet/home/nnepal/softwares/qe-7.3/bin:1\;/jet/home/nnepal/softwares/HTESP/src/bash:1\;/ocean/projects/pscstaff/nnepal/openmx3.9/source:1\;/jet/home/nnepal/.local/bin:1\;/jet/home/nnepal/bin:1\;/opt/packages/anaconda3-2024.10-1/bin:2\;/opt/packages/anaconda3-2024.10-1/condabin:2\;/opt/packages/psc.allocations.user/bin:1\;/opt/packages/allocations/bin:1\;/usr/local/bin:1\;/usr/bin:1\;/usr/local/sbin:1\;/usr/sbin:1\;/opt/packages/interact/bin:1\;/opt/puppetlabs/bin:1;' export '__LMOD_REF_COUNT_PATH;' 'PATH=/ocean/projects/pscstaff/nnepal/nvc_hpc/Linux_x86_64/25.1/compilers/extras/qd/bin:/ocean/projects/pscstaff/nnepal/nvc_hpc/Linux_x86_64/25.1/comm_libs/mpi/bin:/ocean/projects/pscstaff/nnepal/nvc_hpc/Linux_x86_64/25.1/compilers/bin:/ocean/projects/pscstaff/nnepal/nvc_hpc/Linux_x86_64/25.1/cuda/bin:/jet/home/nnepal/softwares/qe-7.3/bin:/jet/home/nnepal/softwares/HTESP/src/bash:/ocean/projects/pscstaff/nnepal/openmx3.9/source:/jet/home/nnepal/.local/bin:/jet/home/nnepal/bin:/opt/packages/anaconda3-2024.10-1/bin:/opt/packages/anaconda3-2024.10-1/condabin:/opt/packages/psc.allocations.user/bin:/opt/packages/allocations/bin:/usr/local/bin:/usr/bin:/usr/local/sbin:/usr/sbin:/opt/packages/interact/bin:/opt/puppetlabs/bin;' export 'PATH;' '__LMOD_REF_COUNT__LMFILES_=/opt/modulefiles/production/allocations/1.0.lua:1\;/opt/modulefiles/production/psc.allocations.user/1.0.lua:1\;/opt/modulefiles/production/anaconda3/2024.10-1.lua:1\;/ocean/projects/pscstaff/nnepal/nvc_hpc/modulefiles/nvhpc/25.1:1;' export '__LMOD_REF_COUNT__LMFILES_;' '_LMFILES_=/opt/modulefiles/production/allocations/1.0.lua:/opt/modulefiles/production/psc.allocations.user/1.0.lua:/opt/modulefiles/production/anaconda3/2024.10-1.lua:/ocean/projects/pscstaff/nnepal/nvc_hpc/modulefiles/nvhpc/25.1;' export '_LMFILES_;' '_ModuleTable001_=X01vZHVsZVRhYmxlXz17WyJNVHZlcnNpb24iXT0zLFsiY19yZWJ1aWxkVGltZSJdPWZhbHNlLFsiY19zaG9ydFRpbWUiXT1mYWxzZSxkZXB0aFQ9e30sZmFtaWx5PXt9LG1UPXthbGxvY2F0aW9ucz17WyJmbiJdPSIvb3B0L21vZHVsZWZpbGVzL3Byb2R1Y3Rpb24vYWxsb2NhdGlvbnMvMS4wLmx1YSIsWyJmdWxsTmFtZSJdPSJhbGxvY2F0aW9ucy8xLjAiLFsibG9hZE9yZGVyIl09MSxwcm9wVD17fSxbInN0YWNrRGVwdGgiXT0wLFsic3RhdHVzIl09ImFjdGl2ZSIsWyJ1c2VyTmFtZSJdPSJhbGxvY2F0aW9ucyIsfSxhbmFjb25kYTM9e1siZm4iXT0iL29wdC9tb2R1bGVmaWxlcy9wcm9kdWN0aW9uL2FuYWNvbmRhMy8yMDI0LjEwLTEubHVhIixbImZ1bGxOYW1lIl09ImFuYWNv;' export '_ModuleTable001_;' '_ModuleTable002_=bmRhMy8yMDI0LjEwLTEiLFsibG9hZE9yZGVyIl09Myxwcm9wVD17fSxbInN0YWNrRGVwdGgiXT0wLFsic3RhdHVzIl09ImFjdGl2ZSIsWyJ1c2VyTmFtZSJdPSJhbmFjb25kYTMiLH0sbnZocGM9e1siZm4iXT0iL29jZWFuL3Byb2plY3RzL3BzY3N0YWZmL25uZXBhbC9udmNfaHBjL21vZHVsZWZpbGVzL252aHBjLzI1LjEiLFsiZnVsbE5hbWUiXT0ibnZocGMvMjUuMSIsWyJsb2FkT3JkZXIiXT00LHByb3BUPXt9LFsic3RhY2tEZXB0aCJdPTAsWyJzdGF0dXMiXT0iYWN0aXZlIixbInVzZXJOYW1lIl09Im52aHBjIix9LFsicHNjLmFsbG9jYXRpb25zLnVzZXIiXT17WyJmbiJdPSIvb3B0L21vZHVsZWZpbGVzL3Byb2R1Y3Rpb24vcHNjLmFsbG9jYXRpb25zLnVzZXIvMS4wLmx1;' export '_ModuleTable002_;' '_ModuleTable003_=YSIsWyJmdWxsTmFtZSJdPSJwc2MuYWxsb2NhdGlvbnMudXNlci8xLjAiLFsibG9hZE9yZGVyIl09Mixwcm9wVD17fSxbInN0YWNrRGVwdGgiXT0wLFsic3RhdHVzIl09ImFjdGl2ZSIsWyJ1c2VyTmFtZSJdPSJwc2MuYWxsb2NhdGlvbnMudXNlciIsfSx9LG1wYXRoQT17Ii9vY2Vhbi9wcm9qZWN0cy9wc2NzdGFmZi9ubmVwYWwvbnZjX2hwYy9tb2R1bGVmaWxlcyIsIi9ldGMvc2NsL21vZHVsZWZpbGVzIiwiL29wdC9tb2R1bGVmaWxlcy9wcm9kdWN0aW9uIiwiL29wdC9tb2R1bGVmaWxlcy9wcmVwcm9kdWN0aW9uIiwiL29wdC9tb2R1bGVmaWxlcy9kZXByZWNhdGVkIiwiL3Vzci9zaGFyZS9tb2R1bGVmaWxlcyIsIi91c3Ivc2hhcmUvbW9kdWxlZmlsZXMvTGludXgiLCIvdXNy;' export '_ModuleTable003_;' '_ModuleTable004_=L3NoYXJlL21vZHVsZWZpbGVzL0NvcmUiLCIvdXNyL3NoYXJlL2xtb2QvbG1vZC9tb2R1bGVmaWxlcy9Db3JlIiwiL29jZWFuL3Byb2plY3RzL3BzY3N0YWZmL25uZXBhbC9tb2R1bGVzX25pcmFqIix9LFsic3lzdGVtQmFzZU1QQVRIIl09Ii9ldGMvc2NsL21vZHVsZWZpbGVzOi9vcHQvbW9kdWxlZmlsZXMvcHJvZHVjdGlvbjovb3B0L21vZHVsZWZpbGVzL3ByZXByb2R1Y3Rpb246L29wdC9tb2R1bGVmaWxlcy9kZXByZWNhdGVkOi91c3Ivc2hhcmUvbW9kdWxlZmlsZXM6L3Vzci9zaGFyZS9tb2R1bGVmaWxlcy9MaW51eDovdXNyL3NoYXJlL21vZHVsZWZpbGVzL0NvcmU6L3Vzci9zaGFyZS9sbW9kL2xtb2QvbW9kdWxlZmlsZXMvQ29yZSIsfQ==;' export '_ModuleTable004_;' '_ModuleTable_Sz_=4;' export '_ModuleTable_Sz_;'
++ CC=/ocean/projects/pscstaff/nnepal/nvc_hpc/Linux_x86_64/25.1/compilers/bin/nvc
++ export CC
++ __LMOD_REF_COUNT_CPATH='/ocean/projects/pscstaff/nnepal/nvc_hpc/Linux_x86_64/25.1/compilers/extras/qd/include/qd:1;/ocean/projects/pscstaff/nnepal/nvc_hpc/Linux_x86_64/25.1/comm_libs/nvshmem/include:1;/ocean/projects/pscstaff/nnepal/nvc_hpc/Linux_x86_64/25.1/comm_libs/nccl/include:1;/ocean/projects/pscstaff/nnepal/nvc_hpc/Linux_x86_64/25.1/math_libs/include:1'
++ export __LMOD_REF_COUNT_CPATH
++ CPATH=/ocean/projects/pscstaff/nnepal/nvc_hpc/Linux_x86_64/25.1/compilers/extras/qd/include/qd:/ocean/projects/pscstaff/nnepal/nvc_hpc/Linux_x86_64/25.1/comm_libs/nvshmem/include:/ocean/projects/pscstaff/nnepal/nvc_hpc/Linux_x86_64/25.1/comm_libs/nccl/include:/ocean/projects/pscstaff/nnepal/nvc_hpc/Linux_x86_64/25.1/math_libs/include
++ export CPATH
++ __LMOD_REF_COUNT_CPLUS_INCLUDE_PATH='/ocean/projects/pscstaff/nnepal/nvc_hpc/Linux_x86_64/25.1/compilers/extras/qd/include/qd:1;/ocean/projects/pscstaff/nnepal/nvc_hpc/Linux_x86_64/25.1/comm_libs/nvshmem/include:1;/ocean/projects/pscstaff/nnepal/nvc_hpc/Linux_x86_64/25.1/comm_libs/nccl/include:1;/ocean/projects/pscstaff/nnepal/nvc_hpc/Linux_x86_64/25.1/math_libs/include:1;/opt/packages/anaconda3-2024.10-1/include:1'
++ export __LMOD_REF_COUNT_CPLUS_INCLUDE_PATH
++ CPLUS_INCLUDE_PATH=/ocean/projects/pscstaff/nnepal/nvc_hpc/Linux_x86_64/25.1/compilers/extras/qd/include/qd:/ocean/projects/pscstaff/nnepal/nvc_hpc/Linux_x86_64/25.1/comm_libs/nvshmem/include:/ocean/projects/pscstaff/nnepal/nvc_hpc/Linux_x86_64/25.1/comm_libs/nccl/include:/ocean/projects/pscstaff/nnepal/nvc_hpc/Linux_x86_64/25.1/math_libs/include:/opt/packages/anaconda3-2024.10-1/include
++ export CPLUS_INCLUDE_PATH
++ CPP=cpp
++ export CPP
++ CXX=/ocean/projects/pscstaff/nnepal/nvc_hpc/Linux_x86_64/25.1/compilers/bin/nvc++
++ export CXX
++ __LMOD_REF_COUNT_C_INCLUDE_PATH='/ocean/projects/pscstaff/nnepal/nvc_hpc/Linux_x86_64/25.1/compilers/extras/qd/include/qd:1;/ocean/projects/pscstaff/nnepal/nvc_hpc/Linux_x86_64/25.1/comm_libs/nvshmem/include:1;/ocean/projects/pscstaff/nnepal/nvc_hpc/Linux_x86_64/25.1/comm_libs/nccl/include:1;/ocean/projects/pscstaff/nnepal/nvc_hpc/Linux_x86_64/25.1/math_libs/include:1;/opt/packages/anaconda3-2024.10-1/include:1'
++ export __LMOD_REF_COUNT_C_INCLUDE_PATH
++ C_INCLUDE_PATH=/ocean/projects/pscstaff/nnepal/nvc_hpc/Linux_x86_64/25.1/compilers/extras/qd/include/qd:/ocean/projects/pscstaff/nnepal/nvc_hpc/Linux_x86_64/25.1/comm_libs/nvshmem/include:/ocean/projects/pscstaff/nnepal/nvc_hpc/Linux_x86_64/25.1/comm_libs/nccl/include:/ocean/projects/pscstaff/nnepal/nvc_hpc/Linux_x86_64/25.1/math_libs/include:/opt/packages/anaconda3-2024.10-1/include
++ export C_INCLUDE_PATH
++ F77=/ocean/projects/pscstaff/nnepal/nvc_hpc/Linux_x86_64/25.1/compilers/bin/nvfortran
++ export F77
++ F90=/ocean/projects/pscstaff/nnepal/nvc_hpc/Linux_x86_64/25.1/compilers/bin/nvfortran
++ export F90
++ FC=/ocean/projects/pscstaff/nnepal/nvc_hpc/Linux_x86_64/25.1/compilers/bin/nvfortran
++ export FC
++ __LMOD_REF_COUNT_LD_LIBRARY_PATH='/ocean/projects/pscstaff/nnepal/nvc_hpc/Linux_x86_64/25.1/comm_libs/nvshmem/lib:1;/ocean/projects/pscstaff/nnepal/nvc_hpc/Linux_x86_64/25.1/comm_libs/nccl/lib:1;/ocean/projects/pscstaff/nnepal/nvc_hpc/Linux_x86_64/25.1/math_libs/lib64:1;/ocean/projects/pscstaff/nnepal/nvc_hpc/Linux_x86_64/25.1/compilers/lib:1;/ocean/projects/pscstaff/nnepal/nvc_hpc/Linux_x86_64/25.1/compilers/extras/qd/lib:1;/ocean/projects/pscstaff/nnepal/nvc_hpc/Linux_x86_64/25.1/cuda/lib64:1;/ocean/projects/pscstaff/nnepal/conda/envs/cudaq-env/lib:1'
++ export __LMOD_REF_COUNT_LD_LIBRARY_PATH
++ LD_LIBRARY_PATH=/ocean/projects/pscstaff/nnepal/nvc_hpc/Linux_x86_64/25.1/comm_libs/nvshmem/lib:/ocean/projects/pscstaff/nnepal/nvc_hpc/Linux_x86_64/25.1/comm_libs/nccl/lib:/ocean/projects/pscstaff/nnepal/nvc_hpc/Linux_x86_64/25.1/math_libs/lib64:/ocean/projects/pscstaff/nnepal/nvc_hpc/Linux_x86_64/25.1/compilers/lib:/ocean/projects/pscstaff/nnepal/nvc_hpc/Linux_x86_64/25.1/compilers/extras/qd/lib:/ocean/projects/pscstaff/nnepal/nvc_hpc/Linux_x86_64/25.1/cuda/lib64:/ocean/projects/pscstaff/nnepal/conda/envs/cudaq-env/lib::
++ export LD_LIBRARY_PATH
++ __LMOD_REF_COUNT_LOADEDMODULES='allocations/1.0:1;psc.allocations.user/1.0:1;anaconda3/2024.10-1:1;nvhpc/25.1:1'
++ export __LMOD_REF_COUNT_LOADEDMODULES
++ LOADEDMODULES=allocations/1.0:psc.allocations.user/1.0:anaconda3/2024.10-1:nvhpc/25.1
++ export LOADEDMODULES
++ __LMOD_REF_COUNT_MANPATH='/ocean/projects/pscstaff/nnepal/nvc_hpc/Linux_x86_64/25.1/compilers/man:1;/usr/share/lmod/lmod/share/man:1;/opt/puppetlabs/puppet/share/man:1;/opt/packages/anaconda3-2024.10-1/man:1;/opt/packages/anaconda3-2024.10-1/share/man:1'
++ export __LMOD_REF_COUNT_MANPATH
++ MANPATH=/ocean/projects/pscstaff/nnepal/nvc_hpc/Linux_x86_64/25.1/compilers/man:/usr/share/lmod/lmod/share/man::/opt/puppetlabs/puppet/share/man:/opt/packages/anaconda3-2024.10-1/man:/opt/packages/anaconda3-2024.10-1/share/man
++ export MANPATH
++ MODULEPATH=/ocean/projects/pscstaff/nnepal/nvc_hpc/modulefiles:/etc/scl/modulefiles:/opt/modulefiles/production:/opt/modulefiles/preproduction:/opt/modulefiles/deprecated:/usr/share/modulefiles:/usr/share/modulefiles/Linux:/usr/share/modulefiles/Core:/usr/share/lmod/lmod/modulefiles/Core:/ocean/projects/pscstaff/nnepal/modules_niraj
++ export MODULEPATH
++ NVHPC=/ocean/projects/pscstaff/nnepal/nvc_hpc
++ export NVHPC
++ NVHPC_ROOT=/ocean/projects/pscstaff/nnepal/nvc_hpc/Linux_x86_64/25.1
++ export NVHPC_ROOT
++ __LMOD_REF_COUNT_PATH='/ocean/projects/pscstaff/nnepal/nvc_hpc/Linux_x86_64/25.1/compilers/extras/qd/bin:1;/ocean/projects/pscstaff/nnepal/nvc_hpc/Linux_x86_64/25.1/comm_libs/mpi/bin:1;/ocean/projects/pscstaff/nnepal/nvc_hpc/Linux_x86_64/25.1/compilers/bin:1;/ocean/projects/pscstaff/nnepal/nvc_hpc/Linux_x86_64/25.1/cuda/bin:1;/jet/home/nnepal/softwares/qe-7.3/bin:1;/jet/home/nnepal/softwares/HTESP/src/bash:1;/ocean/projects/pscstaff/nnepal/openmx3.9/source:1;/jet/home/nnepal/.local/bin:1;/jet/home/nnepal/bin:1;/opt/packages/anaconda3-2024.10-1/bin:2;/opt/packages/anaconda3-2024.10-1/condabin:2;/opt/packages/psc.allocations.user/bin:1;/opt/packages/allocations/bin:1;/usr/local/bin:1;/usr/bin:1;/usr/local/sbin:1;/usr/sbin:1;/opt/packages/interact/bin:1;/opt/puppetlabs/bin:1'
++ export __LMOD_REF_COUNT_PATH
++ PATH=/ocean/projects/pscstaff/nnepal/nvc_hpc/Linux_x86_64/25.1/compilers/extras/qd/bin:/ocean/projects/pscstaff/nnepal/nvc_hpc/Linux_x86_64/25.1/comm_libs/mpi/bin:/ocean/projects/pscstaff/nnepal/nvc_hpc/Linux_x86_64/25.1/compilers/bin:/ocean/projects/pscstaff/nnepal/nvc_hpc/Linux_x86_64/25.1/cuda/bin:/jet/home/nnepal/softwares/qe-7.3/bin:/jet/home/nnepal/softwares/HTESP/src/bash:/ocean/projects/pscstaff/nnepal/openmx3.9/source:/jet/home/nnepal/.local/bin:/jet/home/nnepal/bin:/opt/packages/anaconda3-2024.10-1/bin:/opt/packages/anaconda3-2024.10-1/condabin:/opt/packages/psc.allocations.user/bin:/opt/packages/allocations/bin:/usr/local/bin:/usr/bin:/usr/local/sbin:/usr/sbin:/opt/packages/interact/bin:/opt/puppetlabs/bin
++ export PATH
++ __LMOD_REF_COUNT__LMFILES_='/opt/modulefiles/production/allocations/1.0.lua:1;/opt/modulefiles/production/psc.allocations.user/1.0.lua:1;/opt/modulefiles/production/anaconda3/2024.10-1.lua:1;/ocean/projects/pscstaff/nnepal/nvc_hpc/modulefiles/nvhpc/25.1:1'
++ export __LMOD_REF_COUNT__LMFILES_
++ _LMFILES_=/opt/modulefiles/production/allocations/1.0.lua:/opt/modulefiles/production/psc.allocations.user/1.0.lua:/opt/modulefiles/production/anaconda3/2024.10-1.lua:/ocean/projects/pscstaff/nnepal/nvc_hpc/modulefiles/nvhpc/25.1
++ export _LMFILES_
++ _ModuleTable001_=X01vZHVsZVRhYmxlXz17WyJNVHZlcnNpb24iXT0zLFsiY19yZWJ1aWxkVGltZSJdPWZhbHNlLFsiY19zaG9ydFRpbWUiXT1mYWxzZSxkZXB0aFQ9e30sZmFtaWx5PXt9LG1UPXthbGxvY2F0aW9ucz17WyJmbiJdPSIvb3B0L21vZHVsZWZpbGVzL3Byb2R1Y3Rpb24vYWxsb2NhdGlvbnMvMS4wLmx1YSIsWyJmdWxsTmFtZSJdPSJhbGxvY2F0aW9ucy8xLjAiLFsibG9hZE9yZGVyIl09MSxwcm9wVD17fSxbInN0YWNrRGVwdGgiXT0wLFsic3RhdHVzIl09ImFjdGl2ZSIsWyJ1c2VyTmFtZSJdPSJhbGxvY2F0aW9ucyIsfSxhbmFjb25kYTM9e1siZm4iXT0iL29wdC9tb2R1bGVmaWxlcy9wcm9kdWN0aW9uL2FuYWNvbmRhMy8yMDI0LjEwLTEubHVhIixbImZ1bGxOYW1lIl09ImFuYWNv
++ export _ModuleTable001_
++ _ModuleTable002_=bmRhMy8yMDI0LjEwLTEiLFsibG9hZE9yZGVyIl09Myxwcm9wVD17fSxbInN0YWNrRGVwdGgiXT0wLFsic3RhdHVzIl09ImFjdGl2ZSIsWyJ1c2VyTmFtZSJdPSJhbmFjb25kYTMiLH0sbnZocGM9e1siZm4iXT0iL29jZWFuL3Byb2plY3RzL3BzY3N0YWZmL25uZXBhbC9udmNfaHBjL21vZHVsZWZpbGVzL252aHBjLzI1LjEiLFsiZnVsbE5hbWUiXT0ibnZocGMvMjUuMSIsWyJsb2FkT3JkZXIiXT00LHByb3BUPXt9LFsic3RhY2tEZXB0aCJdPTAsWyJzdGF0dXMiXT0iYWN0aXZlIixbInVzZXJOYW1lIl09Im52aHBjIix9LFsicHNjLmFsbG9jYXRpb25zLnVzZXIiXT17WyJmbiJdPSIvb3B0L21vZHVsZWZpbGVzL3Byb2R1Y3Rpb24vcHNjLmFsbG9jYXRpb25zLnVzZXIvMS4wLmx1
++ export _ModuleTable002_
++ _ModuleTable003_=YSIsWyJmdWxsTmFtZSJdPSJwc2MuYWxsb2NhdGlvbnMudXNlci8xLjAiLFsibG9hZE9yZGVyIl09Mixwcm9wVD17fSxbInN0YWNrRGVwdGgiXT0wLFsic3RhdHVzIl09ImFjdGl2ZSIsWyJ1c2VyTmFtZSJdPSJwc2MuYWxsb2NhdGlvbnMudXNlciIsfSx9LG1wYXRoQT17Ii9vY2Vhbi9wcm9qZWN0cy9wc2NzdGFmZi9ubmVwYWwvbnZjX2hwYy9tb2R1bGVmaWxlcyIsIi9ldGMvc2NsL21vZHVsZWZpbGVzIiwiL29wdC9tb2R1bGVmaWxlcy9wcm9kdWN0aW9uIiwiL29wdC9tb2R1bGVmaWxlcy9wcmVwcm9kdWN0aW9uIiwiL29wdC9tb2R1bGVmaWxlcy9kZXByZWNhdGVkIiwiL3Vzci9zaGFyZS9tb2R1bGVmaWxlcyIsIi91c3Ivc2hhcmUvbW9kdWxlZmlsZXMvTGludXgiLCIvdXNy
++ export _ModuleTable003_
++ _ModuleTable004_=L3NoYXJlL21vZHVsZWZpbGVzL0NvcmUiLCIvdXNyL3NoYXJlL2xtb2QvbG1vZC9tb2R1bGVmaWxlcy9Db3JlIiwiL29jZWFuL3Byb2plY3RzL3BzY3N0YWZmL25uZXBhbC9tb2R1bGVzX25pcmFqIix9LFsic3lzdGVtQmFzZU1QQVRIIl09Ii9ldGMvc2NsL21vZHVsZWZpbGVzOi9vcHQvbW9kdWxlZmlsZXMvcHJvZHVjdGlvbjovb3B0L21vZHVsZWZpbGVzL3ByZXByb2R1Y3Rpb246L29wdC9tb2R1bGVmaWxlcy9kZXByZWNhdGVkOi91c3Ivc2hhcmUvbW9kdWxlZmlsZXM6L3Vzci9zaGFyZS9tb2R1bGVmaWxlcy9MaW51eDovdXNyL3NoYXJlL21vZHVsZWZpbGVzL0NvcmU6L3Vzci9zaGFyZS9sbW9kL2xtb2QvbW9kdWxlZmlsZXMvQ29yZSIsfQ==
++ export _ModuleTable004_
++ _ModuleTable_Sz_=4
++ export _ModuleTable_Sz_
++ : -s sh
+ eval
+ ret=0
+ /usr/share/lmod/8.2.7/libexec/log_modules load nvhpc
+ return 0
+ nvprof ./saxpy
==6801== NVPROF is profiling process 6801, command: ./saxpy
    3.000000        3.000000        3.000000        3.000000     
    3.000000        3.000000        3.000000        3.000000     
    3.000000        3.000000        3.000000        3.000000     
    3.000000        3.000000        3.000000        3.000000     
    3.000000        3.000000        3.000000        3.000000     
    3.000000        3.000000        3.000000        3.000000     
    3.000000        3.000000        3.000000        3.000000     
    3.000000        3.000000        3.000000        3.000000     
    3.000000        3.000000        3.000000        3.000000     
    3.000000        3.000000        3.000000        3.000000     
    3.000000        3.000000        3.000000        3.000000     
    3.000000        3.000000        3.000000        3.000000     
    3.000000        3.000000        3.000000        3.000000     
    3.000000        3.000000        3.000000        3.000000     
    3.000000        3.000000        3.000000        3.000000     
    3.000000        3.000000        3.000000        3.000000     
    3.000000        3.000000        3.000000        3.000000     
    3.000000        3.000000        3.000000        3.000000     
    3.000000        3.000000        3.000000        3.000000     
    3.000000        3.000000        3.000000        3.000000     
    3.000000        3.000000        3.000000        3.000000     
    3.000000        3.000000        3.000000        3.000000     
    3.000000        3.000000        3.000000        3.000000     
    3.000000        3.000000        3.000000        3.000000     
    3.000000        3.000000        3.000000        3.000000     
    3.000000        3.000000        3.000000        3.000000     
    3.000000        3.000000        3.000000        3.000000     
    3.000000        3.000000        3.000000        3.000000     
    3.000000        3.000000        3.000000        3.000000     
    3.000000        3.000000        3.000000        3.000000     
    3.000000        3.000000        3.000000        3.000000     
    3.000000        3.000000        3.000000        3.000000     
    3.000000        3.000000        3.000000        3.000000     
    3.000000        3.000000        3.000000        3.000000     
    3.000000        3.000000        3.000000        3.000000     
    3.000000        3.000000        3.000000        3.000000     
    3.000000        3.000000        3.000000        3.000000     
    3.000000        3.000000        3.000000        3.000000     
    3.000000        3.000000        3.000000        3.000000     
    3.000000        3.000000        3.000000        3.000000     
    3.000000        3.000000        3.000000        3.000000     
    3.000000        3.000000        3.000000        3.000000     
    3.000000        3.000000        3.000000        3.000000     
    3.000000        3.000000        3.000000        3.000000     
    3.000000        3.000000        3.000000        3.000000     
    3.000000        3.000000        3.000000        3.000000     
    3.000000        3.000000        3.000000        3.000000     
    3.000000        3.000000        3.000000        3.000000     
    3.000000        3.000000        3.000000        3.000000     
    3.000000        3.000000        3.000000        3.000000     
    3.000000        3.000000        3.000000        3.000000     
    3.000000        3.000000        3.000000        3.000000     
    3.000000        3.000000        3.000000        3.000000     
    3.000000        3.000000        3.000000        3.000000     
    3.000000        3.000000        3.000000        3.000000     
    3.000000        3.000000        3.000000        3.000000     
    3.000000        3.000000        3.000000        3.000000     
    3.000000        3.000000        3.000000        3.000000     
    3.000000        3.000000        3.000000        3.000000     
    3.000000        3.000000        3.000000        3.000000     
    3.000000        3.000000        3.000000        3.000000     
    3.000000        3.000000        3.000000        3.000000     
    3.000000        3.000000        3.000000        3.000000     
    3.000000        3.000000        3.000000        3.000000     
    3.000000        3.000000        3.000000        3.000000     
    3.000000        3.000000        3.000000        3.000000     
    3.000000        3.000000        3.000000        3.000000     
    3.000000        3.000000        3.000000        3.000000     
    3.000000        3.000000        3.000000        3.000000     
    3.000000        3.000000        3.000000        3.000000     
    3.000000        3.000000        3.000000        3.000000     
    3.000000        3.000000        3.000000        3.000000     
    3.000000        3.000000        3.000000        3.000000     
    3.000000        3.000000        3.000000        3.000000     
    3.000000        3.000000        3.000000        3.000000     
    3.000000        3.000000        3.000000        3.000000     
    3.000000        3.000000        3.000000        3.000000     
    3.000000        3.000000        3.000000        3.000000     
    3.000000        3.000000        3.000000        3.000000     
    3.000000        3.000000        3.000000        3.000000     
    3.000000        3.000000        3.000000        3.000000     
    3.000000        3.000000        3.000000        3.000000     
    3.000000        3.000000        3.000000        3.000000     
    3.000000        3.000000        3.000000        3.000000     
    3.000000        3.000000        3.000000        3.000000     
    3.000000        3.000000        3.000000        3.000000     
    3.000000        3.000000        3.000000        3.000000     
    3.000000        3.000000        3.000000        3.000000     
    3.000000        3.000000        3.000000        3.000000     
    3.000000        3.000000        3.000000        3.000000     
    3.000000        3.000000        3.000000        3.000000     
    3.000000        3.000000        3.000000        3.000000     
    3.000000        3.000000        3.000000        3.000000     
    3.000000        3.000000        3.000000        3.000000     
    3.000000        3.000000        3.000000        3.000000     
    3.000000        3.000000        3.000000        3.000000     
    3.000000        3.000000        3.000000        3.000000     
    3.000000        3.000000        3.000000        3.000000     
    3.000000        3.000000        3.000000        3.000000     
    3.000000        3.000000        3.000000        3.000000     
    3.000000        3.000000        3.000000        3.000000     
    3.000000        3.000000        3.000000        3.000000     
    3.000000        3.000000        3.000000        3.000000     
    3.000000        3.000000        3.000000        3.000000     
    3.000000        3.000000        3.000000        3.000000     
    3.000000        3.000000        3.000000        3.000000     
    3.000000        3.000000        3.000000        3.000000     
    3.000000        3.000000        3.000000        3.000000     
    3.000000        3.000000        3.000000        3.000000     
    3.000000        3.000000        3.000000        3.000000     
    3.000000        3.000000        3.000000        3.000000     
    3.000000        3.000000        3.000000        3.000000     
    3.000000        3.000000        3.000000        3.000000     
    3.000000        3.000000        3.000000        3.000000     
    3.000000        3.000000        3.000000        3.000000     
    3.000000        3.000000        3.000000        3.000000     
    3.000000        3.000000        3.000000        3.000000     
    3.000000        3.000000        3.000000        3.000000     
    3.000000        3.000000        3.000000        3.000000     
    3.000000        3.000000        3.000000        3.000000     
    3.000000        3.000000        3.000000        3.000000     
    3.000000        3.000000        3.000000        3.000000     
    3.000000        3.000000        3.000000        3.000000     
    3.000000        3.000000        3.000000        3.000000     
    3.000000        3.000000        3.000000        3.000000     
    3.000000        3.000000        3.000000        3.000000     
    3.000000        3.000000        3.000000        3.000000     
    3.000000        3.000000        3.000000        3.000000     
    3.000000        3.000000        3.000000        3.000000     
    3.000000        3.000000        3.000000        3.000000     
    3.000000        3.000000        3.000000        3.000000     
    3.000000        3.000000        3.000000        3.000000     
    3.000000        3.000000        3.000000        3.000000     
    3.000000        3.000000        3.000000        3.000000     
    3.000000        3.000000        3.000000        3.000000     
    3.000000        3.000000        3.000000        3.000000     
    3.000000        3.000000        3.000000        3.000000     
    3.000000        3.000000        3.000000        3.000000     
    3.000000        3.000000        3.000000        3.000000     
    3.000000        3.000000        3.000000        3.000000     
    3.000000        3.000000        3.000000        3.000000     
    3.000000        3.000000        3.000000        3.000000     
    3.000000        3.000000        3.000000        3.000000     
    3.000000        3.000000        3.000000        3.000000     
    3.000000        3.000000        3.000000        3.000000     
    3.000000        3.000000        3.000000        3.000000     
    3.000000        3.000000        3.000000        3.000000     
    3.000000        3.000000        3.000000        3.000000     
    3.000000        3.000000        3.000000        3.000000     
    3.000000        3.000000        3.000000        3.000000     
    3.000000        3.000000        3.000000        3.000000     
    3.000000        3.000000        3.000000        3.000000     
    3.000000        3.000000        3.000000        3.000000     
    3.000000        3.000000        3.000000        3.000000     
    3.000000        3.000000        3.000000        3.000000     
    3.000000        3.000000        3.000000        3.000000     
    3.000000        3.000000        3.000000        3.000000     
    3.000000        3.000000        3.000000        3.000000     
    3.000000        3.000000        3.000000        3.000000     
    3.000000        3.000000        3.000000        3.000000     
    3.000000        3.000000        3.000000        3.000000     
    3.000000        3.000000        3.000000        3.000000     
    3.000000        3.000000        3.000000        3.000000     
    3.000000        3.000000        3.000000        3.000000     
    3.000000        3.000000        3.000000        3.000000     
    3.000000        3.000000        3.000000        3.000000     
    3.000000        3.000000        3.000000        3.000000     
    3.000000        3.000000        3.000000        3.000000     
    3.000000        3.000000        3.000000        3.000000     
    3.000000        3.000000        3.000000        3.000000     
    3.000000        3.000000        3.000000        3.000000     
    3.000000        3.000000        3.000000        3.000000     
    3.000000        3.000000        3.000000        3.000000     
    3.000000        3.000000        3.000000        3.000000     
    3.000000        3.000000        3.000000        3.000000     
    3.000000        3.000000        3.000000        3.000000     
    3.000000        3.000000        3.000000        3.000000     
    3.000000        3.000000        3.000000        3.000000     
    3.000000        3.000000        3.000000        3.000000     
    3.000000        3.000000        3.000000        3.000000     
    3.000000        3.000000        3.000000        3.000000     
    3.000000        3.000000        3.000000        3.000000     
    3.000000        3.000000        3.000000        3.000000     
    3.000000        3.000000        3.000000        3.000000     
    3.000000        3.000000        3.000000        3.000000     
    3.000000        3.000000        3.000000        3.000000     
    3.000000        3.000000        3.000000        3.000000     
    3.000000        3.000000        3.000000        3.000000     
    3.000000        3.000000        3.000000        3.000000     
    3.000000        3.000000        3.000000        3.000000     
    3.000000        3.000000        3.000000        3.000000     
    3.000000        3.000000        3.000000        3.000000     
    3.000000        3.000000        3.000000        3.000000     
    3.000000        3.000000        3.000000        3.000000     
    3.000000        3.000000        3.000000        3.000000     
    3.000000        3.000000        3.000000        3.000000     
    3.000000        3.000000        3.000000        3.000000     
    3.000000        3.000000        3.000000        3.000000     
    3.000000        3.000000        3.000000        3.000000     
    3.000000        3.000000        3.000000        3.000000     
    3.000000        3.000000        3.000000        3.000000     
    3.000000        3.000000        3.000000        3.000000     
    3.000000        3.000000        3.000000        3.000000     
    3.000000        3.000000        3.000000        3.000000     
    3.000000        3.000000        3.000000        3.000000     
    3.000000        3.000000        3.000000        3.000000     
    3.000000        3.000000        3.000000        3.000000     
    3.000000        3.000000        3.000000        3.000000     
    3.000000        3.000000        3.000000        3.000000     
    3.000000        3.000000        3.000000        3.000000     
    3.000000        3.000000        3.000000        3.000000     
    3.000000        3.000000        3.000000        3.000000     
    3.000000        3.000000        3.000000        3.000000     
    3.000000        3.000000        3.000000        3.000000     
    3.000000        3.000000        3.000000        3.000000     
    3.000000        3.000000        3.000000        3.000000     
    3.000000        3.000000        3.000000        3.000000     
    3.000000        3.000000        3.000000        3.000000     
    3.000000        3.000000        3.000000        3.000000     
    3.000000        3.000000        3.000000        3.000000     
    3.000000        3.000000        3.000000        3.000000     
    3.000000        3.000000        3.000000        3.000000     
    3.000000        3.000000        3.000000        3.000000     
    3.000000        3.000000        3.000000        3.000000     
    3.000000        3.000000        3.000000        3.000000     
    3.000000        3.000000        3.000000        3.000000     
    3.000000        3.000000        3.000000        3.000000     
    3.000000        3.000000        3.000000        3.000000     
    3.000000        3.000000        3.000000        3.000000     
    3.000000        3.000000        3.000000        3.000000     
    3.000000        3.000000        3.000000        3.000000     
    3.000000        3.000000        3.000000        3.000000     
    3.000000        3.000000        3.000000        3.000000     
    3.000000        3.000000        3.000000        3.000000     
    3.000000        3.000000        3.000000        3.000000     
    3.000000        3.000000        3.000000        3.000000     
    3.000000        3.000000        3.000000        3.000000     
    3.000000        3.000000        3.000000        3.000000     
    3.000000        3.000000        3.000000        3.000000     
    3.000000        3.000000        3.000000        3.000000     
    3.000000        3.000000        3.000000        3.000000     
    3.000000        3.000000        3.000000        3.000000     
    3.000000        3.000000        3.000000        3.000000     
    3.000000        3.000000        3.000000        3.000000     
    3.000000        3.000000        3.000000        3.000000     
    3.000000        3.000000        3.000000        3.000000     
    3.000000        3.000000        3.000000        3.000000     
    3.000000        3.000000        3.000000        3.000000     
    3.000000        3.000000        3.000000        3.000000     
    3.000000        3.000000        3.000000        3.000000    
==6801== Profiling application: ./saxpy
==6801== Profiling result:
            Type  Time(%)      Time     Calls       Avg       Min       Max  Name
 GPU activities:   45.38%  3.6160us         2  1.8080us  1.7280us  1.8880us  [CUDA memcpy HtoD]
                   27.71%  2.2080us         1  2.2080us  2.2080us  2.2080us  ksaxpy_
                   26.91%  2.1440us         1  2.1440us  2.1440us  2.1440us  [CUDA memcpy DtoH]
      API calls:   97.72%  108.86ms         1  108.86ms  108.86ms  108.86ms  cuDevicePrimaryCtxRetain
                    0.89%  986.42us         1  986.42us  986.42us  986.42us  cuMemAllocHost
                    0.46%  511.41us         3  170.47us  7.6100us  479.32us  cudaMemcpy
                    0.36%  404.20us         1  404.20us  404.20us  404.20us  cudaLaunchKernel
                    0.29%  327.57us       120  2.7290us      76ns  153.41us  cuDeviceGetAttribute
                    0.18%  203.87us         3  67.955us  2.4560us  196.32us  cuMemAlloc
                    0.07%  79.268us       412     192ns      82ns  1.8890us  cuGetProcAddress
                    0.01%  11.932us         1  11.932us  11.932us  11.932us  cuDeviceGetName
                    0.01%  7.0680us         1  7.0680us  7.0680us  7.0680us  cuDeviceGetPCIBusId
                    0.00%  4.5050us         1  4.5050us  4.5050us  4.5050us  cudaGetDevice
                    0.00%  1.8010us         4     450ns      92ns  1.2230us  cuCtxSetCurrent
                    0.00%  1.3850us         4     346ns      69ns  1.0880us  cuDeviceGetCount
                    0.00%     914ns         1     914ns     914ns     914ns  cuInit
                    0.00%     739ns         2     369ns     207ns     532ns  cuCtxGetCurrent
                    0.00%     376ns         1     376ns     376ns     376ns  cuDeviceComputeCapability
                    0.00%     356ns         4      89ns      70ns      97ns  cuDriverGetVersion
                    0.00%     341ns         3     113ns      79ns     167ns  cuDeviceGet
                    0.00%     177ns         1     177ns     177ns     177ns  cuDeviceTotalMem
                    0.00%     162ns         1     162ns     162ns     162ns  cuModuleGetLoadingMode
                    0.00%     119ns         1     119ns     119ns     119ns  cuDeviceGetUuid
 OpenACC (excl):  100.00%  16.482us         1  16.482us  16.482us  16.482us  acc_device_init
                    0.00%       0ns         2       0ns       0ns       0ns  acc_delete
                    0.00%       0ns         2       0ns       0ns       0ns  acc_alloc
