+ module load nvhpc
++ /usr/share/lmod/lmod/libexec/lmod bash load nvhpc
+ eval 'CC=/ocean/projects/pscstaff/nnepal/nvc_hpc/Linux_x86_64/25.1/compilers/bin/nvc;' export 'CC;' '__LMOD_REF_COUNT_CPATH=/ocean/projects/pscstaff/nnepal/nvc_hpc/Linux_x86_64/25.1/compilers/extras/qd/include/qd:1\;/ocean/projects/pscstaff/nnepal/nvc_hpc/Linux_x86_64/25.1/comm_libs/nvshmem/include:1\;/ocean/projects/pscstaff/nnepal/nvc_hpc/Linux_x86_64/25.1/comm_libs/nccl/include:1\;/ocean/projects/pscstaff/nnepal/nvc_hpc/Linux_x86_64/25.1/math_libs/include:1;' export '__LMOD_REF_COUNT_CPATH;' 'CPATH=/ocean/projects/pscstaff/nnepal/nvc_hpc/Linux_x86_64/25.1/compilers/extras/qd/include/qd:/ocean/projects/pscstaff/nnepal/nvc_hpc/Linux_x86_64/25.1/comm_libs/nvshmem/include:/ocean/projects/pscstaff/nnepal/nvc_hpc/Linux_x86_64/25.1/comm_libs/nccl/include:/ocean/projects/pscstaff/nnepal/nvc_hpc/Linux_x86_64/25.1/math_libs/include;' export 'CPATH;' '__LMOD_REF_COUNT_CPLUS_INCLUDE_PATH=/ocean/projects/pscstaff/nnepal/nvc_hpc/Linux_x86_64/25.1/compilers/extras/qd/include/qd:1\;/ocean/projects/pscstaff/nnepal/nvc_hpc/Linux_x86_64/25.1/comm_libs/nvshmem/include:1\;/ocean/projects/pscstaff/nnepal/nvc_hpc/Linux_x86_64/25.1/comm_libs/nccl/include:1\;/ocean/projects/pscstaff/nnepal/nvc_hpc/Linux_x86_64/25.1/math_libs/include:1\;/opt/packages/anaconda3-2024.10-1/include:1;' export '__LMOD_REF_COUNT_CPLUS_INCLUDE_PATH;' 'CPLUS_INCLUDE_PATH=/ocean/projects/pscstaff/nnepal/nvc_hpc/Linux_x86_64/25.1/compilers/extras/qd/include/qd:/ocean/projects/pscstaff/nnepal/nvc_hpc/Linux_x86_64/25.1/comm_libs/nvshmem/include:/ocean/projects/pscstaff/nnepal/nvc_hpc/Linux_x86_64/25.1/comm_libs/nccl/include:/ocean/projects/pscstaff/nnepal/nvc_hpc/Linux_x86_64/25.1/math_libs/include:/opt/packages/anaconda3-2024.10-1/include;' export 'CPLUS_INCLUDE_PATH;' 'CPP=cpp;' export 'CPP;' 'CXX=/ocean/projects/pscstaff/nnepal/nvc_hpc/Linux_x86_64/25.1/compilers/bin/nvc++;' export 'CXX;' '__LMOD_REF_COUNT_C_INCLUDE_PATH=/ocean/projects/pscstaff/nnepal/nvc_hpc/Linux_x86_64/25.1/compilers/extras/qd/include/qd:1\;/ocean/projects/pscstaff/nnepal/nvc_hpc/Linux_x86_64/25.1/comm_libs/nvshmem/include:1\;/ocean/projects/pscstaff/nnepal/nvc_hpc/Linux_x86_64/25.1/comm_libs/nccl/include:1\;/ocean/projects/pscstaff/nnepal/nvc_hpc/Linux_x86_64/25.1/math_libs/include:1\;/opt/packages/anaconda3-2024.10-1/include:1;' export '__LMOD_REF_COUNT_C_INCLUDE_PATH;' 'C_INCLUDE_PATH=/ocean/projects/pscstaff/nnepal/nvc_hpc/Linux_x86_64/25.1/compilers/extras/qd/include/qd:/ocean/projects/pscstaff/nnepal/nvc_hpc/Linux_x86_64/25.1/comm_libs/nvshmem/include:/ocean/projects/pscstaff/nnepal/nvc_hpc/Linux_x86_64/25.1/comm_libs/nccl/include:/ocean/projects/pscstaff/nnepal/nvc_hpc/Linux_x86_64/25.1/math_libs/include:/opt/packages/anaconda3-2024.10-1/include;' export 'C_INCLUDE_PATH;' 'F77=/ocean/projects/pscstaff/nnepal/nvc_hpc/Linux_x86_64/25.1/compilers/bin/nvfortran;' export 'F77;' 'F90=/ocean/projects/pscstaff/nnepal/nvc_hpc/Linux_x86_64/25.1/compilers/bin/nvfortran;' export 'F90;' 'FC=/ocean/projects/pscstaff/nnepal/nvc_hpc/Linux_x86_64/25.1/compilers/bin/nvfortran;' export 'FC;' '__LMOD_REF_COUNT_LD_LIBRARY_PATH=/ocean/projects/pscstaff/nnepal/nvc_hpc/Linux_x86_64/25.1/comm_libs/nvshmem/lib:1\;/ocean/projects/pscstaff/nnepal/nvc_hpc/Linux_x86_64/25.1/comm_libs/nccl/lib:1\;/ocean/projects/pscstaff/nnepal/nvc_hpc/Linux_x86_64/25.1/math_libs/lib64:1\;/ocean/projects/pscstaff/nnepal/nvc_hpc/Linux_x86_64/25.1/compilers/lib:1\;/ocean/projects/pscstaff/nnepal/nvc_hpc/Linux_x86_64/25.1/compilers/extras/qd/lib:1\;/ocean/projects/pscstaff/nnepal/nvc_hpc/Linux_x86_64/25.1/cuda/lib64:1\;/ocean/projects/pscstaff/nnepal/conda/envs/cudaq-env/lib:1;' export '__LMOD_REF_COUNT_LD_LIBRARY_PATH;' 'LD_LIBRARY_PATH=/ocean/projects/pscstaff/nnepal/nvc_hpc/Linux_x86_64/25.1/comm_libs/nvshmem/lib:/ocean/projects/pscstaff/nnepal/nvc_hpc/Linux_x86_64/25.1/comm_libs/nccl/lib:/ocean/projects/pscstaff/nnepal/nvc_hpc/Linux_x86_64/25.1/math_libs/lib64:/ocean/projects/pscstaff/nnepal/nvc_hpc/Linux_x86_64/25.1/compilers/lib:/ocean/projects/pscstaff/nnepal/nvc_hpc/Linux_x86_64/25.1/compilers/extras/qd/lib:/ocean/projects/pscstaff/nnepal/nvc_hpc/Linux_x86_64/25.1/cuda/lib64:/ocean/projects/pscstaff/nnepal/conda/envs/cudaq-env/lib::;' export 'LD_LIBRARY_PATH;' '__LMOD_REF_COUNT_LOADEDMODULES=allocations/1.0:1\;psc.allocations.user/1.0:1\;anaconda3/2024.10-1:1\;nvhpc/25.1:1;' export '__LMOD_REF_COUNT_LOADEDMODULES;' 'LOADEDMODULES=allocations/1.0:psc.allocations.user/1.0:anaconda3/2024.10-1:nvhpc/25.1;' export 'LOADEDMODULES;' '__LMOD_REF_COUNT_MANPATH=/ocean/projects/pscstaff/nnepal/nvc_hpc/Linux_x86_64/25.1/compilers/man:1\;/usr/share/lmod/lmod/share/man:1\;/opt/puppetlabs/puppet/share/man:1\;/opt/packages/anaconda3-2024.10-1/man:1\;/opt/packages/anaconda3-2024.10-1/share/man:1;' export '__LMOD_REF_COUNT_MANPATH;' 'MANPATH=/ocean/projects/pscstaff/nnepal/nvc_hpc/Linux_x86_64/25.1/compilers/man:/usr/share/lmod/lmod/share/man::/opt/puppetlabs/puppet/share/man:/opt/packages/anaconda3-2024.10-1/man:/opt/packages/anaconda3-2024.10-1/share/man;' export 'MANPATH;' 'MODULEPATH=/ocean/projects/pscstaff/nnepal/nvc_hpc/modulefiles:/etc/scl/modulefiles:/opt/modulefiles/production:/opt/modulefiles/preproduction:/opt/modulefiles/deprecated:/usr/share/modulefiles:/usr/share/modulefiles/Linux:/usr/share/modulefiles/Core:/usr/share/lmod/lmod/modulefiles/Core:/ocean/projects/pscstaff/nnepal/modules_niraj;' export 'MODULEPATH;' 'NVHPC=/ocean/projects/pscstaff/nnepal/nvc_hpc;' export 'NVHPC;' 'NVHPC_ROOT=/ocean/projects/pscstaff/nnepal/nvc_hpc/Linux_x86_64/25.1;' export 'NVHPC_ROOT;' '__LMOD_REF_COUNT_PATH=/ocean/projects/pscstaff/nnepal/nvc_hpc/Linux_x86_64/25.1/compilers/extras/qd/bin:1\;/ocean/projects/pscstaff/nnepal/nvc_hpc/Linux_x86_64/25.1/comm_libs/mpi/bin:1\;/ocean/projects/pscstaff/nnepal/nvc_hpc/Linux_x86_64/25.1/compilers/bin:1\;/ocean/projects/pscstaff/nnepal/nvc_hpc/Linux_x86_64/25.1/cuda/bin:1\;/jet/home/nnepal/softwares/qe-7.3/bin:1\;/jet/home/nnepal/softwares/HTESP/src/bash:1\;/ocean/projects/pscstaff/nnepal/openmx3.9/source:1\;/jet/home/nnepal/.local/bin:1\;/jet/home/nnepal/bin:1\;/opt/packages/anaconda3-2024.10-1/bin:2\;/opt/packages/anaconda3-2024.10-1/condabin:2\;/opt/packages/psc.allocations.user/bin:1\;/opt/packages/allocations/bin:1\;/usr/local/bin:1\;/usr/bin:1\;/usr/local/sbin:1\;/usr/sbin:1\;/opt/packages/interact/bin:1\;/opt/puppetlabs/bin:1;' export '__LMOD_REF_COUNT_PATH;' 'PATH=/ocean/projects/pscstaff/nnepal/nvc_hpc/Linux_x86_64/25.1/compilers/extras/qd/bin:/ocean/projects/pscstaff/nnepal/nvc_hpc/Linux_x86_64/25.1/comm_libs/mpi/bin:/ocean/projects/pscstaff/nnepal/nvc_hpc/Linux_x86_64/25.1/compilers/bin:/ocean/projects/pscstaff/nnepal/nvc_hpc/Linux_x86_64/25.1/cuda/bin:/jet/home/nnepal/softwares/qe-7.3/bin:/jet/home/nnepal/softwares/HTESP/src/bash:/ocean/projects/pscstaff/nnepal/openmx3.9/source:/jet/home/nnepal/.local/bin:/jet/home/nnepal/bin:/opt/packages/anaconda3-2024.10-1/bin:/opt/packages/anaconda3-2024.10-1/condabin:/opt/packages/psc.allocations.user/bin:/opt/packages/allocations/bin:/usr/local/bin:/usr/bin:/usr/local/sbin:/usr/sbin:/opt/packages/interact/bin:/opt/puppetlabs/bin;' export 'PATH;' '__LMOD_REF_COUNT__LMFILES_=/opt/modulefiles/production/allocations/1.0.lua:1\;/opt/modulefiles/production/psc.allocations.user/1.0.lua:1\;/opt/modulefiles/production/anaconda3/2024.10-1.lua:1\;/ocean/projects/pscstaff/nnepal/nvc_hpc/modulefiles/nvhpc/25.1:1;' export '__LMOD_REF_COUNT__LMFILES_;' '_LMFILES_=/opt/modulefiles/production/allocations/1.0.lua:/opt/modulefiles/production/psc.allocations.user/1.0.lua:/opt/modulefiles/production/anaconda3/2024.10-1.lua:/ocean/projects/pscstaff/nnepal/nvc_hpc/modulefiles/nvhpc/25.1;' export '_LMFILES_;' '_ModuleTable001_=X01vZHVsZVRhYmxlXz17WyJNVHZlcnNpb24iXT0zLFsiY19yZWJ1aWxkVGltZSJdPWZhbHNlLFsiY19zaG9ydFRpbWUiXT1mYWxzZSxkZXB0aFQ9e30sZmFtaWx5PXt9LG1UPXthbGxvY2F0aW9ucz17WyJmbiJdPSIvb3B0L21vZHVsZWZpbGVzL3Byb2R1Y3Rpb24vYWxsb2NhdGlvbnMvMS4wLmx1YSIsWyJmdWxsTmFtZSJdPSJhbGxvY2F0aW9ucy8xLjAiLFsibG9hZE9yZGVyIl09MSxwcm9wVD17fSxbInN0YWNrRGVwdGgiXT0wLFsic3RhdHVzIl09ImFjdGl2ZSIsWyJ1c2VyTmFtZSJdPSJhbGxvY2F0aW9ucyIsfSxhbmFjb25kYTM9e1siZm4iXT0iL29wdC9tb2R1bGVmaWxlcy9wcm9kdWN0aW9uL2FuYWNvbmRhMy8yMDI0LjEwLTEubHVhIixbImZ1bGxOYW1lIl09ImFuYWNv;' export '_ModuleTable001_;' '_ModuleTable002_=bmRhMy8yMDI0LjEwLTEiLFsibG9hZE9yZGVyIl09Myxwcm9wVD17fSxbInN0YWNrRGVwdGgiXT0wLFsic3RhdHVzIl09ImFjdGl2ZSIsWyJ1c2VyTmFtZSJdPSJhbmFjb25kYTMiLH0sbnZocGM9e1siZm4iXT0iL29jZWFuL3Byb2plY3RzL3BzY3N0YWZmL25uZXBhbC9udmNfaHBjL21vZHVsZWZpbGVzL252aHBjLzI1LjEiLFsiZnVsbE5hbWUiXT0ibnZocGMvMjUuMSIsWyJsb2FkT3JkZXIiXT00LHByb3BUPXt9LFsic3RhY2tEZXB0aCJdPTAsWyJzdGF0dXMiXT0iYWN0aXZlIixbInVzZXJOYW1lIl09Im52aHBjIix9LFsicHNjLmFsbG9jYXRpb25zLnVzZXIiXT17WyJmbiJdPSIvb3B0L21vZHVsZWZpbGVzL3Byb2R1Y3Rpb24vcHNjLmFsbG9jYXRpb25zLnVzZXIvMS4wLmx1;' export '_ModuleTable002_;' '_ModuleTable003_=YSIsWyJmdWxsTmFtZSJdPSJwc2MuYWxsb2NhdGlvbnMudXNlci8xLjAiLFsibG9hZE9yZGVyIl09Mixwcm9wVD17fSxbInN0YWNrRGVwdGgiXT0wLFsic3RhdHVzIl09ImFjdGl2ZSIsWyJ1c2VyTmFtZSJdPSJwc2MuYWxsb2NhdGlvbnMudXNlciIsfSx9LG1wYXRoQT17Ii9vY2Vhbi9wcm9qZWN0cy9wc2NzdGFmZi9ubmVwYWwvbnZjX2hwYy9tb2R1bGVmaWxlcyIsIi9ldGMvc2NsL21vZHVsZWZpbGVzIiwiL29wdC9tb2R1bGVmaWxlcy9wcm9kdWN0aW9uIiwiL29wdC9tb2R1bGVmaWxlcy9wcmVwcm9kdWN0aW9uIiwiL29wdC9tb2R1bGVmaWxlcy9kZXByZWNhdGVkIiwiL3Vzci9zaGFyZS9tb2R1bGVmaWxlcyIsIi91c3Ivc2hhcmUvbW9kdWxlZmlsZXMvTGludXgiLCIvdXNy;' export '_ModuleTable003_;' '_ModuleTable004_=L3NoYXJlL21vZHVsZWZpbGVzL0NvcmUiLCIvdXNyL3NoYXJlL2xtb2QvbG1vZC9tb2R1bGVmaWxlcy9Db3JlIiwiL29jZWFuL3Byb2plY3RzL3BzY3N0YWZmL25uZXBhbC9tb2R1bGVzX25pcmFqIix9LFsic3lzdGVtQmFzZU1QQVRIIl09Ii9ldGMvc2NsL21vZHVsZWZpbGVzOi9vcHQvbW9kdWxlZmlsZXMvcHJvZHVjdGlvbjovb3B0L21vZHVsZWZpbGVzL3ByZXByb2R1Y3Rpb246L29wdC9tb2R1bGVmaWxlcy9kZXByZWNhdGVkOi91c3Ivc2hhcmUvbW9kdWxlZmlsZXM6L3Vzci9zaGFyZS9tb2R1bGVmaWxlcy9MaW51eDovdXNyL3NoYXJlL21vZHVsZWZpbGVzL0NvcmU6L3Vzci9zaGFyZS9sbW9kL2xtb2QvbW9kdWxlZmlsZXMvQ29yZSIsfQ==;' export '_ModuleTable004_;' '_ModuleTable_Sz_=4;' export '_ModuleTable_Sz_;'
++ CC=/ocean/projects/pscstaff/nnepal/nvc_hpc/Linux_x86_64/25.1/compilers/bin/nvc
++ export CC
++ __LMOD_REF_COUNT_CPATH='/ocean/projects/pscstaff/nnepal/nvc_hpc/Linux_x86_64/25.1/compilers/extras/qd/include/qd:1;/ocean/projects/pscstaff/nnepal/nvc_hpc/Linux_x86_64/25.1/comm_libs/nvshmem/include:1;/ocean/projects/pscstaff/nnepal/nvc_hpc/Linux_x86_64/25.1/comm_libs/nccl/include:1;/ocean/projects/pscstaff/nnepal/nvc_hpc/Linux_x86_64/25.1/math_libs/include:1'
++ export __LMOD_REF_COUNT_CPATH
++ CPATH=/ocean/projects/pscstaff/nnepal/nvc_hpc/Linux_x86_64/25.1/compilers/extras/qd/include/qd:/ocean/projects/pscstaff/nnepal/nvc_hpc/Linux_x86_64/25.1/comm_libs/nvshmem/include:/ocean/projects/pscstaff/nnepal/nvc_hpc/Linux_x86_64/25.1/comm_libs/nccl/include:/ocean/projects/pscstaff/nnepal/nvc_hpc/Linux_x86_64/25.1/math_libs/include
++ export CPATH
++ __LMOD_REF_COUNT_CPLUS_INCLUDE_PATH='/ocean/projects/pscstaff/nnepal/nvc_hpc/Linux_x86_64/25.1/compilers/extras/qd/include/qd:1;/ocean/projects/pscstaff/nnepal/nvc_hpc/Linux_x86_64/25.1/comm_libs/nvshmem/include:1;/ocean/projects/pscstaff/nnepal/nvc_hpc/Linux_x86_64/25.1/comm_libs/nccl/include:1;/ocean/projects/pscstaff/nnepal/nvc_hpc/Linux_x86_64/25.1/math_libs/include:1;/opt/packages/anaconda3-2024.10-1/include:1'
++ export __LMOD_REF_COUNT_CPLUS_INCLUDE_PATH
++ CPLUS_INCLUDE_PATH=/ocean/projects/pscstaff/nnepal/nvc_hpc/Linux_x86_64/25.1/compilers/extras/qd/include/qd:/ocean/projects/pscstaff/nnepal/nvc_hpc/Linux_x86_64/25.1/comm_libs/nvshmem/include:/ocean/projects/pscstaff/nnepal/nvc_hpc/Linux_x86_64/25.1/comm_libs/nccl/include:/ocean/projects/pscstaff/nnepal/nvc_hpc/Linux_x86_64/25.1/math_libs/include:/opt/packages/anaconda3-2024.10-1/include
++ export CPLUS_INCLUDE_PATH
++ CPP=cpp
++ export CPP
++ CXX=/ocean/projects/pscstaff/nnepal/nvc_hpc/Linux_x86_64/25.1/compilers/bin/nvc++
++ export CXX
++ __LMOD_REF_COUNT_C_INCLUDE_PATH='/ocean/projects/pscstaff/nnepal/nvc_hpc/Linux_x86_64/25.1/compilers/extras/qd/include/qd:1;/ocean/projects/pscstaff/nnepal/nvc_hpc/Linux_x86_64/25.1/comm_libs/nvshmem/include:1;/ocean/projects/pscstaff/nnepal/nvc_hpc/Linux_x86_64/25.1/comm_libs/nccl/include:1;/ocean/projects/pscstaff/nnepal/nvc_hpc/Linux_x86_64/25.1/math_libs/include:1;/opt/packages/anaconda3-2024.10-1/include:1'
++ export __LMOD_REF_COUNT_C_INCLUDE_PATH
++ C_INCLUDE_PATH=/ocean/projects/pscstaff/nnepal/nvc_hpc/Linux_x86_64/25.1/compilers/extras/qd/include/qd:/ocean/projects/pscstaff/nnepal/nvc_hpc/Linux_x86_64/25.1/comm_libs/nvshmem/include:/ocean/projects/pscstaff/nnepal/nvc_hpc/Linux_x86_64/25.1/comm_libs/nccl/include:/ocean/projects/pscstaff/nnepal/nvc_hpc/Linux_x86_64/25.1/math_libs/include:/opt/packages/anaconda3-2024.10-1/include
++ export C_INCLUDE_PATH
++ F77=/ocean/projects/pscstaff/nnepal/nvc_hpc/Linux_x86_64/25.1/compilers/bin/nvfortran
++ export F77
++ F90=/ocean/projects/pscstaff/nnepal/nvc_hpc/Linux_x86_64/25.1/compilers/bin/nvfortran
++ export F90
++ FC=/ocean/projects/pscstaff/nnepal/nvc_hpc/Linux_x86_64/25.1/compilers/bin/nvfortran
++ export FC
++ __LMOD_REF_COUNT_LD_LIBRARY_PATH='/ocean/projects/pscstaff/nnepal/nvc_hpc/Linux_x86_64/25.1/comm_libs/nvshmem/lib:1;/ocean/projects/pscstaff/nnepal/nvc_hpc/Linux_x86_64/25.1/comm_libs/nccl/lib:1;/ocean/projects/pscstaff/nnepal/nvc_hpc/Linux_x86_64/25.1/math_libs/lib64:1;/ocean/projects/pscstaff/nnepal/nvc_hpc/Linux_x86_64/25.1/compilers/lib:1;/ocean/projects/pscstaff/nnepal/nvc_hpc/Linux_x86_64/25.1/compilers/extras/qd/lib:1;/ocean/projects/pscstaff/nnepal/nvc_hpc/Linux_x86_64/25.1/cuda/lib64:1;/ocean/projects/pscstaff/nnepal/conda/envs/cudaq-env/lib:1'
++ export __LMOD_REF_COUNT_LD_LIBRARY_PATH
++ LD_LIBRARY_PATH=/ocean/projects/pscstaff/nnepal/nvc_hpc/Linux_x86_64/25.1/comm_libs/nvshmem/lib:/ocean/projects/pscstaff/nnepal/nvc_hpc/Linux_x86_64/25.1/comm_libs/nccl/lib:/ocean/projects/pscstaff/nnepal/nvc_hpc/Linux_x86_64/25.1/math_libs/lib64:/ocean/projects/pscstaff/nnepal/nvc_hpc/Linux_x86_64/25.1/compilers/lib:/ocean/projects/pscstaff/nnepal/nvc_hpc/Linux_x86_64/25.1/compilers/extras/qd/lib:/ocean/projects/pscstaff/nnepal/nvc_hpc/Linux_x86_64/25.1/cuda/lib64:/ocean/projects/pscstaff/nnepal/conda/envs/cudaq-env/lib::
++ export LD_LIBRARY_PATH
++ __LMOD_REF_COUNT_LOADEDMODULES='allocations/1.0:1;psc.allocations.user/1.0:1;anaconda3/2024.10-1:1;nvhpc/25.1:1'
++ export __LMOD_REF_COUNT_LOADEDMODULES
++ LOADEDMODULES=allocations/1.0:psc.allocations.user/1.0:anaconda3/2024.10-1:nvhpc/25.1
++ export LOADEDMODULES
++ __LMOD_REF_COUNT_MANPATH='/ocean/projects/pscstaff/nnepal/nvc_hpc/Linux_x86_64/25.1/compilers/man:1;/usr/share/lmod/lmod/share/man:1;/opt/puppetlabs/puppet/share/man:1;/opt/packages/anaconda3-2024.10-1/man:1;/opt/packages/anaconda3-2024.10-1/share/man:1'
++ export __LMOD_REF_COUNT_MANPATH
++ MANPATH=/ocean/projects/pscstaff/nnepal/nvc_hpc/Linux_x86_64/25.1/compilers/man:/usr/share/lmod/lmod/share/man::/opt/puppetlabs/puppet/share/man:/opt/packages/anaconda3-2024.10-1/man:/opt/packages/anaconda3-2024.10-1/share/man
++ export MANPATH
++ MODULEPATH=/ocean/projects/pscstaff/nnepal/nvc_hpc/modulefiles:/etc/scl/modulefiles:/opt/modulefiles/production:/opt/modulefiles/preproduction:/opt/modulefiles/deprecated:/usr/share/modulefiles:/usr/share/modulefiles/Linux:/usr/share/modulefiles/Core:/usr/share/lmod/lmod/modulefiles/Core:/ocean/projects/pscstaff/nnepal/modules_niraj
++ export MODULEPATH
++ NVHPC=/ocean/projects/pscstaff/nnepal/nvc_hpc
++ export NVHPC
++ NVHPC_ROOT=/ocean/projects/pscstaff/nnepal/nvc_hpc/Linux_x86_64/25.1
++ export NVHPC_ROOT
++ __LMOD_REF_COUNT_PATH='/ocean/projects/pscstaff/nnepal/nvc_hpc/Linux_x86_64/25.1/compilers/extras/qd/bin:1;/ocean/projects/pscstaff/nnepal/nvc_hpc/Linux_x86_64/25.1/comm_libs/mpi/bin:1;/ocean/projects/pscstaff/nnepal/nvc_hpc/Linux_x86_64/25.1/compilers/bin:1;/ocean/projects/pscstaff/nnepal/nvc_hpc/Linux_x86_64/25.1/cuda/bin:1;/jet/home/nnepal/softwares/qe-7.3/bin:1;/jet/home/nnepal/softwares/HTESP/src/bash:1;/ocean/projects/pscstaff/nnepal/openmx3.9/source:1;/jet/home/nnepal/.local/bin:1;/jet/home/nnepal/bin:1;/opt/packages/anaconda3-2024.10-1/bin:2;/opt/packages/anaconda3-2024.10-1/condabin:2;/opt/packages/psc.allocations.user/bin:1;/opt/packages/allocations/bin:1;/usr/local/bin:1;/usr/bin:1;/usr/local/sbin:1;/usr/sbin:1;/opt/packages/interact/bin:1;/opt/puppetlabs/bin:1'
++ export __LMOD_REF_COUNT_PATH
++ PATH=/ocean/projects/pscstaff/nnepal/nvc_hpc/Linux_x86_64/25.1/compilers/extras/qd/bin:/ocean/projects/pscstaff/nnepal/nvc_hpc/Linux_x86_64/25.1/comm_libs/mpi/bin:/ocean/projects/pscstaff/nnepal/nvc_hpc/Linux_x86_64/25.1/compilers/bin:/ocean/projects/pscstaff/nnepal/nvc_hpc/Linux_x86_64/25.1/cuda/bin:/jet/home/nnepal/softwares/qe-7.3/bin:/jet/home/nnepal/softwares/HTESP/src/bash:/ocean/projects/pscstaff/nnepal/openmx3.9/source:/jet/home/nnepal/.local/bin:/jet/home/nnepal/bin:/opt/packages/anaconda3-2024.10-1/bin:/opt/packages/anaconda3-2024.10-1/condabin:/opt/packages/psc.allocations.user/bin:/opt/packages/allocations/bin:/usr/local/bin:/usr/bin:/usr/local/sbin:/usr/sbin:/opt/packages/interact/bin:/opt/puppetlabs/bin
++ export PATH
++ __LMOD_REF_COUNT__LMFILES_='/opt/modulefiles/production/allocations/1.0.lua:1;/opt/modulefiles/production/psc.allocations.user/1.0.lua:1;/opt/modulefiles/production/anaconda3/2024.10-1.lua:1;/ocean/projects/pscstaff/nnepal/nvc_hpc/modulefiles/nvhpc/25.1:1'
++ export __LMOD_REF_COUNT__LMFILES_
++ _LMFILES_=/opt/modulefiles/production/allocations/1.0.lua:/opt/modulefiles/production/psc.allocations.user/1.0.lua:/opt/modulefiles/production/anaconda3/2024.10-1.lua:/ocean/projects/pscstaff/nnepal/nvc_hpc/modulefiles/nvhpc/25.1
++ export _LMFILES_
++ _ModuleTable001_=X01vZHVsZVRhYmxlXz17WyJNVHZlcnNpb24iXT0zLFsiY19yZWJ1aWxkVGltZSJdPWZhbHNlLFsiY19zaG9ydFRpbWUiXT1mYWxzZSxkZXB0aFQ9e30sZmFtaWx5PXt9LG1UPXthbGxvY2F0aW9ucz17WyJmbiJdPSIvb3B0L21vZHVsZWZpbGVzL3Byb2R1Y3Rpb24vYWxsb2NhdGlvbnMvMS4wLmx1YSIsWyJmdWxsTmFtZSJdPSJhbGxvY2F0aW9ucy8xLjAiLFsibG9hZE9yZGVyIl09MSxwcm9wVD17fSxbInN0YWNrRGVwdGgiXT0wLFsic3RhdHVzIl09ImFjdGl2ZSIsWyJ1c2VyTmFtZSJdPSJhbGxvY2F0aW9ucyIsfSxhbmFjb25kYTM9e1siZm4iXT0iL29wdC9tb2R1bGVmaWxlcy9wcm9kdWN0aW9uL2FuYWNvbmRhMy8yMDI0LjEwLTEubHVhIixbImZ1bGxOYW1lIl09ImFuYWNv
++ export _ModuleTable001_
++ _ModuleTable002_=bmRhMy8yMDI0LjEwLTEiLFsibG9hZE9yZGVyIl09Myxwcm9wVD17fSxbInN0YWNrRGVwdGgiXT0wLFsic3RhdHVzIl09ImFjdGl2ZSIsWyJ1c2VyTmFtZSJdPSJhbmFjb25kYTMiLH0sbnZocGM9e1siZm4iXT0iL29jZWFuL3Byb2plY3RzL3BzY3N0YWZmL25uZXBhbC9udmNfaHBjL21vZHVsZWZpbGVzL252aHBjLzI1LjEiLFsiZnVsbE5hbWUiXT0ibnZocGMvMjUuMSIsWyJsb2FkT3JkZXIiXT00LHByb3BUPXt9LFsic3RhY2tEZXB0aCJdPTAsWyJzdGF0dXMiXT0iYWN0aXZlIixbInVzZXJOYW1lIl09Im52aHBjIix9LFsicHNjLmFsbG9jYXRpb25zLnVzZXIiXT17WyJmbiJdPSIvb3B0L21vZHVsZWZpbGVzL3Byb2R1Y3Rpb24vcHNjLmFsbG9jYXRpb25zLnVzZXIvMS4wLmx1
++ export _ModuleTable002_
++ _ModuleTable003_=YSIsWyJmdWxsTmFtZSJdPSJwc2MuYWxsb2NhdGlvbnMudXNlci8xLjAiLFsibG9hZE9yZGVyIl09Mixwcm9wVD17fSxbInN0YWNrRGVwdGgiXT0wLFsic3RhdHVzIl09ImFjdGl2ZSIsWyJ1c2VyTmFtZSJdPSJwc2MuYWxsb2NhdGlvbnMudXNlciIsfSx9LG1wYXRoQT17Ii9vY2Vhbi9wcm9qZWN0cy9wc2NzdGFmZi9ubmVwYWwvbnZjX2hwYy9tb2R1bGVmaWxlcyIsIi9ldGMvc2NsL21vZHVsZWZpbGVzIiwiL29wdC9tb2R1bGVmaWxlcy9wcm9kdWN0aW9uIiwiL29wdC9tb2R1bGVmaWxlcy9wcmVwcm9kdWN0aW9uIiwiL29wdC9tb2R1bGVmaWxlcy9kZXByZWNhdGVkIiwiL3Vzci9zaGFyZS9tb2R1bGVmaWxlcyIsIi91c3Ivc2hhcmUvbW9kdWxlZmlsZXMvTGludXgiLCIvdXNy
++ export _ModuleTable003_
++ _ModuleTable004_=L3NoYXJlL21vZHVsZWZpbGVzL0NvcmUiLCIvdXNyL3NoYXJlL2xtb2QvbG1vZC9tb2R1bGVmaWxlcy9Db3JlIiwiL29jZWFuL3Byb2plY3RzL3BzY3N0YWZmL25uZXBhbC9tb2R1bGVzX25pcmFqIix9LFsic3lzdGVtQmFzZU1QQVRIIl09Ii9ldGMvc2NsL21vZHVsZWZpbGVzOi9vcHQvbW9kdWxlZmlsZXMvcHJvZHVjdGlvbjovb3B0L21vZHVsZWZpbGVzL3ByZXByb2R1Y3Rpb246L29wdC9tb2R1bGVmaWxlcy9kZXByZWNhdGVkOi91c3Ivc2hhcmUvbW9kdWxlZmlsZXM6L3Vzci9zaGFyZS9tb2R1bGVmaWxlcy9MaW51eDovdXNyL3NoYXJlL21vZHVsZWZpbGVzL0NvcmU6L3Vzci9zaGFyZS9sbW9kL2xtb2QvbW9kdWxlZmlsZXMvQ29yZSIsfQ==
++ export _ModuleTable004_
++ _ModuleTable_Sz_=4
++ export _ModuleTable_Sz_
++ : -s sh
+ eval
+ ret=0
+ /usr/share/lmod/8.2.7/libexec/log_modules load nvhpc
+ return 0
+ nvprof ./f90out
==74743== NVPROF is profiling process 74743, command: ./f90out
==74743== Profiling application: ./f90out
 Size of arrays:       1024000
 Grid             :          4000            1            1
 Threads per block:           256            1            1
 Constant a:   0.1387444    
 Average values    0.4998179       0.5001000    
==74743== Profiling result:
            Type  Time(%)      Time     Calls       Avg       Min       Max  Name
 GPU activities:   73.53%  1.4018ms         2  700.91us  692.73us  709.09us  [CUDA memcpy HtoD]
                   26.47%  504.70us         1  504.70us  504.70us  504.70us  [CUDA memcpy DtoH]
      API calls:   86.73%  116.46ms         1  116.46ms  116.46ms  116.46ms  cuDevicePrimaryCtxRetain
                   10.51%  14.111ms         3  4.7038ms  851.92us  12.366ms  cudaMemcpy
                    0.79%  1.0542ms         1  1.0542ms  1.0542ms  1.0542ms  cudaLaunchKernel
                    0.68%  917.89us         1  917.89us  917.89us  917.89us  cuMemAllocHost
                    0.41%  556.79us         3  185.60us  159.16us  216.31us  cuMemAlloc
                    0.25%  339.90us       120  2.8320us      76ns  155.75us  cuDeviceGetAttribute
                    0.23%  308.31us         1  308.31us  308.31us  308.31us  cudaGetDevice
                    0.20%  266.78us         1  266.78us  266.78us  266.78us  cuDeviceGetPCIBusId
                    0.18%  240.02us       412     582ns      89ns  161.40us  cuGetProcAddress
                    0.01%  11.819us         1  11.819us  11.819us  11.819us  cuDeviceGetName
                    0.00%  1.4060us         4     351ns      98ns     723ns  cuCtxSetCurrent
                    0.00%  1.1070us         4     276ns      88ns     753ns  cuDeviceGetCount
                    0.00%  1.0140us         1  1.0140us  1.0140us  1.0140us  cuInit
                    0.00%     718ns         1     718ns     718ns     718ns  cuDeviceComputeCapability
                    0.00%     671ns         2     335ns     217ns     454ns  cuCtxGetCurrent
                    0.00%     566ns         3     188ns      83ns     393ns  cuDeviceGet
                    0.00%     437ns         4     109ns      87ns     118ns  cuDriverGetVersion
                    0.00%     388ns         1     388ns     388ns     388ns  cuDeviceTotalMem
                    0.00%     168ns         1     168ns     168ns     168ns  cuModuleGetLoadingMode
                    0.00%     123ns         1     123ns     123ns     123ns  cuDeviceGetUuid
 OpenACC (excl):  100.00%  365.56us         1  365.56us  365.56us  365.56us  acc_device_init
                    0.00%       0ns         2       0ns       0ns       0ns  acc_delete
                    0.00%       0ns         2       0ns       0ns       0ns  acc_alloc
