+ module load nvhpc
++ /usr/share/lmod/lmod/libexec/lmod bash load nvhpc
+ eval 'CC=/ocean/projects/pscstaff/nnepal/nvc_hpc/Linux_x86_64/25.1/compilers/bin/nvc;' export 'CC;' '__LMOD_REF_COUNT_CPATH=/ocean/projects/pscstaff/nnepal/nvc_hpc/Linux_x86_64/25.1/compilers/extras/qd/include/qd:1\;/ocean/projects/pscstaff/nnepal/nvc_hpc/Linux_x86_64/25.1/comm_libs/nvshmem/include:1\;/ocean/projects/pscstaff/nnepal/nvc_hpc/Linux_x86_64/25.1/comm_libs/nccl/include:1\;/ocean/projects/pscstaff/nnepal/nvc_hpc/Linux_x86_64/25.1/math_libs/include:1;' export '__LMOD_REF_COUNT_CPATH;' 'CPATH=/ocean/projects/pscstaff/nnepal/nvc_hpc/Linux_x86_64/25.1/compilers/extras/qd/include/qd:/ocean/projects/pscstaff/nnepal/nvc_hpc/Linux_x86_64/25.1/comm_libs/nvshmem/include:/ocean/projects/pscstaff/nnepal/nvc_hpc/Linux_x86_64/25.1/comm_libs/nccl/include:/ocean/projects/pscstaff/nnepal/nvc_hpc/Linux_x86_64/25.1/math_libs/include;' export 'CPATH;' '__LMOD_REF_COUNT_CPLUS_INCLUDE_PATH=/ocean/projects/pscstaff/nnepal/nvc_hpc/Linux_x86_64/25.1/compilers/extras/qd/include/qd:1\;/ocean/projects/pscstaff/nnepal/nvc_hpc/Linux_x86_64/25.1/comm_libs/nvshmem/include:1\;/ocean/projects/pscstaff/nnepal/nvc_hpc/Linux_x86_64/25.1/comm_libs/nccl/include:1\;/ocean/projects/pscstaff/nnepal/nvc_hpc/Linux_x86_64/25.1/math_libs/include:1\;/opt/packages/anaconda3-2024.10-1/include:1;' export '__LMOD_REF_COUNT_CPLUS_INCLUDE_PATH;' 'CPLUS_INCLUDE_PATH=/ocean/projects/pscstaff/nnepal/nvc_hpc/Linux_x86_64/25.1/compilers/extras/qd/include/qd:/ocean/projects/pscstaff/nnepal/nvc_hpc/Linux_x86_64/25.1/comm_libs/nvshmem/include:/ocean/projects/pscstaff/nnepal/nvc_hpc/Linux_x86_64/25.1/comm_libs/nccl/include:/ocean/projects/pscstaff/nnepal/nvc_hpc/Linux_x86_64/25.1/math_libs/include:/opt/packages/anaconda3-2024.10-1/include;' export 'CPLUS_INCLUDE_PATH;' 'CPP=cpp;' export 'CPP;' 'CXX=/ocean/projects/pscstaff/nnepal/nvc_hpc/Linux_x86_64/25.1/compilers/bin/nvc++;' export 'CXX;' '__LMOD_REF_COUNT_C_INCLUDE_PATH=/ocean/projects/pscstaff/nnepal/nvc_hpc/Linux_x86_64/25.1/compilers/extras/qd/include/qd:1\;/ocean/projects/pscstaff/nnepal/nvc_hpc/Linux_x86_64/25.1/comm_libs/nvshmem/include:1\;/ocean/projects/pscstaff/nnepal/nvc_hpc/Linux_x86_64/25.1/comm_libs/nccl/include:1\;/ocean/projects/pscstaff/nnepal/nvc_hpc/Linux_x86_64/25.1/math_libs/include:1\;/opt/packages/anaconda3-2024.10-1/include:1;' export '__LMOD_REF_COUNT_C_INCLUDE_PATH;' 'C_INCLUDE_PATH=/ocean/projects/pscstaff/nnepal/nvc_hpc/Linux_x86_64/25.1/compilers/extras/qd/include/qd:/ocean/projects/pscstaff/nnepal/nvc_hpc/Linux_x86_64/25.1/comm_libs/nvshmem/include:/ocean/projects/pscstaff/nnepal/nvc_hpc/Linux_x86_64/25.1/comm_libs/nccl/include:/ocean/projects/pscstaff/nnepal/nvc_hpc/Linux_x86_64/25.1/math_libs/include:/opt/packages/anaconda3-2024.10-1/include;' export 'C_INCLUDE_PATH;' 'F77=/ocean/projects/pscstaff/nnepal/nvc_hpc/Linux_x86_64/25.1/compilers/bin/nvfortran;' export 'F77;' 'F90=/ocean/projects/pscstaff/nnepal/nvc_hpc/Linux_x86_64/25.1/compilers/bin/nvfortran;' export 'F90;' 'FC=/ocean/projects/pscstaff/nnepal/nvc_hpc/Linux_x86_64/25.1/compilers/bin/nvfortran;' export 'FC;' '__LMOD_REF_COUNT_LD_LIBRARY_PATH=/ocean/projects/pscstaff/nnepal/nvc_hpc/Linux_x86_64/25.1/comm_libs/nvshmem/lib:1\;/ocean/projects/pscstaff/nnepal/nvc_hpc/Linux_x86_64/25.1/comm_libs/nccl/lib:1\;/ocean/projects/pscstaff/nnepal/nvc_hpc/Linux_x86_64/25.1/math_libs/lib64:1\;/ocean/projects/pscstaff/nnepal/nvc_hpc/Linux_x86_64/25.1/compilers/lib:1\;/ocean/projects/pscstaff/nnepal/nvc_hpc/Linux_x86_64/25.1/compilers/extras/qd/lib:1\;/ocean/projects/pscstaff/nnepal/nvc_hpc/Linux_x86_64/25.1/cuda/lib64:1\;/ocean/projects/pscstaff/nnepal/conda/envs/cudaq-env/lib:1;' export '__LMOD_REF_COUNT_LD_LIBRARY_PATH;' 'LD_LIBRARY_PATH=/ocean/projects/pscstaff/nnepal/nvc_hpc/Linux_x86_64/25.1/comm_libs/nvshmem/lib:/ocean/projects/pscstaff/nnepal/nvc_hpc/Linux_x86_64/25.1/comm_libs/nccl/lib:/ocean/projects/pscstaff/nnepal/nvc_hpc/Linux_x86_64/25.1/math_libs/lib64:/ocean/projects/pscstaff/nnepal/nvc_hpc/Linux_x86_64/25.1/compilers/lib:/ocean/projects/pscstaff/nnepal/nvc_hpc/Linux_x86_64/25.1/compilers/extras/qd/lib:/ocean/projects/pscstaff/nnepal/nvc_hpc/Linux_x86_64/25.1/cuda/lib64:/ocean/projects/pscstaff/nnepal/conda/envs/cudaq-env/lib::;' export 'LD_LIBRARY_PATH;' '__LMOD_REF_COUNT_LOADEDMODULES=allocations/1.0:1\;psc.allocations.user/1.0:1\;anaconda3/2024.10-1:1\;nvhpc/25.1:1;' export '__LMOD_REF_COUNT_LOADEDMODULES;' 'LOADEDMODULES=allocations/1.0:psc.allocations.user/1.0:anaconda3/2024.10-1:nvhpc/25.1;' export 'LOADEDMODULES;' '__LMOD_REF_COUNT_MANPATH=/ocean/projects/pscstaff/nnepal/nvc_hpc/Linux_x86_64/25.1/compilers/man:1\;/usr/share/lmod/lmod/share/man:1\;/opt/puppetlabs/puppet/share/man:1\;/opt/packages/anaconda3-2024.10-1/man:1\;/opt/packages/anaconda3-2024.10-1/share/man:1;' export '__LMOD_REF_COUNT_MANPATH;' 'MANPATH=/ocean/projects/pscstaff/nnepal/nvc_hpc/Linux_x86_64/25.1/compilers/man:/usr/share/lmod/lmod/share/man::/opt/puppetlabs/puppet/share/man:/opt/packages/anaconda3-2024.10-1/man:/opt/packages/anaconda3-2024.10-1/share/man;' export 'MANPATH;' 'MODULEPATH=/ocean/projects/pscstaff/nnepal/nvc_hpc/modulefiles:/etc/scl/modulefiles:/opt/modulefiles/production:/opt/modulefiles/preproduction:/opt/modulefiles/deprecated:/usr/share/modulefiles:/usr/share/modulefiles/Linux:/usr/share/modulefiles/Core:/usr/share/lmod/lmod/modulefiles/Core:/ocean/projects/pscstaff/nnepal/modules_niraj;' export 'MODULEPATH;' 'NVHPC=/ocean/projects/pscstaff/nnepal/nvc_hpc;' export 'NVHPC;' 'NVHPC_ROOT=/ocean/projects/pscstaff/nnepal/nvc_hpc/Linux_x86_64/25.1;' export 'NVHPC_ROOT;' '__LMOD_REF_COUNT_PATH=/ocean/projects/pscstaff/nnepal/nvc_hpc/Linux_x86_64/25.1/compilers/extras/qd/bin:1\;/ocean/projects/pscstaff/nnepal/nvc_hpc/Linux_x86_64/25.1/comm_libs/mpi/bin:1\;/ocean/projects/pscstaff/nnepal/nvc_hpc/Linux_x86_64/25.1/compilers/bin:1\;/ocean/projects/pscstaff/nnepal/nvc_hpc/Linux_x86_64/25.1/cuda/bin:1\;/jet/home/nnepal/softwares/qe-7.3/bin:1\;/jet/home/nnepal/softwares/HTESP/src/bash:1\;/ocean/projects/pscstaff/nnepal/openmx3.9/source:1\;/jet/home/nnepal/.local/bin:1\;/jet/home/nnepal/bin:1\;/opt/packages/anaconda3-2024.10-1/bin:2\;/opt/packages/anaconda3-2024.10-1/condabin:2\;/opt/packages/psc.allocations.user/bin:1\;/opt/packages/allocations/bin:1\;/usr/local/bin:1\;/usr/bin:1\;/usr/local/sbin:1\;/usr/sbin:1\;/opt/packages/interact/bin:1\;/opt/puppetlabs/bin:1;' export '__LMOD_REF_COUNT_PATH;' 'PATH=/ocean/projects/pscstaff/nnepal/nvc_hpc/Linux_x86_64/25.1/compilers/extras/qd/bin:/ocean/projects/pscstaff/nnepal/nvc_hpc/Linux_x86_64/25.1/comm_libs/mpi/bin:/ocean/projects/pscstaff/nnepal/nvc_hpc/Linux_x86_64/25.1/compilers/bin:/ocean/projects/pscstaff/nnepal/nvc_hpc/Linux_x86_64/25.1/cuda/bin:/jet/home/nnepal/softwares/qe-7.3/bin:/jet/home/nnepal/softwares/HTESP/src/bash:/ocean/projects/pscstaff/nnepal/openmx3.9/source:/jet/home/nnepal/.local/bin:/jet/home/nnepal/bin:/opt/packages/anaconda3-2024.10-1/bin:/opt/packages/anaconda3-2024.10-1/condabin:/opt/packages/psc.allocations.user/bin:/opt/packages/allocations/bin:/usr/local/bin:/usr/bin:/usr/local/sbin:/usr/sbin:/opt/packages/interact/bin:/opt/puppetlabs/bin;' export 'PATH;' '__LMOD_REF_COUNT__LMFILES_=/opt/modulefiles/production/allocations/1.0.lua:1\;/opt/modulefiles/production/psc.allocations.user/1.0.lua:1\;/opt/modulefiles/production/anaconda3/2024.10-1.lua:1\;/ocean/projects/pscstaff/nnepal/nvc_hpc/modulefiles/nvhpc/25.1:1;' export '__LMOD_REF_COUNT__LMFILES_;' '_LMFILES_=/opt/modulefiles/production/allocations/1.0.lua:/opt/modulefiles/production/psc.allocations.user/1.0.lua:/opt/modulefiles/production/anaconda3/2024.10-1.lua:/ocean/projects/pscstaff/nnepal/nvc_hpc/modulefiles/nvhpc/25.1;' export '_LMFILES_;' '_ModuleTable001_=X01vZHVsZVRhYmxlXz17WyJNVHZlcnNpb24iXT0zLFsiY19yZWJ1aWxkVGltZSJdPWZhbHNlLFsiY19zaG9ydFRpbWUiXT1mYWxzZSxkZXB0aFQ9e30sZmFtaWx5PXt9LG1UPXthbGxvY2F0aW9ucz17WyJmbiJdPSIvb3B0L21vZHVsZWZpbGVzL3Byb2R1Y3Rpb24vYWxsb2NhdGlvbnMvMS4wLmx1YSIsWyJmdWxsTmFtZSJdPSJhbGxvY2F0aW9ucy8xLjAiLFsibG9hZE9yZGVyIl09MSxwcm9wVD17fSxbInN0YWNrRGVwdGgiXT0wLFsic3RhdHVzIl09ImFjdGl2ZSIsWyJ1c2VyTmFtZSJdPSJhbGxvY2F0aW9ucyIsfSxhbmFjb25kYTM9e1siZm4iXT0iL29wdC9tb2R1bGVmaWxlcy9wcm9kdWN0aW9uL2FuYWNvbmRhMy8yMDI0LjEwLTEubHVhIixbImZ1bGxOYW1lIl09ImFuYWNv;' export '_ModuleTable001_;' '_ModuleTable002_=bmRhMy8yMDI0LjEwLTEiLFsibG9hZE9yZGVyIl09Myxwcm9wVD17fSxbInN0YWNrRGVwdGgiXT0wLFsic3RhdHVzIl09ImFjdGl2ZSIsWyJ1c2VyTmFtZSJdPSJhbmFjb25kYTMiLH0sbnZocGM9e1siZm4iXT0iL29jZWFuL3Byb2plY3RzL3BzY3N0YWZmL25uZXBhbC9udmNfaHBjL21vZHVsZWZpbGVzL252aHBjLzI1LjEiLFsiZnVsbE5hbWUiXT0ibnZocGMvMjUuMSIsWyJsb2FkT3JkZXIiXT00LHByb3BUPXt9LFsic3RhY2tEZXB0aCJdPTAsWyJzdGF0dXMiXT0iYWN0aXZlIixbInVzZXJOYW1lIl09Im52aHBjIix9LFsicHNjLmFsbG9jYXRpb25zLnVzZXIiXT17WyJmbiJdPSIvb3B0L21vZHVsZWZpbGVzL3Byb2R1Y3Rpb24vcHNjLmFsbG9jYXRpb25zLnVzZXIvMS4wLmx1;' export '_ModuleTable002_;' '_ModuleTable003_=YSIsWyJmdWxsTmFtZSJdPSJwc2MuYWxsb2NhdGlvbnMudXNlci8xLjAiLFsibG9hZE9yZGVyIl09Mixwcm9wVD17fSxbInN0YWNrRGVwdGgiXT0wLFsic3RhdHVzIl09ImFjdGl2ZSIsWyJ1c2VyTmFtZSJdPSJwc2MuYWxsb2NhdGlvbnMudXNlciIsfSx9LG1wYXRoQT17Ii9vY2Vhbi9wcm9qZWN0cy9wc2NzdGFmZi9ubmVwYWwvbnZjX2hwYy9tb2R1bGVmaWxlcyIsIi9ldGMvc2NsL21vZHVsZWZpbGVzIiwiL29wdC9tb2R1bGVmaWxlcy9wcm9kdWN0aW9uIiwiL29wdC9tb2R1bGVmaWxlcy9wcmVwcm9kdWN0aW9uIiwiL29wdC9tb2R1bGVmaWxlcy9kZXByZWNhdGVkIiwiL3Vzci9zaGFyZS9tb2R1bGVmaWxlcyIsIi91c3Ivc2hhcmUvbW9kdWxlZmlsZXMvTGludXgiLCIvdXNy;' export '_ModuleTable003_;' '_ModuleTable004_=L3NoYXJlL21vZHVsZWZpbGVzL0NvcmUiLCIvdXNyL3NoYXJlL2xtb2QvbG1vZC9tb2R1bGVmaWxlcy9Db3JlIiwiL29jZWFuL3Byb2plY3RzL3BzY3N0YWZmL25uZXBhbC9tb2R1bGVzX25pcmFqIix9LFsic3lzdGVtQmFzZU1QQVRIIl09Ii9ldGMvc2NsL21vZHVsZWZpbGVzOi9vcHQvbW9kdWxlZmlsZXMvcHJvZHVjdGlvbjovb3B0L21vZHVsZWZpbGVzL3ByZXByb2R1Y3Rpb246L29wdC9tb2R1bGVmaWxlcy9kZXByZWNhdGVkOi91c3Ivc2hhcmUvbW9kdWxlZmlsZXM6L3Vzci9zaGFyZS9tb2R1bGVmaWxlcy9MaW51eDovdXNyL3NoYXJlL21vZHVsZWZpbGVzL0NvcmU6L3Vzci9zaGFyZS9sbW9kL2xtb2QvbW9kdWxlZmlsZXMvQ29yZSIsfQ==;' export '_ModuleTable004_;' '_ModuleTable_Sz_=4;' export '_ModuleTable_Sz_;'
++ CC=/ocean/projects/pscstaff/nnepal/nvc_hpc/Linux_x86_64/25.1/compilers/bin/nvc
++ export CC
++ __LMOD_REF_COUNT_CPATH='/ocean/projects/pscstaff/nnepal/nvc_hpc/Linux_x86_64/25.1/compilers/extras/qd/include/qd:1;/ocean/projects/pscstaff/nnepal/nvc_hpc/Linux_x86_64/25.1/comm_libs/nvshmem/include:1;/ocean/projects/pscstaff/nnepal/nvc_hpc/Linux_x86_64/25.1/comm_libs/nccl/include:1;/ocean/projects/pscstaff/nnepal/nvc_hpc/Linux_x86_64/25.1/math_libs/include:1'
++ export __LMOD_REF_COUNT_CPATH
++ CPATH=/ocean/projects/pscstaff/nnepal/nvc_hpc/Linux_x86_64/25.1/compilers/extras/qd/include/qd:/ocean/projects/pscstaff/nnepal/nvc_hpc/Linux_x86_64/25.1/comm_libs/nvshmem/include:/ocean/projects/pscstaff/nnepal/nvc_hpc/Linux_x86_64/25.1/comm_libs/nccl/include:/ocean/projects/pscstaff/nnepal/nvc_hpc/Linux_x86_64/25.1/math_libs/include
++ export CPATH
++ __LMOD_REF_COUNT_CPLUS_INCLUDE_PATH='/ocean/projects/pscstaff/nnepal/nvc_hpc/Linux_x86_64/25.1/compilers/extras/qd/include/qd:1;/ocean/projects/pscstaff/nnepal/nvc_hpc/Linux_x86_64/25.1/comm_libs/nvshmem/include:1;/ocean/projects/pscstaff/nnepal/nvc_hpc/Linux_x86_64/25.1/comm_libs/nccl/include:1;/ocean/projects/pscstaff/nnepal/nvc_hpc/Linux_x86_64/25.1/math_libs/include:1;/opt/packages/anaconda3-2024.10-1/include:1'
++ export __LMOD_REF_COUNT_CPLUS_INCLUDE_PATH
++ CPLUS_INCLUDE_PATH=/ocean/projects/pscstaff/nnepal/nvc_hpc/Linux_x86_64/25.1/compilers/extras/qd/include/qd:/ocean/projects/pscstaff/nnepal/nvc_hpc/Linux_x86_64/25.1/comm_libs/nvshmem/include:/ocean/projects/pscstaff/nnepal/nvc_hpc/Linux_x86_64/25.1/comm_libs/nccl/include:/ocean/projects/pscstaff/nnepal/nvc_hpc/Linux_x86_64/25.1/math_libs/include:/opt/packages/anaconda3-2024.10-1/include
++ export CPLUS_INCLUDE_PATH
++ CPP=cpp
++ export CPP
++ CXX=/ocean/projects/pscstaff/nnepal/nvc_hpc/Linux_x86_64/25.1/compilers/bin/nvc++
++ export CXX
++ __LMOD_REF_COUNT_C_INCLUDE_PATH='/ocean/projects/pscstaff/nnepal/nvc_hpc/Linux_x86_64/25.1/compilers/extras/qd/include/qd:1;/ocean/projects/pscstaff/nnepal/nvc_hpc/Linux_x86_64/25.1/comm_libs/nvshmem/include:1;/ocean/projects/pscstaff/nnepal/nvc_hpc/Linux_x86_64/25.1/comm_libs/nccl/include:1;/ocean/projects/pscstaff/nnepal/nvc_hpc/Linux_x86_64/25.1/math_libs/include:1;/opt/packages/anaconda3-2024.10-1/include:1'
++ export __LMOD_REF_COUNT_C_INCLUDE_PATH
++ C_INCLUDE_PATH=/ocean/projects/pscstaff/nnepal/nvc_hpc/Linux_x86_64/25.1/compilers/extras/qd/include/qd:/ocean/projects/pscstaff/nnepal/nvc_hpc/Linux_x86_64/25.1/comm_libs/nvshmem/include:/ocean/projects/pscstaff/nnepal/nvc_hpc/Linux_x86_64/25.1/comm_libs/nccl/include:/ocean/projects/pscstaff/nnepal/nvc_hpc/Linux_x86_64/25.1/math_libs/include:/opt/packages/anaconda3-2024.10-1/include
++ export C_INCLUDE_PATH
++ F77=/ocean/projects/pscstaff/nnepal/nvc_hpc/Linux_x86_64/25.1/compilers/bin/nvfortran
++ export F77
++ F90=/ocean/projects/pscstaff/nnepal/nvc_hpc/Linux_x86_64/25.1/compilers/bin/nvfortran
++ export F90
++ FC=/ocean/projects/pscstaff/nnepal/nvc_hpc/Linux_x86_64/25.1/compilers/bin/nvfortran
++ export FC
++ __LMOD_REF_COUNT_LD_LIBRARY_PATH='/ocean/projects/pscstaff/nnepal/nvc_hpc/Linux_x86_64/25.1/comm_libs/nvshmem/lib:1;/ocean/projects/pscstaff/nnepal/nvc_hpc/Linux_x86_64/25.1/comm_libs/nccl/lib:1;/ocean/projects/pscstaff/nnepal/nvc_hpc/Linux_x86_64/25.1/math_libs/lib64:1;/ocean/projects/pscstaff/nnepal/nvc_hpc/Linux_x86_64/25.1/compilers/lib:1;/ocean/projects/pscstaff/nnepal/nvc_hpc/Linux_x86_64/25.1/compilers/extras/qd/lib:1;/ocean/projects/pscstaff/nnepal/nvc_hpc/Linux_x86_64/25.1/cuda/lib64:1;/ocean/projects/pscstaff/nnepal/conda/envs/cudaq-env/lib:1'
++ export __LMOD_REF_COUNT_LD_LIBRARY_PATH
++ LD_LIBRARY_PATH=/ocean/projects/pscstaff/nnepal/nvc_hpc/Linux_x86_64/25.1/comm_libs/nvshmem/lib:/ocean/projects/pscstaff/nnepal/nvc_hpc/Linux_x86_64/25.1/comm_libs/nccl/lib:/ocean/projects/pscstaff/nnepal/nvc_hpc/Linux_x86_64/25.1/math_libs/lib64:/ocean/projects/pscstaff/nnepal/nvc_hpc/Linux_x86_64/25.1/compilers/lib:/ocean/projects/pscstaff/nnepal/nvc_hpc/Linux_x86_64/25.1/compilers/extras/qd/lib:/ocean/projects/pscstaff/nnepal/nvc_hpc/Linux_x86_64/25.1/cuda/lib64:/ocean/projects/pscstaff/nnepal/conda/envs/cudaq-env/lib::
++ export LD_LIBRARY_PATH
++ __LMOD_REF_COUNT_LOADEDMODULES='allocations/1.0:1;psc.allocations.user/1.0:1;anaconda3/2024.10-1:1;nvhpc/25.1:1'
++ export __LMOD_REF_COUNT_LOADEDMODULES
++ LOADEDMODULES=allocations/1.0:psc.allocations.user/1.0:anaconda3/2024.10-1:nvhpc/25.1
++ export LOADEDMODULES
++ __LMOD_REF_COUNT_MANPATH='/ocean/projects/pscstaff/nnepal/nvc_hpc/Linux_x86_64/25.1/compilers/man:1;/usr/share/lmod/lmod/share/man:1;/opt/puppetlabs/puppet/share/man:1;/opt/packages/anaconda3-2024.10-1/man:1;/opt/packages/anaconda3-2024.10-1/share/man:1'
++ export __LMOD_REF_COUNT_MANPATH
++ MANPATH=/ocean/projects/pscstaff/nnepal/nvc_hpc/Linux_x86_64/25.1/compilers/man:/usr/share/lmod/lmod/share/man::/opt/puppetlabs/puppet/share/man:/opt/packages/anaconda3-2024.10-1/man:/opt/packages/anaconda3-2024.10-1/share/man
++ export MANPATH
++ MODULEPATH=/ocean/projects/pscstaff/nnepal/nvc_hpc/modulefiles:/etc/scl/modulefiles:/opt/modulefiles/production:/opt/modulefiles/preproduction:/opt/modulefiles/deprecated:/usr/share/modulefiles:/usr/share/modulefiles/Linux:/usr/share/modulefiles/Core:/usr/share/lmod/lmod/modulefiles/Core:/ocean/projects/pscstaff/nnepal/modules_niraj
++ export MODULEPATH
++ NVHPC=/ocean/projects/pscstaff/nnepal/nvc_hpc
++ export NVHPC
++ NVHPC_ROOT=/ocean/projects/pscstaff/nnepal/nvc_hpc/Linux_x86_64/25.1
++ export NVHPC_ROOT
++ __LMOD_REF_COUNT_PATH='/ocean/projects/pscstaff/nnepal/nvc_hpc/Linux_x86_64/25.1/compilers/extras/qd/bin:1;/ocean/projects/pscstaff/nnepal/nvc_hpc/Linux_x86_64/25.1/comm_libs/mpi/bin:1;/ocean/projects/pscstaff/nnepal/nvc_hpc/Linux_x86_64/25.1/compilers/bin:1;/ocean/projects/pscstaff/nnepal/nvc_hpc/Linux_x86_64/25.1/cuda/bin:1;/jet/home/nnepal/softwares/qe-7.3/bin:1;/jet/home/nnepal/softwares/HTESP/src/bash:1;/ocean/projects/pscstaff/nnepal/openmx3.9/source:1;/jet/home/nnepal/.local/bin:1;/jet/home/nnepal/bin:1;/opt/packages/anaconda3-2024.10-1/bin:2;/opt/packages/anaconda3-2024.10-1/condabin:2;/opt/packages/psc.allocations.user/bin:1;/opt/packages/allocations/bin:1;/usr/local/bin:1;/usr/bin:1;/usr/local/sbin:1;/usr/sbin:1;/opt/packages/interact/bin:1;/opt/puppetlabs/bin:1'
++ export __LMOD_REF_COUNT_PATH
++ PATH=/ocean/projects/pscstaff/nnepal/nvc_hpc/Linux_x86_64/25.1/compilers/extras/qd/bin:/ocean/projects/pscstaff/nnepal/nvc_hpc/Linux_x86_64/25.1/comm_libs/mpi/bin:/ocean/projects/pscstaff/nnepal/nvc_hpc/Linux_x86_64/25.1/compilers/bin:/ocean/projects/pscstaff/nnepal/nvc_hpc/Linux_x86_64/25.1/cuda/bin:/jet/home/nnepal/softwares/qe-7.3/bin:/jet/home/nnepal/softwares/HTESP/src/bash:/ocean/projects/pscstaff/nnepal/openmx3.9/source:/jet/home/nnepal/.local/bin:/jet/home/nnepal/bin:/opt/packages/anaconda3-2024.10-1/bin:/opt/packages/anaconda3-2024.10-1/condabin:/opt/packages/psc.allocations.user/bin:/opt/packages/allocations/bin:/usr/local/bin:/usr/bin:/usr/local/sbin:/usr/sbin:/opt/packages/interact/bin:/opt/puppetlabs/bin
++ export PATH
++ __LMOD_REF_COUNT__LMFILES_='/opt/modulefiles/production/allocations/1.0.lua:1;/opt/modulefiles/production/psc.allocations.user/1.0.lua:1;/opt/modulefiles/production/anaconda3/2024.10-1.lua:1;/ocean/projects/pscstaff/nnepal/nvc_hpc/modulefiles/nvhpc/25.1:1'
++ export __LMOD_REF_COUNT__LMFILES_
++ _LMFILES_=/opt/modulefiles/production/allocations/1.0.lua:/opt/modulefiles/production/psc.allocations.user/1.0.lua:/opt/modulefiles/production/anaconda3/2024.10-1.lua:/ocean/projects/pscstaff/nnepal/nvc_hpc/modulefiles/nvhpc/25.1
++ export _LMFILES_
++ _ModuleTable001_=X01vZHVsZVRhYmxlXz17WyJNVHZlcnNpb24iXT0zLFsiY19yZWJ1aWxkVGltZSJdPWZhbHNlLFsiY19zaG9ydFRpbWUiXT1mYWxzZSxkZXB0aFQ9e30sZmFtaWx5PXt9LG1UPXthbGxvY2F0aW9ucz17WyJmbiJdPSIvb3B0L21vZHVsZWZpbGVzL3Byb2R1Y3Rpb24vYWxsb2NhdGlvbnMvMS4wLmx1YSIsWyJmdWxsTmFtZSJdPSJhbGxvY2F0aW9ucy8xLjAiLFsibG9hZE9yZGVyIl09MSxwcm9wVD17fSxbInN0YWNrRGVwdGgiXT0wLFsic3RhdHVzIl09ImFjdGl2ZSIsWyJ1c2VyTmFtZSJdPSJhbGxvY2F0aW9ucyIsfSxhbmFjb25kYTM9e1siZm4iXT0iL29wdC9tb2R1bGVmaWxlcy9wcm9kdWN0aW9uL2FuYWNvbmRhMy8yMDI0LjEwLTEubHVhIixbImZ1bGxOYW1lIl09ImFuYWNv
++ export _ModuleTable001_
++ _ModuleTable002_=bmRhMy8yMDI0LjEwLTEiLFsibG9hZE9yZGVyIl09Myxwcm9wVD17fSxbInN0YWNrRGVwdGgiXT0wLFsic3RhdHVzIl09ImFjdGl2ZSIsWyJ1c2VyTmFtZSJdPSJhbmFjb25kYTMiLH0sbnZocGM9e1siZm4iXT0iL29jZWFuL3Byb2plY3RzL3BzY3N0YWZmL25uZXBhbC9udmNfaHBjL21vZHVsZWZpbGVzL252aHBjLzI1LjEiLFsiZnVsbE5hbWUiXT0ibnZocGMvMjUuMSIsWyJsb2FkT3JkZXIiXT00LHByb3BUPXt9LFsic3RhY2tEZXB0aCJdPTAsWyJzdGF0dXMiXT0iYWN0aXZlIixbInVzZXJOYW1lIl09Im52aHBjIix9LFsicHNjLmFsbG9jYXRpb25zLnVzZXIiXT17WyJmbiJdPSIvb3B0L21vZHVsZWZpbGVzL3Byb2R1Y3Rpb24vcHNjLmFsbG9jYXRpb25zLnVzZXIvMS4wLmx1
++ export _ModuleTable002_
++ _ModuleTable003_=YSIsWyJmdWxsTmFtZSJdPSJwc2MuYWxsb2NhdGlvbnMudXNlci8xLjAiLFsibG9hZE9yZGVyIl09Mixwcm9wVD17fSxbInN0YWNrRGVwdGgiXT0wLFsic3RhdHVzIl09ImFjdGl2ZSIsWyJ1c2VyTmFtZSJdPSJwc2MuYWxsb2NhdGlvbnMudXNlciIsfSx9LG1wYXRoQT17Ii9vY2Vhbi9wcm9qZWN0cy9wc2NzdGFmZi9ubmVwYWwvbnZjX2hwYy9tb2R1bGVmaWxlcyIsIi9ldGMvc2NsL21vZHVsZWZpbGVzIiwiL29wdC9tb2R1bGVmaWxlcy9wcm9kdWN0aW9uIiwiL29wdC9tb2R1bGVmaWxlcy9wcmVwcm9kdWN0aW9uIiwiL29wdC9tb2R1bGVmaWxlcy9kZXByZWNhdGVkIiwiL3Vzci9zaGFyZS9tb2R1bGVmaWxlcyIsIi91c3Ivc2hhcmUvbW9kdWxlZmlsZXMvTGludXgiLCIvdXNy
++ export _ModuleTable003_
++ _ModuleTable004_=L3NoYXJlL21vZHVsZWZpbGVzL0NvcmUiLCIvdXNyL3NoYXJlL2xtb2QvbG1vZC9tb2R1bGVmaWxlcy9Db3JlIiwiL29jZWFuL3Byb2plY3RzL3BzY3N0YWZmL25uZXBhbC9tb2R1bGVzX25pcmFqIix9LFsic3lzdGVtQmFzZU1QQVRIIl09Ii9ldGMvc2NsL21vZHVsZWZpbGVzOi9vcHQvbW9kdWxlZmlsZXMvcHJvZHVjdGlvbjovb3B0L21vZHVsZWZpbGVzL3ByZXByb2R1Y3Rpb246L29wdC9tb2R1bGVmaWxlcy9kZXByZWNhdGVkOi91c3Ivc2hhcmUvbW9kdWxlZmlsZXM6L3Vzci9zaGFyZS9tb2R1bGVmaWxlcy9MaW51eDovdXNyL3NoYXJlL21vZHVsZWZpbGVzL0NvcmU6L3Vzci9zaGFyZS9sbW9kL2xtb2QvbW9kdWxlZmlsZXMvQ29yZSIsfQ==
++ export _ModuleTable004_
++ _ModuleTable_Sz_=4
++ export _ModuleTable_Sz_
++ : -s sh
+ eval
+ ret=0
+ /usr/share/lmod/8.2.7/libexec/log_modules load nvhpc
+ return 0
+ nvprof ./new.out
==99704== NVPROF is profiling process 99704, command: ./new.out
    3.000000        3.000000        3.000000        3.000000     
    3.000000        3.000000        3.000000        3.000000     
    3.000000        3.000000        3.000000        3.000000     
    3.000000        3.000000        3.000000        3.000000     
    3.000000        3.000000        3.000000        3.000000     
    3.000000        3.000000        3.000000        3.000000     
    3.000000        3.000000        3.000000        3.000000     
    3.000000        3.000000        3.000000        3.000000     
    3.000000        3.000000        3.000000        3.000000     
    3.000000        3.000000        3.000000        3.000000     
    3.000000        3.000000        3.000000        3.000000     
    3.000000        3.000000        3.000000        3.000000     
    3.000000        3.000000        3.000000        3.000000     
    3.000000        3.000000        3.000000        3.000000     
    3.000000        3.000000        3.000000        3.000000     
    3.000000        3.000000        3.000000        3.000000     
    3.000000        3.000000        3.000000        3.000000     
    3.000000        3.000000        3.000000        3.000000     
    3.000000        3.000000        3.000000        3.000000     
    3.000000        3.000000        3.000000        3.000000     
    3.000000        3.000000        3.000000        3.000000     
    3.000000        3.000000        3.000000        3.000000     
    3.000000        3.000000        3.000000        3.000000     
    3.000000        3.000000        3.000000        3.000000     
    3.000000        3.000000        3.000000        3.000000     
    3.000000        3.000000        3.000000        3.000000     
    3.000000        3.000000        3.000000        3.000000     
    3.000000        3.000000        3.000000        3.000000     
    3.000000        3.000000        3.000000        3.000000     
    3.000000        3.000000        3.000000        3.000000     
    3.000000        3.000000        3.000000        3.000000     
    3.000000        3.000000        3.000000        3.000000     
    3.000000        3.000000        3.000000        3.000000     
    3.000000        3.000000        3.000000        3.000000     
    3.000000        3.000000        3.000000        3.000000     
    3.000000        3.000000        3.000000        3.000000     
    3.000000        3.000000        3.000000        3.000000     
    3.000000        3.000000        3.000000        3.000000     
    3.000000        3.000000        3.000000        3.000000     
    3.000000        3.000000        3.000000        3.000000     
    3.000000        3.000000        3.000000        3.000000     
    3.000000        3.000000        3.000000        3.000000     
    3.000000        3.000000        3.000000        3.000000     
    3.000000        3.000000        3.000000        3.000000     
    3.000000        3.000000        3.000000        3.000000     
    3.000000        3.000000        3.000000        3.000000     
    3.000000        3.000000        3.000000        3.000000     
    3.000000        3.000000        3.000000        3.000000     
    3.000000        3.000000        3.000000        3.000000     
    3.000000        3.000000        3.000000        3.000000     
    3.000000        3.000000        3.000000        3.000000     
    3.000000        3.000000        3.000000        3.000000     
    3.000000        3.000000        3.000000        3.000000     
    3.000000        3.000000        3.000000        3.000000     
    3.000000        3.000000        3.000000        3.000000     
    3.000000        3.000000        3.000000        3.000000     
    3.000000        3.000000        3.000000        3.000000     
    3.000000        3.000000        3.000000        3.000000     
    3.000000        3.000000        3.000000        3.000000     
    3.000000        3.000000        3.000000        3.000000     
    3.000000        3.000000        3.000000        3.000000     
    3.000000        3.000000        3.000000        3.000000     
    3.000000        3.000000        3.000000        3.000000     
    3.000000        3.000000        3.000000        3.000000     
    3.000000        3.000000        3.000000        3.000000     
    3.000000        3.000000        3.000000        3.000000     
    3.000000        3.000000        3.000000        3.000000     
    3.000000        3.000000        3.000000        3.000000     
    3.000000        3.000000        3.000000        3.000000     
    3.000000        3.000000        3.000000        3.000000     
    3.000000        3.000000        3.000000        3.000000     
    3.000000        3.000000        3.000000        3.000000     
    3.000000        3.000000        3.000000        3.000000     
    3.000000        3.000000        3.000000        3.000000     
    3.000000        3.000000        3.000000        3.000000     
    3.000000        3.000000        3.000000        3.000000     
    3.000000        3.000000        3.000000        3.000000     
    3.000000        3.000000        3.000000        3.000000     
    3.000000        3.000000        3.000000        3.000000     
    3.000000        3.000000        3.000000        3.000000     
    3.000000        3.000000        3.000000        3.000000     
    3.000000        3.000000        3.000000        3.000000     
    3.000000        3.000000        3.000000        3.000000     
    3.000000        3.000000        3.000000        3.000000     
    3.000000        3.000000        3.000000        3.000000     
    3.000000        3.000000        3.000000        3.000000     
    3.000000        3.000000        3.000000        3.000000     
    3.000000        3.000000        3.000000        3.000000     
    3.000000        3.000000        3.000000        3.000000     
    3.000000        3.000000        3.000000        3.000000     
    3.000000        3.000000        3.000000        3.000000     
    3.000000        3.000000        3.000000        3.000000     
    3.000000        3.000000        3.000000        3.000000     
    3.000000        3.000000        3.000000        3.000000     
    3.000000        3.000000        3.000000        3.000000     
    3.000000        3.000000        3.000000        3.000000     
    3.000000        3.000000        3.000000        3.000000     
    3.000000        3.000000        3.000000        3.000000     
    3.000000        3.000000        3.000000        3.000000     
    3.000000        3.000000        3.000000        3.000000     
    3.000000        3.000000        3.000000        3.000000     
    3.000000        3.000000        3.000000        3.000000     
    3.000000        3.000000        3.000000        3.000000     
    3.000000        3.000000        3.000000        3.000000     
    3.000000        3.000000        3.000000        3.000000     
    3.000000        3.000000        3.000000        3.000000     
    3.000000        3.000000        3.000000        3.000000     
    3.000000        3.000000        3.000000        3.000000     
    3.000000        3.000000        3.000000        3.000000     
    3.000000        3.000000        3.000000        3.000000     
    3.000000        3.000000        3.000000        3.000000     
    3.000000        3.000000        3.000000        3.000000     
    3.000000        3.000000        3.000000        3.000000     
    3.000000        3.000000        3.000000        3.000000     
    3.000000        3.000000        3.000000        3.000000     
    3.000000        3.000000        3.000000        3.000000     
    3.000000        3.000000        3.000000        3.000000     
    3.000000        3.000000        3.000000        3.000000     
    3.000000        3.000000        3.000000        3.000000     
    3.000000        3.000000        3.000000        3.000000     
    3.000000        3.000000        3.000000        3.000000     
    3.000000        3.000000        3.000000        3.000000     
    3.000000        3.000000        3.000000        3.000000     
    3.000000        3.000000        3.000000        3.000000     
    3.000000        3.000000        3.000000        3.000000     
    3.000000        3.000000        3.000000        3.000000     
    3.000000        3.000000        3.000000        3.000000     
    3.000000        3.000000        3.000000        3.000000     
    3.000000        3.000000        3.000000        3.000000     
    3.000000        3.000000        3.000000        3.000000     
    3.000000        3.000000        3.000000        3.000000     
    3.000000        3.000000        3.000000        3.000000     
    3.000000        3.000000        3.000000        3.000000     
    3.000000        3.000000        3.000000        3.000000     
    3.000000        3.000000        3.000000        3.000000     
    3.000000        3.000000        3.000000        3.000000     
    3.000000        3.000000        3.000000        3.000000     
    3.000000        3.000000        3.000000        3.000000     
    3.000000        3.000000        3.000000        3.000000     
    3.000000        3.000000        3.000000        3.000000     
    3.000000        3.000000        3.000000        3.000000     
    3.000000        3.000000        3.000000        3.000000     
    3.000000        3.000000        3.000000        3.000000     
    3.000000        3.000000        3.000000        3.000000     
    3.000000        3.000000        3.000000        3.000000     
    3.000000        3.000000        3.000000        3.000000     
    3.000000        3.000000        3.000000        3.000000     
    3.000000        3.000000        3.000000        3.000000     
    3.000000        3.000000        3.000000        3.000000     
    3.000000        3.000000        3.000000        3.000000     
    3.000000        3.000000        3.000000        3.000000     
    3.000000        3.000000        3.000000        3.000000     
    3.000000        3.000000        3.000000        3.000000     
    3.000000        3.000000        3.000000        3.000000     
    3.000000        3.000000        3.000000        3.000000     
    3.000000        3.000000        3.000000        3.000000     
    3.000000        3.000000        3.000000        3.000000     
    3.000000        3.000000        3.000000        3.000000     
    3.000000        3.000000        3.000000        3.000000     
    3.000000        3.000000        3.000000        3.000000     
    3.000000        3.000000        3.000000        3.000000     
    3.000000        3.000000        3.000000        3.000000     
    3.000000        3.000000        3.000000        3.000000     
    3.000000        3.000000        3.000000        3.000000     
    3.000000        3.000000        3.000000        3.000000     
    3.000000        3.000000        3.000000        3.000000     
    3.000000        3.000000        3.000000        3.000000     
    3.000000        3.000000        3.000000        3.000000     
    3.000000        3.000000        3.000000        3.000000     
    3.000000        3.000000        3.000000        3.000000     
    3.000000        3.000000        3.000000        3.000000     
    3.000000        3.000000        3.000000        3.000000     
    3.000000        3.000000        3.000000        3.000000     
    3.000000        3.000000        3.000000        3.000000     
    3.000000        3.000000        3.000000        3.000000     
    3.000000        3.000000        3.000000        3.000000     
    3.000000        3.000000        3.000000        3.000000     
    3.000000        3.000000        3.000000        3.000000     
    3.000000        3.000000        3.000000        3.000000     
    3.000000        3.000000        3.000000        3.000000     
    3.000000        3.000000        3.000000        3.000000     
    3.000000        3.000000        3.000000        3.000000     
    3.000000        3.000000        3.000000        3.000000     
    3.000000        3.000000        3.000000        3.000000     
    3.000000        3.000000        3.000000        3.000000     
    3.000000        3.000000        3.000000        3.000000     
    3.000000        3.000000        3.000000        3.000000     
    3.000000        3.000000        3.000000        3.000000     
    3.000000        3.000000        3.000000        3.000000     
    3.000000        3.000000        3.000000        3.000000     
    3.000000        3.000000        3.000000        3.000000     
    3.000000        3.000000        3.000000        3.000000     
    3.000000        3.000000        3.000000        3.000000     
    3.000000        3.000000        3.000000        3.000000     
    3.000000        3.000000        3.000000        3.000000     
    3.000000        3.000000        3.000000        3.000000     
    3.000000        3.000000        3.000000        3.000000     
    3.000000        3.000000        3.000000        3.000000     
    3.000000        3.000000        3.000000        3.000000     
    3.000000        3.000000        3.000000        3.000000     
    3.000000        3.000000        3.000000        3.000000     
    3.000000        3.000000        3.000000        3.000000     
    3.000000        3.000000        3.000000        3.000000     
    3.000000        3.000000        3.000000        3.000000     
    3.000000        3.000000        3.000000        3.000000     
    3.000000        3.000000        3.000000        3.000000     
    3.000000        3.000000        3.000000        3.000000     
    3.000000        3.000000        3.000000        3.000000     
    3.000000        3.000000        3.000000        3.000000     
    3.000000        3.000000        3.000000        3.000000     
    3.000000        3.000000        3.000000        3.000000     
    3.000000        3.000000        3.000000        3.000000     
    3.000000        3.000000        3.000000        3.000000     
    3.000000        3.000000        3.000000        3.000000     
    3.000000        3.000000        3.000000        3.000000     
    3.000000        3.000000        3.000000        3.000000     
    3.000000        3.000000        3.000000        3.000000     
    3.000000        3.000000        3.000000        3.000000     
    3.000000        3.000000        3.000000        3.000000     
    3.000000        3.000000        3.000000        3.000000     
    3.000000        3.000000        3.000000        3.000000     
    3.000000        3.000000        3.000000        3.000000     
    3.000000        3.000000        3.000000        3.000000     
    3.000000        3.000000        3.000000        3.000000     
    3.000000        3.000000        3.000000        3.000000     
    3.000000        3.000000        3.000000        3.000000     
    3.000000        3.000000        3.000000        3.000000     
    3.000000        3.000000        3.000000        3.000000     
    3.000000        3.000000        3.000000        3.000000     
    3.000000        3.000000        3.000000        3.000000     
    3.000000        3.000000        3.000000        3.000000     
    3.000000        3.000000        3.000000        3.000000     
    3.000000        3.000000        3.000000        3.000000     
    3.000000        3.000000        3.000000        3.000000     
    3.000000        3.000000        3.000000        3.000000     
    3.000000        3.000000        3.000000        3.000000     
    3.000000        3.000000        3.000000        3.000000     
    3.000000        3.000000        3.000000        3.000000     
    3.000000        3.000000        3.000000        3.000000     
    3.000000        3.000000        3.000000        3.000000     
    3.000000        3.000000        3.000000        3.000000     
    3.000000        3.000000        3.000000        3.000000     
    3.000000        3.000000        3.000000        3.000000     
    3.000000        3.000000        3.000000        3.000000     
    3.000000        3.000000        3.000000        3.000000     
    3.000000        3.000000        3.000000        3.000000     
    3.000000        3.000000        3.000000        3.000000     
    3.000000        3.000000        3.000000        3.000000     
    3.000000    ==99704== Profiling application: ./new.out
    3.000000        3.000000        3.000000     
    3.000000        3.000000        3.000000        3.000000    
==99704== Profiling result:
            Type  Time(%)      Time     Calls       Avg       Min       Max  Name
 GPU activities:   36.65%  2.5920us         1  2.5920us  2.5920us  2.5920us  [CUDA memcpy DtoH]
                   34.84%  2.4640us         2  1.2320us  1.1840us  1.2800us  [CUDA memcpy HtoD]
                   28.51%  2.0160us         1  2.0160us  2.0160us  2.0160us  ksaxpy_
      API calls:   55.67%  149.83ms         1  149.83ms  149.83ms  149.83ms  cuDevicePrimaryCtxRetain
                   21.97%  59.118ms         3  19.706ms  8.8920us  59.080ms  cudaMemcpy
                   12.16%  32.716ms       412  79.407us      85ns  32.625ms  cuGetProcAddress
                    8.48%  22.821ms         1  22.821ms  22.821ms  22.821ms  cudaGetDevice
                    0.60%  1.6281ms         1  1.6281ms  1.6281ms  1.6281ms  cudaLaunchKernel
                    0.49%  1.3115ms         1  1.3115ms  1.3115ms  1.3115ms  cuMemAllocHost
                    0.36%  971.07us       120  8.0920us      75ns  514.13us  cuDeviceGetAttribute
                    0.14%  381.88us         3  127.29us  6.1010us  367.47us  cuMemAlloc
                    0.12%  316.92us         1  316.92us  316.92us  316.92us  cuDeviceGetPCIBusId
                    0.01%  29.000us         1  29.000us  29.000us  29.000us  cuDeviceGetName
                    0.00%  9.2040us         2  4.6020us  2.6790us  6.5250us  cudaDeviceSynchronize
                    0.00%  3.4920us         1  3.4920us  3.4920us  3.4920us  cuInit
                    0.00%  2.0550us         4     513ns      83ns  1.6970us  cuDeviceGetCount
                    0.00%  1.5440us         2     772ns     557ns     987ns  cuCtxGetCurrent
                    0.00%  1.3010us         4     325ns      84ns     721ns  cuCtxSetCurrent
                    0.00%     918ns         3     306ns      95ns     576ns  cuDeviceGet
                    0.00%     601ns         4     150ns      91ns     272ns  cuDriverGetVersion
                    0.00%     499ns         1     499ns     499ns     499ns  cuDeviceTotalMem
                    0.00%     480ns         1     480ns     480ns     480ns  cuDeviceComputeCapability
                    0.00%     248ns         1     248ns     248ns     248ns  cuModuleGetLoadingMode
                    0.00%     139ns         1     139ns     139ns     139ns  cuDeviceGetUuid
 OpenACC (excl):  100.00%  675.96us         1  675.96us  675.96us  675.96us  acc_device_init
                    0.00%       0ns         2       0ns       0ns       0ns  acc_delete
                    0.00%       0ns         2       0ns       0ns       0ns  acc_alloc
