+ module load nvhpc
++ /usr/share/lmod/lmod/libexec/lmod bash load nvhpc
+ eval 'CC=/ocean/projects/pscstaff/nnepal/nvc_hpc/Linux_x86_64/25.1/compilers/bin/nvc;' export 'CC;' '__LMOD_REF_COUNT_CPATH=/ocean/projects/pscstaff/nnepal/nvc_hpc/Linux_x86_64/25.1/compilers/extras/qd/include/qd:1\;/ocean/projects/pscstaff/nnepal/nvc_hpc/Linux_x86_64/25.1/comm_libs/nvshmem/include:1\;/ocean/projects/pscstaff/nnepal/nvc_hpc/Linux_x86_64/25.1/comm_libs/nccl/include:1\;/ocean/projects/pscstaff/nnepal/nvc_hpc/Linux_x86_64/25.1/math_libs/include:1;' export '__LMOD_REF_COUNT_CPATH;' 'CPATH=/ocean/projects/pscstaff/nnepal/nvc_hpc/Linux_x86_64/25.1/compilers/extras/qd/include/qd:/ocean/projects/pscstaff/nnepal/nvc_hpc/Linux_x86_64/25.1/comm_libs/nvshmem/include:/ocean/projects/pscstaff/nnepal/nvc_hpc/Linux_x86_64/25.1/comm_libs/nccl/include:/ocean/projects/pscstaff/nnepal/nvc_hpc/Linux_x86_64/25.1/math_libs/include;' export 'CPATH;' '__LMOD_REF_COUNT_CPLUS_INCLUDE_PATH=/ocean/projects/pscstaff/nnepal/nvc_hpc/Linux_x86_64/25.1/compilers/extras/qd/include/qd:1\;/ocean/projects/pscstaff/nnepal/nvc_hpc/Linux_x86_64/25.1/comm_libs/nvshmem/include:1\;/ocean/projects/pscstaff/nnepal/nvc_hpc/Linux_x86_64/25.1/comm_libs/nccl/include:1\;/ocean/projects/pscstaff/nnepal/nvc_hpc/Linux_x86_64/25.1/math_libs/include:1\;/opt/packages/anaconda3-2024.10-1/include:1;' export '__LMOD_REF_COUNT_CPLUS_INCLUDE_PATH;' 'CPLUS_INCLUDE_PATH=/ocean/projects/pscstaff/nnepal/nvc_hpc/Linux_x86_64/25.1/compilers/extras/qd/include/qd:/ocean/projects/pscstaff/nnepal/nvc_hpc/Linux_x86_64/25.1/comm_libs/nvshmem/include:/ocean/projects/pscstaff/nnepal/nvc_hpc/Linux_x86_64/25.1/comm_libs/nccl/include:/ocean/projects/pscstaff/nnepal/nvc_hpc/Linux_x86_64/25.1/math_libs/include:/opt/packages/anaconda3-2024.10-1/include;' export 'CPLUS_INCLUDE_PATH;' 'CPP=cpp;' export 'CPP;' 'CXX=/ocean/projects/pscstaff/nnepal/nvc_hpc/Linux_x86_64/25.1/compilers/bin/nvc++;' export 'CXX;' '__LMOD_REF_COUNT_C_INCLUDE_PATH=/ocean/projects/pscstaff/nnepal/nvc_hpc/Linux_x86_64/25.1/compilers/extras/qd/include/qd:1\;/ocean/projects/pscstaff/nnepal/nvc_hpc/Linux_x86_64/25.1/comm_libs/nvshmem/include:1\;/ocean/projects/pscstaff/nnepal/nvc_hpc/Linux_x86_64/25.1/comm_libs/nccl/include:1\;/ocean/projects/pscstaff/nnepal/nvc_hpc/Linux_x86_64/25.1/math_libs/include:1\;/opt/packages/anaconda3-2024.10-1/include:1;' export '__LMOD_REF_COUNT_C_INCLUDE_PATH;' 'C_INCLUDE_PATH=/ocean/projects/pscstaff/nnepal/nvc_hpc/Linux_x86_64/25.1/compilers/extras/qd/include/qd:/ocean/projects/pscstaff/nnepal/nvc_hpc/Linux_x86_64/25.1/comm_libs/nvshmem/include:/ocean/projects/pscstaff/nnepal/nvc_hpc/Linux_x86_64/25.1/comm_libs/nccl/include:/ocean/projects/pscstaff/nnepal/nvc_hpc/Linux_x86_64/25.1/math_libs/include:/opt/packages/anaconda3-2024.10-1/include;' export 'C_INCLUDE_PATH;' 'F77=/ocean/projects/pscstaff/nnepal/nvc_hpc/Linux_x86_64/25.1/compilers/bin/nvfortran;' export 'F77;' 'F90=/ocean/projects/pscstaff/nnepal/nvc_hpc/Linux_x86_64/25.1/compilers/bin/nvfortran;' export 'F90;' 'FC=/ocean/projects/pscstaff/nnepal/nvc_hpc/Linux_x86_64/25.1/compilers/bin/nvfortran;' export 'FC;' '__LMOD_REF_COUNT_LD_LIBRARY_PATH=/ocean/projects/pscstaff/nnepal/nvc_hpc/Linux_x86_64/25.1/comm_libs/nvshmem/lib:1\;/ocean/projects/pscstaff/nnepal/nvc_hpc/Linux_x86_64/25.1/comm_libs/nccl/lib:1\;/ocean/projects/pscstaff/nnepal/nvc_hpc/Linux_x86_64/25.1/math_libs/lib64:1\;/ocean/projects/pscstaff/nnepal/nvc_hpc/Linux_x86_64/25.1/compilers/lib:1\;/ocean/projects/pscstaff/nnepal/nvc_hpc/Linux_x86_64/25.1/compilers/extras/qd/lib:1\;/ocean/projects/pscstaff/nnepal/nvc_hpc/Linux_x86_64/25.1/cuda/lib64:1;' export '__LMOD_REF_COUNT_LD_LIBRARY_PATH;' 'LD_LIBRARY_PATH=/ocean/projects/pscstaff/nnepal/nvc_hpc/Linux_x86_64/25.1/comm_libs/nvshmem/lib:/ocean/projects/pscstaff/nnepal/nvc_hpc/Linux_x86_64/25.1/comm_libs/nccl/lib:/ocean/projects/pscstaff/nnepal/nvc_hpc/Linux_x86_64/25.1/math_libs/lib64:/ocean/projects/pscstaff/nnepal/nvc_hpc/Linux_x86_64/25.1/compilers/lib:/ocean/projects/pscstaff/nnepal/nvc_hpc/Linux_x86_64/25.1/compilers/extras/qd/lib:/ocean/projects/pscstaff/nnepal/nvc_hpc/Linux_x86_64/25.1/cuda/lib64;' export 'LD_LIBRARY_PATH;' '__LMOD_REF_COUNT_LOADEDMODULES=allocations/1.0:1\;psc.allocations.user/1.0:1\;anaconda3/2024.10-1:1\;nvhpc/25.1:1;' export '__LMOD_REF_COUNT_LOADEDMODULES;' 'LOADEDMODULES=allocations/1.0:psc.allocations.user/1.0:anaconda3/2024.10-1:nvhpc/25.1;' export 'LOADEDMODULES;' '__LMOD_REF_COUNT_MANPATH=/ocean/projects/pscstaff/nnepal/nvc_hpc/Linux_x86_64/25.1/compilers/man:1\;/usr/share/lmod/lmod/share/man:1\;/opt/puppetlabs/puppet/share/man:1\;/opt/packages/anaconda3-2024.10-1/man:1\;/opt/packages/anaconda3-2024.10-1/share/man:1;' export '__LMOD_REF_COUNT_MANPATH;' 'MANPATH=/ocean/projects/pscstaff/nnepal/nvc_hpc/Linux_x86_64/25.1/compilers/man:/usr/share/lmod/lmod/share/man::/opt/puppetlabs/puppet/share/man:/opt/packages/anaconda3-2024.10-1/man:/opt/packages/anaconda3-2024.10-1/share/man;' export 'MANPATH;' 'MODULEPATH=/ocean/projects/pscstaff/nnepal/nvc_hpc/modulefiles:/etc/scl/modulefiles:/opt/modulefiles/production:/opt/modulefiles/preproduction:/opt/modulefiles/deprecated:/usr/share/modulefiles:/usr/share/modulefiles/Linux:/usr/share/modulefiles/Core:/usr/share/lmod/lmod/modulefiles/Core:/ocean/projects/pscstaff/nnepal/modules_niraj;' export 'MODULEPATH;' 'NVHPC=/ocean/projects/pscstaff/nnepal/nvc_hpc;' export 'NVHPC;' 'NVHPC_ROOT=/ocean/projects/pscstaff/nnepal/nvc_hpc/Linux_x86_64/25.1;' export 'NVHPC_ROOT;' '__LMOD_REF_COUNT_PATH=/ocean/projects/pscstaff/nnepal/nvc_hpc/Linux_x86_64/25.1/compilers/extras/qd/bin:1\;/ocean/projects/pscstaff/nnepal/nvc_hpc/Linux_x86_64/25.1/comm_libs/mpi/bin:1\;/ocean/projects/pscstaff/nnepal/nvc_hpc/Linux_x86_64/25.1/compilers/bin:1\;/ocean/projects/pscstaff/nnepal/nvc_hpc/Linux_x86_64/25.1/cuda/bin:1\;/jet/home/nnepal/softwares/qe-7.3/bin:1\;/jet/home/nnepal/softwares/HTESP/src/bash:1\;/ocean/projects/pscstaff/nnepal/openmx3.9/source:1\;/jet/home/nnepal/.local/bin:1\;/jet/home/nnepal/bin:1\;/opt/packages/anaconda3-2024.10-1/bin:2\;/opt/packages/anaconda3-2024.10-1/condabin:2\;/opt/packages/psc.allocations.user/bin:1\;/opt/packages/allocations/bin:1\;/usr/local/bin:1\;/usr/bin:1\;/usr/local/sbin:1\;/usr/sbin:1\;/opt/packages/interact/bin:1\;/opt/puppetlabs/bin:1;' export '__LMOD_REF_COUNT_PATH;' 'PATH=/ocean/projects/pscstaff/nnepal/nvc_hpc/Linux_x86_64/25.1/compilers/extras/qd/bin:/ocean/projects/pscstaff/nnepal/nvc_hpc/Linux_x86_64/25.1/comm_libs/mpi/bin:/ocean/projects/pscstaff/nnepal/nvc_hpc/Linux_x86_64/25.1/compilers/bin:/ocean/projects/pscstaff/nnepal/nvc_hpc/Linux_x86_64/25.1/cuda/bin:/jet/home/nnepal/softwares/qe-7.3/bin:/jet/home/nnepal/softwares/HTESP/src/bash:/ocean/projects/pscstaff/nnepal/openmx3.9/source:/jet/home/nnepal/.local/bin:/jet/home/nnepal/bin:/opt/packages/anaconda3-2024.10-1/bin:/opt/packages/anaconda3-2024.10-1/condabin:/opt/packages/psc.allocations.user/bin:/opt/packages/allocations/bin:/usr/local/bin:/usr/bin:/usr/local/sbin:/usr/sbin:/opt/packages/interact/bin:/opt/puppetlabs/bin;' export 'PATH;' '__LMOD_REF_COUNT__LMFILES_=/opt/modulefiles/production/allocations/1.0.lua:1\;/opt/modulefiles/production/psc.allocations.user/1.0.lua:1\;/opt/modulefiles/production/anaconda3/2024.10-1.lua:1\;/ocean/projects/pscstaff/nnepal/nvc_hpc/modulefiles/nvhpc/25.1:1;' export '__LMOD_REF_COUNT__LMFILES_;' '_LMFILES_=/opt/modulefiles/production/allocations/1.0.lua:/opt/modulefiles/production/psc.allocations.user/1.0.lua:/opt/modulefiles/production/anaconda3/2024.10-1.lua:/ocean/projects/pscstaff/nnepal/nvc_hpc/modulefiles/nvhpc/25.1;' export '_LMFILES_;' '_ModuleTable001_=X01vZHVsZVRhYmxlXz17WyJNVHZlcnNpb24iXT0zLFsiY19yZWJ1aWxkVGltZSJdPWZhbHNlLFsiY19zaG9ydFRpbWUiXT1mYWxzZSxkZXB0aFQ9e30sZmFtaWx5PXt9LG1UPXthbGxvY2F0aW9ucz17WyJmbiJdPSIvb3B0L21vZHVsZWZpbGVzL3Byb2R1Y3Rpb24vYWxsb2NhdGlvbnMvMS4wLmx1YSIsWyJmdWxsTmFtZSJdPSJhbGxvY2F0aW9ucy8xLjAiLFsibG9hZE9yZGVyIl09MSxwcm9wVD17fSxbInN0YWNrRGVwdGgiXT0wLFsic3RhdHVzIl09ImFjdGl2ZSIsWyJ1c2VyTmFtZSJdPSJhbGxvY2F0aW9ucyIsfSxhbmFjb25kYTM9e1siZm4iXT0iL29wdC9tb2R1bGVmaWxlcy9wcm9kdWN0aW9uL2FuYWNvbmRhMy8yMDI0LjEwLTEubHVhIixbImZ1bGxOYW1lIl09ImFuYWNv;' export '_ModuleTable001_;' '_ModuleTable002_=bmRhMy8yMDI0LjEwLTEiLFsibG9hZE9yZGVyIl09Myxwcm9wVD17fSxbInN0YWNrRGVwdGgiXT0wLFsic3RhdHVzIl09ImFjdGl2ZSIsWyJ1c2VyTmFtZSJdPSJhbmFjb25kYTMiLH0sbnZocGM9e1siZm4iXT0iL29jZWFuL3Byb2plY3RzL3BzY3N0YWZmL25uZXBhbC9udmNfaHBjL21vZHVsZWZpbGVzL252aHBjLzI1LjEiLFsiZnVsbE5hbWUiXT0ibnZocGMvMjUuMSIsWyJsb2FkT3JkZXIiXT00LHByb3BUPXt9LFsic3RhY2tEZXB0aCJdPTAsWyJzdGF0dXMiXT0iYWN0aXZlIixbInVzZXJOYW1lIl09Im52aHBjIix9LFsicHNjLmFsbG9jYXRpb25zLnVzZXIiXT17WyJmbiJdPSIvb3B0L21vZHVsZWZpbGVzL3Byb2R1Y3Rpb24vcHNjLmFsbG9jYXRpb25zLnVzZXIvMS4wLmx1;' export '_ModuleTable002_;' '_ModuleTable003_=YSIsWyJmdWxsTmFtZSJdPSJwc2MuYWxsb2NhdGlvbnMudXNlci8xLjAiLFsibG9hZE9yZGVyIl09Mixwcm9wVD17fSxbInN0YWNrRGVwdGgiXT0wLFsic3RhdHVzIl09ImFjdGl2ZSIsWyJ1c2VyTmFtZSJdPSJwc2MuYWxsb2NhdGlvbnMudXNlciIsfSx9LG1wYXRoQT17Ii9vY2Vhbi9wcm9qZWN0cy9wc2NzdGFmZi9ubmVwYWwvbnZjX2hwYy9tb2R1bGVmaWxlcyIsIi9ldGMvc2NsL21vZHVsZWZpbGVzIiwiL29wdC9tb2R1bGVmaWxlcy9wcm9kdWN0aW9uIiwiL29wdC9tb2R1bGVmaWxlcy9wcmVwcm9kdWN0aW9uIiwiL29wdC9tb2R1bGVmaWxlcy9kZXByZWNhdGVkIiwiL3Vzci9zaGFyZS9tb2R1bGVmaWxlcyIsIi91c3Ivc2hhcmUvbW9kdWxlZmlsZXMvTGludXgiLCIvdXNy;' export '_ModuleTable003_;' '_ModuleTable004_=L3NoYXJlL21vZHVsZWZpbGVzL0NvcmUiLCIvdXNyL3NoYXJlL2xtb2QvbG1vZC9tb2R1bGVmaWxlcy9Db3JlIiwiL29jZWFuL3Byb2plY3RzL3BzY3N0YWZmL25uZXBhbC9tb2R1bGVzX25pcmFqIix9LFsic3lzdGVtQmFzZU1QQVRIIl09Ii9ldGMvc2NsL21vZHVsZWZpbGVzOi9vcHQvbW9kdWxlZmlsZXMvcHJvZHVjdGlvbjovb3B0L21vZHVsZWZpbGVzL3ByZXByb2R1Y3Rpb246L29wdC9tb2R1bGVmaWxlcy9kZXByZWNhdGVkOi91c3Ivc2hhcmUvbW9kdWxlZmlsZXM6L3Vzci9zaGFyZS9tb2R1bGVmaWxlcy9MaW51eDovdXNyL3NoYXJlL21vZHVsZWZpbGVzL0NvcmU6L3Vzci9zaGFyZS9sbW9kL2xtb2QvbW9kdWxlZmlsZXMvQ29yZSIsfQ==;' export '_ModuleTable004_;' '_ModuleTable_Sz_=4;' export '_ModuleTable_Sz_;'
++ CC=/ocean/projects/pscstaff/nnepal/nvc_hpc/Linux_x86_64/25.1/compilers/bin/nvc
++ export CC
++ __LMOD_REF_COUNT_CPATH='/ocean/projects/pscstaff/nnepal/nvc_hpc/Linux_x86_64/25.1/compilers/extras/qd/include/qd:1;/ocean/projects/pscstaff/nnepal/nvc_hpc/Linux_x86_64/25.1/comm_libs/nvshmem/include:1;/ocean/projects/pscstaff/nnepal/nvc_hpc/Linux_x86_64/25.1/comm_libs/nccl/include:1;/ocean/projects/pscstaff/nnepal/nvc_hpc/Linux_x86_64/25.1/math_libs/include:1'
++ export __LMOD_REF_COUNT_CPATH
++ CPATH=/ocean/projects/pscstaff/nnepal/nvc_hpc/Linux_x86_64/25.1/compilers/extras/qd/include/qd:/ocean/projects/pscstaff/nnepal/nvc_hpc/Linux_x86_64/25.1/comm_libs/nvshmem/include:/ocean/projects/pscstaff/nnepal/nvc_hpc/Linux_x86_64/25.1/comm_libs/nccl/include:/ocean/projects/pscstaff/nnepal/nvc_hpc/Linux_x86_64/25.1/math_libs/include
++ export CPATH
++ __LMOD_REF_COUNT_CPLUS_INCLUDE_PATH='/ocean/projects/pscstaff/nnepal/nvc_hpc/Linux_x86_64/25.1/compilers/extras/qd/include/qd:1;/ocean/projects/pscstaff/nnepal/nvc_hpc/Linux_x86_64/25.1/comm_libs/nvshmem/include:1;/ocean/projects/pscstaff/nnepal/nvc_hpc/Linux_x86_64/25.1/comm_libs/nccl/include:1;/ocean/projects/pscstaff/nnepal/nvc_hpc/Linux_x86_64/25.1/math_libs/include:1;/opt/packages/anaconda3-2024.10-1/include:1'
++ export __LMOD_REF_COUNT_CPLUS_INCLUDE_PATH
++ CPLUS_INCLUDE_PATH=/ocean/projects/pscstaff/nnepal/nvc_hpc/Linux_x86_64/25.1/compilers/extras/qd/include/qd:/ocean/projects/pscstaff/nnepal/nvc_hpc/Linux_x86_64/25.1/comm_libs/nvshmem/include:/ocean/projects/pscstaff/nnepal/nvc_hpc/Linux_x86_64/25.1/comm_libs/nccl/include:/ocean/projects/pscstaff/nnepal/nvc_hpc/Linux_x86_64/25.1/math_libs/include:/opt/packages/anaconda3-2024.10-1/include
++ export CPLUS_INCLUDE_PATH
++ CPP=cpp
++ export CPP
++ CXX=/ocean/projects/pscstaff/nnepal/nvc_hpc/Linux_x86_64/25.1/compilers/bin/nvc++
++ export CXX
++ __LMOD_REF_COUNT_C_INCLUDE_PATH='/ocean/projects/pscstaff/nnepal/nvc_hpc/Linux_x86_64/25.1/compilers/extras/qd/include/qd:1;/ocean/projects/pscstaff/nnepal/nvc_hpc/Linux_x86_64/25.1/comm_libs/nvshmem/include:1;/ocean/projects/pscstaff/nnepal/nvc_hpc/Linux_x86_64/25.1/comm_libs/nccl/include:1;/ocean/projects/pscstaff/nnepal/nvc_hpc/Linux_x86_64/25.1/math_libs/include:1;/opt/packages/anaconda3-2024.10-1/include:1'
++ export __LMOD_REF_COUNT_C_INCLUDE_PATH
++ C_INCLUDE_PATH=/ocean/projects/pscstaff/nnepal/nvc_hpc/Linux_x86_64/25.1/compilers/extras/qd/include/qd:/ocean/projects/pscstaff/nnepal/nvc_hpc/Linux_x86_64/25.1/comm_libs/nvshmem/include:/ocean/projects/pscstaff/nnepal/nvc_hpc/Linux_x86_64/25.1/comm_libs/nccl/include:/ocean/projects/pscstaff/nnepal/nvc_hpc/Linux_x86_64/25.1/math_libs/include:/opt/packages/anaconda3-2024.10-1/include
++ export C_INCLUDE_PATH
++ F77=/ocean/projects/pscstaff/nnepal/nvc_hpc/Linux_x86_64/25.1/compilers/bin/nvfortran
++ export F77
++ F90=/ocean/projects/pscstaff/nnepal/nvc_hpc/Linux_x86_64/25.1/compilers/bin/nvfortran
++ export F90
++ FC=/ocean/projects/pscstaff/nnepal/nvc_hpc/Linux_x86_64/25.1/compilers/bin/nvfortran
++ export FC
++ __LMOD_REF_COUNT_LD_LIBRARY_PATH='/ocean/projects/pscstaff/nnepal/nvc_hpc/Linux_x86_64/25.1/comm_libs/nvshmem/lib:1;/ocean/projects/pscstaff/nnepal/nvc_hpc/Linux_x86_64/25.1/comm_libs/nccl/lib:1;/ocean/projects/pscstaff/nnepal/nvc_hpc/Linux_x86_64/25.1/math_libs/lib64:1;/ocean/projects/pscstaff/nnepal/nvc_hpc/Linux_x86_64/25.1/compilers/lib:1;/ocean/projects/pscstaff/nnepal/nvc_hpc/Linux_x86_64/25.1/compilers/extras/qd/lib:1;/ocean/projects/pscstaff/nnepal/nvc_hpc/Linux_x86_64/25.1/cuda/lib64:1'
++ export __LMOD_REF_COUNT_LD_LIBRARY_PATH
++ LD_LIBRARY_PATH=/ocean/projects/pscstaff/nnepal/nvc_hpc/Linux_x86_64/25.1/comm_libs/nvshmem/lib:/ocean/projects/pscstaff/nnepal/nvc_hpc/Linux_x86_64/25.1/comm_libs/nccl/lib:/ocean/projects/pscstaff/nnepal/nvc_hpc/Linux_x86_64/25.1/math_libs/lib64:/ocean/projects/pscstaff/nnepal/nvc_hpc/Linux_x86_64/25.1/compilers/lib:/ocean/projects/pscstaff/nnepal/nvc_hpc/Linux_x86_64/25.1/compilers/extras/qd/lib:/ocean/projects/pscstaff/nnepal/nvc_hpc/Linux_x86_64/25.1/cuda/lib64
++ export LD_LIBRARY_PATH
++ __LMOD_REF_COUNT_LOADEDMODULES='allocations/1.0:1;psc.allocations.user/1.0:1;anaconda3/2024.10-1:1;nvhpc/25.1:1'
++ export __LMOD_REF_COUNT_LOADEDMODULES
++ LOADEDMODULES=allocations/1.0:psc.allocations.user/1.0:anaconda3/2024.10-1:nvhpc/25.1
++ export LOADEDMODULES
++ __LMOD_REF_COUNT_MANPATH='/ocean/projects/pscstaff/nnepal/nvc_hpc/Linux_x86_64/25.1/compilers/man:1;/usr/share/lmod/lmod/share/man:1;/opt/puppetlabs/puppet/share/man:1;/opt/packages/anaconda3-2024.10-1/man:1;/opt/packages/anaconda3-2024.10-1/share/man:1'
++ export __LMOD_REF_COUNT_MANPATH
++ MANPATH=/ocean/projects/pscstaff/nnepal/nvc_hpc/Linux_x86_64/25.1/compilers/man:/usr/share/lmod/lmod/share/man::/opt/puppetlabs/puppet/share/man:/opt/packages/anaconda3-2024.10-1/man:/opt/packages/anaconda3-2024.10-1/share/man
++ export MANPATH
++ MODULEPATH=/ocean/projects/pscstaff/nnepal/nvc_hpc/modulefiles:/etc/scl/modulefiles:/opt/modulefiles/production:/opt/modulefiles/preproduction:/opt/modulefiles/deprecated:/usr/share/modulefiles:/usr/share/modulefiles/Linux:/usr/share/modulefiles/Core:/usr/share/lmod/lmod/modulefiles/Core:/ocean/projects/pscstaff/nnepal/modules_niraj
++ export MODULEPATH
++ NVHPC=/ocean/projects/pscstaff/nnepal/nvc_hpc
++ export NVHPC
++ NVHPC_ROOT=/ocean/projects/pscstaff/nnepal/nvc_hpc/Linux_x86_64/25.1
++ export NVHPC_ROOT
++ __LMOD_REF_COUNT_PATH='/ocean/projects/pscstaff/nnepal/nvc_hpc/Linux_x86_64/25.1/compilers/extras/qd/bin:1;/ocean/projects/pscstaff/nnepal/nvc_hpc/Linux_x86_64/25.1/comm_libs/mpi/bin:1;/ocean/projects/pscstaff/nnepal/nvc_hpc/Linux_x86_64/25.1/compilers/bin:1;/ocean/projects/pscstaff/nnepal/nvc_hpc/Linux_x86_64/25.1/cuda/bin:1;/jet/home/nnepal/softwares/qe-7.3/bin:1;/jet/home/nnepal/softwares/HTESP/src/bash:1;/ocean/projects/pscstaff/nnepal/openmx3.9/source:1;/jet/home/nnepal/.local/bin:1;/jet/home/nnepal/bin:1;/opt/packages/anaconda3-2024.10-1/bin:2;/opt/packages/anaconda3-2024.10-1/condabin:2;/opt/packages/psc.allocations.user/bin:1;/opt/packages/allocations/bin:1;/usr/local/bin:1;/usr/bin:1;/usr/local/sbin:1;/usr/sbin:1;/opt/packages/interact/bin:1;/opt/puppetlabs/bin:1'
++ export __LMOD_REF_COUNT_PATH
++ PATH=/ocean/projects/pscstaff/nnepal/nvc_hpc/Linux_x86_64/25.1/compilers/extras/qd/bin:/ocean/projects/pscstaff/nnepal/nvc_hpc/Linux_x86_64/25.1/comm_libs/mpi/bin:/ocean/projects/pscstaff/nnepal/nvc_hpc/Linux_x86_64/25.1/compilers/bin:/ocean/projects/pscstaff/nnepal/nvc_hpc/Linux_x86_64/25.1/cuda/bin:/jet/home/nnepal/softwares/qe-7.3/bin:/jet/home/nnepal/softwares/HTESP/src/bash:/ocean/projects/pscstaff/nnepal/openmx3.9/source:/jet/home/nnepal/.local/bin:/jet/home/nnepal/bin:/opt/packages/anaconda3-2024.10-1/bin:/opt/packages/anaconda3-2024.10-1/condabin:/opt/packages/psc.allocations.user/bin:/opt/packages/allocations/bin:/usr/local/bin:/usr/bin:/usr/local/sbin:/usr/sbin:/opt/packages/interact/bin:/opt/puppetlabs/bin
++ export PATH
++ __LMOD_REF_COUNT__LMFILES_='/opt/modulefiles/production/allocations/1.0.lua:1;/opt/modulefiles/production/psc.allocations.user/1.0.lua:1;/opt/modulefiles/production/anaconda3/2024.10-1.lua:1;/ocean/projects/pscstaff/nnepal/nvc_hpc/modulefiles/nvhpc/25.1:1'
++ export __LMOD_REF_COUNT__LMFILES_
++ _LMFILES_=/opt/modulefiles/production/allocations/1.0.lua:/opt/modulefiles/production/psc.allocations.user/1.0.lua:/opt/modulefiles/production/anaconda3/2024.10-1.lua:/ocean/projects/pscstaff/nnepal/nvc_hpc/modulefiles/nvhpc/25.1
++ export _LMFILES_
++ _ModuleTable001_=X01vZHVsZVRhYmxlXz17WyJNVHZlcnNpb24iXT0zLFsiY19yZWJ1aWxkVGltZSJdPWZhbHNlLFsiY19zaG9ydFRpbWUiXT1mYWxzZSxkZXB0aFQ9e30sZmFtaWx5PXt9LG1UPXthbGxvY2F0aW9ucz17WyJmbiJdPSIvb3B0L21vZHVsZWZpbGVzL3Byb2R1Y3Rpb24vYWxsb2NhdGlvbnMvMS4wLmx1YSIsWyJmdWxsTmFtZSJdPSJhbGxvY2F0aW9ucy8xLjAiLFsibG9hZE9yZGVyIl09MSxwcm9wVD17fSxbInN0YWNrRGVwdGgiXT0wLFsic3RhdHVzIl09ImFjdGl2ZSIsWyJ1c2VyTmFtZSJdPSJhbGxvY2F0aW9ucyIsfSxhbmFjb25kYTM9e1siZm4iXT0iL29wdC9tb2R1bGVmaWxlcy9wcm9kdWN0aW9uL2FuYWNvbmRhMy8yMDI0LjEwLTEubHVhIixbImZ1bGxOYW1lIl09ImFuYWNv
++ export _ModuleTable001_
++ _ModuleTable002_=bmRhMy8yMDI0LjEwLTEiLFsibG9hZE9yZGVyIl09Myxwcm9wVD17fSxbInN0YWNrRGVwdGgiXT0wLFsic3RhdHVzIl09ImFjdGl2ZSIsWyJ1c2VyTmFtZSJdPSJhbmFjb25kYTMiLH0sbnZocGM9e1siZm4iXT0iL29jZWFuL3Byb2plY3RzL3BzY3N0YWZmL25uZXBhbC9udmNfaHBjL21vZHVsZWZpbGVzL252aHBjLzI1LjEiLFsiZnVsbE5hbWUiXT0ibnZocGMvMjUuMSIsWyJsb2FkT3JkZXIiXT00LHByb3BUPXt9LFsic3RhY2tEZXB0aCJdPTAsWyJzdGF0dXMiXT0iYWN0aXZlIixbInVzZXJOYW1lIl09Im52aHBjIix9LFsicHNjLmFsbG9jYXRpb25zLnVzZXIiXT17WyJmbiJdPSIvb3B0L21vZHVsZWZpbGVzL3Byb2R1Y3Rpb24vcHNjLmFsbG9jYXRpb25zLnVzZXIvMS4wLmx1
++ export _ModuleTable002_
++ _ModuleTable003_=YSIsWyJmdWxsTmFtZSJdPSJwc2MuYWxsb2NhdGlvbnMudXNlci8xLjAiLFsibG9hZE9yZGVyIl09Mixwcm9wVD17fSxbInN0YWNrRGVwdGgiXT0wLFsic3RhdHVzIl09ImFjdGl2ZSIsWyJ1c2VyTmFtZSJdPSJwc2MuYWxsb2NhdGlvbnMudXNlciIsfSx9LG1wYXRoQT17Ii9vY2Vhbi9wcm9qZWN0cy9wc2NzdGFmZi9ubmVwYWwvbnZjX2hwYy9tb2R1bGVmaWxlcyIsIi9ldGMvc2NsL21vZHVsZWZpbGVzIiwiL29wdC9tb2R1bGVmaWxlcy9wcm9kdWN0aW9uIiwiL29wdC9tb2R1bGVmaWxlcy9wcmVwcm9kdWN0aW9uIiwiL29wdC9tb2R1bGVmaWxlcy9kZXByZWNhdGVkIiwiL3Vzci9zaGFyZS9tb2R1bGVmaWxlcyIsIi91c3Ivc2hhcmUvbW9kdWxlZmlsZXMvTGludXgiLCIvdXNy
++ export _ModuleTable003_
++ _ModuleTable004_=L3NoYXJlL21vZHVsZWZpbGVzL0NvcmUiLCIvdXNyL3NoYXJlL2xtb2QvbG1vZC9tb2R1bGVmaWxlcy9Db3JlIiwiL29jZWFuL3Byb2plY3RzL3BzY3N0YWZmL25uZXBhbC9tb2R1bGVzX25pcmFqIix9LFsic3lzdGVtQmFzZU1QQVRIIl09Ii9ldGMvc2NsL21vZHVsZWZpbGVzOi9vcHQvbW9kdWxlZmlsZXMvcHJvZHVjdGlvbjovb3B0L21vZHVsZWZpbGVzL3ByZXByb2R1Y3Rpb246L29wdC9tb2R1bGVmaWxlcy9kZXByZWNhdGVkOi91c3Ivc2hhcmUvbW9kdWxlZmlsZXM6L3Vzci9zaGFyZS9tb2R1bGVmaWxlcy9MaW51eDovdXNyL3NoYXJlL21vZHVsZWZpbGVzL0NvcmU6L3Vzci9zaGFyZS9sbW9kL2xtb2QvbW9kdWxlZmlsZXMvQ29yZSIsfQ==
++ export _ModuleTable004_
++ _ModuleTable_Sz_=4
++ export _ModuleTable_Sz_
++ : -s sh
+ eval
+ ret=0
+ /usr/share/lmod/8.2.7/libexec/log_modules load nvhpc
+ return 0
+ nvprof ./f90out
==38796== NVPROF is profiling process 38796, command: ./f90out
==38796== Profiling application: ./f90out
==38796== Profiling result:
            Type  Time(%)      Time     Calls       Avg       Min       Max  Name
 GPU activities:   94.63%  231.04us         2  115.52us  1.5680us  229.47us  [CUDA memcpy HtoD]
                    3.84%  9.3760us         2  4.6880us  3.7760us  5.6000us  void iamax_kernel<int, float, float, int=256>(cublasIamaxParams<int, float, float>)
                    1.53%  3.7440us         2  1.8720us  1.5360us  2.2080us  [CUDA memcpy DtoH]
      API calls:   26.73%  125.60ms         1  125.60ms  125.60ms  125.60ms  cuDevicePrimaryCtxRetain
                   22.53%  105.85ms         1  105.85ms  105.85ms  105.85ms  cudaGetSymbolAddress
                   19.91%  93.531ms         1  93.531ms  93.531ms  93.531ms  cudaFree
                   11.55%  54.282ms         2  27.141ms  4.4460us  54.277ms  cudaFuncGetAttributes
                   11.34%  53.292ms         2  26.646ms  263.96us  53.028ms  cudaMemcpy
                    4.34%  20.411ms         1  20.411ms  20.411ms  20.411ms  cuMemAllocManaged
                    2.60%  12.197ms        10  1.2197ms     197ns  12.194ms  cudaStreamGetCaptureInfo
                    0.26%  1.2211ms      1222     999ns      77ns  459.51us  cuGetProcAddress
                    0.23%  1.0675ms       348  3.0670us      69ns  191.24us  cuDeviceGetAttribute
                    0.20%  957.41us         1  957.41us  957.41us  957.41us  cuMemAllocHost
                    0.07%  343.18us         3  114.39us  4.9760us  302.78us  cudaMalloc
                    0.06%  295.90us        21  14.090us     168ns  155.97us  cudaDeviceGetAttribute
                    0.04%  204.70us         5  40.940us     198ns  199.55us  cudaGetDevice
                    0.04%  197.45us         2  98.724us  11.801us  185.65us  cuMemAlloc
                    0.02%  108.50us         1  108.50us  108.50us  108.50us  cuMemFree
                    0.02%  73.621us         5  14.724us  3.3850us  26.323us  cuDeviceGetName
                    0.01%  65.371us         2  32.685us  15.916us  49.455us  cudaMemcpyAsync
                    0.01%  34.690us         2  17.345us  8.3660us  26.324us  cudaLaunchKernel
                    0.00%  22.849us        18  1.2690us     299ns  12.005us  cudaEventCreateWithFlags
                    0.00%  10.738us         5  2.1470us     798ns  3.4140us  cuInit
                    0.00%  8.5000us         1  8.5000us  8.5000us  8.5000us  cuDeviceGetPCIBusId
                    0.00%  6.0440us         1  6.0440us  6.0440us  6.0440us  cudaEventQuery
                    0.00%  5.7390us         2  2.8690us  2.2460us  3.4930us  cudaStreamSynchronize
                    0.00%  5.3660us         2  2.6830us     188ns  5.1780us  cuCtxGetCurrent
                    0.00%  4.3050us         2  2.1520us  1.7800us  2.5250us  cudaEventRecord
                    0.00%  3.0980us         7     442ns      78ns  1.5560us  cuDeviceGetCount
                    0.00%  2.2650us         4     566ns      69ns  1.8840us  cudaGetLastError
                    0.00%  1.8450us         3     615ns     435ns     871ns  cuDeviceTotalMem
                    0.00%  1.5170us         4     379ns      93ns     829ns  cuCtxSetCurrent
                    0.00%  1.3020us         7     186ns      88ns     337ns  cuDeviceGet
                    0.00%     975ns         2     487ns     272ns     703ns  cudaGetDriverEntryPoint
                    0.00%     805ns         6     134ns      72ns     251ns  cuDriverGetVersion
                    0.00%     695ns         3     231ns     210ns     270ns  cuDeviceGetUuid
                    0.00%     582ns         1     582ns     582ns     582ns  cuDeviceComputeCapability
                    0.00%     559ns         3     186ns     113ns     289ns  cuModuleGetLoadingMode
 OpenACC (excl):  100.00%  449.50us         1  449.50us  449.50us  449.50us  acc_device_init
                    0.00%       0ns         1       0ns       0ns       0ns  acc_delete
                    0.00%       0ns         1       0ns       0ns       0ns  acc_alloc

==38796== Unified Memory profiling result:
Device "Tesla V100-SXM2-32GB (0)"
   Count  Avg Size  Min Size  Max Size  Total Size  Total Time  Name
       1         -         -         -           -  222.4630us  Gpu page fault groups
  T
  T
